[0;32m==========================================[0m
[0;32mExamples ç›®å½• C++ è½¬æ¢æµ‹è¯•è„šæœ¬[0m
[0;32mæµ‹è¯•æµç¨‹: Nu -> C++ -> CMake -> ç¼–è¯‘[0m
[0;32m==========================================[0m

[0;34mæ¸…ç†å¹¶åˆ›å»ºä¸´æ—¶ç›®å½•...[0m
[1;33må¼€å§‹å¤„ç† examples/*.nu æ–‡ä»¶[0m
==========================================

[0;34m[1] å¤„ç†æ–‡ä»¶: [0;32ma.nu[0m
----------------------------------------
  [1;33m[1/4][0m Nu -> C++ è½¬æ¢ (AST mode)...
  [0;32mâœ“[0m Nu -> C++ æˆåŠŸ
  [1;33m[2/4][0m åˆ›å»ºç‹¬ç«‹æ„å»ºç›®å½•...
  [0;32mâœ“[0m æ„å»ºç›®å½•å’ŒCMakeLists.txtåˆ›å»ºæˆåŠŸ
  [1;33m[3/4][0m CMake é…ç½®...
  [0;32mâœ“[0m CMake é…ç½®æˆåŠŸ
  [1;33m[4/4][0m ç¼–è¯‘éªŒè¯...
[ 50%] Building CXX object CMakeFiles/a.dir/a.cpp.o
[100%] Linking CXX static library liba.a
[100%] Built target a
  [0;32mâœ“[0m ç¼–è¯‘æˆåŠŸ
  [0;32mâœ“[0m åº“æ–‡ä»¶å·²ç”Ÿæˆ
  [0;32mâ”â”â” å…¨éƒ¨é€šè¿‡ â”â”â”[0m

[0;34m[2] å¤„ç†æ–‡ä»¶: [0;32mb.nu[0m
----------------------------------------
  [1;33m[1/4][0m Nu -> C++ è½¬æ¢ (AST mode)...
  [0;32mâœ“[0m Nu -> C++ æˆåŠŸ
  [1;33m[2/4][0m åˆ›å»ºç‹¬ç«‹æ„å»ºç›®å½•...
  [0;32mâœ“[0m æ„å»ºç›®å½•å’ŒCMakeLists.txtåˆ›å»ºæˆåŠŸ
  [1;33m[3/4][0m CMake é…ç½®...
  [0;32mâœ“[0m CMake é…ç½®æˆåŠŸ
  [1;33m[4/4][0m ç¼–è¯‘éªŒè¯...
[ 50%] Building CXX object CMakeFiles/b.dir/b.cpp.o
[100%] Linking CXX static library libb.a
[100%] Built target b
  [0;32mâœ“[0m ç¼–è¯‘æˆåŠŸ
  [0;32mâœ“[0m åº“æ–‡ä»¶å·²ç”Ÿæˆ
  [0;32mâ”â”â” å…¨éƒ¨é€šè¿‡ â”â”â”[0m

[0;34m[3] å¤„ç†æ–‡ä»¶: [0;32mbtreemap-test.nu[0m
----------------------------------------
  [1;33m[1/4][0m Nu -> C++ è½¬æ¢ (AST mode)...
  [0;32mâœ“[0m Nu -> C++ æˆåŠŸ
  [1;33m[2/4][0m åˆ›å»ºç‹¬ç«‹æ„å»ºç›®å½•...
  [0;32mâœ“[0m æ„å»ºç›®å½•å’ŒCMakeLists.txtåˆ›å»ºæˆåŠŸ
  [1;33m[3/4][0m CMake é…ç½®...
  [0;32mâœ“[0m CMake é…ç½®æˆåŠŸ
  [1;33m[4/4][0m ç¼–è¯‘éªŒè¯...
[ 50%] Building CXX object CMakeFiles/btreemap-test.dir/btreemap-test.cpp.o
  [0;31mâœ—[0m ç¼–è¯‘å¤±è´¥
  [0;31mç¼–è¯‘é”™è¯¯ä¿¡æ¯:[0m
    /home/sonygod/projects/nu/temp_examples_cpp/btreemap-test/btreemap-test.cpp: In function 'int main()':
    /home/sonygod/projects/nu/temp_examples_cpp/btreemap-test/btreemap-test.cpp:14:5: error: 'BTreeMap' was not declared in this scope
       14 |     BTreeMap <std::string, int32_t> scores = BTreeMap :: new ();
          |     ^~~~~~~~
    /home/sonygod/projects/nu/temp_examples_cpp/btreemap-test/btreemap-test.cpp:14:26: error: expected primary-expression before ',' token
       14 |     BTreeMap <std::string, int32_t> scores = BTreeMap :: new ();
          |                          ^
    /home/sonygod/projects/nu/temp_examples_cpp/btreemap-test/btreemap-test.cpp:14:35: error: expected primary-expression before '>' token
       14 |     BTreeMap <std::string, int32_t> scores = BTreeMap :: new ();
          |                                   ^
    /home/sonygod/projects/nu/temp_examples_cpp/btreemap-test/btreemap-test.cpp:14:37: error: 'scores' was not declared in this scope
       14 |     BTreeMap <std::string, int32_t> scores = BTreeMap :: new ();
          |                                     ^~~~~~
    /home/sonygod/projects/nu/temp_examples_cpp/btreemap-test/btreemap-test.cpp:14:46: error: 'BTreeMap' is not a class, namespace, or enumeration
       14 |     BTreeMap <std::string, int32_t> scores = BTreeMap :: new ();
          |                                              ^~~~~~~~
    /home/sonygod/projects/nu/temp_examples_cpp/btreemap-test/btreemap-test.cpp:14:58: error: expected unqualified-id before 'new'
       14 |     BTreeMap <std::string, int32_t> scores = BTreeMap :: new ();
          |                                                          ^~~
    /home/sonygod/projects/nu/temp_examples_cpp/btreemap-test/btreemap-test.cpp:15:26: error: 'Str' has not been declared
       15 |     return scores.insert(Str :: from ("Charlie"), 30);;
          |                          ^~~
    /home/sonygod/projects/nu/temp_examples_cpp/btreemap-test/btreemap-test.cpp:16:26: error: 'Str' has not been declared
       16 |     return scores.insert(Str :: from ("Alice"), 10);;
          |                          ^~~
    /home/sonygod/projects/nu/temp_examples_cpp/btreemap-test/btreemap-test.cpp:17:26: error: 'Str' has not been declared
       17 |     return scores.insert(Str :: from ("Bob"), 20);;
          |                          ^~~
    /home/sonygod/projects/nu/temp_examples_cpp/btreemap-test/btreemap-test.cpp:18:26: error: 'Str' has not been declared
       18 |     return scores.insert(Str :: from ("David"), 40);;

[0;34m[4] å¤„ç†æ–‡ä»¶: [0;32mclosures.nu[0m
----------------------------------------
  [1;33m[1/4][0m Nu -> C++ è½¬æ¢ (AST mode)...
  [0;32mâœ“[0m Nu -> C++ æˆåŠŸ
  [1;33m[2/4][0m åˆ›å»ºç‹¬ç«‹æ„å»ºç›®å½•...
  [0;32mâœ“[0m æ„å»ºç›®å½•å’ŒCMakeLists.txtåˆ›å»ºæˆåŠŸ
  [1;33m[3/4][0m CMake é…ç½®...
  [0;32mâœ“[0m CMake é…ç½®æˆåŠŸ
  [1;33m[4/4][0m ç¼–è¯‘éªŒè¯...
[ 50%] Building CXX object CMakeFiles/closures.dir/closures.cpp.o
  [0;31mâœ—[0m ç¼–è¯‘å¤±è´¥
  [0;31mç¼–è¯‘é”™è¯¯ä¿¡æ¯:[0m
    /home/sonygod/projects/nu/temp_examples_cpp/closures/closures.cpp:217:35: error: too many decimal points in number
      217 |     return people.sort_by(|a, b| a.1.cmp(& b.1));;
          |                                   ^~~~~~
    /home/sonygod/projects/nu/temp_examples_cpp/closures/closures.cpp: In function 'int main()':
    /home/sonygod/projects/nu/temp_examples_cpp/closures/closures.cpp:14:12: error: 'println' was not declared in this scope; did you mean 'std::println'?
       14 |     return println!("========== Rust é—­åŒ…å®Œæ•´ç¤ºä¾‹ ==========\n");;
          |            ^~~~~~~
          |            std::println
    In file included from /home/sonygod/projects/nu/temp_examples_cpp/closures/closures.cpp:8:
    /opt/xpack-gcc-14.2.0-1/include/c++/14.2.0/print:151:15: note: 'std::println' declared here
      151 |   inline void println() { std::println(stdout); }
          |               ^~~~~~~
    /home/sonygod/projects/nu/temp_examples_cpp/closures/closures.cpp:14:19: error: expected ';' before '!' token
       14 |     return println!("========== Rust é—­åŒ…å®Œæ•´ç¤ºä¾‹ ==========\n");;
          |                   ^
          |                   ;
    /home/sonygod/projects/nu/temp_examples_cpp/closures/closures.cpp:14:19: warning: statement has no effect [-Wunused-value]
       14 |     return println!("========== Rust é—­åŒ…å®Œæ•´ç¤ºä¾‹ ==========\n");;
          |                   ^~~~~~~~~~~~~~~~~~~~~~~~~~~~~~~~~~~~~~~~~~~~~~
    /home/sonygod/projects/nu/temp_examples_cpp/closures/closures.cpp:15:19: error: expected ';' before '!' token
       15 |     return println!("1.åŸºæœ¬é—­åŒ…è¯­æ³•");;
          |                   ^
          |                   ;
    /home/sonygod/projects/nu/temp_examples_cpp/closures/closures.cpp:15:19: warning: statement has no effect [-Wunused-value]
       15 |     return println!("1.åŸºæœ¬é—­åŒ…è¯­æ³•");;
          |                   ^~~~~~~~~~~~~~~~~~~
    /home/sonygod/projects/nu/temp_examples_cpp/closures/closures.cpp:16:19: error: expected ';' before '!' token
       16 |     return println!("------------------------");;
          |                   ^
          |                   ;

[0;34m[5] å¤„ç†æ–‡ä»¶: [0;32mcomplex-chain-test.nu[0m
----------------------------------------
  [1;33m[1/4][0m Nu -> C++ è½¬æ¢ (AST mode)...
  [0;32mâœ“[0m Nu -> C++ æˆåŠŸ
  [1;33m[2/4][0m åˆ›å»ºç‹¬ç«‹æ„å»ºç›®å½•...
  [0;32mâœ“[0m æ„å»ºç›®å½•å’ŒCMakeLists.txtåˆ›å»ºæˆåŠŸ
  [1;33m[3/4][0m CMake é…ç½®...
  [0;32mâœ“[0m CMake é…ç½®æˆåŠŸ
  [1;33m[4/4][0m ç¼–è¯‘éªŒè¯...
[ 50%] Building CXX object CMakeFiles/complex-chain-test.dir/complex-chain-test.cpp.o
  [0;31mâœ—[0m ç¼–è¯‘å¤±è´¥
  [0;31mç¼–è¯‘é”™è¯¯ä¿¡æ¯:[0m
    /home/sonygod/projects/nu/temp_examples_cpp/complex-chain-test/complex-chain-test.cpp: In function 'int main()':
    /home/sonygod/projects/nu/temp_examples_cpp/complex-chain-test/complex-chain-test.cpp:14:26: error: 'vec' was not declared in this scope
       14 |     const auto numbers = vec ! [1, 2, 3, 4, 5, 6, 7, 8, 9, 10];
          |                          ^~~
    /home/sonygod/projects/nu/temp_examples_cpp/complex-chain-test/complex-chain-test.cpp:15:11: error: 'Vec' does not name a type
       15 |     const Vec <int32_t> result1 = numbers.iter().map(|x| x + 1).map(|x| x * 2).map(|x| x - 3).collect();
          |           ^~~
    /home/sonygod/projects/nu/temp_examples_cpp/complex-chain-test/complex-chain-test.cpp:16:11: error: 'Vec' does not name a type
       16 |     const Vec <int32_t> result2 = numbers.iter().map(|x| x * 2).filter(|x| * x > 5).map(|x| x + 10).filter(|x| * x < 30).collect();
          |           ^~~
    /home/sonygod/projects/nu/temp_examples_cpp/complex-chain-test/complex-chain-test.cpp:17:11: error: 'Vec' does not name a type
       17 |     const Vec <int32_t> result3 = numbers.iter().enumerate().filter(|(i, _)| i % 2 == 0).map(|(i, x)| (i as i32) + x).filter(|x| * x > 3).collect();
          |           ^~~
    /home/sonygod/projects/nu/temp_examples_cpp/complex-chain-test/complex-chain-test.cpp:18:17: error: 'usize' was not declared in this scope; did you mean 'dysize'?
       18 |     const Vec <(usize, i32)> result4 = numbers.iter().take(5).enumerate().map(|(i, x)| (i, x * 2)).collect();
          |                 ^~~~~
          |                 dysize
    /home/sonygod/projects/nu/temp_examples_cpp/complex-chain-test/complex-chain-test.cpp:18:24: error: 'i32' was not declared in this scope
       18 |     const Vec <(usize, i32)> result4 = numbers.iter().take(5).enumerate().map(|(i, x)| (i, x * 2)).collect();
          |                        ^~~
    /home/sonygod/projects/nu/temp_examples_cpp/complex-chain-test/complex-chain-test.cpp:18:11: error: 'Vec' does not name a type
       18 |     const Vec <(usize, i32)> result4 = numbers.iter().take(5).enumerate().map(|(i, x)| (i, x * 2)).collect();
          |           ^~~
    /home/sonygod/projects/nu/temp_examples_cpp/complex-chain-test/complex-chain-test.cpp:19:44: error: expected primary-expression before '|' token
       19 |     const auto sum = numbers.iter().filter(|x| * * x % 2 == 0).fold(0, |acc, x| acc + x);
          |                                            ^
    /home/sonygod/projects/nu/temp_examples_cpp/complex-chain-test/complex-chain-test.cpp:19:45: error: 'x' was not declared in this scope
       19 |     const auto sum = numbers.iter().filter(|x| * * x % 2 == 0).fold(0, |acc, x| acc + x);
          |                                             ^
    /home/sonygod/projects/nu/temp_examples_cpp/complex-chain-test/complex-chain-test.cpp:19:72: error: expected primary-expression before '|' token

[0;34m[6] å¤„ç†æ–‡ä»¶: [0;32mconcurrency-pointers.nu[0m
----------------------------------------
  [1;33m[1/4][0m Nu -> C++ è½¬æ¢ (AST mode)...
  [0;32mâœ“[0m Nu -> C++ æˆåŠŸ
  [1;33m[2/4][0m åˆ›å»ºç‹¬ç«‹æ„å»ºç›®å½•...
  [0;32mâœ“[0m æ„å»ºç›®å½•å’ŒCMakeLists.txtåˆ›å»ºæˆåŠŸ
  [1;33m[3/4][0m CMake é…ç½®...
  [0;32mâœ“[0m CMake é…ç½®æˆåŠŸ
  [1;33m[4/4][0m ç¼–è¯‘éªŒè¯...
[ 50%] Building CXX object CMakeFiles/concurrency-pointers.dir/concurrency-pointers.cpp.o
  [0;31mâœ—[0m ç¼–è¯‘å¤±è´¥
  [0;31mç¼–è¯‘é”™è¯¯ä¿¡æ¯:[0m
    /home/sonygod/projects/nu/temp_examples_cpp/concurrency-pointers/concurrency-pointers.cpp:23:21: error: too many decimal points in number
       23 |     return for i in 0..5 { let counter_clone = A :: clone (& counter); let handle = thread :: spawn (move | | { let mut num = counter_clone.lock ().unwrap (); * num += 1; std::println ("  çº¿ç¨‹ {} å¢åŠ è®¡æ•°å™¨", i); }); handles.push (handle); };
          |                     ^~~~
    /home/sonygod/projects/nu/temp_examples_cpp/concurrency-pointers/concurrency-pointers.cpp:27:21: error: too many decimal points in number
       27 |     return for i in 0..3 { let data_clone = A :: clone (& data); let handle = thread :: spawn (move | | { let value = i * 10; let mut vec = data_clone.lock ().unwrap (); vec.push (value); std::println ("  çº¿ç¨‹ {} æ·»åŠ å€¼: {}", i, value); }); handles.push (handle); };
          |                     ^~~~
    /home/sonygod/projects/nu/temp_examples_cpp/concurrency-pointers/concurrency-pointers.cpp:31:21: error: too many decimal points in number
       31 |     return for i in 1..= 4 { let handle = thread :: spawn (move | | { let result = i * i; std::println ("  çº¿ç¨‹ {} è®¡ç®—: {} * {} = {}", i, i, i, result); result }); handles.push (handle); };
          |                     ^~~
    /home/sonygod/projects/nu/temp_examples_cpp/concurrency-pointers/concurrency-pointers.cpp:36:21: error: too many decimal points in number
       36 |     return for i in 1..= 5 { let state_clone = A :: clone (& state); let handle = thread :: spawn (move | | { let mut s = state_clone.lock ().unwrap (); s.sum += i; s.count += 1; std::println ("  çº¿ç¨‹ {} æ›´æ–°çŠ¶æ€: sum={}, count={}", i, s.sum, s.count); }); handles.push (handle); };
          |                     ^~~
    /home/sonygod/projects/nu/temp_examples_cpp/concurrency-pointers/concurrency-pointers.cpp: In function 'int main()':
    /home/sonygod/projects/nu/temp_examples_cpp/concurrency-pointers/concurrency-pointers.cpp:19:25: error: 'thread' has not been declared
       19 |     const auto handle = thread :: spawn (| | { std::println ("  çº¿ç¨‹ä¸­: Hello from spawned thread!"); 42 });
          |                         ^~~~~~
    /home/sonygod/projects/nu/temp_examples_cpp/concurrency-pointers/concurrency-pointers.cpp:19:42: error: expected primary-expression before '|' token
       19 |     const auto handle = thread :: spawn (| | { std::println ("  çº¿ç¨‹ä¸­: Hello from spawned thread!"); 42 });
          |                                          ^
    /home/sonygod/projects/nu/temp_examples_cpp/concurrency-pointers/concurrency-pointers.cpp:19:44: error: expected primary-expression before '|' token
       19 |     const auto handle = thread :: spawn (| | { std::println ("  çº¿ç¨‹ä¸­: Hello from spawned thread!"); 42 });
          |                                            ^
    /home/sonygod/projects/nu/temp_examples_cpp/concurrency-pointers/concurrency-pointers.cpp:19:46: error: expected primary-expression before '{' token
       19 |     const auto handle = thread :: spawn (| | { std::println ("  çº¿ç¨‹ä¸­: Hello from spawned thread!"); 42 });
          |                                              ^
    /home/sonygod/projects/nu/temp_examples_cpp/concurrency-pointers/concurrency-pointers.cpp:21:26: error: 'A' has not been declared
       21 |     const auto counter = A :: new (X :: new (0));
          |                          ^
    /home/sonygod/projects/nu/temp_examples_cpp/concurrency-pointers/concurrency-pointers.cpp:21:31: error: expected unqualified-id before 'new'
       21 |     const auto counter = A :: new (X :: new (0));

[0;34m[7] å¤„ç†æ–‡ä»¶: [0;32mconcurrency-simple.nu[0m
----------------------------------------
  [1;33m[1/4][0m Nu -> C++ è½¬æ¢ (AST mode)...
  [0;32mâœ“[0m Nu -> C++ æˆåŠŸ
  [1;33m[2/4][0m åˆ›å»ºç‹¬ç«‹æ„å»ºç›®å½•...
  [0;32mâœ“[0m æ„å»ºç›®å½•å’ŒCMakeLists.txtåˆ›å»ºæˆåŠŸ
  [1;33m[3/4][0m CMake é…ç½®...
  [0;32mâœ“[0m CMake é…ç½®æˆåŠŸ
  [1;33m[4/4][0m ç¼–è¯‘éªŒè¯...
[ 50%] Building CXX object CMakeFiles/concurrency-simple.dir/concurrency-simple.cpp.o
  [0;31mâœ—[0m ç¼–è¯‘å¤±è´¥
  [0;31mç¼–è¯‘é”™è¯¯ä¿¡æ¯:[0m
    /home/sonygod/projects/nu/temp_examples_cpp/concurrency-simple/concurrency-simple.cpp:17:21: error: too many decimal points in number
       17 |     return for i in 1..= 4 { let handle = thread :: spawn (move | | { let result = i * i; std::println ("  çº¿ç¨‹ {} è®¡ç®—: {} * {} = {}", i, i, i, result); result }); handles.push (handle); };
          |                     ^~~
    /home/sonygod/projects/nu/temp_examples_cpp/concurrency-simple/concurrency-simple.cpp: In function 'int main()':
    /home/sonygod/projects/nu/temp_examples_cpp/concurrency-simple/concurrency-simple.cpp:14:25: error: 'thread' has not been declared
       14 |     const auto handle = thread :: spawn (| | { std::println ("  çº¿ç¨‹ä¸­: Hello from spawned thread!"); 42 });
          |                         ^~~~~~
    /home/sonygod/projects/nu/temp_examples_cpp/concurrency-simple/concurrency-simple.cpp:14:42: error: expected primary-expression before '|' token
       14 |     const auto handle = thread :: spawn (| | { std::println ("  çº¿ç¨‹ä¸­: Hello from spawned thread!"); 42 });
          |                                          ^
    /home/sonygod/projects/nu/temp_examples_cpp/concurrency-simple/concurrency-simple.cpp:14:44: error: expected primary-expression before '|' token
       14 |     const auto handle = thread :: spawn (| | { std::println ("  çº¿ç¨‹ä¸­: Hello from spawned thread!"); 42 });
          |                                            ^
    /home/sonygod/projects/nu/temp_examples_cpp/concurrency-simple/concurrency-simple.cpp:14:46: error: expected primary-expression before '{' token
       14 |     const auto handle = thread :: spawn (| | { std::println ("  çº¿ç¨‹ä¸­: Hello from spawned thread!"); 42 });
          |                                              ^
    /home/sonygod/projects/nu/temp_examples_cpp/concurrency-simple/concurrency-simple.cpp:16:20: error: 'vec' was not declared in this scope
       16 |     auto handles = vec ! [];
          |                    ^~~
    /home/sonygod/projects/nu/temp_examples_cpp/concurrency-simple/concurrency-simple.cpp:17:12: error: expected primary-expression before 'for'
       17 |     return for i in 1..= 4 { let handle = thread :: spawn (move | | { let result = i * i; std::println ("  çº¿ç¨‹ {} è®¡ç®—: {} * {} = {}", i, i, i, result); result }); handles.push (handle); };
          |            ^~~
    /home/sonygod/projects/nu/temp_examples_cpp/concurrency-simple/concurrency-simple.cpp:17:11: error: expected ';' before 'for'
       17 |     return for i in 1..= 4 { let handle = thread :: spawn (move | | { let result = i * i; std::println ("  çº¿ç¨‹ {} è®¡ç®—: {} * {} = {}", i, i, i, result); result }); handles.push (handle); };
          |           ^~~~
          |           ;
    /home/sonygod/projects/nu/temp_examples_cpp/concurrency-simple/concurrency-simple.cpp:17:16: error: expected '(' before 'i'
       17 |     return for i in 1..= 4 { let handle = thread :: spawn (move | | { let result = i * i; std::println ("  çº¿ç¨‹ {} è®¡ç®—: {} * {} = {}", i, i, i, result); result }); handles.push (handle); };
          |                ^
          |                (

[0;34m[8] å¤„ç†æ–‡ä»¶: [0;32menums.nu[0m
----------------------------------------
  [1;33m[1/4][0m Nu -> C++ è½¬æ¢ (AST mode)...
  [0;32mâœ“[0m Nu -> C++ æˆåŠŸ
  [1;33m[2/4][0m åˆ›å»ºç‹¬ç«‹æ„å»ºç›®å½•...
  [0;32mâœ“[0m æ„å»ºç›®å½•å’ŒCMakeLists.txtåˆ›å»ºæˆåŠŸ
  [1;33m[3/4][0m CMake é…ç½®...
  [0;32mâœ“[0m CMake é…ç½®æˆåŠŸ
  [1;33m[4/4][0m ç¼–è¯‘éªŒè¯...
[ 50%] Building CXX object CMakeFiles/enums.dir/enums.cpp.o
  [0;31mâœ—[0m ç¼–è¯‘å¤±è´¥
  [0;31mç¼–è¯‘é”™è¯¯ä¿¡æ¯:[0m
    /home/sonygod/projects/nu/temp_examples_cpp/enums/enums.cpp: In function 'std::string direction_to_string(Direction)':
    /home/sonygod/projects/nu/temp_examples_cpp/enums/enums.cpp:41:23: error: 'match' was not declared in this scope; did you mean 'rpmatch'?
       41 |     /* TODO: match */ match dir { Direction :: North => "åŒ—" . to_string () , Direction :: South => "å—" . to_string () , Direction :: East => "ä¸œ" . to_string () , Direction :: West => "è¥¿" . to_string () , };
          |                       ^~~~~
          |                       rpmatch
    /home/sonygod/projects/nu/temp_examples_cpp/enums/enums.cpp:42:1: warning: no return statement in function returning non-void [-Wreturn-type]
       42 | }
          | ^
    /home/sonygod/projects/nu/temp_examples_cpp/enums/enums.cpp:40:50: warning: unused parameter 'dir' [-Wunused-parameter]
       40 | static std::string direction_to_string(Direction dir) {
          |                                        ~~~~~~~~~~^~~
    /home/sonygod/projects/nu/temp_examples_cpp/enums/enums.cpp: In function 'std::string process_message(Message)':
    /home/sonygod/projects/nu/temp_examples_cpp/enums/enums.cpp:45:23: error: 'match' was not declared in this scope; did you mean 'rpmatch'?
       45 |     /* TODO: match */ match msg { Message :: Quit => "é€€å‡º" . to_string () , Message :: Move { x , y } => format ! ("ç§»åŠ¨åˆ° ({}, {})" , x , y) , Message :: Write (text) => format ! ("å†™å…¥: {}" , text) , Message :: ChangeColor (r , g , b) => format ! ("é¢œè‰²æ”¹ä¸º RGB({}, {}, {})" , r , g , b) , };
          |                       ^~~~~
          |                       rpmatch
    /home/sonygod/projects/nu/temp_examples_cpp/enums/enums.cpp:46:1: warning: no return statement in function returning non-void [-Wreturn-type]
       46 | }
          | ^
    /home/sonygod/projects/nu/temp_examples_cpp/enums/enums.cpp:44:44: warning: unused parameter 'msg' [-Wunused-parameter]
       44 | static std::string process_message(Message msg) {
          |                                    ~~~~~~~~^~~
    /home/sonygod/projects/nu/temp_examples_cpp/enums/enums.cpp: In function 'std::optional<int> divide(int32_t, int32_t)':
    /home/sonygod/projects/nu/temp_examples_cpp/enums/enums.cpp:49:23: error: expected '(' before 'b'
       49 |     /* TODO: if */ if b == 0 { None } else { Some (a / b) };
          |                       ^
          |                       (
    /home/sonygod/projects/nu/temp_examples_cpp/enums/enums.cpp:49:39: error: 'else' without a previous 'if'
       49 |     /* TODO: if */ if b == 0 { None } else { Some (a / b) };
          |                                       ^~~~

[0;34m[9] å¤„ç†æ–‡ä»¶: [0;32merror-handling.nu[0m
----------------------------------------
  [1;33m[1/4][0m Nu -> C++ è½¬æ¢ (AST mode)...
  [0;32mâœ“[0m Nu -> C++ æˆåŠŸ
  [1;33m[2/4][0m åˆ›å»ºç‹¬ç«‹æ„å»ºç›®å½•...
  [0;32mâœ“[0m æ„å»ºç›®å½•å’ŒCMakeLists.txtåˆ›å»ºæˆåŠŸ
  [1;33m[3/4][0m CMake é…ç½®...
  [0;32mâœ“[0m CMake é…ç½®æˆåŠŸ
  [1;33m[4/4][0m ç¼–è¯‘éªŒè¯...
[ 50%] Building CXX object CMakeFiles/error-handling.dir/error-handling.cpp.o
  [0;31mâœ—[0m ç¼–è¯‘å¤±è´¥
  [0;31mç¼–è¯‘é”™è¯¯ä¿¡æ¯:[0m
    /home/sonygod/projects/nu/temp_examples_cpp/error-handling/error-handling.cpp: In function 'std::expected<int, MyError> divide(int32_t, int32_t)':
    /home/sonygod/projects/nu/temp_examples_cpp/error-handling/error-handling.cpp:20:23: error: expected '(' before 'b'
       20 |     /* TODO: if */ if b == 0 { Err (MyError :: DivisionByZero) } else { Ok (a / b) };
          |                       ^
          |                       (
    /home/sonygod/projects/nu/temp_examples_cpp/error-handling/error-handling.cpp:20:66: error: 'else' without a previous 'if'
       20 |     /* TODO: if */ if b == 0 { Err (MyError :: DivisionByZero) } else { Ok (a / b) };
          |                                                                  ^~~~
    /home/sonygod/projects/nu/temp_examples_cpp/error-handling/error-handling.cpp:20:73: error: 'Ok' was not declared in this scope
       20 |     /* TODO: if */ if b == 0 { Err (MyError :: DivisionByZero) } else { Ok (a / b) };
          |                                                                         ^~
    /home/sonygod/projects/nu/temp_examples_cpp/error-handling/error-handling.cpp:21:1: warning: no return statement in function returning non-void [-Wreturn-type]
       21 | }
          | ^
    /home/sonygod/projects/nu/temp_examples_cpp/error-handling/error-handling.cpp: In function 'std::optional<std::__cxx11::basic_string<char> > find_user(int32_t)':
    /home/sonygod/projects/nu/temp_examples_cpp/error-handling/error-handling.cpp:24:23: error: expected '(' before 'id'
       24 |     /* TODO: if */ if id == 1 { Some ("Alice" . to_string ()) } else { None };
          |                       ^~
          |                       (
    /home/sonygod/projects/nu/temp_examples_cpp/error-handling/error-handling.cpp:24:65: error: 'else' without a previous 'if'
       24 |     /* TODO: if */ if id == 1 { Some ("Alice" . to_string ()) } else { None };
          |                                                                 ^~~~
    /home/sonygod/projects/nu/temp_examples_cpp/error-handling/error-handling.cpp:24:72: error: 'None' was not declared in this scope
       24 |     /* TODO: if */ if id == 1 { Some ("Alice" . to_string ()) } else { None };
          |                                                                        ^~~~
    /home/sonygod/projects/nu/temp_examples_cpp/error-handling/error-handling.cpp:25:1: warning: no return statement in function returning non-void [-Wreturn-type]
       25 | }
          | ^
    /home/sonygod/projects/nu/temp_examples_cpp/error-handling/error-handling.cpp:23:53: warning: unused parameter 'id' [-Wunused-parameter]
       23 | static std::optional<std::string> find_user(int32_t id) {

[0;34m[10] å¤„ç†æ–‡ä»¶: [0;32mgenerics.nu[0m
----------------------------------------
  [1;33m[1/4][0m Nu -> C++ è½¬æ¢ (AST mode)...
  [0;32mâœ“[0m Nu -> C++ æˆåŠŸ
  [1;33m[2/4][0m åˆ›å»ºç‹¬ç«‹æ„å»ºç›®å½•...
  [0;32mâœ“[0m æ„å»ºç›®å½•å’ŒCMakeLists.txtåˆ›å»ºæˆåŠŸ
  [1;33m[3/4][0m CMake é…ç½®...
  [0;32mâœ“[0m CMake é…ç½®æˆåŠŸ
  [1;33m[4/4][0m ç¼–è¯‘éªŒè¯...
[ 50%] Building CXX object CMakeFiles/generics.dir/generics.cpp.o
  [0;31mâœ—[0m ç¼–è¯‘å¤±è´¥
  [0;31mç¼–è¯‘é”™è¯¯ä¿¡æ¯:[0m
    /home/sonygod/projects/nu/temp_examples_cpp/generics/generics.cpp:34:12: error: 'T' was not declared in this scope
       34 | Container <T> new(T value) {
          |            ^
    /home/sonygod/projects/nu/temp_examples_cpp/generics/generics.cpp:34:13: error: template argument 1 is invalid
       34 | Container <T> new(T value) {
          |             ^
    /home/sonygod/projects/nu/temp_examples_cpp/generics/generics.cpp:34:15: error: expected unqualified-id before 'new'
       34 | Container <T> new(T value) {
          |               ^~~
    /home/sonygod/projects/nu/temp_examples_cpp/generics/generics.cpp:38:7: error: 'T' does not name a type
       38 | const T& get() {
          |       ^
    /home/sonygod/projects/nu/temp_examples_cpp/generics/generics.cpp:42:6: error: variable or field 'set' declared void
       42 | void set(T value) {
          |      ^~~
    /home/sonygod/projects/nu/temp_examples_cpp/generics/generics.cpp:42:10: error: 'T' was not declared in this scope
       42 | void set(T value) {
          |          ^
    /home/sonygod/projects/nu/temp_examples_cpp/generics/generics.cpp:46:7: error: 'T' was not declared in this scope
       46 | Pair <T, U> new(T first, U second) {
          |       ^
    /home/sonygod/projects/nu/temp_examples_cpp/generics/generics.cpp:46:10: error: 'U' was not declared in this scope
       46 | Pair <T, U> new(T first, U second) {
          |          ^
    /home/sonygod/projects/nu/temp_examples_cpp/generics/generics.cpp:46:11: error: template argument 1 is invalid
       46 | Pair <T, U> new(T first, U second) {
          |           ^
    /home/sonygod/projects/nu/temp_examples_cpp/generics/generics.cpp:46:11: error: template argument 2 is invalid
    /home/sonygod/projects/nu/temp_examples_cpp/generics/generics.cpp:46:13: error: expected unqualified-id before 'new'
       46 | Pair <T, U> new(T first, U second) {

[0;34m[11] å¤„ç†æ–‡ä»¶: [0;32mgenerics_test.nu[0m
----------------------------------------
  [1;33m[1/4][0m Nu -> C++ è½¬æ¢ (AST mode)...
  [0;32mâœ“[0m Nu -> C++ æˆåŠŸ
  [1;33m[2/4][0m åˆ›å»ºç‹¬ç«‹æ„å»ºç›®å½•...
  [0;32mâœ“[0m æ„å»ºç›®å½•å’ŒCMakeLists.txtåˆ›å»ºæˆåŠŸ
  [1;33m[3/4][0m CMake é…ç½®...
  [0;32mâœ“[0m CMake é…ç½®æˆåŠŸ
  [1;33m[4/4][0m ç¼–è¯‘éªŒè¯...
[ 50%] Building CXX object CMakeFiles/generics_test.dir/generics_test.cpp.o
  [0;31mâœ—[0m ç¼–è¯‘å¤±è´¥
  [0;31mç¼–è¯‘é”™è¯¯ä¿¡æ¯:[0m
    /home/sonygod/projects/nu/temp_examples_cpp/generics_test/generics_test.cpp:29:19: error: 'T' was not declared in this scope
       29 | static Container <T> new(T value) {
          |                   ^
    /home/sonygod/projects/nu/temp_examples_cpp/generics_test/generics_test.cpp:29:20: error: template argument 1 is invalid
       29 | static Container <T> new(T value) {
          |                    ^
    /home/sonygod/projects/nu/temp_examples_cpp/generics_test/generics_test.cpp:29:22: error: expected unqualified-id before 'new'
       29 | static Container <T> new(T value) {
          |                      ^~~
    /home/sonygod/projects/nu/temp_examples_cpp/generics_test/generics_test.cpp:33:7: error: 'T' does not name a type
       33 | const T& get() {
          |       ^
    /home/sonygod/projects/nu/temp_examples_cpp/generics_test/generics_test.cpp:37:14: error: 'T' was not declared in this scope
       37 | static Pair <T, U> new(T first, U second) {
          |              ^
    /home/sonygod/projects/nu/temp_examples_cpp/generics_test/generics_test.cpp:37:17: error: 'U' was not declared in this scope
       37 | static Pair <T, U> new(T first, U second) {
          |                 ^
    /home/sonygod/projects/nu/temp_examples_cpp/generics_test/generics_test.cpp:37:18: error: template argument 1 is invalid
       37 | static Pair <T, U> new(T first, U second) {
          |                  ^
    /home/sonygod/projects/nu/temp_examples_cpp/generics_test/generics_test.cpp:37:18: error: template argument 2 is invalid
    /home/sonygod/projects/nu/temp_examples_cpp/generics_test/generics_test.cpp:37:20: error: expected unqualified-id before 'new'
       37 | static Pair <T, U> new(T first, U second) {
          |                    ^~~
    /home/sonygod/projects/nu/temp_examples_cpp/generics_test/generics_test.cpp:41:14: error: 'U' was not declared in this scope
       41 | static Pair <U, T> swap() {
          |              ^
    /home/sonygod/projects/nu/temp_examples_cpp/generics_test/generics_test.cpp:41:17: error: 'T' was not declared in this scope
       41 | static Pair <U, T> swap() {

[0;34m[12] å¤„ç†æ–‡ä»¶: [0;32mhashmap-test.nu[0m
----------------------------------------
  [1;33m[1/4][0m Nu -> C++ è½¬æ¢ (AST mode)...
  [0;32mâœ“[0m Nu -> C++ æˆåŠŸ
  [1;33m[2/4][0m åˆ›å»ºç‹¬ç«‹æ„å»ºç›®å½•...
  [0;32mâœ“[0m æ„å»ºç›®å½•å’ŒCMakeLists.txtåˆ›å»ºæˆåŠŸ
  [1;33m[3/4][0m CMake é…ç½®...
  [0;32mâœ“[0m CMake é…ç½®æˆåŠŸ
  [1;33m[4/4][0m ç¼–è¯‘éªŒè¯...
[ 50%] Building CXX object CMakeFiles/hashmap-test.dir/hashmap-test.cpp.o
  [0;31mâœ—[0m ç¼–è¯‘å¤±è´¥
  [0;31mç¼–è¯‘é”™è¯¯ä¿¡æ¯:[0m
    /home/sonygod/projects/nu/temp_examples_cpp/hashmap-test/hashmap-test.cpp: In function 'int main()':
    /home/sonygod/projects/nu/temp_examples_cpp/hashmap-test/hashmap-test.cpp:14:5: error: 'HashMap' was not declared in this scope
       14 |     HashMap <std::string, int32_t> scores = HashMap :: new ();
          |     ^~~~~~~
    /home/sonygod/projects/nu/temp_examples_cpp/hashmap-test/hashmap-test.cpp:14:25: error: expected primary-expression before ',' token
       14 |     HashMap <std::string, int32_t> scores = HashMap :: new ();
          |                         ^
    /home/sonygod/projects/nu/temp_examples_cpp/hashmap-test/hashmap-test.cpp:14:34: error: expected primary-expression before '>' token
       14 |     HashMap <std::string, int32_t> scores = HashMap :: new ();
          |                                  ^
    /home/sonygod/projects/nu/temp_examples_cpp/hashmap-test/hashmap-test.cpp:14:36: error: 'scores' was not declared in this scope
       14 |     HashMap <std::string, int32_t> scores = HashMap :: new ();
          |                                    ^~~~~~
    /home/sonygod/projects/nu/temp_examples_cpp/hashmap-test/hashmap-test.cpp:14:45: error: 'HashMap' is not a class, namespace, or enumeration
       14 |     HashMap <std::string, int32_t> scores = HashMap :: new ();
          |                                             ^~~~~~~
    /home/sonygod/projects/nu/temp_examples_cpp/hashmap-test/hashmap-test.cpp:14:56: error: expected unqualified-id before 'new'
       14 |     HashMap <std::string, int32_t> scores = HashMap :: new ();
          |                                                        ^~~
    /home/sonygod/projects/nu/temp_examples_cpp/hashmap-test/hashmap-test.cpp:15:26: error: 'Str' has not been declared
       15 |     return scores.insert(Str :: from ("Blue"), 10);;
          |                          ^~~
    /home/sonygod/projects/nu/temp_examples_cpp/hashmap-test/hashmap-test.cpp:16:26: error: 'Str' has not been declared
       16 |     return scores.insert(Str :: from ("Yellow"), 50);;
          |                          ^~~
    /home/sonygod/projects/nu/temp_examples_cpp/hashmap-test/hashmap-test.cpp:17:28: error: 'Str' has not been declared
       17 |     const auto team_name = Str :: from ("Blue");
          |                            ^~~
    /home/sonygod/projects/nu/temp_examples_cpp/hashmap-test/hashmap-test.cpp:19:23: error: 'match' was not declared in this scope; did you mean 'rpmatch'?
       19 |     /* TODO: match */ match score { Some (s) => println ! ("Blue team score: {}" , s) , None => println ! ("Team not found") , };

[0;34m[13] å¤„ç†æ–‡ä»¶: [0;32mhashset-test.nu[0m
----------------------------------------
  [1;33m[1/4][0m Nu -> C++ è½¬æ¢ (AST mode)...
  [0;32mâœ“[0m Nu -> C++ æˆåŠŸ
  [1;33m[2/4][0m åˆ›å»ºç‹¬ç«‹æ„å»ºç›®å½•...
  [0;32mâœ“[0m æ„å»ºç›®å½•å’ŒCMakeLists.txtåˆ›å»ºæˆåŠŸ
  [1;33m[3/4][0m CMake é…ç½®...
  [0;32mâœ“[0m CMake é…ç½®æˆåŠŸ
  [1;33m[4/4][0m ç¼–è¯‘éªŒè¯...
[ 50%] Building CXX object CMakeFiles/hashset-test.dir/hashset-test.cpp.o
  [0;31mâœ—[0m ç¼–è¯‘å¤±è´¥
  [0;31mç¼–è¯‘é”™è¯¯ä¿¡æ¯:[0m
    /home/sonygod/projects/nu/temp_examples_cpp/hashset-test/hashset-test.cpp: In function 'int main()':
    /home/sonygod/projects/nu/temp_examples_cpp/hashset-test/hashset-test.cpp:14:5: error: 'HashSet' was not declared in this scope
       14 |     HashSet <int32_t> set1 = HashSet :: new ();
          |     ^~~~~~~
    /home/sonygod/projects/nu/temp_examples_cpp/hashset-test/hashset-test.cpp:14:21: error: expected primary-expression before '>' token
       14 |     HashSet <int32_t> set1 = HashSet :: new ();
          |                     ^
    /home/sonygod/projects/nu/temp_examples_cpp/hashset-test/hashset-test.cpp:14:23: error: 'set1' was not declared in this scope
       14 |     HashSet <int32_t> set1 = HashSet :: new ();
          |                       ^~~~
    /home/sonygod/projects/nu/temp_examples_cpp/hashset-test/hashset-test.cpp:14:30: error: 'HashSet' is not a class, namespace, or enumeration
       14 |     HashSet <int32_t> set1 = HashSet :: new ();
          |                              ^~~~~~~
    /home/sonygod/projects/nu/temp_examples_cpp/hashset-test/hashset-test.cpp:14:41: error: expected unqualified-id before 'new'
       14 |     HashSet <int32_t> set1 = HashSet :: new ();
          |                                         ^~~
    /home/sonygod/projects/nu/temp_examples_cpp/hashset-test/hashset-test.cpp:18:41: error: lvalue required as unary '&' operand
       18 |     const auto removed1 = set1.remove(& 1);
          |                                         ^
    /home/sonygod/projects/nu/temp_examples_cpp/hashset-test/hashset-test.cpp:19:41: error: lvalue required as unary '&' operand
       19 |     const auto removed2 = set1.remove(& 3);
          |                                         ^
    /home/sonygod/projects/nu/temp_examples_cpp/hashset-test/hashset-test.cpp:20:21: error: expected primary-expression before '>' token
       20 |     HashSet <int32_t> set2 = HashSet :: new ();
          |                     ^
    /home/sonygod/projects/nu/temp_examples_cpp/hashset-test/hashset-test.cpp:20:23: error: 'set2' was not declared in this scope
       20 |     HashSet <int32_t> set2 = HashSet :: new ();
          |                       ^~~~
    /home/sonygod/projects/nu/temp_examples_cpp/hashset-test/hashset-test.cpp:20:30: error: 'HashSet' is not a class, namespace, or enumeration
       20 |     HashSet <int32_t> set2 = HashSet :: new ();

[0;34m[14] å¤„ç†æ–‡ä»¶: [0;32mhello.nu[0m
----------------------------------------
  [1;33m[1/4][0m Nu -> C++ è½¬æ¢ (AST mode)...
  [0;32mâœ“[0m Nu -> C++ æˆåŠŸ
  [1;33m[2/4][0m åˆ›å»ºç‹¬ç«‹æ„å»ºç›®å½•...
  [0;32mâœ“[0m æ„å»ºç›®å½•å’ŒCMakeLists.txtåˆ›å»ºæˆåŠŸ
  [1;33m[3/4][0m CMake é…ç½®...
  [0;32mâœ“[0m CMake é…ç½®æˆåŠŸ
  [1;33m[4/4][0m ç¼–è¯‘éªŒè¯...
[ 50%] Building CXX object CMakeFiles/hello.dir/hello.cpp.o
  [0;31mâœ—[0m ç¼–è¯‘å¤±è´¥
  [0;31mç¼–è¯‘é”™è¯¯ä¿¡æ¯:[0m
    /home/sonygod/projects/nu/temp_examples_cpp/hello/hello.cpp:26:8: error: redefinition of 'struct Person'
       26 | struct Person {
          |        ^~~~~~
    /home/sonygod/projects/nu/temp_examples_cpp/hello/hello.cpp:21:8: note: previous definition of 'struct Person'
       21 | struct Person {
          |        ^~~~~~
    /home/sonygod/projects/nu/temp_examples_cpp/hello/hello.cpp: In function 'int main()':
    /home/sonygod/projects/nu/temp_examples_cpp/hello/hello.cpp:36:35: error: expected unqualified-id before 'new'
       36 |     const auto person = Person :: new (std::string("Alice"), 30);
          |                                   ^~~
    /home/sonygod/projects/nu/temp_examples_cpp/hello/hello.cpp: At global scope:
    /home/sonygod/projects/nu/temp_examples_cpp/hello/hello.cpp:17:16: warning: 'int32_t add(int32_t, int32_t)' defined but not used [-Wunused-function]
       17 | static int32_t add(int32_t a, int32_t b) {
          |                ^~~
    /home/sonygod/projects/nu/temp_examples_cpp/hello/hello.cpp:13:20: warning: 'std::string hello_world()' defined but not used [-Wunused-function]
       13 | static std::string hello_world() {
          |                    ^~~~~~~~~~~
    gmake[2]: *** [CMakeFiles/hello.dir/build.make:76: CMakeFiles/hello.dir/hello.cpp.o] Error 1
    gmake[1]: *** [CMakeFiles/Makefile2:83: CMakeFiles/hello.dir/all] Error 2
    gmake: *** [Makefile:91: all] Error 2

[0;34m[15] å¤„ç†æ–‡ä»¶: [0;32miterators.nu[0m
----------------------------------------
  [1;33m[1/4][0m Nu -> C++ è½¬æ¢ (AST mode)...
  [0;32mâœ“[0m Nu -> C++ æˆåŠŸ
  [1;33m[2/4][0m åˆ›å»ºç‹¬ç«‹æ„å»ºç›®å½•...
  [0;32mâœ“[0m æ„å»ºç›®å½•å’ŒCMakeLists.txtåˆ›å»ºæˆåŠŸ
  [1;33m[3/4][0m CMake é…ç½®...
  [0;32mâœ“[0m CMake é…ç½®æˆåŠŸ
  [1;33m[4/4][0m ç¼–è¯‘éªŒè¯...
[ 50%] Building CXX object CMakeFiles/iterators.dir/iterators.cpp.o
  [0;31mâœ—[0m ç¼–è¯‘å¤±è´¥
  [0;31mç¼–è¯‘é”™è¯¯ä¿¡æ¯:[0m
    /home/sonygod/projects/nu/temp_examples_cpp/iterators/iterators.cpp:22:21: error: too many decimal points in number
       22 |     return for i in 0..5 { print ! ("{} ", i); };
          |                     ^~~~
    /home/sonygod/projects/nu/temp_examples_cpp/iterators/iterators.cpp:23:21: error: too many decimal points in number
       23 |     return for i in 0..= 5 { print ! ("{} ", i); };
          |                     ^~~
    /home/sonygod/projects/nu/temp_examples_cpp/iterators/iterators.cpp:24:22: error: too many decimal points in number
       24 |     return for i in (0..5).rev () { print ! ("{} ", i); };
          |                      ^~~~
    /home/sonygod/projects/nu/temp_examples_cpp/iterators/iterators.cpp:84:35: error: too many decimal points in number
       84 |     const Vec <int32_t> result = (1..5).inspect(|x| std::println ("  åŸå§‹å€¼: {}", x)).map(|x| x * 2).inspect(|x| std::println ("  ç¿»å€å: {}", x)).filter(|x| x % 3 == 0).inspect(|x| std::println ("  è¿‡æ»¤å: {}", x)).collect();
          |                                   ^~~~
    /home/sonygod/projects/nu/temp_examples_cpp/iterators/iterators.cpp: In function 'int main()':
    /home/sonygod/projects/nu/temp_examples_cpp/iterators/iterators.cpp:14:20: error: 'vec' was not declared in this scope
       14 |     const auto v = vec ! [1, 2, 3, 4, 5];
          |                    ^~~
    /home/sonygod/projects/nu/temp_examples_cpp/iterators/iterators.cpp:16:12: error: expected primary-expression before 'for'
       16 |     return for val in iter1 { print ! ("{} ", val); };
          |            ^~~
    /home/sonygod/projects/nu/temp_examples_cpp/iterators/iterators.cpp:16:11: error: expected ';' before 'for'
       16 |     return for val in iter1 { print ! ("{} ", val); };
          |           ^~~~
          |           ;
    /home/sonygod/projects/nu/temp_examples_cpp/iterators/iterators.cpp:16:16: error: expected '(' before 'val'
       16 |     return for val in iter1 { print ! ("{} ", val); };
          |                ^~~
          |                (
    /home/sonygod/projects/nu/temp_examples_cpp/iterators/iterators.cpp:16:16: error: 'val' was not declared in this scope
       16 |     return for val in iter1 { print ! ("{} ", val); };
          |                ^~~

[0;34m[16] å¤„ç†æ–‡ä»¶: [0;32mlifetimes.nu[0m
----------------------------------------
  [1;33m[1/4][0m Nu -> C++ è½¬æ¢ (AST mode)...
  [0;32mâœ“[0m Nu -> C++ æˆåŠŸ
  [1;33m[2/4][0m åˆ›å»ºç‹¬ç«‹æ„å»ºç›®å½•...
  [0;32mâœ“[0m æ„å»ºç›®å½•å’ŒCMakeLists.txtåˆ›å»ºæˆåŠŸ
  [1;33m[3/4][0m CMake é…ç½®...
  [0;32mâœ“[0m CMake é…ç½®æˆåŠŸ
  [1;33m[4/4][0m ç¼–è¯‘éªŒè¯...
[ 50%] Building CXX object CMakeFiles/lifetimes.dir/lifetimes.cpp.o
  [0;31mâœ—[0m ç¼–è¯‘å¤±è´¥
  [0;31mç¼–è¯‘é”™è¯¯ä¿¡æ¯:[0m
    /home/sonygod/projects/nu/temp_examples_cpp/lifetimes/lifetimes.cpp:13:19: warning: missing terminating ' character
       13 | template<typename 'a>
          |                   ^
    /home/sonygod/projects/nu/temp_examples_cpp/lifetimes/lifetimes.cpp:13:19: error: missing terminating ' character
       13 | template<typename 'a>
          |                   ^~~
    /home/sonygod/projects/nu/temp_examples_cpp/lifetimes/lifetimes.cpp:14:14: warning: multi-character literal with 21 characters exceeds 'int' size of 4 bytes
       14 | static const 'a str& longest(const 'a str& x, const 'a str& y) {
          |              ^~~~~~~~~~~~~~~~~~~~~~~~
    /home/sonygod/projects/nu/temp_examples_cpp/lifetimes/lifetimes.cpp:14:53: warning: missing terminating ' character
       14 | static const 'a str& longest(const 'a str& x, const 'a str& y) {
          |                                                     ^
    /home/sonygod/projects/nu/temp_examples_cpp/lifetimes/lifetimes.cpp:14:53: error: missing terminating ' character
       14 | static const 'a str& longest(const 'a str& x, const 'a str& y) {
          |                                                     ^~~~~~~~~~~~
    /home/sonygod/projects/nu/temp_examples_cpp/lifetimes/lifetimes.cpp:18:19: warning: missing terminating ' character
       18 | template<typename 'a>
          |                   ^
    /home/sonygod/projects/nu/temp_examples_cpp/lifetimes/lifetimes.cpp:18:19: error: missing terminating ' character
       18 | template<typename 'a>
          |                   ^~~
    /home/sonygod/projects/nu/temp_examples_cpp/lifetimes/lifetimes.cpp:20:11: warning: missing terminating ' character
       20 |     const 'a str& part;
          |           ^
    /home/sonygod/projects/nu/temp_examples_cpp/lifetimes/lifetimes.cpp:20:11: error: missing terminating ' character
       20 |     const 'a str& part;
          |           ^~~~~~~~~~~~~
    /home/sonygod/projects/nu/temp_examples_cpp/lifetimes/lifetimes.cpp:23:26: warning: multi-character literal with 13 characters exceeds 'int' size of 4 bytes
       23 | static ImportantExcerpt <'a> new(const 'a str& text) {
          |                          ^~~~~~~~~~~~~~~~

[0;34m[17] å¤„ç†æ–‡ä»¶: [0;32mlifetimes_simple.nu[0m
----------------------------------------
  [1;33m[1/4][0m Nu -> C++ è½¬æ¢ (AST mode)...
  [0;32mâœ“[0m Nu -> C++ æˆåŠŸ
  [1;33m[2/4][0m åˆ›å»ºç‹¬ç«‹æ„å»ºç›®å½•...
  [0;32mâœ“[0m æ„å»ºç›®å½•å’ŒCMakeLists.txtåˆ›å»ºæˆåŠŸ
  [1;33m[3/4][0m CMake é…ç½®...
  [0;32mâœ“[0m CMake é…ç½®æˆåŠŸ
  [1;33m[4/4][0m ç¼–è¯‘éªŒè¯...
[ 50%] Building CXX object CMakeFiles/lifetimes_simple.dir/lifetimes_simple.cpp.o
  [0;31mâœ—[0m ç¼–è¯‘å¤±è´¥
  [0;31mç¼–è¯‘é”™è¯¯ä¿¡æ¯:[0m
    /home/sonygod/projects/nu/temp_examples_cpp/lifetimes_simple/lifetimes_simple.cpp:13:19: warning: missing terminating ' character
       13 | template<typename 'a>
          |                   ^
    /home/sonygod/projects/nu/temp_examples_cpp/lifetimes_simple/lifetimes_simple.cpp:13:19: error: missing terminating ' character
       13 | template<typename 'a>
          |                   ^~~
    /home/sonygod/projects/nu/temp_examples_cpp/lifetimes_simple/lifetimes_simple.cpp:14:14: warning: multi-character literal with 21 characters exceeds 'int' size of 4 bytes
       14 | static const 'a str& longest(const 'a str& x, const 'a str& y) {
          |              ^~~~~~~~~~~~~~~~~~~~~~~~
    /home/sonygod/projects/nu/temp_examples_cpp/lifetimes_simple/lifetimes_simple.cpp:14:53: warning: missing terminating ' character
       14 | static const 'a str& longest(const 'a str& x, const 'a str& y) {
          |                                                     ^
    /home/sonygod/projects/nu/temp_examples_cpp/lifetimes_simple/lifetimes_simple.cpp:14:53: error: missing terminating ' character
       14 | static const 'a str& longest(const 'a str& x, const 'a str& y) {
          |                                                     ^~~~~~~~~~~~
    /home/sonygod/projects/nu/temp_examples_cpp/lifetimes_simple/lifetimes_simple.cpp:18:19: warning: missing terminating ' character
       18 | template<typename 'a>
          |                   ^
    /home/sonygod/projects/nu/temp_examples_cpp/lifetimes_simple/lifetimes_simple.cpp:18:19: error: missing terminating ' character
       18 | template<typename 'a>
          |                   ^~~
    /home/sonygod/projects/nu/temp_examples_cpp/lifetimes_simple/lifetimes_simple.cpp:20:11: warning: missing terminating ' character
       20 |     const 'a str& part;
          |           ^
    /home/sonygod/projects/nu/temp_examples_cpp/lifetimes_simple/lifetimes_simple.cpp:20:11: error: missing terminating ' character
       20 |     const 'a str& part;
          |           ^~~~~~~~~~~~~
    /home/sonygod/projects/nu/temp_examples_cpp/lifetimes_simple/lifetimes_simple.cpp:23:26: warning: multi-character literal with 13 characters exceeds 'int' size of 4 bytes
       23 | static ImportantExcerpt <'a> new(const 'a str& text) {
          |                          ^~~~~~~~~~~~~~~~

[0;34m[18] å¤„ç†æ–‡ä»¶: [0;32mlifetimes_test.nu[0m
----------------------------------------
  [1;33m[1/4][0m Nu -> C++ è½¬æ¢ (AST mode)...
  [0;32mâœ“[0m Nu -> C++ æˆåŠŸ
  [1;33m[2/4][0m åˆ›å»ºç‹¬ç«‹æ„å»ºç›®å½•...
  [0;32mâœ“[0m æ„å»ºç›®å½•å’ŒCMakeLists.txtåˆ›å»ºæˆåŠŸ
  [1;33m[3/4][0m CMake é…ç½®...
  [0;32mâœ“[0m CMake é…ç½®æˆåŠŸ
  [1;33m[4/4][0m ç¼–è¯‘éªŒè¯...
[ 50%] Building CXX object CMakeFiles/lifetimes_test.dir/lifetimes_test.cpp.o
  [0;31mâœ—[0m ç¼–è¯‘å¤±è´¥
  [0;31mç¼–è¯‘é”™è¯¯ä¿¡æ¯:[0m
    /home/sonygod/projects/nu/temp_examples_cpp/lifetimes_test/lifetimes_test.cpp:13:19: warning: missing terminating ' character
       13 | template<typename 'a>
          |                   ^
    /home/sonygod/projects/nu/temp_examples_cpp/lifetimes_test/lifetimes_test.cpp:13:19: error: missing terminating ' character
       13 | template<typename 'a>
          |                   ^~~
    /home/sonygod/projects/nu/temp_examples_cpp/lifetimes_test/lifetimes_test.cpp:14:14: warning: multi-character literal with 21 characters exceeds 'int' size of 4 bytes
       14 | static const 'a str& longest(const 'a str& x, const 'a str& y) {
          |              ^~~~~~~~~~~~~~~~~~~~~~~~
    /home/sonygod/projects/nu/temp_examples_cpp/lifetimes_test/lifetimes_test.cpp:14:53: warning: missing terminating ' character
       14 | static const 'a str& longest(const 'a str& x, const 'a str& y) {
          |                                                     ^
    /home/sonygod/projects/nu/temp_examples_cpp/lifetimes_test/lifetimes_test.cpp:14:53: error: missing terminating ' character
       14 | static const 'a str& longest(const 'a str& x, const 'a str& y) {
          |                                                     ^~~~~~~~~~~~
    /home/sonygod/projects/nu/temp_examples_cpp/lifetimes_test/lifetimes_test.cpp:18:19: warning: multi-character literal with 12 characters exceeds 'int' size of 4 bytes
       18 | template<typename 'a, typename 'b>
          |                   ^~~~~~~~~~~~~~~
    /home/sonygod/projects/nu/temp_examples_cpp/lifetimes_test/lifetimes_test.cpp:19:14: warning: multi-character literal with 21 characters exceeds 'int' size of 4 bytes
       19 | static const 'a str& compare(const 'a str& x, const 'b str& y) {
          |              ^~~~~~~~~~~~~~~~~~~~~~~~
    /home/sonygod/projects/nu/temp_examples_cpp/lifetimes_test/lifetimes_test.cpp:19:53: warning: missing terminating ' character
       19 | static const 'a str& compare(const 'a str& x, const 'b str& y) {
          |                                                     ^
    /home/sonygod/projects/nu/temp_examples_cpp/lifetimes_test/lifetimes_test.cpp:19:53: error: missing terminating ' character
       19 | static const 'a str& compare(const 'a str& x, const 'b str& y) {
          |                                                     ^~~~~~~~~~~~
    /home/sonygod/projects/nu/temp_examples_cpp/lifetimes_test/lifetimes_test.cpp:23:19: warning: missing terminating ' character
       23 | template<typename 'a, typename T>
          |                   ^

[0;34m[19] å¤„ç†æ–‡ä»¶: [0;32mmacros.nu[0m
----------------------------------------
  [1;33m[1/4][0m Nu -> C++ è½¬æ¢ (AST mode)...
  [0;32mâœ“[0m Nu -> C++ æˆåŠŸ
  [1;33m[2/4][0m åˆ›å»ºç‹¬ç«‹æ„å»ºç›®å½•...
  [0;32mâœ“[0m æ„å»ºç›®å½•å’ŒCMakeLists.txtåˆ›å»ºæˆåŠŸ
  [1;33m[3/4][0m CMake é…ç½®...
  [0;32mâœ“[0m CMake é…ç½®æˆåŠŸ
  [1;33m[4/4][0m ç¼–è¯‘éªŒè¯...
[ 50%] Building CXX object CMakeFiles/macros.dir/macros.cpp.o
  [0;31mâœ—[0m ç¼–è¯‘å¤±è´¥
  [0;31mç¼–è¯‘é”™è¯¯ä¿¡æ¯:[0m
    /home/sonygod/projects/nu/temp_examples_cpp/macros/macros.cpp:43:158: warning: missing terminating ' character
       43 |     return macro_rules ! create_enum { ($ name : ident { $ ($ variant : ident),* }) => { enum $ name { $ ($ variant,) * } impl $ name { fn name (& self) -> &'static str { match self { $ ($ name ::$ variant => stringify ! ($ variant),) * } } } }; };
          |                                                                                                                                                              ^
    /home/sonygod/projects/nu/temp_examples_cpp/macros/macros.cpp:43:158: error: missing terminating ' character
       43 |     return macro_rules ! create_enum { ($ name : ident { $ ($ variant : ident),* }) => { enum $ name { $ ($ variant,) * } impl $ name { fn name (& self) -> &'static str { match self { $ ($ name ::$ variant => stringify ! ($ variant),) * } } } }; };
          |                                                                                                                                                              ^~~~~~~~~~~~~~~~~~~~~~~~~~~~~~~~~~~~~~~~~~~~~~~~~~~~~~~~~~~~~~~~~~~~~~~~~~~~~~~~~~~~~~~~~~~
    /home/sonygod/projects/nu/temp_examples_cpp/macros/macros.cpp:50:72: error: too many decimal points in number
       50 |     const auto result = time_it ! ("è®¡ç®—", { let mut sum = 0; for i in 1..= 1000 { sum += i; } sum });
          |                                                                        ^~~
    /home/sonygod/projects/nu/temp_examples_cpp/macros/macros.cpp: In function 'int main()':
    /home/sonygod/projects/nu/temp_examples_cpp/macros/macros.cpp:15:20: error: 'vec' was not declared in this scope
       15 |     const auto v = vec ! [1, 2, 3, 4, 5];
          |                    ^~~
    /home/sonygod/projects/nu/temp_examples_cpp/macros/macros.cpp:16:24: error: 'Some' was not declared in this scope
       16 |     const auto value = Some (42);
          |                        ^~~~
    /home/sonygod/projects/nu/temp_examples_cpp/macros/macros.cpp:17:23: error: expected '(' before 'matches'
       17 |     /* TODO: if */ if matches ! (value , Some (x) if x > 40) { println ! ("matches! æˆåŠŸ") ; };
          |                       ^~~~~~~
          |                       (
    /home/sonygod/projects/nu/temp_examples_cpp/macros/macros.cpp:20:12: error: 'macro_rules' was not declared in this scope
       20 |     return macro_rules ! say_hello { () => { std::println ("ä½ å¥½ï¼Œä¸–ç•Œï¼"); }; };
          |            ^~~~~~~~~~~
    /home/sonygod/projects/nu/temp_examples_cpp/macros/macros.cpp:20:23: error: expected ';' before '!' token
       20 |     return macro_rules ! say_hello { () => { std::println ("ä½ å¥½ï¼Œä¸–ç•Œï¼"); }; };
          |                       ^~
          |                       ;
    /home/sonygod/projects/nu/temp_examples_cpp/macros/macros.cpp:20:26: error: 'say_hello' was not declared in this scope
       20 |     return macro_rules ! say_hello { () => { std::println ("ä½ å¥½ï¼Œä¸–ç•Œï¼"); }; };
          |                          ^~~~~~~~~

[0;34m[20] å¤„ç†æ–‡ä»¶: [0;32mmacros_expanded.nu[0m
----------------------------------------
  [1;33m[1/4][0m Nu -> C++ è½¬æ¢ (AST mode)...
  [0;32mâœ“[0m Nu -> C++ æˆåŠŸ
  [1;33m[2/4][0m åˆ›å»ºç‹¬ç«‹æ„å»ºç›®å½•...
  [0;32mâœ“[0m æ„å»ºç›®å½•å’ŒCMakeLists.txtåˆ›å»ºæˆåŠŸ
  [1;33m[3/4][0m CMake é…ç½®...
  [0;32mâœ“[0m CMake é…ç½®æˆåŠŸ
  [1;33m[4/4][0m ç¼–è¯‘éªŒè¯...
[ 50%] Building CXX object CMakeFiles/macros_expanded.dir/macros_expanded.cpp.o
[100%] Linking CXX static library libmacros_expanded.a
[100%] Built target macros_expanded
  [0;32mâœ“[0m ç¼–è¯‘æˆåŠŸ
  [0;32mâœ“[0m åº“æ–‡ä»¶å·²ç”Ÿæˆ
  [0;32mâ”â”â” å…¨éƒ¨é€šè¿‡ â”â”â”[0m

[0;34m[21] å¤„ç†æ–‡ä»¶: [0;32mmacros_test.nu[0m
----------------------------------------
  [1;33m[1/4][0m Nu -> C++ è½¬æ¢ (AST mode)...
  [0;32mâœ“[0m Nu -> C++ æˆåŠŸ
  [1;33m[2/4][0m åˆ›å»ºç‹¬ç«‹æ„å»ºç›®å½•...
  [0;32mâœ“[0m æ„å»ºç›®å½•å’ŒCMakeLists.txtåˆ›å»ºæˆåŠŸ
  [1;33m[3/4][0m CMake é…ç½®...
  [0;32mâœ“[0m CMake é…ç½®æˆåŠŸ
  [1;33m[4/4][0m ç¼–è¯‘éªŒè¯...
[ 50%] Building CXX object CMakeFiles/macros_test.dir/macros_test.cpp.o
  [0;31mâœ—[0m ç¼–è¯‘å¤±è´¥
  [0;31mç¼–è¯‘é”™è¯¯ä¿¡æ¯:[0m
    /home/sonygod/projects/nu/temp_examples_cpp/macros_test/macros_test.cpp: In function 'int main()':
    /home/sonygod/projects/nu/temp_examples_cpp/macros_test/macros_test.cpp:15:20: error: 'vec' was not declared in this scope
       15 |     const auto v = vec ! [1, 2, 3, 4, 5];
          |                    ^~~
    /home/sonygod/projects/nu/temp_examples_cpp/macros_test/macros_test.cpp:16:12: error: 'foo' was not declared in this scope
       16 |     return foo ();;
          |            ^~~
    gmake[2]: *** [CMakeFiles/macros_test.dir/build.make:76: CMakeFiles/macros_test.dir/macros_test.cpp.o] Error 1
    gmake[1]: *** [CMakeFiles/Makefile2:83: CMakeFiles/macros_test.dir/all] Error 2
    gmake: *** [Makefile:91: all] Error 2

[0;34m[22] å¤„ç†æ–‡ä»¶: [0;32mnu_v1_6_3_features.nu[0m
----------------------------------------
  [1;33m[1/4][0m Nu -> C++ è½¬æ¢ (AST mode)...
  [0;32mâœ“[0m Nu -> C++ æˆåŠŸ
  [1;33m[2/4][0m åˆ›å»ºç‹¬ç«‹æ„å»ºç›®å½•...
  [0;32mâœ“[0m æ„å»ºç›®å½•å’ŒCMakeLists.txtåˆ›å»ºæˆåŠŸ
  [1;33m[3/4][0m CMake é…ç½®...
  [0;32mâœ“[0m CMake é…ç½®æˆåŠŸ
  [1;33m[4/4][0m ç¼–è¯‘éªŒè¯...
[ 50%] Building CXX object CMakeFiles/nu_v1_6_3_features.dir/nu_v1_6_3_features.cpp.o
  [0;31mâœ—[0m ç¼–è¯‘å¤±è´¥
  [0;31mç¼–è¯‘é”™è¯¯ä¿¡æ¯:[0m
    /home/sonygod/projects/nu/temp_examples_cpp/nu_v1_6_3_features/nu_v1_6_3_features.cpp:17:8: error: redefinition of 'struct TestSync'
       17 | struct TestSync {
          |        ^~~~~~~~
    /home/sonygod/projects/nu/temp_examples_cpp/nu_v1_6_3_features/nu_v1_6_3_features.cpp:13:8: note: previous definition of 'struct TestSync'
       13 | struct TestSync {
          |        ^~~~~~~~
    /home/sonygod/projects/nu/temp_examples_cpp/nu_v1_6_3_features/nu_v1_6_3_features.cpp: In function 'uint32_t increment_counter()':
    /home/sonygod/projects/nu/temp_examples_cpp/nu_v1_6_3_features/nu_v1_6_3_features.cpp:27:12: error: 'unsafe' was not declared in this scope; did you mean 'unshare'?
       27 |     return unsafe { GLOBAL_COUNTER += 1; GLOBAL_COUNTER };
          |            ^~~~~~
          |            unshare
    /home/sonygod/projects/nu/temp_examples_cpp/nu_v1_6_3_features/nu_v1_6_3_features.cpp:27:18: error: expected ';' before '{' token
       27 |     return unsafe { GLOBAL_COUNTER += 1; GLOBAL_COUNTER };
          |                  ^~
          |                  ;
    /home/sonygod/projects/nu/temp_examples_cpp/nu_v1_6_3_features/nu_v1_6_3_features.cpp:27:21: error: 'GLOBAL_COUNTER' was not declared in this scope
       27 |     return unsafe { GLOBAL_COUNTER += 1; GLOBAL_COUNTER };
          |                     ^~~~~~~~~~~~~~
    /home/sonygod/projects/nu/temp_examples_cpp/nu_v1_6_3_features/nu_v1_6_3_features.cpp:27:56: error: expected ';' before '}' token
       27 |     return unsafe { GLOBAL_COUNTER += 1; GLOBAL_COUNTER };
          |                                                        ^~
          |                                                        ;
    /home/sonygod/projects/nu/temp_examples_cpp/nu_v1_6_3_features/nu_v1_6_3_features.cpp: In function 'size_t get_max_size()':
    /home/sonygod/projects/nu/temp_examples_cpp/nu_v1_6_3_features/nu_v1_6_3_features.cpp:31:12: error: 'MAX_SIZE' was not declared in this scope
       31 |     return MAX_SIZE;
          |            ^~~~~~~~
    /home/sonygod/projects/nu/temp_examples_cpp/nu_v1_6_3_features/nu_v1_6_3_features.cpp: At global scope:
    /home/sonygod/projects/nu/temp_examples_cpp/nu_v1_6_3_features/nu_v1_6_3_features.cpp:34:19: error: expected unqualified-id before '{' token
       34 | namespace tests { {
          |                   ^

[0;34m[23] å¤„ç†æ–‡ä»¶: [0;32mnu_v1_6_3_features_restored.nu[0m
----------------------------------------
  [1;33m[1/4][0m Nu -> C++ è½¬æ¢ (AST mode)...
  [0;32mâœ“[0m Nu -> C++ æˆåŠŸ
  [1;33m[2/4][0m åˆ›å»ºç‹¬ç«‹æ„å»ºç›®å½•...
  [0;32mâœ“[0m æ„å»ºç›®å½•å’ŒCMakeLists.txtåˆ›å»ºæˆåŠŸ
  [1;33m[3/4][0m CMake é…ç½®...
  [0;32mâœ“[0m CMake é…ç½®æˆåŠŸ
  [1;33m[4/4][0m ç¼–è¯‘éªŒè¯...
[ 50%] Building CXX object CMakeFiles/nu_v1_6_3_features_restored.dir/nu_v1_6_3_features_restored.cpp.o
  [0;31mâœ—[0m ç¼–è¯‘å¤±è´¥
  [0;31mç¼–è¯‘é”™è¯¯ä¿¡æ¯:[0m
    /home/sonygod/projects/nu/temp_examples_cpp/nu_v1_6_3_features_restored/nu_v1_6_3_features_restored.cpp:17:8: error: 'Self' does not name a type
       17 | static Self new(int32_t value) {
          |        ^~~~
    /home/sonygod/projects/nu/temp_examples_cpp/nu_v1_6_3_features_restored/nu_v1_6_3_features_restored.cpp: In function 'int32_t get_value()':
    /home/sonygod/projects/nu/temp_examples_cpp/nu_v1_6_3_features_restored/nu_v1_6_3_features_restored.cpp:22:12: error: invalid use of 'this' in non-member function
       22 |     return this-> value;
          |            ^~~~
    /home/sonygod/projects/nu/temp_examples_cpp/nu_v1_6_3_features_restored/nu_v1_6_3_features_restored.cpp: In function 'uint32_t increment_counter()':
    /home/sonygod/projects/nu/temp_examples_cpp/nu_v1_6_3_features_restored/nu_v1_6_3_features_restored.cpp:26:12: error: 'U' was not declared in this scope
       26 |     return U { GLOBAL_COUNTER += 1; GLOBAL_COUNTER };
          |            ^
    /home/sonygod/projects/nu/temp_examples_cpp/nu_v1_6_3_features_restored/nu_v1_6_3_features_restored.cpp:26:13: error: expected ';' before '{' token
       26 |     return U { GLOBAL_COUNTER += 1; GLOBAL_COUNTER };
          |             ^~
          |             ;
    /home/sonygod/projects/nu/temp_examples_cpp/nu_v1_6_3_features_restored/nu_v1_6_3_features_restored.cpp:26:16: error: 'GLOBAL_COUNTER' was not declared in this scope
       26 |     return U { GLOBAL_COUNTER += 1; GLOBAL_COUNTER };
          |                ^~~~~~~~~~~~~~
    /home/sonygod/projects/nu/temp_examples_cpp/nu_v1_6_3_features_restored/nu_v1_6_3_features_restored.cpp:26:51: error: expected ';' before '}' token
       26 |     return U { GLOBAL_COUNTER += 1; GLOBAL_COUNTER };
          |                                                   ^~
          |                                                   ;
    /home/sonygod/projects/nu/temp_examples_cpp/nu_v1_6_3_features_restored/nu_v1_6_3_features_restored.cpp: In function 'size_t get_max_size()':
    /home/sonygod/projects/nu/temp_examples_cpp/nu_v1_6_3_features_restored/nu_v1_6_3_features_restored.cpp:30:12: error: 'MAX_SIZE' was not declared in this scope
       30 |     return MAX_SIZE;
          |            ^~~~~~~~
    /home/sonygod/projects/nu/temp_examples_cpp/nu_v1_6_3_features_restored/nu_v1_6_3_features_restored.cpp: At global scope:
    /home/sonygod/projects/nu/temp_examples_cpp/nu_v1_6_3_features_restored/nu_v1_6_3_features_restored.cpp:33:19: error: expected unqualified-id before '{' token
       33 | namespace tests { {
          |                   ^

[0;34m[24] å¤„ç†æ–‡ä»¶: [0;32mownership.nu[0m
----------------------------------------
  [1;33m[1/4][0m Nu -> C++ è½¬æ¢ (AST mode)...
  [0;32mâœ“[0m Nu -> C++ æˆåŠŸ
  [1;33m[2/4][0m åˆ›å»ºç‹¬ç«‹æ„å»ºç›®å½•...
  [0;32mâœ“[0m æ„å»ºç›®å½•å’ŒCMakeLists.txtåˆ›å»ºæˆåŠŸ
  [1;33m[3/4][0m CMake é…ç½®...
  [0;32mâœ“[0m CMake é…ç½®æˆåŠŸ
  [1;33m[4/4][0m ç¼–è¯‘éªŒè¯...
[ 50%] Building CXX object CMakeFiles/ownership.dir/ownership.cpp.o
  [0;31mâœ—[0m ç¼–è¯‘å¤±è´¥
  [0;31mç¼–è¯‘é”™è¯¯ä¿¡æ¯:[0m
    /home/sonygod/projects/nu/temp_examples_cpp/ownership/ownership.cpp:53:90: error: too many decimal points in number
       53 |     return for (i, & item) in bytes.iter ().enumerate () { if item == b' ' { return & s [0..i]; } };
          |                                                                                          ^~~~
    /home/sonygod/projects/nu/temp_examples_cpp/ownership/ownership.cpp: In function 'size_t borrow_string(const std::string&)':
    /home/sonygod/projects/nu/temp_examples_cpp/ownership/ownership.cpp:18:14: error: 'const std::string' {aka 'const class std::__cxx11::basic_string<char>'} has no member named 'len'
       18 |     return s.len();
          |              ^~~
    /home/sonygod/projects/nu/temp_examples_cpp/ownership/ownership.cpp: At global scope:
    /home/sonygod/projects/nu/temp_examples_cpp/ownership/ownership.cpp:21:27: error: ISO C++ forbids declaration of 'parameter' with no type [-fpermissive]
       21 | static void modify_string(const ! Str& s) {
          |                           ^~~~~
    /home/sonygod/projects/nu/temp_examples_cpp/ownership/ownership.cpp:21:33: error: expected ',' or '...' before '!' token
       21 | static void modify_string(const ! Str& s) {
          |                                 ^
    /home/sonygod/projects/nu/temp_examples_cpp/ownership/ownership.cpp: In function 'void modify_string(int)':
    /home/sonygod/projects/nu/temp_examples_cpp/ownership/ownership.cpp:22:12: error: 's' was not declared in this scope
       22 |     return s.push_str(" - modified");;
          |            ^
    /home/sonygod/projects/nu/temp_examples_cpp/ownership/ownership.cpp: At global scope:
    /home/sonygod/projects/nu/temp_examples_cpp/ownership/ownership.cpp:25:12: error: expected ')' before ',' token
       25 | static (Str , Str) clone_example(Str) -> (Str s) {
          |        ~   ^~
          |            )
    /home/sonygod/projects/nu/temp_examples_cpp/ownership/ownership.cpp:25:18: error: expected initializer before ')' token
       25 | static (Str , Str) clone_example(Str) -> (Str s) {
          |                  ^
    /home/sonygod/projects/nu/temp_examples_cpp/ownership/ownership.cpp:36:8: error: redefinition of 'struct Book'
       36 | struct Book {
          |        ^~~~
    /home/sonygod/projects/nu/temp_examples_cpp/ownership/ownership.cpp:30:8: note: previous definition of 'struct Book'

[0;34m[25] å¤„ç†æ–‡ä»¶: [0;32mpart3.nu[0m
----------------------------------------
  [1;33m[1/4][0m Nu -> C++ è½¬æ¢ (AST mode)...
  [0;32mâœ“[0m Nu -> C++ æˆåŠŸ
  [1;33m[2/4][0m åˆ›å»ºç‹¬ç«‹æ„å»ºç›®å½•...
  [0;32mâœ“[0m æ„å»ºç›®å½•å’ŒCMakeLists.txtåˆ›å»ºæˆåŠŸ
  [1;33m[3/4][0m CMake é…ç½®...
  [0;32mâœ“[0m CMake é…ç½®æˆåŠŸ
  [1;33m[4/4][0m ç¼–è¯‘éªŒè¯...
[ 50%] Building CXX object CMakeFiles/part3.dir/part3.cpp.o
  [0;31mâœ—[0m ç¼–è¯‘å¤±è´¥
  [0;31mç¼–è¯‘é”™è¯¯ä¿¡æ¯:[0m
    /home/sonygod/projects/nu/temp_examples_cpp/part3/part3.cpp:43:51: warning: character not encodable in a single execution character code unit
       43 |     const auto chars = vec ! ['a', 'b', 'c', 'd', 'ä¸­', 'æ–‡', 'ğŸ¦€'];
          |                                                   ^~~~
    /home/sonygod/projects/nu/temp_examples_cpp/part3/part3.cpp:43:57: warning: character not encodable in a single execution character code unit
       43 |     const auto chars = vec ! ['a', 'b', 'c', 'd', 'ä¸­', 'æ–‡', 'ğŸ¦€'];
          |                                                         ^~~~
    /home/sonygod/projects/nu/temp_examples_cpp/part3/part3.cpp:43:63: warning: character not encodable in a single execution character code unit
       43 |     const auto chars = vec ! ['a', 'b', 'c', 'd', 'ä¸­', 'æ–‡', 'ğŸ¦€'];
          |                                                               ^~~~
    /home/sonygod/projects/nu/temp_examples_cpp/part3/part3.cpp:74:39: error: too many decimal points in number
       74 |     const auto slice = & vec_methods [1..4];
          |                                       ^~~~
    /home/sonygod/projects/nu/temp_examples_cpp/part3/part3.cpp:87:12: error: stray '#' in program
       87 |     return #D (Debug);
          |            ^
    /home/sonygod/projects/nu/temp_examples_cpp/part3/part3.cpp:95:38: error: too many decimal points in number
       95 |     const Vec <int32_t> large_vec = (0..100).collect();
          |                                      ^~~~~~
    /home/sonygod/projects/nu/temp_examples_cpp/part3/part3.cpp:125:37: error: too many decimal points in number
      125 |     const Vec <int32_t> iter_vec = (1..= 5).map(|x| x * x).collect();
          |                                     ^~~
    /home/sonygod/projects/nu/temp_examples_cpp/part3/part3.cpp:136:101: error: too many decimal points in number
      136 |     const auto cond_vec = vec ! [if x > 5 { x } else { 0 }, if y < 30 { y } else { 100 }, match x { 0..= 10 => 1, 11..= 20 => 2, _ => 3, },];
          |                                                                                                     ^~~
    /home/sonygod/projects/nu/temp_examples_cpp/part3/part3.cpp:136:115: error: too many decimal points in number
      136 |     const auto cond_vec = vec ! [if x > 5 { x } else { 0 }, if y < 30 { y } else { 100 }, match x { 0..= 10 => 1, 11..= 20 => 2, _ => 3, },];
          |                                                                                                                   ^~~~
    /home/sonygod/projects/nu/temp_examples_cpp/part3/part3.cpp:180:51: error: too many decimal points in number
      180 |     const Vec <int32_t> drained = drain_vec.drain(2..5).collect();
          |                                                   ^~~~

[0;34m[26] å¤„ç†æ–‡ä»¶: [0;32mpatterns.nu[0m
----------------------------------------
  [1;33m[1/4][0m Nu -> C++ è½¬æ¢ (AST mode)...
  [0;32mâœ“[0m Nu -> C++ æˆåŠŸ
  [1;33m[2/4][0m åˆ›å»ºç‹¬ç«‹æ„å»ºç›®å½•...
  [0;32mâœ“[0m æ„å»ºç›®å½•å’ŒCMakeLists.txtåˆ›å»ºæˆåŠŸ
  [1;33m[3/4][0m CMake é…ç½®...
  [0;32mâœ“[0m CMake é…ç½®æˆåŠŸ
  [1;33m[4/4][0m ç¼–è¯‘éªŒè¯...
[ 50%] Building CXX object CMakeFiles/patterns.dir/patterns.cpp.o
  [0;31mâœ—[0m ç¼–è¯‘å¤±è´¥
  [0;31mç¼–è¯‘é”™è¯¯ä¿¡æ¯:[0m
    /home/sonygod/projects/nu/temp_examples_cpp/patterns/patterns.cpp:16:40: error: too many decimal points in number
       16 |     const auto result = match number { 1..= 5 => "å°", 6..= 10 => "ä¸­", _ => "å¤§", };
          |                                        ^~~
    /home/sonygod/projects/nu/temp_examples_cpp/patterns/patterns.cpp:16:56: error: too many decimal points in number
       16 |     const auto result = match number { 1..= 5 => "å°", 6..= 10 => "ä¸­", _ => "å¤§", };
          |                                                        ^~~
    /home/sonygod/projects/nu/temp_examples_cpp/patterns/patterns.cpp:17:12: error: stray '#' in program
       17 |     return #D (Debug);
          |            ^
    /home/sonygod/projects/nu/temp_examples_cpp/patterns/patterns.cpp:44:39: error: stray '@' in program
       44 |     /* TODO: match */ match point { p @ Point { x : 10 , y : 20 } => println ! ("ç‰¹å®šç‚¹: {:?}" , (p . x , p . y)) , Point { x , y } => println ! ("å…¶ä»–ç‚¹: ({}, {})" , x , y) , };
          |                                       ^
    /home/sonygod/projects/nu/temp_examples_cpp/patterns/patterns.cpp:115:67: error: stray '@' in program
      115 |     /* TODO: match */ match msg { Msg :: Hello { id : id_variable @ 3 ..= 7 } => { println ! ("æ‰¾åˆ° id åœ¨èŒƒå›´å†…: {}" , id_variable) ; } Msg :: Hello { id : 10 ..= 12 } => { println ! ("æ‰¾åˆ° id åœ¨å¦ä¸€ä¸ªèŒƒå›´å†…") ; } Msg :: Hello { id } => { println ! ("æ‰¾åˆ°å…¶ä»– id: {}" , id) ; } };
          |                                                                   ^
    /home/sonygod/projects/nu/temp_examples_cpp/patterns/patterns.cpp:120:12: error: stray '#' in program
      120 |     return #D (Debug);
          |            ^
    /home/sonygod/projects/nu/temp_examples_cpp/patterns/patterns.cpp: In function 'int main()':
    /home/sonygod/projects/nu/temp_examples_cpp/patterns/patterns.cpp:15:23: error: 'match' was not declared in this scope; did you mean 'rpmatch'?
       15 |     /* TODO: match */ match number { 1 => println ! ("ä¸€") , 2 => println ! ("äºŒ") , 3 | 4 | 5 => println ! ("ä¸‰åˆ°äº”") , 6 ..= 10 => println ! ("å…­åˆ°å") , _ => println ! ("å…¶ä»–") , };
          |                       ^~~~~
          |                       rpmatch
    /home/sonygod/projects/nu/temp_examples_cpp/patterns/patterns.cpp:16:31: error: expected ',' or ';' before 'number'
       16 |     const auto result = match number { 1..= 5 => "å°", 6..= 10 => "ä¸­", _ => "å¤§", };
          |                               ^~~~~~
    /home/sonygod/projects/nu/temp_examples_cpp/patterns/patterns.cpp:17:16: error: 'Debug' was not declared in this scope
       17 |     return #D (Debug);
          |                ^~~~~
    /home/sonygod/projects/nu/temp_examples_cpp/patterns/patterns.cpp:17:13: error: 'D' was not declared in this scope

[0;34m[27] å¤„ç†æ–‡ä»¶: [0;32mrust_math.nu[0m
----------------------------------------
  [1;33m[1/4][0m Nu -> C++ è½¬æ¢ (AST mode)...
  [0;32mâœ“[0m Nu -> C++ æˆåŠŸ
  [1;33m[2/4][0m åˆ›å»ºç‹¬ç«‹æ„å»ºç›®å½•...
  [0;32mâœ“[0m æ„å»ºç›®å½•å’ŒCMakeLists.txtåˆ›å»ºæˆåŠŸ
  [1;33m[3/4][0m CMake é…ç½®...
  [0;32mâœ“[0m CMake é…ç½®æˆåŠŸ
  [1;33m[4/4][0m ç¼–è¯‘éªŒè¯...
[ 50%] Building CXX object CMakeFiles/rust_math.dir/rust_math.cpp.o
  [0;31mâœ—[0m ç¼–è¯‘å¤±è´¥
  [0;31mç¼–è¯‘é”™è¯¯ä¿¡æ¯:[0m
    /home/sonygod/projects/nu/temp_examples_cpp/rust_math/rust_math.cpp:156:28: error: too many decimal points in number
      156 |     const auto len_v1 = (v1.0.powi (2) + v1.1.powi (2)).sqrt();
          |                            ^~~~~~~
    /home/sonygod/projects/nu/temp_examples_cpp/rust_math/rust_math.cpp:156:44: error: too many decimal points in number
      156 |     const auto len_v1 = (v1.0.powi (2) + v1.1.powi (2)).sqrt();
          |                                            ^~~~~~~
    /home/sonygod/projects/nu/temp_examples_cpp/rust_math/rust_math.cpp: In function 'int main()':
    /home/sonygod/projects/nu/temp_examples_cpp/rust_math/rust_math.cpp:14:12: error: 'basic_constants' was not declared in this scope
       14 |     return basic_constants ();;
          |            ^~~~~~~~~~~~~~~
    /home/sonygod/projects/nu/temp_examples_cpp/rust_math/rust_math.cpp:15:12: error: 'basic_arithmetic' was not declared in this scope
       15 |     return basic_arithmetic ();;
          |            ^~~~~~~~~~~~~~~~
    /home/sonygod/projects/nu/temp_examples_cpp/rust_math/rust_math.cpp:16:12: error: 'power_and_root' was not declared in this scope
       16 |     return power_and_root ();;
          |            ^~~~~~~~~~~~~~
    /home/sonygod/projects/nu/temp_examples_cpp/rust_math/rust_math.cpp:17:12: error: 'trigonometric_functions' was not declared in this scope
       17 |     return trigonometric_functions ();;
          |            ^~~~~~~~~~~~~~~~~~~~~~~
    /home/sonygod/projects/nu/temp_examples_cpp/rust_math/rust_math.cpp:18:12: error: 'inverse_trig_functions' was not declared in this scope
       18 |     return inverse_trig_functions ();;
          |            ^~~~~~~~~~~~~~~~~~~~~~
    /home/sonygod/projects/nu/temp_examples_cpp/rust_math/rust_math.cpp:19:12: error: 'hyperbolic_functions' was not declared in this scope
       19 |     return hyperbolic_functions ();;
          |            ^~~~~~~~~~~~~~~~~~~~
    /home/sonygod/projects/nu/temp_examples_cpp/rust_math/rust_math.cpp:20:12: error: 'exponential_and_logarithm' was not declared in this scope
       20 |     return exponential_and_logarithm ();;
          |            ^~~~~~~~~~~~~~~~~~~~~~~~~
    /home/sonygod/projects/nu/temp_examples_cpp/rust_math/rust_math.cpp:21:12: error: 'rounding_functions' was not declared in this scope
       21 |     return rounding_functions ();;

[0;34m[28] å¤„ç†æ–‡ä»¶: [0;32mrust_string.nu[0m
----------------------------------------
  [1;33m[1/4][0m Nu -> C++ è½¬æ¢ (AST mode)...
  [0;32mâœ“[0m Nu -> C++ æˆåŠŸ
  [1;33m[2/4][0m åˆ›å»ºç‹¬ç«‹æ„å»ºç›®å½•...
  [0;32mâœ“[0m æ„å»ºç›®å½•å’ŒCMakeLists.txtåˆ›å»ºæˆåŠŸ
  [1;33m[3/4][0m CMake é…ç½®...
  [0;32mâœ“[0m CMake é…ç½®æˆåŠŸ
  [1;33m[4/4][0m ç¼–è¯‘éªŒè¯...
[ 50%] Building CXX object CMakeFiles/rust_string.dir/rust_string.cpp.o
  [0;31mâœ—[0m ç¼–è¯‘å¤±è´¥
  [0;31mç¼–è¯‘é”™è¯¯ä¿¡æ¯:[0m
    /home/sonygod/projects/nu/temp_examples_cpp/rust_string/rust_string.cpp:22:17: warning: missing terminating ' character
       22 |     const const 'static str& s9 = "ç¼–è¯‘æ—¶å­—ç¬¦ä¸²";
          |                 ^
    /home/sonygod/projects/nu/temp_examples_cpp/rust_string/rust_string.cpp:22:17: error: missing terminating ' character
       22 |     const const 'static str& s9 = "ç¼–è¯‘æ—¶å­—ç¬¦ä¸²";
          |                 ^~~~~~~~~~~~~~~~~~~~~~~~~~~~~~~~~
    /home/sonygod/projects/nu/temp_examples_cpp/rust_string/rust_string.cpp:55:30: error: too many decimal points in number
       55 |     const auto slice1 = & s [0..5];
          |                              ^~~~
    /home/sonygod/projects/nu/temp_examples_cpp/rust_string/rust_string.cpp:56:30: error: too many decimal points in number
       56 |     const auto slice2 = & s [7..];
          |                              ^~~
    /home/sonygod/projects/nu/temp_examples_cpp/rust_string/rust_string.cpp:146:41: error: too many decimal points in number
      146 |     const std::string drained = s.drain(7..11).collect();
          |                                         ^~~~~
    /home/sonygod/projects/nu/temp_examples_cpp/rust_string/rust_string.cpp:150:29: error: too many decimal points in number
      150 |     return s3.replace_range(7..12, "Rust");;
          |                             ^~~~~
    /home/sonygod/projects/nu/temp_examples_cpp/rust_string/rust_string.cpp:152:29: error: too many decimal points in number
      152 |     return s4.replace_range(5..7, "");;
          |                             ^~~~
    /home/sonygod/projects/nu/temp_examples_cpp/rust_string/rust_string.cpp:168:24: error: stray '#' in program
      168 |     const auto raw2 = r#"She said "Hello""#;
          |                        ^
    /home/sonygod/projects/nu/temp_examples_cpp/rust_string/rust_string.cpp:168:43: error: stray '#' in program
      168 |     const auto raw2 = r#"She said "Hello""#;
          |                                           ^
    /home/sonygod/projects/nu/temp_examples_cpp/rust_string/rust_string.cpp:184:21: error: too many decimal points in number
      184 |     return for i in 0..10 { s.push_str (& std::format ("item{} ", i)); };
          |                     ^~~~~

[0;34m[29] å¤„ç†æ–‡ä»¶: [0;32msmart-pointer-deref-test.nu[0m
----------------------------------------
  [1;33m[1/4][0m Nu -> C++ è½¬æ¢ (AST mode)...
  [0;32mâœ“[0m Nu -> C++ æˆåŠŸ
  [1;33m[2/4][0m åˆ›å»ºç‹¬ç«‹æ„å»ºç›®å½•...
  [0;32mâœ“[0m æ„å»ºç›®å½•å’ŒCMakeLists.txtåˆ›å»ºæˆåŠŸ
  [1;33m[3/4][0m CMake é…ç½®...
  [0;32mâœ“[0m CMake é…ç½®æˆåŠŸ
  [1;33m[4/4][0m ç¼–è¯‘éªŒè¯...
[ 50%] Building CXX object CMakeFiles/smart-pointer-deref-test.dir/smart-pointer-deref-test.cpp.o
  [0;31mâœ—[0m ç¼–è¯‘å¤±è´¥
  [0;31mç¼–è¯‘é”™è¯¯ä¿¡æ¯:[0m
    /home/sonygod/projects/nu/temp_examples_cpp/smart-pointer-deref-test/smart-pointer-deref-test.cpp: In function 'int main()':
    /home/sonygod/projects/nu/temp_examples_cpp/smart-pointer-deref-test/smart-pointer-deref-test.cpp:14:24: error: 'B' has not been declared
       14 |     const auto boxed = B :: new (42);
          |                        ^
    /home/sonygod/projects/nu/temp_examples_cpp/smart-pointer-deref-test/smart-pointer-deref-test.cpp:14:29: error: expected unqualified-id before 'new'
       14 |     const auto boxed = B :: new (42);
          |                             ^~~
    /home/sonygod/projects/nu/temp_examples_cpp/smart-pointer-deref-test/smart-pointer-deref-test.cpp:16:21: error: 'Rc' has not been declared
       16 |     const auto rc = Rc :: new (100);
          |                     ^~
    /home/sonygod/projects/nu/temp_examples_cpp/smart-pointer-deref-test/smart-pointer-deref-test.cpp:16:27: error: expected unqualified-id before 'new'
       16 |     const auto rc = Rc :: new (100);
          |                           ^~~
    /home/sonygod/projects/nu/temp_examples_cpp/smart-pointer-deref-test/smart-pointer-deref-test.cpp:20:16: warning: unused variable 'deref_value' [-Wunused-variable]
       20 |     const auto deref_value = * ref_x;
          |                ^~~~~~~~~~~
    gmake[2]: *** [CMakeFiles/smart-pointer-deref-test.dir/build.make:76: CMakeFiles/smart-pointer-deref-test.dir/smart-pointer-deref-test.cpp.o] Error 1
    gmake[1]: *** [CMakeFiles/Makefile2:83: CMakeFiles/smart-pointer-deref-test.dir/all] Error 2
    gmake: *** [Makefile:91: all] Error 2

[0;34m[30] å¤„ç†æ–‡ä»¶: [0;32msmart-pointers-simple.nu[0m
----------------------------------------
  [1;33m[1/4][0m Nu -> C++ è½¬æ¢ (AST mode)...
  [0;32mâœ“[0m Nu -> C++ æˆåŠŸ
  [1;33m[2/4][0m åˆ›å»ºç‹¬ç«‹æ„å»ºç›®å½•...
  [0;32mâœ“[0m æ„å»ºç›®å½•å’ŒCMakeLists.txtåˆ›å»ºæˆåŠŸ
  [1;33m[3/4][0m CMake é…ç½®...
  [0;32mâœ“[0m CMake é…ç½®æˆåŠŸ
  [1;33m[4/4][0m ç¼–è¯‘éªŒè¯...
[ 50%] Building CXX object CMakeFiles/smart-pointers-simple.dir/smart-pointers-simple.cpp.o
  [0;31mâœ—[0m ç¼–è¯‘å¤±è´¥
  [0;31mç¼–è¯‘é”™è¯¯ä¿¡æ¯:[0m
    /home/sonygod/projects/nu/temp_examples_cpp/smart-pointers-simple/smart-pointers-simple.cpp: In function 'int main()':
    /home/sonygod/projects/nu/temp_examples_cpp/smart-pointers-simple/smart-pointers-simple.cpp:14:24: error: 'B' has not been declared
       14 |     const auto boxed = B :: new (42);
          |                        ^
    /home/sonygod/projects/nu/temp_examples_cpp/smart-pointers-simple/smart-pointers-simple.cpp:14:29: error: expected unqualified-id before 'new'
       14 |     const auto boxed = B :: new (42);
          |                             ^~~
    /home/sonygod/projects/nu/temp_examples_cpp/smart-pointers-simple/smart-pointers-simple.cpp:16:23: error: 'Cell' has not been declared
       16 |     const auto cell = Cell :: new (10);
          |                       ^~~~
    /home/sonygod/projects/nu/temp_examples_cpp/smart-pointers-simple/smart-pointers-simple.cpp:16:31: error: expected unqualified-id before 'new'
       16 |     const auto cell = Cell :: new (10);
          |                               ^~~
    /home/sonygod/projects/nu/temp_examples_cpp/smart-pointers-simple/smart-pointers-simple.cpp:18:26: error: 'RefCell' has not been declared
       18 |     const auto refcell = RefCell :: new (vec ! [1, 2, 3]);
          |                          ^~~~~~~
    /home/sonygod/projects/nu/temp_examples_cpp/smart-pointers-simple/smart-pointers-simple.cpp:18:37: error: expected unqualified-id before 'new'
       18 |     const auto refcell = RefCell :: new (vec ! [1, 2, 3]);
          |                                     ^~~
    /home/sonygod/projects/nu/temp_examples_cpp/smart-pointers-simple/smart-pointers-simple.cpp:19:14: error: 'let' was not declared in this scope
       19 |     return { let mut borrowed = refcell.borrow_mut (); borrowed.push (4); std::println ("After push: {:?}", * borrowed); };
          |              ^~~
    /home/sonygod/projects/nu/temp_examples_cpp/smart-pointers-simple/smart-pointers-simple.cpp:19:18: error: expected '}' before 'mut'
       19 |     return { let mut borrowed = refcell.borrow_mut (); borrowed.push (4); std::println ("After push: {:?}", * borrowed); };
          |            ~     ^~~
    /home/sonygod/projects/nu/temp_examples_cpp/smart-pointers-simple/smart-pointers-simple.cpp:19:18: error: cannot convert '<brace-enclosed initializer list>' to 'int' in return
    /home/sonygod/projects/nu/temp_examples_cpp/smart-pointers-simple/smart-pointers-simple.cpp:19:17: error: expected ';' before 'mut'
       19 |     return { let mut borrowed = refcell.borrow_mut (); borrowed.push (4); std::println ("After push: {:?}", * borrowed); };
          |                 ^~~~
          |                 ;

[0;34m[31] å¤„ç†æ–‡ä»¶: [0;32msmart-pointers.nu[0m
----------------------------------------
  [1;33m[1/4][0m Nu -> C++ è½¬æ¢ (AST mode)...
  [0;32mâœ“[0m Nu -> C++ æˆåŠŸ
  [1;33m[2/4][0m åˆ›å»ºç‹¬ç«‹æ„å»ºç›®å½•...
  [0;32mâœ“[0m æ„å»ºç›®å½•å’ŒCMakeLists.txtåˆ›å»ºæˆåŠŸ
  [1;33m[3/4][0m CMake é…ç½®...
  [0;32mâœ“[0m CMake é…ç½®æˆåŠŸ
  [1;33m[4/4][0m ç¼–è¯‘éªŒè¯...
[ 50%] Building CXX object CMakeFiles/smart-pointers.dir/smart-pointers.cpp.o
  [0;31mâœ—[0m ç¼–è¯‘å¤±è´¥
  [0;31mç¼–è¯‘é”™è¯¯ä¿¡æ¯:[0m
    /home/sonygod/projects/nu/temp_examples_cpp/smart-pointers/smart-pointers.cpp:20:8: error: 'Self' does not name a type
       20 | static Self new(T value) {
          |        ^~~~
    /home/sonygod/projects/nu/temp_examples_cpp/smart-pointers/smart-pointers.cpp:24:13: error: variable or field 'insert_left' declared void
       24 | static void insert_left(T value) {
          |             ^~~~~~~~~~~
    /home/sonygod/projects/nu/temp_examples_cpp/smart-pointers/smart-pointers.cpp:24:25: error: 'T' was not declared in this scope
       24 | static void insert_left(T value) {
          |                         ^
    /home/sonygod/projects/nu/temp_examples_cpp/smart-pointers/smart-pointers.cpp:28:13: error: variable or field 'insert_right' declared void
       28 | static void insert_right(T value) {
          |             ^~~~~~~~~~~~
    /home/sonygod/projects/nu/temp_examples_cpp/smart-pointers/smart-pointers.cpp:28:26: error: 'T' was not declared in this scope
       28 | static void insert_right(T value) {
          |                          ^
    /home/sonygod/projects/nu/temp_examples_cpp/smart-pointers/smart-pointers.cpp:35:5: error: 'HashMap' does not name a type
       35 |     HashMap <std::string, std::string> metadata;
          |     ^~~~~~~
    /home/sonygod/projects/nu/temp_examples_cpp/smart-pointers/smart-pointers.cpp:38:24: error: 'Self' was not declared in this scope
       38 | static std::unique_ptr<Self> new() {
          |                        ^~~~
    /home/sonygod/projects/nu/temp_examples_cpp/smart-pointers/smart-pointers.cpp:38:28: error: template argument 1 is invalid
       38 | static std::unique_ptr<Self> new() {
          |                            ^
    /home/sonygod/projects/nu/temp_examples_cpp/smart-pointers/smart-pointers.cpp:38:28: error: template argument 2 is invalid
    /home/sonygod/projects/nu/temp_examples_cpp/smart-pointers/smart-pointers.cpp:38:30: error: expected unqualified-id before 'new'
       38 | static std::unique_ptr<Self> new() {
          |                              ^~~
    /home/sonygod/projects/nu/temp_examples_cpp/smart-pointers/smart-pointers.cpp:44:19: error: 'Rc' was not declared in this scope
       44 |     std::optional<Rc <ListNode>> next;

[0;34m[32] å¤„ç†æ–‡ä»¶: [0;32mstd_collections.nu[0m
----------------------------------------
  [1;33m[1/4][0m Nu -> C++ è½¬æ¢ (AST mode)...
  [0;32mâœ“[0m Nu -> C++ æˆåŠŸ
  [1;33m[2/4][0m åˆ›å»ºç‹¬ç«‹æ„å»ºç›®å½•...
  [0;32mâœ“[0m æ„å»ºç›®å½•å’ŒCMakeLists.txtåˆ›å»ºæˆåŠŸ
  [1;33m[3/4][0m CMake é…ç½®...
  [0;32mâœ“[0m CMake é…ç½®æˆåŠŸ
  [1;33m[4/4][0m ç¼–è¯‘éªŒè¯...
[ 50%] Building CXX object CMakeFiles/std_collections.dir/std_collections.cpp.o
  [0;31mâœ—[0m ç¼–è¯‘å¤±è´¥
  [0;31mç¼–è¯‘é”™è¯¯ä¿¡æ¯:[0m
    /home/sonygod/projects/nu/temp_examples_cpp/std_collections/std_collections.cpp:49:39: error: too many decimal points in number
       49 |     return for (k, v) in btree.range (2..= 4) { std::println ("  {}: {}", k, v); };
          |                                       ^~~
    /home/sonygod/projects/nu/temp_examples_cpp/std_collections/std_collections.cpp:67:40: error: too many decimal points in number
       67 |     return for val in btree_set.range (2..= 5) { std::println ("  {}", val); };
          |                                        ^~~
    /home/sonygod/projects/nu/temp_examples_cpp/std_collections/std_collections.cpp:95:27: error: too many decimal points in number
       95 |     VecDeque <_> deque = (0..5).collect();
          |                           ^~~~
    /home/sonygod/projects/nu/temp_examples_cpp/std_collections/std_collections.cpp:101:21: error: too many decimal points in number
      101 |     return for i in 0..5 { map.insert (i, i * 10); };
          |                     ^~~~
    /home/sonygod/projects/nu/temp_examples_cpp/std_collections/std_collections.cpp:103:28: error: too many decimal points in number
      103 |     LinkedList <_> list = (0..5).collect();
          |                            ^~~~
    /home/sonygod/projects/nu/temp_examples_cpp/std_collections/std_collections.cpp:106:30: error: too many decimal points in number
      106 |     BTreeMap <_, _> btree = (0..10).map(|x| (x, x * 10)).collect();
          |                              ^~~~~
    /home/sonygod/projects/nu/temp_examples_cpp/std_collections/std_collections.cpp: In function 'int main()':
    /home/sonygod/projects/nu/temp_examples_cpp/std_collections/std_collections.cpp:14:16: error: 'V' has not been declared
       14 |     auto vec = V :: new ();
          |                ^
    /home/sonygod/projects/nu/temp_examples_cpp/std_collections/std_collections.cpp:14:21: error: expected unqualified-id before 'new'
       14 |     auto vec = V :: new ();
          |                     ^~~
    /home/sonygod/projects/nu/temp_examples_cpp/std_collections/std_collections.cpp:18:27: error: expected ',' or ';' before '!' token
       18 |     const auto vec2 = vec ! [1, 2, 3, 4, 5];
          |                           ^
    /home/sonygod/projects/nu/temp_examples_cpp/std_collections/std_collections.cpp:19:17: error: 'V' has not been declared
       19 |     auto vec3 = V :: with_capacity (10);

[0;34m[33] å¤„ç†æ–‡ä»¶: [0;32mstd_fs.nu[0m
----------------------------------------
  [1;33m[1/4][0m Nu -> C++ è½¬æ¢ (AST mode)...
  [0;32mâœ“[0m Nu -> C++ æˆåŠŸ
  [1;33m[2/4][0m åˆ›å»ºç‹¬ç«‹æ„å»ºç›®å½•...
  [0;32mâœ“[0m æ„å»ºç›®å½•å’ŒCMakeLists.txtåˆ›å»ºæˆåŠŸ
  [1;33m[3/4][0m CMake é…ç½®...
  [0;32mâœ“[0m CMake é…ç½®æˆåŠŸ
  [1;33m[4/4][0m ç¼–è¯‘éªŒè¯...
[ 50%] Building CXX object CMakeFiles/std_fs.dir/std_fs.cpp.o
  [0;31mâœ—[0m ç¼–è¯‘å¤±è´¥
  [0;31mç¼–è¯‘é”™è¯¯ä¿¡æ¯:[0m
    /home/sonygod/projects/nu/temp_examples_cpp/std_fs/std_fs.cpp:13:5: error: cannot declare '::main' to be a global variable
       13 | int main(: R< ( ) -> io) {
          |     ^~~~
    /home/sonygod/projects/nu/temp_examples_cpp/std_fs/std_fs.cpp:13:10: error: expected primary-expression before ':' token
       13 | int main(: R< ( ) -> io) {
          |          ^
    gmake[2]: *** [CMakeFiles/std_fs.dir/build.make:76: CMakeFiles/std_fs.dir/std_fs.cpp.o] Error 1
    gmake[1]: *** [CMakeFiles/Makefile2:83: CMakeFiles/std_fs.dir/all] Error 2
    gmake: *** [Makefile:91: all] Error 2

[0;34m[34] å¤„ç†æ–‡ä»¶: [0;32mstd_io.nu[0m
----------------------------------------
  [1;33m[1/4][0m Nu -> C++ è½¬æ¢ (AST mode)...
  [0;32mâœ“[0m Nu -> C++ æˆåŠŸ
  [1;33m[2/4][0m åˆ›å»ºç‹¬ç«‹æ„å»ºç›®å½•...
  [0;32mâœ“[0m æ„å»ºç›®å½•å’ŒCMakeLists.txtåˆ›å»ºæˆåŠŸ
  [1;33m[3/4][0m CMake é…ç½®...
  [0;32mâœ“[0m CMake é…ç½®æˆåŠŸ
  [1;33m[4/4][0m ç¼–è¯‘éªŒè¯...
[ 50%] Building CXX object CMakeFiles/std_io.dir/std_io.cpp.o
  [0;31mâœ—[0m ç¼–è¯‘å¤±è´¥
  [0;31mç¼–è¯‘é”™è¯¯ä¿¡æ¯:[0m
    /home/sonygod/projects/nu/temp_examples_cpp/std_io/std_io.cpp:13:5: error: cannot declare '::main' to be a global variable
       13 | int main(: R< ( ) -> io) {
          |     ^~~~
    /home/sonygod/projects/nu/temp_examples_cpp/std_io/std_io.cpp:13:10: error: expected primary-expression before ':' token
       13 | int main(: R< ( ) -> io) {
          |          ^
    gmake[2]: *** [CMakeFiles/std_io.dir/build.make:76: CMakeFiles/std_io.dir/std_io.cpp.o] Error 1
    gmake[1]: *** [CMakeFiles/Makefile2:83: CMakeFiles/std_io.dir/all] Error 2
    gmake: *** [Makefile:91: all] Error 2

[0;34m[35] å¤„ç†æ–‡ä»¶: [0;32mstd_path.nu[0m
----------------------------------------
  [1;33m[1/4][0m Nu -> C++ è½¬æ¢ (AST mode)...
  [0;32mâœ“[0m Nu -> C++ æˆåŠŸ
  [1;33m[2/4][0m åˆ›å»ºç‹¬ç«‹æ„å»ºç›®å½•...
  [0;32mâœ“[0m æ„å»ºç›®å½•å’ŒCMakeLists.txtåˆ›å»ºæˆåŠŸ
  [1;33m[3/4][0m CMake é…ç½®...
  [0;32mâœ“[0m CMake é…ç½®æˆåŠŸ
  [1;33m[4/4][0m ç¼–è¯‘éªŒè¯...
[ 50%] Building CXX object CMakeFiles/std_path.dir/std_path.cpp.o
  [0;31mâœ—[0m ç¼–è¯‘å¤±è´¥
  [0;31mç¼–è¯‘é”™è¯¯ä¿¡æ¯:[0m
    /home/sonygod/projects/nu/temp_examples_cpp/std_path/std_path.cpp:47:12: error: stray '#' in program
       47 |     return # [cfg (unix)] { let path = Path :: new ("/home/user/./file.txt"); std::println ("Unix è·¯å¾„: {}", path.display ()); for comp in path.components () { match comp { Component :: RootDir => std::println ("  æ ¹ç›®å½• /"), Component :: CurDir => std::println ("  å½“å‰ç›®å½•."), Component :: ParentDir => std::println ("  çˆ¶ç›®å½•.."), Component :: Normal (s) => std::println ("  æ™®é€š: {:?}", s), Component :: Prefix (_) => std::println ("  å‰ç¼€ (Windows)"), } } };
          |            ^
    /home/sonygod/projects/nu/temp_examples_cpp/std_path/std_path.cpp:48:12: error: stray '#' in program
       48 |     return # [cfg (windows)] { let path = Path :: new (r"C:\Users\user\file.txt"); std::println ("Windows è·¯å¾„: {}", path.display ()); for comp in path.components () { match comp { Component :: Prefix (prefix) => { std::println ("  å‰ç¼€: {:?}", prefix); } Component :: RootDir => std::println ("  æ ¹ç›®å½•"), Component :: Normal (s) => std::println ("  æ™®é€š: {:?}", s), _ => { } } } };
          |            ^
    /home/sonygod/projects/nu/temp_examples_cpp/std_path/std_path.cpp: In function 'int main()':
    /home/sonygod/projects/nu/temp_examples_cpp/std_path/std_path.cpp:14:23: error: 'Path' has not been declared
       14 |     const auto path = Path :: new ("/usr/local/bin/rust");
          |                       ^~~~
    /home/sonygod/projects/nu/temp_examples_cpp/std_path/std_path.cpp:14:31: error: expected unqualified-id before 'new'
       14 |     const auto path = Path :: new ("/usr/local/bin/rust");
          |                               ^~~
    /home/sonygod/projects/nu/temp_examples_cpp/std_path/std_path.cpp:15:23: error: 'Path' has not been declared
       15 |     const auto path = Path :: new ("/usr/local/bin/rust");
          |                       ^~~~
    /home/sonygod/projects/nu/temp_examples_cpp/std_path/std_path.cpp:15:31: error: expected unqualified-id before 'new'
       15 |     const auto path = Path :: new ("/usr/local/bin/rust");
          |                               ^~~
    /home/sonygod/projects/nu/temp_examples_cpp/std_path/std_path.cpp:16:23: error: expected '(' before 'let'
       16 |     /* TODO: if */ if let Some (name) = path . file_name () { println ! ("æ–‡ä»¶å: {:?}" , name) ; };
          |                       ^~~
          |                       (
    /home/sonygod/projects/nu/temp_examples_cpp/std_path/std_path.cpp:17:23: error: expected '(' before 'let'
       17 |     /* TODO: if */ if let Some (ext) = path . extension () { println ! ("æ‰©å±•å: {:?}" , ext) ; };
          |                       ^~~
          |                       (
    /home/sonygod/projects/nu/temp_examples_cpp/std_path/std_path.cpp:18:32: error: 'Path' has not been declared
       18 |     const auto path_with_ext = Path :: new ("/home/user/file.txt");
          |                                ^~~~

[0;34m[36] å¤„ç†æ–‡ä»¶: [0;32mstd_sync.nu[0m
----------------------------------------
  [1;33m[1/4][0m Nu -> C++ è½¬æ¢ (AST mode)...
  [0;32mâœ“[0m Nu -> C++ æˆåŠŸ
  [1;33m[2/4][0m åˆ›å»ºç‹¬ç«‹æ„å»ºç›®å½•...
  [0;32mâœ“[0m æ„å»ºç›®å½•å’ŒCMakeLists.txtåˆ›å»ºæˆåŠŸ
  [1;33m[3/4][0m CMake é…ç½®...
  [0;32mâœ“[0m CMake é…ç½®æˆåŠŸ
  [1;33m[4/4][0m ç¼–è¯‘éªŒè¯...
[ 50%] Building CXX object CMakeFiles/std_sync.dir/std_sync.cpp.o
  [0;31mâœ—[0m ç¼–è¯‘å¤±è´¥
  [0;31mç¼–è¯‘é”™è¯¯ä¿¡æ¯:[0m
    /home/sonygod/projects/nu/temp_examples_cpp/std_sync/std_sync.cpp:16:21: error: too many decimal points in number
       16 |     return for i in 0..3 { let data_clone = A :: clone (& data); let handle = thread :: spawn (move | | { std::println ("  çº¿ç¨‹ {} è®¿é—®æ•°æ®: {:?}", i, data_clone); }); handles.push (handle); };
          |                     ^~~~
    /home/sonygod/projects/nu/temp_examples_cpp/std_sync/std_sync.cpp:25:21: error: too many decimal points in number
       25 |     return for i in 0..5 { let counter = A :: clone (& counter); let handle = thread :: spawn (move | | { let mut num = counter.lock ().unwrap (); * num += 1; std::println ("  çº¿ç¨‹ {} å¢åŠ è®¡æ•°åˆ° {}", i, * num); thread :: sleep (Duration :: from_millis (10)); }); handles.push (handle); };
          |                     ^~~~
    /home/sonygod/projects/nu/temp_examples_cpp/std_sync/std_sync.cpp:32:21: error: too many decimal points in number
       32 |     return for i in 0..3 { let data = A :: clone (& data); let handle = thread :: spawn (move | | { let vec = data.read ().unwrap (); std::println ("  è¯»çº¿ç¨‹ {}: {:?}", i, * vec); thread :: sleep (Duration :: from_millis (50)); }); handles.push (handle); };
          |                     ^~~~
    /home/sonygod/projects/nu/temp_examples_cpp/std_sync/std_sync.cpp:42:21: error: too many decimal points in number
       42 |     return for i in 0..5 { let barrier = A :: clone (& barrier); let handle = thread :: spawn (move | | { std::println ("  çº¿ç¨‹ {} å‡†å¤‡ä¸­...", i); thread :: sleep (Duration :: from_millis (i * 100)); std::println ("  çº¿ç¨‹ {} åˆ°è¾¾å±éšœ", i); let wait_result = barrier.wait (); if wait_result.is_leader () { std::println ("  çº¿ç¨‹ {} æ˜¯é¢†å¯¼è€…", i); } std::println ("  çº¿ç¨‹ {} ç»§ç»­æ‰§è¡Œ", i); }); handles.push (handle); };
          |                     ^~~~
    /home/sonygod/projects/nu/temp_examples_cpp/std_sync/std_sync.cpp:59:34: warning: missing terminating ' character
       59 |     return f get_resource() -> & 'static str     {;
          |                                  ^
    /home/sonygod/projects/nu/temp_examples_cpp/std_sync/std_sync.cpp:59:34: error: missing terminating ' character
       59 |     return f get_resource() -> & 'static str     {;
          |                                  ^~~~~~~~~~~~~~~~~~
    /home/sonygod/projects/nu/temp_examples_cpp/std_sync/std_sync.cpp:62:21: error: too many decimal points in number
       62 |     return for i in 1..= 3 { std::println ("ç¬¬ {} æ¬¡è°ƒç”¨: {}", i, get_resource ()); };
          |                     ^~~
    /home/sonygod/projects/nu/temp_examples_cpp/std_sync/std_sync.cpp:74:21: error: too many decimal points in number
       74 |     return for _ in 0..10 { let counter = A :: clone (& counter); let handle = thread :: spawn (move | | { for _ in 0..1000 { counter.fetch_add (1, Ordering :: SeqCst); } }); handles.push (handle); };
          |                     ^~~~~
    /home/sonygod/projects/nu/temp_examples_cpp/std_sync/std_sync.cpp:74:117: error: too many decimal points in number
       74 |     return for _ in 0..10 { let counter = A :: clone (& counter); let handle = thread :: spawn (move | | { for _ in 0..1000 { counter.fetch_add (1, Ordering :: SeqCst); } }); handles.push (handle); };
          |                                                                                                                     ^~~~~~~
    /home/sonygod/projects/nu/temp_examples_cpp/std_sync/std_sync.cpp:89:49: error: too many decimal points in number
       89 |     return thread :: spawn (move | | { for i in 1..= 5 { tx.send (i).unwrap (); std::println ("  å‘é€: {}", i); thread :: sleep (Duration :: from_millis (50)); } });;
          |                                                 ^~~

[0;34m[37] å¤„ç†æ–‡ä»¶: [0;32mstd_thread.nu[0m
----------------------------------------
  [1;33m[1/4][0m Nu -> C++ è½¬æ¢ (AST mode)...
  [0;32mâœ“[0m Nu -> C++ æˆåŠŸ
  [1;33m[2/4][0m åˆ›å»ºç‹¬ç«‹æ„å»ºç›®å½•...
  [0;32mâœ“[0m æ„å»ºç›®å½•å’ŒCMakeLists.txtåˆ›å»ºæˆåŠŸ
  [1;33m[3/4][0m CMake é…ç½®...
  [0;32mâœ“[0m CMake é…ç½®æˆåŠŸ
  [1;33m[4/4][0m ç¼–è¯‘éªŒè¯...
[ 50%] Building CXX object CMakeFiles/std_thread.dir/std_thread.cpp.o
  [0;31mâœ—[0m ç¼–è¯‘å¤±è´¥
  [0;31mç¼–è¯‘é”™è¯¯ä¿¡æ¯:[0m
    /home/sonygod/projects/nu/temp_examples_cpp/std_thread/std_thread.cpp:14:93: error: too many decimal points in number
       14 |     const auto handle = thread :: spawn (| | { std::println ("  å­çº¿ç¨‹æ‰§è¡Œä¸­..."); for i in 1..= 5 { std::println ("  å­çº¿ç¨‹: {}", i); thread :: sleep (Duration :: from_millis (100)); } });
          |                                                                                             ^~~
    /home/sonygod/projects/nu/temp_examples_cpp/std_thread/std_thread.cpp:15:21: error: too many decimal points in number
       15 |     return for i in 1..= 3 { std::println ("ä¸»çº¿ç¨‹: {}", i); thread :: sleep (Duration :: from_millis (150)); };
          |                     ^~~
    /home/sonygod/projects/nu/temp_examples_cpp/std_thread/std_thread.cpp:28:21: error: too many decimal points in number
       28 |     return for _ in 0..3 { print ! ("è®©å‡º..."); thread :: yield_now (); };
          |                     ^~~~
    /home/sonygod/projects/nu/temp_examples_cpp/std_thread/std_thread.cpp:31:21: error: too many decimal points in number
       31 |     return for i in 0..5 { let counter = A :: clone (& counter); let handle = thread :: spawn (move | | { let mut num = counter.lock ().unwrap (); * num += 1; std::println ("  çº¿ç¨‹ {} å¢åŠ è®¡æ•°", i); }); handles.push (handle); };
          |                     ^~~~
    /home/sonygod/projects/nu/temp_examples_cpp/std_thread/std_thread.cpp:35:21: error: too many decimal points in number
       35 |     return for i in 0..3 { let data = A :: clone (& data); let handle = thread :: spawn (move | | { let vec = data.read ().unwrap (); std::println ("  è¯»çº¿ç¨‹ {}: {:?}", i, * vec); }); handles.push (handle); };
          |                     ^~~~
    /home/sonygod/projects/nu/temp_examples_cpp/std_thread/std_thread.cpp:41:49: error: too many decimal points in number
       41 |     return thread :: spawn (move | | { for i in 1..= 5 { tx.send (i).unwrap (); std::println ("  å‘é€: {}", i); thread :: sleep (Duration :: from_millis (100)); } });;
          |                                                 ^~~
    /home/sonygod/projects/nu/temp_examples_cpp/std_thread/std_thread.cpp:44:21: error: too many decimal points in number
       44 |     return for i in 0..3 { let tx = tx.clone (); thread :: spawn (move | | { tx.send (std::format ("æ¥è‡ªçº¿ç¨‹ {}", i)).unwrap (); }); };
          |                     ^~~~
    /home/sonygod/projects/nu/temp_examples_cpp/std_thread/std_thread.cpp:48:62: error: too many decimal points in number
       48 |     const auto handle = thread :: spawn (move | | { for i in 1..= 5 { std::println ("  å‘é€: {}", i); tx.send (i).unwrap (); thread :: sleep (Duration :: from_millis (50)); } });
          |                                                              ^~~
    /home/sonygod/projects/nu/temp_examples_cpp/std_thread/std_thread.cpp:54:21: error: too many decimal points in number
       54 |     return for _ in 0..10 { let counter = A :: clone (& counter); let handle = thread :: spawn (move | | { for _ in 0..1000 { counter.fetch_add (1, Ordering :: SeqCst); } }); handles.push (handle); };
          |                     ^~~~~
    /home/sonygod/projects/nu/temp_examples_cpp/std_thread/std_thread.cpp:54:117: error: too many decimal points in number
       54 |     return for _ in 0..10 { let counter = A :: clone (& counter); let handle = thread :: spawn (move | | { for _ in 0..1000 { counter.fetch_add (1, Ordering :: SeqCst); } }); handles.push (handle); };
          |                                                                                                                     ^~~~~~~

[0;34m[38] å¤„ç†æ–‡ä»¶: [0;32mstd_time.nu[0m
----------------------------------------
  [1;33m[1/4][0m Nu -> C++ è½¬æ¢ (AST mode)...
  [0;32mâœ“[0m Nu -> C++ æˆåŠŸ
  [1;33m[2/4][0m åˆ›å»ºç‹¬ç«‹æ„å»ºç›®å½•...
  [0;32mâœ“[0m æ„å»ºç›®å½•å’ŒCMakeLists.txtåˆ›å»ºæˆåŠŸ
  [1;33m[3/4][0m CMake é…ç½®...
  [0;32mâœ“[0m CMake é…ç½®æˆåŠŸ
  [1;33m[4/4][0m ç¼–è¯‘éªŒè¯...
[ 50%] Building CXX object CMakeFiles/std_time.dir/std_time.cpp.o
  [0;31mâœ—[0m ç¼–è¯‘å¤±è´¥
  [0;31mç¼–è¯‘é”™è¯¯ä¿¡æ¯:[0m
    /home/sonygod/projects/nu/temp_examples_cpp/std_time/std_time.cpp:65:21: error: too many decimal points in number
       65 |     return for i in 0..1000000 { sum += i; };
          |                     ^~~~~~~~~~
    /home/sonygod/projects/nu/temp_examples_cpp/std_time/std_time.cpp:82:21: error: too many decimal points in number
       82 |     return for _ in 0..items_processed { };
          |                     ^~~~~~~~~~~~~~~~~~
    /home/sonygod/projects/nu/temp_examples_cpp/std_time/std_time.cpp:86:21: error: too many decimal points in number
       86 |     return for i in 1..= 5 { let start = Instant :: now (); thread :: sleep (Duration :: from_millis (10)); let delay = start.elapsed (); delays.push (delay); std::println ("  æµ‹é‡ {}: {:?}", i, delay); };
          |                     ^~~
    /home/sonygod/projects/nu/temp_examples_cpp/std_time/std_time.cpp: In function 'int main()':
    /home/sonygod/projects/nu/temp_examples_cpp/std_time/std_time.cpp:14:23: error: 'Duration' has not been declared
       14 |     const auto dur1 = Duration :: from_secs (5);
          |                       ^~~~~~~~
    /home/sonygod/projects/nu/temp_examples_cpp/std_time/std_time.cpp:15:23: error: 'Duration' has not been declared
       15 |     const auto dur2 = Duration :: from_millis (500);
          |                       ^~~~~~~~
    /home/sonygod/projects/nu/temp_examples_cpp/std_time/std_time.cpp:16:23: error: 'Duration' has not been declared
       16 |     const auto dur3 = Duration :: from_micros (1000);
          |                       ^~~~~~~~
    /home/sonygod/projects/nu/temp_examples_cpp/std_time/std_time.cpp:17:23: error: 'Duration' has not been declared
       17 |     const auto dur4 = Duration :: from_nanos (1000000);
          |                       ^~~~~~~~
    /home/sonygod/projects/nu/temp_examples_cpp/std_time/std_time.cpp:18:23: error: 'Duration' has not been declared
       18 |     const auto dur5 = Duration :: new (2, 500_000_000);
          |                       ^~~~~~~~
    /home/sonygod/projects/nu/temp_examples_cpp/std_time/std_time.cpp:18:35: error: expected unqualified-id before 'new'
       18 |     const auto dur5 = Duration :: new (2, 500_000_000);
          |                                   ^~~
    /home/sonygod/projects/nu/temp_examples_cpp/std_time/std_time.cpp:19:21: error: 'Duration' has not been declared
       19 |     const auto d1 = Duration :: from_secs (10);

[0;34m[39] å¤„ç†æ–‡ä»¶: [0;32mstring-test.nu[0m
----------------------------------------
  [1;33m[1/4][0m Nu -> C++ è½¬æ¢ (AST mode)...
  [0;32mâœ“[0m Nu -> C++ æˆåŠŸ
  [1;33m[2/4][0m åˆ›å»ºç‹¬ç«‹æ„å»ºç›®å½•...
  [0;32mâœ“[0m æ„å»ºç›®å½•å’ŒCMakeLists.txtåˆ›å»ºæˆåŠŸ
  [1;33m[3/4][0m CMake é…ç½®...
  [0;32mâœ“[0m CMake é…ç½®æˆåŠŸ
  [1;33m[4/4][0m ç¼–è¯‘éªŒè¯...
[ 50%] Building CXX object CMakeFiles/string-test.dir/string-test.cpp.o
  [0;31mâœ—[0m ç¼–è¯‘å¤±è´¥
  [0;31mç¼–è¯‘é”™è¯¯ä¿¡æ¯:[0m
    /home/sonygod/projects/nu/temp_examples_cpp/string-test/string-test.cpp: In function 'int main()':
    /home/sonygod/projects/nu/temp_examples_cpp/string-test/string-test.cpp:14:15: error: 'Str' has not been declared
       14 |     auto s1 = Str :: from ("Hello");
          |               ^~~
    /home/sonygod/projects/nu/temp_examples_cpp/string-test/string-test.cpp:15:21: error: 'Str' has not been declared
       15 |     const auto s2 = Str :: from ("World");
          |                     ^~~
    /home/sonygod/projects/nu/temp_examples_cpp/string-test/string-test.cpp:18:15: error: 'Str' has not been declared
       18 |     auto s3 = Str :: from ("abc");
          |               ^~~
    /home/sonygod/projects/nu/temp_examples_cpp/string-test/string-test.cpp:19:23: error: expected '(' before 'let'
       19 |     /* TODO: if */ if let Some (ch) = s3 . pop () { println ! ("Popped char: {}" , ch) ; println ! ("After pop: {}" , s3) ; };
          |                       ^~~
          |                       (
    /home/sonygod/projects/nu/temp_examples_cpp/string-test/string-test.cpp:20:15: error: 'Str' has not been declared
       20 |     auto s4 = Str :: from ("test");
          |               ^~~
    /home/sonygod/projects/nu/temp_examples_cpp/string-test/string-test.cpp:22:21: error: 'Str' has not been declared
       22 |     const auto s5 = Str :: from ("Hello, World!");
          |                     ^~~
    /home/sonygod/projects/nu/temp_examples_cpp/string-test/string-test.cpp:23:21: error: 'Str' has not been declared
       23 |     const auto s6 = Str :: from ("Hello World");
          |                     ^~~
    /home/sonygod/projects/nu/temp_examples_cpp/string-test/string-test.cpp:26:21: error: 'Str' has not been declared
       26 |     const auto s7 = Str :: from ("  Hello World  ");
          |                     ^~~
    /home/sonygod/projects/nu/temp_examples_cpp/string-test/string-test.cpp:28:21: error: 'Str' has not been declared
       28 |     const auto s8 = Str :: from ("apple,banana,cherry");
          |                     ^~~
    /home/sonygod/projects/nu/temp_examples_cpp/string-test/string-test.cpp:29:11: error: 'Vec' does not name a type

[0;34m[40] å¤„ç†æ–‡ä»¶: [0;32mstructs.nu[0m
----------------------------------------
  [1;33m[1/4][0m Nu -> C++ è½¬æ¢ (AST mode)...
  [0;32mâœ“[0m Nu -> C++ æˆåŠŸ
  [1;33m[2/4][0m åˆ›å»ºç‹¬ç«‹æ„å»ºç›®å½•...
  [0;32mâœ“[0m æ„å»ºç›®å½•å’ŒCMakeLists.txtåˆ›å»ºæˆåŠŸ
  [1;33m[3/4][0m CMake é…ç½®...
  [0;32mâœ“[0m CMake é…ç½®æˆåŠŸ
  [1;33m[4/4][0m ç¼–è¯‘éªŒè¯...
[ 50%] Building CXX object CMakeFiles/structs.dir/structs.cpp.o
  [0;31mâœ—[0m ç¼–è¯‘å¤±è´¥
  [0;31mç¼–è¯‘é”™è¯¯ä¿¡æ¯:[0m
    /home/sonygod/projects/nu/temp_examples_cpp/structs/structs.cpp:29:8: error: redefinition of 'struct Point'
       29 | struct Point {
          |        ^~~~~
    /home/sonygod/projects/nu/temp_examples_cpp/structs/structs.cpp:13:8: note: previous definition of 'struct Point'
       13 | struct Point {
          |        ^~~~~
    /home/sonygod/projects/nu/temp_examples_cpp/structs/structs.cpp:43:8: error: redefinition of 'struct Person'
       43 | struct Person {
          |        ^~~~~~
    /home/sonygod/projects/nu/temp_examples_cpp/structs/structs.cpp:18:8: note: previous definition of 'struct Person'
       18 | struct Person {
          |        ^~~~~~
    /home/sonygod/projects/nu/temp_examples_cpp/structs/structs.cpp:55:8: error: redefinition of 'struct Rectangle'
       55 | struct Rectangle {
          |        ^~~~~~~~~
    /home/sonygod/projects/nu/temp_examples_cpp/structs/structs.cpp:24:8: note: previous definition of 'struct Rectangle'
       24 | struct Rectangle {
          |        ^~~~~~~~~
    /home/sonygod/projects/nu/temp_examples_cpp/structs/structs.cpp: In function 'Point create_point()':
    /home/sonygod/projects/nu/temp_examples_cpp/structs/structs.cpp:67:20: warning: ISO C++ does not allow GNU designated initializers [-Wpedantic]
       67 |     return Point { x : 10, y : 20 };
          |                    ^
    /home/sonygod/projects/nu/temp_examples_cpp/structs/structs.cpp:67:28: warning: ISO C++ does not allow GNU designated initializers [-Wpedantic]
       67 |     return Point { x : 10, y : 20 };
          |                            ^
    /home/sonygod/projects/nu/temp_examples_cpp/structs/structs.cpp: In function 'int main()':
    /home/sonygod/projects/nu/temp_examples_cpp/structs/structs.cpp:75:29: warning: ISO C++ does not allow GNU designated initializers [-Wpedantic]
       75 |     const auto p1 = Point { x : 3, y : 4 };
          |                             ^
    /home/sonygod/projects/nu/temp_examples_cpp/structs/structs.cpp:75:36: warning: ISO C++ does not allow GNU designated initializers [-Wpedantic]

[0;34m[41] å¤„ç†æ–‡ä»¶: [0;32mtest-closure-semicolon.nu[0m
----------------------------------------
  [1;33m[1/4][0m Nu -> C++ è½¬æ¢ (AST mode)...
  [0;32mâœ“[0m Nu -> C++ æˆåŠŸ
  [1;33m[2/4][0m åˆ›å»ºç‹¬ç«‹æ„å»ºç›®å½•...
  [0;32mâœ“[0m æ„å»ºç›®å½•å’ŒCMakeLists.txtåˆ›å»ºæˆåŠŸ
  [1;33m[3/4][0m CMake é…ç½®...
  [0;32mâœ“[0m CMake é…ç½®æˆåŠŸ
  [1;33m[4/4][0m ç¼–è¯‘éªŒè¯...
[ 50%] Building CXX object CMakeFiles/test-closure-semicolon.dir/test-closure-semicolon.cpp.o
  [0;31mâœ—[0m ç¼–è¯‘å¤±è´¥
  [0;31mç¼–è¯‘é”™è¯¯ä¿¡æ¯:[0m
    /home/sonygod/projects/nu/temp_examples_cpp/test-closure-semicolon/test-closure-semicolon.cpp: In function 'int main()':
    /home/sonygod/projects/nu/temp_examples_cpp/test-closure-semicolon/test-closure-semicolon.cpp:14:26: error: 'vec' was not declared in this scope
       14 |     const auto numbers = vec ! [1, 2, 3, 4, 5];
          |                          ^~~
    /home/sonygod/projects/nu/temp_examples_cpp/test-closure-semicolon/test-closure-semicolon.cpp:15:11: error: 'Vec' does not name a type
       15 |     const Vec <int32_t> squares = numbers.iter().map(|& i| { let result = i * i; result }).collect();
          |           ^~~
    /home/sonygod/projects/nu/temp_examples_cpp/test-closure-semicolon/test-closure-semicolon.cpp:15:90: error: expected primary-expression before ')' token
       15 |     const Vec <int32_t> squares = numbers.iter().map(|& i| { let result = i * i; result }).collect();
          |                                                                                          ^
    /home/sonygod/projects/nu/temp_examples_cpp/test-closure-semicolon/test-closure-semicolon.cpp:16:11: error: 'Vec' does not name a type
       16 |     const Vec <int32_t> processed = numbers.iter().map(|& i| { let doubled = i * 2; let squared = doubled * doubled; squared }).collect();
          |           ^~~
    /home/sonygod/projects/nu/temp_examples_cpp/test-closure-semicolon/test-closure-semicolon.cpp:16:127: error: expected primary-expression before ')' token
       16 |     const Vec <int32_t> processed = numbers.iter().map(|& i| { let doubled = i * 2; let squared = doubled * doubled; squared }).collect();
          |                                                                                                                               ^
    gmake[2]: *** [CMakeFiles/test-closure-semicolon.dir/build.make:76: CMakeFiles/test-closure-semicolon.dir/test-closure-semicolon.cpp.o] Error 1
    gmake[1]: *** [CMakeFiles/Makefile2:83: CMakeFiles/test-closure-semicolon.dir/all] Error 2
    gmake: *** [Makefile:91: all] Error 2

[0;34m[42] å¤„ç†æ–‡ä»¶: [0;32mtest-escape.nu[0m
----------------------------------------
  [1;33m[1/4][0m Nu -> C++ è½¬æ¢ (AST mode)...
  [0;32mâœ“[0m Nu -> C++ æˆåŠŸ
  [1;33m[2/4][0m åˆ›å»ºç‹¬ç«‹æ„å»ºç›®å½•...
  [0;32mâœ“[0m æ„å»ºç›®å½•å’ŒCMakeLists.txtåˆ›å»ºæˆåŠŸ
  [1;33m[3/4][0m CMake é…ç½®...
  [0;32mâœ“[0m CMake é…ç½®æˆåŠŸ
  [1;33m[4/4][0m ç¼–è¯‘éªŒè¯...
[ 50%] Building CXX object CMakeFiles/test-escape.dir/test-escape.cpp.o
  [0;31mâœ—[0m ç¼–è¯‘å¤±è´¥
  [0;31mç¼–è¯‘é”™è¯¯ä¿¡æ¯:[0m
    /home/sonygod/projects/nu/temp_examples_cpp/test-escape/test-escape.cpp: In function 'int main()':
    /home/sonygod/projects/nu/temp_examples_cpp/test-escape/test-escape.cpp:14:20: error: 'Str' has not been declared
       14 |     const auto s = Str :: from ("\n\t  Hello  \t\n");
          |                    ^~~
    gmake[2]: *** [CMakeFiles/test-escape.dir/build.make:76: CMakeFiles/test-escape.dir/test-escape.cpp.o] Error 1
    gmake[1]: *** [CMakeFiles/Makefile2:83: CMakeFiles/test-escape.dir/all] Error 2
    gmake: *** [Makefile:91: all] Error 2

[0;34m[43] å¤„ç†æ–‡ä»¶: [0;32mtest-if-in-closure.nu[0m
----------------------------------------
  [1;33m[1/4][0m Nu -> C++ è½¬æ¢ (AST mode)...
  [0;32mâœ“[0m Nu -> C++ æˆåŠŸ
  [1;33m[2/4][0m åˆ›å»ºç‹¬ç«‹æ„å»ºç›®å½•...
  [0;32mâœ“[0m æ„å»ºç›®å½•å’ŒCMakeLists.txtåˆ›å»ºæˆåŠŸ
  [1;33m[3/4][0m CMake é…ç½®...
  [0;32mâœ“[0m CMake é…ç½®æˆåŠŸ
  [1;33m[4/4][0m ç¼–è¯‘éªŒè¯...
[ 50%] Building CXX object CMakeFiles/test-if-in-closure.dir/test-if-in-closure.cpp.o
  [0;31mâœ—[0m ç¼–è¯‘å¤±è´¥
  [0;31mç¼–è¯‘é”™è¯¯ä¿¡æ¯:[0m
    /home/sonygod/projects/nu/temp_examples_cpp/test-if-in-closure/test-if-in-closure.cpp: In function 'int main()':
    /home/sonygod/projects/nu/temp_examples_cpp/test-if-in-closure/test-if-in-closure.cpp:14:26: error: 'vec' was not declared in this scope
       14 |     const auto numbers = vec ! [1, 5, 3, 9, 2];
          |                          ^~~
    /home/sonygod/projects/nu/temp_examples_cpp/test-if-in-closure/test-if-in-closure.cpp:15:23: error: expected '(' before 'let'
       15 |     /* TODO: if */ if let Some (& max) = numbers . iter () . reduce (| acc , x | if acc > x { acc } else { x }) { println ! ("Maximum value: {}" , max) ; };
          |                       ^~~
          |                       (
    /home/sonygod/projects/nu/temp_examples_cpp/test-if-in-closure/test-if-in-closure.cpp:15:101: error: 'else' without a previous 'if'
       15 |     /* TODO: if */ if let Some (& max) = numbers . iter () . reduce (| acc , x | if acc > x { acc } else { x }) { println ! ("Maximum value: {}" , max) ; };
          |                                                                                                     ^~~~
    /home/sonygod/projects/nu/temp_examples_cpp/test-if-in-closure/test-if-in-closure.cpp:15:108: error: 'x' was not declared in this scope
       15 |     /* TODO: if */ if let Some (& max) = numbers . iter () . reduce (| acc , x | if acc > x { acc } else { x }) { println ! ("Maximum value: {}" , max) ; };
          |                                                                                                            ^
    /home/sonygod/projects/nu/temp_examples_cpp/test-if-in-closure/test-if-in-closure.cpp:15:111: error: expected primary-expression before ')' token
       15 |     /* TODO: if */ if let Some (& max) = numbers . iter () . reduce (| acc , x | if acc > x { acc } else { x }) { println ! ("Maximum value: {}" , max) ; };
          |                                                                                                               ^
    /home/sonygod/projects/nu/temp_examples_cpp/test-if-in-closure/test-if-in-closure.cpp:16:11: error: 'Vec' does not name a type
       16 |     const Vec <int32_t> result = numbers.iter().map(|x| if * x > 3 { * x * 2 } else { * x }).collect();
          |           ^~~
    /home/sonygod/projects/nu/temp_examples_cpp/test-if-in-closure/test-if-in-closure.cpp:16:80: error: 'else' without a previous 'if'
       16 |     const Vec <int32_t> result = numbers.iter().map(|x| if * x > 3 { * x * 2 } else { * x }).collect();
          |                                                                                ^~~~
    /home/sonygod/projects/nu/temp_examples_cpp/test-if-in-closure/test-if-in-closure.cpp:16:89: error: 'x' was not declared in this scope
       16 |     const Vec <int32_t> result = numbers.iter().map(|x| if * x > 3 { * x * 2 } else { * x }).collect();
          |                                                                                         ^
    /home/sonygod/projects/nu/temp_examples_cpp/test-if-in-closure/test-if-in-closure.cpp:16:92: error: expected primary-expression before ')' token
       16 |     const Vec <int32_t> result = numbers.iter().map(|x| if * x > 3 { * x * 2 } else { * x }).collect();
          |                                                                                            ^
    gmake[2]: *** [CMakeFiles/test-if-in-closure.dir/build.make:76: CMakeFiles/test-if-in-closure.dir/test-if-in-closure.cpp.o] Error 1

[0;34m[44] å¤„ç†æ–‡ä»¶: [0;32mtest_cfg_attr.nu[0m
----------------------------------------
  [1;33m[1/4][0m Nu -> C++ è½¬æ¢ (AST mode)...
  [0;32mâœ“[0m Nu -> C++ æˆåŠŸ
  [1;33m[2/4][0m åˆ›å»ºç‹¬ç«‹æ„å»ºç›®å½•...
  [0;32mâœ“[0m æ„å»ºç›®å½•å’ŒCMakeLists.txtåˆ›å»ºæˆåŠŸ
  [1;33m[3/4][0m CMake é…ç½®...
  [0;32mâœ“[0m CMake é…ç½®æˆåŠŸ
  [1;33m[4/4][0m ç¼–è¯‘éªŒè¯...
[ 50%] Building CXX object CMakeFiles/test_cfg_attr.dir/test_cfg_attr.cpp.o
[100%] Linking CXX executable test_cfg_attr
[100%] Built target test_cfg_attr
  [0;32mâœ“[0m ç¼–è¯‘æˆåŠŸ
  [0;32mâœ“[0m å¯æ‰§è¡Œæ–‡ä»¶å·²ç”Ÿæˆ
  [0;32mâ”â”â” å…¨éƒ¨é€šè¿‡ â”â”â”[0m

[0;34m[45] å¤„ç†æ–‡ä»¶: [0;32mtest_converter.nu[0m
----------------------------------------
  [1;33m[1/4][0m Nu -> C++ è½¬æ¢ (AST mode)...
  [0;32mâœ“[0m Nu -> C++ æˆåŠŸ
  [1;33m[2/4][0m åˆ›å»ºç‹¬ç«‹æ„å»ºç›®å½•...
  [0;32mâœ“[0m æ„å»ºç›®å½•å’ŒCMakeLists.txtåˆ›å»ºæˆåŠŸ
  [1;33m[3/4][0m CMake é…ç½®...
  [0;32mâœ“[0m CMake é…ç½®æˆåŠŸ
  [1;33m[4/4][0m ç¼–è¯‘éªŒè¯...
[ 50%] Building CXX object CMakeFiles/test_converter.dir/test_converter.cpp.o
  [0;31mâœ—[0m ç¼–è¯‘å¤±è´¥
  [0;31mç¼–è¯‘é”™è¯¯ä¿¡æ¯:[0m
    /home/sonygod/projects/nu/temp_examples_cpp/test_converter/test_converter.cpp: In function 'int main()':
    /home/sonygod/projects/nu/temp_examples_cpp/test_converter/test_converter.cpp:14:12: error: 'println' was not declared in this scope; did you mean 'std::println'?
       14 |     return println!("=== Nu to TypeScript Converter Test ===\n");;
          |            ^~~~~~~
          |            std::println
    In file included from /home/sonygod/projects/nu/temp_examples_cpp/test_converter/test_converter.cpp:8:
    /opt/xpack-gcc-14.2.0-1/include/c++/14.2.0/print:151:15: note: 'std::println' declared here
      151 |   inline void println() { std::println(stdout); }
          |               ^~~~~~~
    /home/sonygod/projects/nu/temp_examples_cpp/test_converter/test_converter.cpp:14:19: error: expected ';' before '!' token
       14 |     return println!("=== Nu to TypeScript Converter Test ===\n");;
          |                   ^
          |                   ;
    /home/sonygod/projects/nu/temp_examples_cpp/test_converter/test_converter.cpp:14:19: warning: statement has no effect [-Wunused-value]
       14 |     return println!("=== Nu to TypeScript Converter Test ===\n");;
          |                   ^~~~~~~~~~~~~~~~~~~~~~~~~~~~~~~~~~~~~~~~~~~~~~
    /home/sonygod/projects/nu/temp_examples_cpp/test_converter/test_converter.cpp:15:26: error: 'fs' has not been declared
       15 |     const auto nu_code = fs :: read_to_string ("examples/test_nu2ts.nu").expect("Failed to read test file");
          |                          ^~
    /home/sonygod/projects/nu/temp_examples_cpp/test_converter/test_converter.cpp:16:28: error: 'Nu2TsConverter' has not been declared
       16 |     const auto converter = Nu2TsConverter :: with_default_config ();
          |                            ^~~~~~~~~~~~~~
    /home/sonygod/projects/nu/temp_examples_cpp/test_converter/test_converter.cpp:17:23: error: 'M' was not declared in this scope
       17 |     /* TODO: match */ M converter.convert(& nu_code) {;
          |                       ^
    /home/sonygod/projects/nu/temp_examples_cpp/test_converter/test_converter.cpp:32:19: error: expected ';' before '!' token
       32 |     return println!("\n=== å•å…ƒæµ‹è¯• ===\n");;
          |                   ^
          |                   ;
    /home/sonygod/projects/nu/temp_examples_cpp/test_converter/test_converter.cpp:32:19: warning: statement has no effect [-Wunused-value]

[0;34m[46] å¤„ç†æ–‡ä»¶: [0;32mtest_enum_impl.nu[0m
----------------------------------------
  [1;33m[1/4][0m Nu -> C++ è½¬æ¢ (AST mode)...
  [0;32mâœ“[0m Nu -> C++ æˆåŠŸ
  [1;33m[2/4][0m åˆ›å»ºç‹¬ç«‹æ„å»ºç›®å½•...
  [0;32mâœ“[0m æ„å»ºç›®å½•å’ŒCMakeLists.txtåˆ›å»ºæˆåŠŸ
  [1;33m[3/4][0m CMake é…ç½®...
  [0;32mâœ“[0m CMake é…ç½®æˆåŠŸ
  [1;33m[4/4][0m ç¼–è¯‘éªŒè¯...
[ 50%] Building CXX object CMakeFiles/test_enum_impl.dir/test_enum_impl.cpp.o
  [0;31mâœ—[0m ç¼–è¯‘å¤±è´¥
  [0;31mç¼–è¯‘é”™è¯¯ä¿¡æ¯:[0m
    /home/sonygod/projects/nu/temp_examples_cpp/test_enum_impl/test_enum_impl.cpp:21:11: warning: missing terminating ' character
       21 |     const 'static str& name() {
          |           ^
    /home/sonygod/projects/nu/temp_examples_cpp/test_enum_impl/test_enum_impl.cpp:21:11: error: missing terminating ' character
       21 |     const 'static str& name() {
          |           ^~~~~~~~~~~~~~~~~~~~~
    /home/sonygod/projects/nu/temp_examples_cpp/test_enum_impl/test_enum_impl.cpp:19:8: error: 'Color' referred to as 'struct'
       19 | struct Color {
          |        ^~~~~
    /home/sonygod/projects/nu/temp_examples_cpp/test_enum_impl/test_enum_impl.cpp:13:12: note: 'Color' has a previous declaration here
       13 | enum class Color {
          |            ^~~~~
    /home/sonygod/projects/nu/temp_examples_cpp/test_enum_impl/test_enum_impl.cpp:24:1: error: expected unqualified-id before '}' token
       24 | };
          | ^
    /home/sonygod/projects/nu/temp_examples_cpp/test_enum_impl/test_enum_impl.cpp:24:1: error: expected declaration before '}' token
    /home/sonygod/projects/nu/temp_examples_cpp/test_enum_impl/test_enum_impl.cpp: In function 'int main()':
    /home/sonygod/projects/nu/temp_examples_cpp/test_enum_impl/test_enum_impl.cpp:27:16: warning: unused variable 'color' [-Wunused-variable]
       27 |     const auto color = Color :: Red;
          |                ^~~~~
    gmake[2]: *** [CMakeFiles/test_enum_impl.dir/build.make:76: CMakeFiles/test_enum_impl.dir/test_enum_impl.cpp.o] Error 1
    gmake[1]: *** [CMakeFiles/Makefile2:83: CMakeFiles/test_enum_impl.dir/all] Error 2
    gmake: *** [Makefile:91: all] Error 2

[0;34m[47] å¤„ç†æ–‡ä»¶: [0;32mtest_hashmap_iter.nu[0m
----------------------------------------
  [1;33m[1/4][0m Nu -> C++ è½¬æ¢ (AST mode)...
  [0;32mâœ“[0m Nu -> C++ æˆåŠŸ
  [1;33m[2/4][0m åˆ›å»ºç‹¬ç«‹æ„å»ºç›®å½•...
  [0;32mâœ“[0m æ„å»ºç›®å½•å’ŒCMakeLists.txtåˆ›å»ºæˆåŠŸ
  [1;33m[3/4][0m CMake é…ç½®...
  [0;32mâœ“[0m CMake é…ç½®æˆåŠŸ
  [1;33m[4/4][0m ç¼–è¯‘éªŒè¯...
[ 50%] Building CXX object CMakeFiles/test_hashmap_iter.dir/test_hashmap_iter.cpp.o
  [0;31mâœ—[0m ç¼–è¯‘å¤±è´¥
  [0;31mç¼–è¯‘é”™è¯¯ä¿¡æ¯:[0m
    /home/sonygod/projects/nu/temp_examples_cpp/test_hashmap_iter/test_hashmap_iter.cpp: In function 'int main()':
    /home/sonygod/projects/nu/temp_examples_cpp/test_hashmap_iter/test_hashmap_iter.cpp:14:19: error: 'HashMap' has not been declared
       14 |     auto scores = HashMap :: new ();
          |                   ^~~~~~~
    /home/sonygod/projects/nu/temp_examples_cpp/test_hashmap_iter/test_hashmap_iter.cpp:14:30: error: expected unqualified-id before 'new'
       14 |     auto scores = HashMap :: new ();
          |                              ^~~
    /home/sonygod/projects/nu/temp_examples_cpp/test_hashmap_iter/test_hashmap_iter.cpp:18:12: error: expected primary-expression before 'for'
       18 |     return for (key, value) in scores.iter () { std::println ("{}: {}", key, value); };
          |            ^~~
    /home/sonygod/projects/nu/temp_examples_cpp/test_hashmap_iter/test_hashmap_iter.cpp:18:11: error: expected ';' before 'for'
       18 |     return for (key, value) in scores.iter () { std::println ("{}: {}", key, value); };
          |           ^~~~
          |           ;
    /home/sonygod/projects/nu/temp_examples_cpp/test_hashmap_iter/test_hashmap_iter.cpp:18:17: error: 'key' was not declared in this scope; did you mean 'key_t'?
       18 |     return for (key, value) in scores.iter () { std::println ("{}: {}", key, value); };
          |                 ^~~
          |                 key_t
    /home/sonygod/projects/nu/temp_examples_cpp/test_hashmap_iter/test_hashmap_iter.cpp:18:22: error: 'value' was not declared in this scope
       18 |     return for (key, value) in scores.iter () { std::println ("{}: {}", key, value); };
          |                      ^~~~~
    /home/sonygod/projects/nu/temp_examples_cpp/test_hashmap_iter/test_hashmap_iter.cpp:19:5: error: expected primary-expression before 'return'
       19 |     return for (name, score) in & scores { std::println ("{} got {}", name, score); };
          |     ^~~~~~
    /home/sonygod/projects/nu/temp_examples_cpp/test_hashmap_iter/test_hashmap_iter.cpp:18:88: error: expected ')' before 'return'
       18 |     return for (key, value) in scores.iter () { std::println ("{}: {}", key, value); };
          |                ~                                                                       ^
          |                                                                                        )
       19 |     return for (name, score) in & scores { std::println ("{} got {}", name, score); };
          |     ~~~~~~                                                                              

[0;34m[48] å¤„ç†æ–‡ä»¶: [0;32mtest_haxe_simple.nu[0m
----------------------------------------
  [1;33m[1/4][0m Nu -> C++ è½¬æ¢ (AST mode)...
  [0;32mâœ“[0m Nu -> C++ æˆåŠŸ
  [1;33m[2/4][0m åˆ›å»ºç‹¬ç«‹æ„å»ºç›®å½•...
  [0;32mâœ“[0m æ„å»ºç›®å½•å’ŒCMakeLists.txtåˆ›å»ºæˆåŠŸ
  [1;33m[3/4][0m CMake é…ç½®...
  [0;32mâœ“[0m CMake é…ç½®æˆåŠŸ
  [1;33m[4/4][0m ç¼–è¯‘éªŒè¯...
[ 50%] Building CXX object CMakeFiles/test_haxe_simple.dir/test_haxe_simple.cpp.o
  [0;31mâœ—[0m ç¼–è¯‘å¤±è´¥
  [0;31mç¼–è¯‘é”™è¯¯ä¿¡æ¯:[0m
    /home/sonygod/projects/nu/temp_examples_cpp/test_haxe_simple/test_haxe_simple.cpp: In function 'int main()':
    /home/sonygod/projects/nu/temp_examples_cpp/test_haxe_simple/test_haxe_simple.cpp:20:22: error: use of 'vec' before deduction of 'auto'
       20 |     const auto vec = vec ! [1, 2, 3];
          |                      ^~~
    /home/sonygod/projects/nu/temp_examples_cpp/test_haxe_simple/test_haxe_simple.cpp:21:12: error: expected primary-expression before 'for'
       21 |     return for item in & vec { std::println ("item = {}", item); };
          |            ^~~
    /home/sonygod/projects/nu/temp_examples_cpp/test_haxe_simple/test_haxe_simple.cpp:21:11: error: expected ';' before 'for'
       21 |     return for item in & vec { std::println ("item = {}", item); };
          |           ^~~~
          |           ;
    /home/sonygod/projects/nu/temp_examples_cpp/test_haxe_simple/test_haxe_simple.cpp:21:16: error: expected '(' before 'item'
       21 |     return for item in & vec { std::println ("item = {}", item); };
          |                ^~~~
          |                (
    /home/sonygod/projects/nu/temp_examples_cpp/test_haxe_simple/test_haxe_simple.cpp:21:16: error: 'item' was not declared in this scope; did you mean 'tm'?
       21 |     return for item in & vec { std::println ("item = {}", item); };
          |                ^~~~
          |                tm
    /home/sonygod/projects/nu/temp_examples_cpp/test_haxe_simple/test_haxe_simple.cpp:22:5: error: expected primary-expression before 'const'
       22 |     const auto p = Point { x : 5, y : 10 };
          |     ^~~~~
    /home/sonygod/projects/nu/temp_examples_cpp/test_haxe_simple/test_haxe_simple.cpp:21:68: error: expected ')' before 'const'
       21 |     return for item in & vec { std::println ("item = {}", item); };
          |                ~~~~                                                ^
          |                                                                    )
       22 |     const auto p = Point { x : 5, y : 10 };
          |     ~~~~~                                                           
    /home/sonygod/projects/nu/temp_examples_cpp/test_haxe_simple/test_haxe_simple.cpp:22:28: warning: ISO C++ does not allow GNU designated initializers [-Wpedantic]
       22 |     const auto p = Point { x : 5, y : 10 };

[0;34m[49] å¤„ç†æ–‡ä»¶: [0;32mtest_lifetime_preservation.nu[0m
----------------------------------------
  [1;33m[1/4][0m Nu -> C++ è½¬æ¢ (AST mode)...
  [0;32mâœ“[0m Nu -> C++ æˆåŠŸ
  [1;33m[2/4][0m åˆ›å»ºç‹¬ç«‹æ„å»ºç›®å½•...
  [0;32mâœ“[0m æ„å»ºç›®å½•å’ŒCMakeLists.txtåˆ›å»ºæˆåŠŸ
  [1;33m[3/4][0m CMake é…ç½®...
  [0;32mâœ“[0m CMake é…ç½®æˆåŠŸ
  [1;33m[4/4][0m ç¼–è¯‘éªŒè¯...
[ 50%] Building CXX object CMakeFiles/test_lifetime_preservation.dir/test_lifetime_preservation.cpp.o
  [0;31mâœ—[0m ç¼–è¯‘å¤±è´¥
  [0;31mç¼–è¯‘é”™è¯¯ä¿¡æ¯:[0m
    /home/sonygod/projects/nu/temp_examples_cpp/test_lifetime_preservation/test_lifetime_preservation.cpp:13:19: warning: missing terminating ' character
       13 | template<typename 'a>
          |                   ^
    /home/sonygod/projects/nu/temp_examples_cpp/test_lifetime_preservation/test_lifetime_preservation.cpp:13:19: error: missing terminating ' character
       13 | template<typename 'a>
          |                   ^~~
    /home/sonygod/projects/nu/temp_examples_cpp/test_lifetime_preservation/test_lifetime_preservation.cpp:15:11: warning: missing terminating ' character
       15 |     const 'a str& data;
          |           ^
    /home/sonygod/projects/nu/temp_examples_cpp/test_lifetime_preservation/test_lifetime_preservation.cpp:15:11: error: missing terminating ' character
       15 |     const 'a str& data;
          |           ^~~~~~~~~~~~~
    /home/sonygod/projects/nu/temp_examples_cpp/test_lifetime_preservation/test_lifetime_preservation.cpp:18:19: warning: multi-character literal with 12 characters exceeds 'int' size of 4 bytes
       18 | template<typename 'a, typename 'b>
          |                   ^~~~~~~~~~~~~~~
    /home/sonygod/projects/nu/temp_examples_cpp/test_lifetime_preservation/test_lifetime_preservation.cpp:20:11: warning: missing terminating ' character
       20 |     const 'a str& first;
          |           ^
    /home/sonygod/projects/nu/temp_examples_cpp/test_lifetime_preservation/test_lifetime_preservation.cpp:20:11: error: missing terminating ' character
       20 |     const 'a str& first;
          |           ^~~~~~~~~~~~~~
    /home/sonygod/projects/nu/temp_examples_cpp/test_lifetime_preservation/test_lifetime_preservation.cpp:21:11: warning: missing terminating ' character
       21 |     const 'b i32& second;
          |           ^
    /home/sonygod/projects/nu/temp_examples_cpp/test_lifetime_preservation/test_lifetime_preservation.cpp:21:11: error: missing terminating ' character
       21 |     const 'b i32& second;
          |           ^~~~~~~~~~~~~~~
    /home/sonygod/projects/nu/temp_examples_cpp/test_lifetime_preservation/test_lifetime_preservation.cpp:24:19: warning: multi-character literal with 12 characters exceeds 'int' size of 4 bytes
       24 | template<typename 'a, typename 'b: 'a>
          |                   ^~~~~~~~~~~~~~~

[0;34m[50] å¤„ç†æ–‡ä»¶: [0;32mtest_macros_a_class.nu[0m
----------------------------------------
  [1;33m[1/4][0m Nu -> C++ è½¬æ¢ (AST mode)...
  [0;32mâœ“[0m Nu -> C++ æˆåŠŸ
  [1;33m[2/4][0m åˆ›å»ºç‹¬ç«‹æ„å»ºç›®å½•...
  [0;32mâœ“[0m æ„å»ºç›®å½•å’ŒCMakeLists.txtåˆ›å»ºæˆåŠŸ
  [1;33m[3/4][0m CMake é…ç½®...
  [0;32mâœ“[0m CMake é…ç½®æˆåŠŸ
  [1;33m[4/4][0m ç¼–è¯‘éªŒè¯...
[ 50%] Building CXX object CMakeFiles/test_macros_a_class.dir/test_macros_a_class.cpp.o
  [0;31mâœ—[0m ç¼–è¯‘å¤±è´¥
  [0;31mç¼–è¯‘é”™è¯¯ä¿¡æ¯:[0m
    /home/sonygod/projects/nu/temp_examples_cpp/test_macros_a_class/test_macros_a_class.cpp: In function 'int main()':
    /home/sonygod/projects/nu/temp_examples_cpp/test_macros_a_class/test_macros_a_class.cpp:20:25: error: 'dbg' was not declared in this scope
       20 |     const auto result = dbg ! (value * 2);
          |                         ^~~
    /home/sonygod/projects/nu/temp_examples_cpp/test_macros_a_class/test_macros_a_class.cpp:21:20: error: 'concat' was not declared in this scope; did you mean 'wcsncat'?
       21 |     const auto s = concat ! ("Hello", " ", "World");
          |                    ^~~~~~
          |                    wcsncat
    /home/sonygod/projects/nu/temp_examples_cpp/test_macros_a_class/test_macros_a_class.cpp:14:16: warning: unused variable 'x' [-Wunused-variable]
       14 |     const auto x = 5;
          |                ^
    /home/sonygod/projects/nu/temp_examples_cpp/test_macros_a_class/test_macros_a_class.cpp:15:16: warning: unused variable 'a' [-Wunused-variable]
       15 |     const auto a = 10;
          |                ^
    /home/sonygod/projects/nu/temp_examples_cpp/test_macros_a_class/test_macros_a_class.cpp:16:16: warning: unused variable 'b' [-Wunused-variable]
       16 |     const auto b = 10;
          |                ^
    /home/sonygod/projects/nu/temp_examples_cpp/test_macros_a_class/test_macros_a_class.cpp:17:16: warning: unused variable 'c' [-Wunused-variable]
       17 |     const auto c = 5;
          |                ^
    /home/sonygod/projects/nu/temp_examples_cpp/test_macros_a_class/test_macros_a_class.cpp:18:16: warning: unused variable 'd' [-Wunused-variable]
       18 |     const auto d = 10;
          |                ^
    /home/sonygod/projects/nu/temp_examples_cpp/test_macros_a_class/test_macros_a_class.cpp:19:16: warning: unused variable 'value' [-Wunused-variable]
       19 |     const auto value = 42;
          |                ^~~~~
    /home/sonygod/projects/nu/temp_examples_cpp/test_macros_a_class/test_macros_a_class.cpp: In function 'void test_unreachable(int32_t)':
    /home/sonygod/projects/nu/temp_examples_cpp/test_macros_a_class/test_macros_a_class.cpp:31:23: error: expected '(' before 'x'
       31 |     /* TODO: if */ if x > 0 { println ! ("positive") ; } else if x < 0 { println ! ("negative") ; } else { unreachable ! ("x should never be zero in this context") ; };
          |                       ^

[0;34m[51] å¤„ç†æ–‡ä»¶: [0;32mtest_mod.nu[0m
----------------------------------------
  [1;33m[1/4][0m Nu -> C++ è½¬æ¢ (AST mode)...
  [0;32mâœ“[0m Nu -> C++ æˆåŠŸ
  [1;33m[2/4][0m åˆ›å»ºç‹¬ç«‹æ„å»ºç›®å½•...
  [0;32mâœ“[0m æ„å»ºç›®å½•å’ŒCMakeLists.txtåˆ›å»ºæˆåŠŸ
  [1;33m[3/4][0m CMake é…ç½®...
  [0;32mâœ“[0m CMake é…ç½®æˆåŠŸ
  [1;33m[4/4][0m ç¼–è¯‘éªŒè¯...
[ 50%] Building CXX object CMakeFiles/test_mod.dir/test_mod.cpp.o
  [0;31mâœ—[0m ç¼–è¯‘å¤±è´¥
  [0;31mç¼–è¯‘é”™è¯¯ä¿¡æ¯:[0m
    /home/sonygod/projects/nu/temp_examples_cpp/test_mod/test_mod.cpp: In function 'int main()':
    /home/sonygod/projects/nu/temp_examples_cpp/test_mod/test_mod.cpp:14:12: error: 'a' has not been declared
       14 |     return a :: hello_from_a ();;
          |            ^
    /home/sonygod/projects/nu/temp_examples_cpp/test_mod/test_mod.cpp:15:12: error: 'b' has not been declared
       15 |     return b :: hello_from_b ();;
          |            ^
    gmake[2]: *** [CMakeFiles/test_mod.dir/build.make:76: CMakeFiles/test_mod.dir/test_mod.cpp.o] Error 1
    gmake[1]: *** [CMakeFiles/Makefile2:83: CMakeFiles/test_mod.dir/all] Error 2
    gmake: *** [Makefile:91: all] Error 2

[0;34m[52] å¤„ç†æ–‡ä»¶: [0;32mtest_mod_subdir.nu[0m
----------------------------------------
  [1;33m[1/4][0m Nu -> C++ è½¬æ¢ (AST mode)...
  [0;32mâœ“[0m Nu -> C++ æˆåŠŸ
  [1;33m[2/4][0m åˆ›å»ºç‹¬ç«‹æ„å»ºç›®å½•...
  [0;32mâœ“[0m æ„å»ºç›®å½•å’ŒCMakeLists.txtåˆ›å»ºæˆåŠŸ
  [1;33m[3/4][0m CMake é…ç½®...
  [0;32mâœ“[0m CMake é…ç½®æˆåŠŸ
  [1;33m[4/4][0m ç¼–è¯‘éªŒè¯...
[ 50%] Building CXX object CMakeFiles/test_mod_subdir.dir/test_mod_subdir.cpp.o
  [0;31mâœ—[0m ç¼–è¯‘å¤±è´¥
  [0;31mç¼–è¯‘é”™è¯¯ä¿¡æ¯:[0m
    /home/sonygod/projects/nu/temp_examples_cpp/test_mod_subdir/test_mod_subdir.cpp: In function 'int main()':
    /home/sonygod/projects/nu/temp_examples_cpp/test_mod_subdir/test_mod_subdir.cpp:14:12: error: 'utils' has not been declared
       14 |     return utils :: a :: hello_from_a ();;
          |            ^~~~~
    /home/sonygod/projects/nu/temp_examples_cpp/test_mod_subdir/test_mod_subdir.cpp:15:12: error: 'utils' has not been declared
       15 |     return utils :: helper :: greet ("Rust");;
          |            ^~~~~
    gmake[2]: *** [CMakeFiles/test_mod_subdir.dir/build.make:76: CMakeFiles/test_mod_subdir.dir/test_mod_subdir.cpp.o] Error 1
    gmake[1]: *** [CMakeFiles/Makefile2:83: CMakeFiles/test_mod_subdir.dir/all] Error 2
    gmake: *** [Makefile:91: all] Error 2

[0;34m[53] å¤„ç†æ–‡ä»¶: [0;32mtest_nu2ts.nu[0m
----------------------------------------
  [1;33m[1/4][0m Nu -> C++ è½¬æ¢ (AST mode)...
  [0;32mâœ“[0m Nu -> C++ æˆåŠŸ
  [1;33m[2/4][0m åˆ›å»ºç‹¬ç«‹æ„å»ºç›®å½•...
  [0;32mâœ“[0m æ„å»ºç›®å½•å’ŒCMakeLists.txtåˆ›å»ºæˆåŠŸ
  [1;33m[3/4][0m CMake é…ç½®...
  [0;32mâœ“[0m CMake é…ç½®æˆåŠŸ
  [1;33m[4/4][0m ç¼–è¯‘éªŒè¯...
[ 50%] Building CXX object CMakeFiles/test_nu2ts.dir/test_nu2ts.cpp.o
  [0;31mâœ—[0m ç¼–è¯‘å¤±è´¥
  [0;31mç¼–è¯‘é”™è¯¯ä¿¡æ¯:[0m
    /home/sonygod/projects/nu/temp_examples_cpp/test_nu2ts/test_nu2ts.cpp:56:19: error: too many decimal points in number
       56 |     return L i in 0..5 {;
          |                   ^~~~
    /home/sonygod/projects/nu/temp_examples_cpp/test_nu2ts/test_nu2ts.cpp:14:10: error: 'unordered_map' in namespace 'std' does not name a template type
       14 |     std::unordered_map<std::string, int32_t> cache;
          |          ^~~~~~~~~~~~~
    /home/sonygod/projects/nu/temp_examples_cpp/test_nu2ts/test_nu2ts.cpp:12:1: note: 'std::unordered_map' is defined in header '<unordered_map>'; this is probably fixable by adding '#include <unordered_map>'
       11 | #include <thread>
      +++ |+#include <unordered_map>
       12 | 
    /home/sonygod/projects/nu/temp_examples_cpp/test_nu2ts/test_nu2ts.cpp:18:8: error: redefinition of 'struct Calculator'
       18 | struct Calculator {
          |        ^~~~~~~~~~
    /home/sonygod/projects/nu/temp_examples_cpp/test_nu2ts/test_nu2ts.cpp:13:8: note: previous definition of 'struct Calculator'
       13 | struct Calculator {
          |        ^~~~~~~~~~
    /home/sonygod/projects/nu/temp_examples_cpp/test_nu2ts/test_nu2ts.cpp: In function 'int main()':
    /home/sonygod/projects/nu/temp_examples_cpp/test_nu2ts/test_nu2ts.cpp:41:20: error: expected initializer before 'calc'
       41 |     const auto mut calc = Calculator::new();
          |                    ^~~~
    /home/sonygod/projects/nu/temp_examples_cpp/test_nu2ts/test_nu2ts.cpp:42:23: error: 'vec' was not declared in this scope
       42 |     const auto nums = vec![1, 2, 3, 4, 5];
          |                       ^~~
    /home/sonygod/projects/nu/temp_examples_cpp/test_nu2ts/test_nu2ts.cpp:44:12: error: expected primary-expression before '.' token
       44 |     return .filter(|x| x > 2);
          |            ^
    /home/sonygod/projects/nu/temp_examples_cpp/test_nu2ts/test_nu2ts.cpp:44:20: error: expected primary-expression before '|' token
       44 |     return .filter(|x| x > 2);
          |                    ^
    /home/sonygod/projects/nu/temp_examples_cpp/test_nu2ts/test_nu2ts.cpp:44:21: error: 'x' was not declared in this scope

[0;34m[54] å¤„ç†æ–‡ä»¶: [0;32mtest_panic.nu[0m
----------------------------------------
  [1;33m[1/4][0m Nu -> C++ è½¬æ¢ (AST mode)...
  [0;32mâœ“[0m Nu -> C++ æˆåŠŸ
  [1;33m[2/4][0m åˆ›å»ºç‹¬ç«‹æ„å»ºç›®å½•...
  [0;32mâœ“[0m æ„å»ºç›®å½•å’ŒCMakeLists.txtåˆ›å»ºæˆåŠŸ
  [1;33m[3/4][0m CMake é…ç½®...
  [0;32mâœ“[0m CMake é…ç½®æˆåŠŸ
  [1;33m[4/4][0m ç¼–è¯‘éªŒè¯...
[ 50%] Building CXX object CMakeFiles/test_panic.dir/test_panic.cpp.o
  [0;31mâœ—[0m ç¼–è¯‘å¤±è´¥
  [0;31mç¼–è¯‘é”™è¯¯ä¿¡æ¯:[0m
    /home/sonygod/projects/nu/temp_examples_cpp/test_panic/test_panic.cpp: In function 'int main()':
    /home/sonygod/projects/nu/temp_examples_cpp/test_panic/test_panic.cpp:14:42: error: 'spawn' is not a member of 'std::thread'
       14 |     const auto handle = std :: thread :: spawn (| | { panic ! ("æµ‹è¯• panic!"); });
          |                                          ^~~~~
    /home/sonygod/projects/nu/temp_examples_cpp/test_panic/test_panic.cpp:14:49: error: expected primary-expression before '|' token
       14 |     const auto handle = std :: thread :: spawn (| | { panic ! ("æµ‹è¯• panic!"); });
          |                                                 ^
    /home/sonygod/projects/nu/temp_examples_cpp/test_panic/test_panic.cpp:14:51: error: expected primary-expression before '|' token
       14 |     const auto handle = std :: thread :: spawn (| | { panic ! ("æµ‹è¯• panic!"); });
          |                                                   ^
    /home/sonygod/projects/nu/temp_examples_cpp/test_panic/test_panic.cpp:14:53: error: expected primary-expression before '{' token
       14 |     const auto handle = std :: thread :: spawn (| | { panic ! ("æµ‹è¯• panic!"); });
          |                                                     ^
    /home/sonygod/projects/nu/temp_examples_cpp/test_panic/test_panic.cpp:15:23: error: 'match' was not declared in this scope; did you mean 'rpmatch'?
       15 |     /* TODO: match */ match handle . join () { Ok (_) => println ! ("çº¿ç¨‹æ­£å¸¸ç»“æŸ") , Err (e) => println ! ("çº¿ç¨‹ panic: {:?}" , e) , };
          |                       ^~~~~
          |                       rpmatch
    gmake[2]: *** [CMakeFiles/test_panic.dir/build.make:76: CMakeFiles/test_panic.dir/test_panic.cpp.o] Error 1
    gmake[1]: *** [CMakeFiles/Makefile2:83: CMakeFiles/test_panic.dir/all] Error 2
    gmake: *** [Makefile:91: all] Error 2

[0;34m[55] å¤„ç†æ–‡ä»¶: [0;32mthread-test.nu[0m
----------------------------------------
  [1;33m[1/4][0m Nu -> C++ è½¬æ¢ (AST mode)...
  [0;32mâœ“[0m Nu -> C++ æˆåŠŸ
  [1;33m[2/4][0m åˆ›å»ºç‹¬ç«‹æ„å»ºç›®å½•...
  [0;32mâœ“[0m æ„å»ºç›®å½•å’ŒCMakeLists.txtåˆ›å»ºæˆåŠŸ
  [1;33m[3/4][0m CMake é…ç½®...
  [0;32mâœ“[0m CMake é…ç½®æˆåŠŸ
  [1;33m[4/4][0m ç¼–è¯‘éªŒè¯...
[ 50%] Building CXX object CMakeFiles/thread-test.dir/thread-test.cpp.o
  [0;31mâœ—[0m ç¼–è¯‘å¤±è´¥
  [0;31mç¼–è¯‘é”™è¯¯ä¿¡æ¯:[0m
    /home/sonygod/projects/nu/temp_examples_cpp/thread-test/thread-test.cpp:14:74: error: too many decimal points in number
       14 |     const auto handle = thread :: spawn (| | { let mut sum = 0; for i in 1..= 10 { sum += i; } sum });
          |                                                                          ^~~
    /home/sonygod/projects/nu/temp_examples_cpp/thread-test/thread-test.cpp: In function 'int main()':
    /home/sonygod/projects/nu/temp_examples_cpp/thread-test/thread-test.cpp:14:25: error: 'thread' has not been declared
       14 |     const auto handle = thread :: spawn (| | { let mut sum = 0; for i in 1..= 10 { sum += i; } sum });
          |                         ^~~~~~
    /home/sonygod/projects/nu/temp_examples_cpp/thread-test/thread-test.cpp:14:42: error: expected primary-expression before '|' token
       14 |     const auto handle = thread :: spawn (| | { let mut sum = 0; for i in 1..= 10 { sum += i; } sum });
          |                                          ^
    /home/sonygod/projects/nu/temp_examples_cpp/thread-test/thread-test.cpp:14:44: error: expected primary-expression before '|' token
       14 |     const auto handle = thread :: spawn (| | { let mut sum = 0; for i in 1..= 10 { sum += i; } sum });
          |                                            ^
    /home/sonygod/projects/nu/temp_examples_cpp/thread-test/thread-test.cpp:14:46: error: expected primary-expression before '{' token
       14 |     const auto handle = thread :: spawn (| | { let mut sum = 0; for i in 1..= 10 { sum += i; } sum });
          |                                              ^
    /home/sonygod/projects/nu/temp_examples_cpp/thread-test/thread-test.cpp:16:26: error: 'thread' has not been declared
       16 |     const auto handle1 = thread :: spawn (| | { 42 });
          |                          ^~~~~~
    /home/sonygod/projects/nu/temp_examples_cpp/thread-test/thread-test.cpp:16:43: error: expected primary-expression before '|' token
       16 |     const auto handle1 = thread :: spawn (| | { 42 });
          |                                           ^
    /home/sonygod/projects/nu/temp_examples_cpp/thread-test/thread-test.cpp:16:45: error: expected primary-expression before '|' token
       16 |     const auto handle1 = thread :: spawn (| | { 42 });
          |                                             ^
    /home/sonygod/projects/nu/temp_examples_cpp/thread-test/thread-test.cpp:16:47: error: expected primary-expression before '{' token
       16 |     const auto handle1 = thread :: spawn (| | { 42 });
          |                                               ^
    /home/sonygod/projects/nu/temp_examples_cpp/thread-test/thread-test.cpp:17:26: error: 'thread' has not been declared
       17 |     const auto handle2 = thread :: spawn (| | { 100 });

[0;34m[56] å¤„ç†æ–‡ä»¶: [0;32mtrait.nu[0m
----------------------------------------
  [1;33m[1/4][0m Nu -> C++ è½¬æ¢ (AST mode)...
  [0;32mâœ“[0m Nu -> C++ æˆåŠŸ
  [1;33m[2/4][0m åˆ›å»ºç‹¬ç«‹æ„å»ºç›®å½•...
  [0;32mâœ“[0m æ„å»ºç›®å½•å’ŒCMakeLists.txtåˆ›å»ºæˆåŠŸ
  [1;33m[3/4][0m CMake é…ç½®...
  [0;32mâœ“[0m CMake é…ç½®æˆåŠŸ
  [1;33m[4/4][0m ç¼–è¯‘éªŒè¯...
[ 50%] Building CXX object CMakeFiles/trait.dir/trait.cpp.o
  [0;31mâœ—[0m ç¼–è¯‘å¤±è´¥
  [0;31mç¼–è¯‘é”™è¯¯ä¿¡æ¯:[0m
    /home/sonygod/projects/nu/temp_examples_cpp/trait/trait.cpp:202:18: warning: missing terminating ' character
      202 | class Validator< 'a > {
          |                  ^
    /home/sonygod/projects/nu/temp_examples_cpp/trait/trait.cpp:202:18: error: missing terminating ' character
      202 | class Validator< 'a > {
          |                  ^~~~~~
    /home/sonygod/projects/nu/temp_examples_cpp/trait/trait.cpp:203:38: warning: missing terminating ' character
      203 |     virtual bool    ; validate(const 'a str& data);
          |                                      ^
    /home/sonygod/projects/nu/temp_examples_cpp/trait/trait.cpp:203:38: error: missing terminating ' character
      203 |     virtual bool    ; validate(const 'a str& data);
          |                                      ^~~~~~~~~~~~~~
    /home/sonygod/projects/nu/temp_examples_cpp/trait/trait.cpp:209:21: warning: missing terminating ' character
      209 | bool validate(const 'a str& data) {
          |                     ^
    /home/sonygod/projects/nu/temp_examples_cpp/trait/trait.cpp:209:21: error: missing terminating ' character
      209 | bool validate(const 'a str& data) {
          |                     ^~~~~~~~~~~~~~~
    /home/sonygod/projects/nu/temp_examples_cpp/trait/trait.cpp:18:13: error: 'Str' does not name a type
       18 |     virtual Str    ; speak();
          |             ^~~
    /home/sonygod/projects/nu/temp_examples_cpp/trait/trait.cpp:18:22: error: ISO C++ forbids declaration of 'speak' with no type [-fpermissive]
       18 |     virtual Str    ; speak();
          |                      ^~~~~
    /home/sonygod/projects/nu/temp_examples_cpp/trait/trait.cpp:19:13: error: 'Str' does not name a type
       19 |     virtual Str    ; shout();
          |             ^~~
    /home/sonygod/projects/nu/temp_examples_cpp/trait/trait.cpp:19:22: error: ISO C++ forbids declaration of 'shout' with no type [-fpermissive]
       19 |     virtual Str    ; shout();
          |                      ^~~~~

[0;34m[57] å¤„ç†æ–‡ä»¶: [0;32mtraits.nu[0m
----------------------------------------
  [1;33m[1/4][0m Nu -> C++ è½¬æ¢ (AST mode)...
  [0;32mâœ“[0m Nu -> C++ æˆåŠŸ
  [1;33m[2/4][0m åˆ›å»ºç‹¬ç«‹æ„å»ºç›®å½•...
  [0;32mâœ“[0m æ„å»ºç›®å½•å’ŒCMakeLists.txtåˆ›å»ºæˆåŠŸ
  [1;33m[3/4][0m CMake é…ç½®...
  [0;32mâœ“[0m CMake é…ç½®æˆåŠŸ
  [1;33m[4/4][0m ç¼–è¯‘éªŒè¯...
[ 50%] Building CXX object CMakeFiles/traits.dir/traits.cpp.o
  [0;31mâœ—[0m ç¼–è¯‘å¤±è´¥
  [0;31mç¼–è¯‘é”™è¯¯ä¿¡æ¯:[0m
    /home/sonygod/projects/nu/temp_examples_cpp/traits/traits.cpp:17:7: error: 'Container' is not a class template
       17 | class Container< T > {
          |       ^~~~~~~~~
    /home/sonygod/projects/nu/temp_examples_cpp/traits/traits.cpp:17:18: error: 'T' was not declared in this scope
       17 | class Container< T > {
          |                  ^
    /home/sonygod/projects/nu/temp_examples_cpp/traits/traits.cpp:18:29: error: 'T' has not been declared
       18 |     static virtual void add(T item);
          |                             ^
    /home/sonygod/projects/nu/temp_examples_cpp/traits/traits.cpp:18:12: error: member 'add' cannot be declared both 'virtual' and 'static'
       18 |     static virtual void add(T item);
          |     ~~~~~~ ^~~~~~~
    /home/sonygod/projects/nu/temp_examples_cpp/traits/traits.cpp:19:27: error: 'T' was not declared in this scope
       19 |     virtual std::optional<T> get(size_t index);
          |                           ^
    /home/sonygod/projects/nu/temp_examples_cpp/traits/traits.cpp:19:28: error: template argument 1 is invalid
       19 |     virtual std::optional<T> get(size_t index);
          |                            ^
    /home/sonygod/projects/nu/temp_examples_cpp/traits/traits.cpp:19:18: error: '<expression error>' in namespace 'std' does not name a type
       19 |     virtual std::optional<T> get(size_t index);
          |                  ^~~~~~~~~~~
    /home/sonygod/projects/nu/temp_examples_cpp/traits/traits.cpp:20:13: error: 'usize' does not name a type
       20 |     virtual usize    ; size();
          |             ^~~~~
    /home/sonygod/projects/nu/temp_examples_cpp/traits/traits.cpp:20:24: error: ISO C++ forbids declaration of 'size' with no type [-fpermissive]
       20 |     virtual usize    ; size();
          |                        ^~~~
    /home/sonygod/projects/nu/temp_examples_cpp/traits/traits.cpp:24:13: error: 'Str' does not name a type
       24 |     virtual Str    ; name();
          |             ^~~

[0;34m[58] å¤„ç†æ–‡ä»¶: [0;32mtuple.nu[0m
----------------------------------------
  [1;33m[1/4][0m Nu -> C++ è½¬æ¢ (AST mode)...
  [0;32mâœ“[0m Nu -> C++ æˆåŠŸ
  [1;33m[2/4][0m åˆ›å»ºç‹¬ç«‹æ„å»ºç›®å½•...
  [0;32mâœ“[0m æ„å»ºç›®å½•å’ŒCMakeLists.txtåˆ›å»ºæˆåŠŸ
  [1;33m[3/4][0m CMake é…ç½®...
  [0;32mâœ“[0m CMake é…ç½®æˆåŠŸ
  [1;33m[4/4][0m ç¼–è¯‘éªŒè¯...
[ 50%] Building CXX object CMakeFiles/tuple.dir/tuple.cpp.o
  [0;31mâœ—[0m ç¼–è¯‘å¤±è´¥
  [0;31mç¼–è¯‘é”™è¯¯ä¿¡æ¯:[0m
    /home/sonygod/projects/nu/temp_examples_cpp/tuple/tuple.cpp:27:63: error: too many decimal points in number
       27 |     return println!("   è®¿é—®åµŒå¥—å…ƒç´ : nested.0.1 = {}", nested.0.1);;
          |                                                               ^~~~
    /home/sonygod/projects/nu/temp_examples_cpp/tuple/tuple.cpp: In function 'int main()':
    /home/sonygod/projects/nu/temp_examples_cpp/tuple/tuple.cpp:14:12: error: 'println' was not declared in this scope; did you mean 'std::println'?
       14 |     return println!("=== Rust å…ƒç»„ç¤ºä¾‹ ===\n");;
          |            ^~~~~~~
          |            std::println
    In file included from /home/sonygod/projects/nu/temp_examples_cpp/tuple/tuple.cpp:8:
    /opt/xpack-gcc-14.2.0-1/include/c++/14.2.0/print:151:15: note: 'std::println' declared here
      151 |   inline void println() { std::println(stdout); }
          |               ^~~~~~~
    /home/sonygod/projects/nu/temp_examples_cpp/tuple/tuple.cpp:14:19: error: expected ';' before '!' token
       14 |     return println!("=== Rust å…ƒç»„ç¤ºä¾‹ ===\n");;
          |                   ^
          |                   ;
    /home/sonygod/projects/nu/temp_examples_cpp/tuple/tuple.cpp:14:19: warning: statement has no effect [-Wunused-value]
       14 |     return println!("=== Rust å…ƒç»„ç¤ºä¾‹ ===\n");;
          |                   ^~~~~~~~~~~~~~~~~~~~~~~~~~~~
    /home/sonygod/projects/nu/temp_examples_cpp/tuple/tuple.cpp:15:19: error: expected ';' before '!' token
       15 |     return println!("1.åˆ›å»ºå…ƒç»„:");;
          |                   ^
          |                   ;
    /home/sonygod/projects/nu/temp_examples_cpp/tuple/tuple.cpp:15:19: warning: statement has no effect [-Wunused-value]
       15 |     return println!("1.åˆ›å»ºå…ƒç»„:");;
          |                   ^~~~~~~~~~~~~~~~
    /home/sonygod/projects/nu/temp_examples_cpp/tuple/tuple.cpp:16:5: error: expected primary-expression before 'const'
       16 |     const (& str, i32, f64) person = ("Alice", 30, 5.6);
          |     ^~~~~
    /home/sonygod/projects/nu/temp_examples_cpp/tuple/tuple.cpp:17:19: error: expected ';' before '!' token

[0;34m[59] å¤„ç†æ–‡ä»¶: [0;32mtypeconvert.nu[0m
----------------------------------------
  [1;33m[1/4][0m Nu -> C++ è½¬æ¢ (AST mode)...
  [0;32mâœ“[0m Nu -> C++ æˆåŠŸ
  [1;33m[2/4][0m åˆ›å»ºç‹¬ç«‹æ„å»ºç›®å½•...
  [0;32mâœ“[0m æ„å»ºç›®å½•å’ŒCMakeLists.txtåˆ›å»ºæˆåŠŸ
  [1;33m[3/4][0m CMake é…ç½®...
  [0;32mâœ“[0m CMake é…ç½®æˆåŠŸ
  [1;33m[4/4][0m ç¼–è¯‘éªŒè¯...
[ 50%] Building CXX object CMakeFiles/typeconvert.dir/typeconvert.cpp.o
  [0;31mâœ—[0m ç¼–è¯‘å¤±è´¥
  [0;31mç¼–è¯‘é”™è¯¯ä¿¡æ¯:[0m
    /home/sonygod/projects/nu/temp_examples_cpp/typeconvert/typeconvert.cpp:55:26: warning: character not encodable in a single execution character code unit
       55 |     const char32_t ch2 = 'ä¸­';
          |                          ^~~~
    /home/sonygod/projects/nu/temp_examples_cpp/typeconvert/typeconvert.cpp:98:40: error: too many decimal points in number
       98 |     const const [i32]& slice2 = & arr [1..4];
          |                                        ^~~~
    /home/sonygod/projects/nu/temp_examples_cpp/typeconvert/typeconvert.cpp:172:38: error: too many decimal points in number
      172 |     const Vec <int32_t> range_vec = (1..= 5).collect();
          |                                      ^~~
    /home/sonygod/projects/nu/temp_examples_cpp/typeconvert/typeconvert.cpp:173:32: error: too many decimal points in number
      173 |     const int32_t range_sum = (1..= 10).sum();
          |                                ^~~
    /home/sonygod/projects/nu/temp_examples_cpp/typeconvert/typeconvert.cpp:174:36: error: too many decimal points in number
      174 |     const int32_t range_product = (1..= 5).product();
          |                                    ^~~
    /home/sonygod/projects/nu/temp_examples_cpp/typeconvert/typeconvert.cpp:175:12: error: stray '#' in program
      175 |     return #D (Debug);
          |            ^
    /home/sonygod/projects/nu/temp_examples_cpp/typeconvert/typeconvert.cpp:183:12: error: stray '#' in program
      183 |     return #D (Debug);
          |            ^
    /home/sonygod/projects/nu/temp_examples_cpp/typeconvert/typeconvert.cpp:222:17: warning: missing terminating ' character
      222 |     const const 'static str& static_str = "static lifetime";
          |                 ^
    /home/sonygod/projects/nu/temp_examples_cpp/typeconvert/typeconvert.cpp:222:17: error: missing terminating ' character
      222 |     const const 'static str& static_str = "static lifetime";
          |                 ^~~~~~~~~~~~~~~~~~~~~~~~~~~~~~~~~~~~~~~~~~~~
    /home/sonygod/projects/nu/temp_examples_cpp/typeconvert/typeconvert.cpp:228:12: error: stray '#' in program
      228 |     return # [repr (C)] union FloatOrInt { f : f32, i : u32, };
          |            ^

[0;34m[60] å¤„ç†æ–‡ä»¶: [0;32mvec-iterator-test.nu[0m
----------------------------------------
  [1;33m[1/4][0m Nu -> C++ è½¬æ¢ (AST mode)...
  [0;32mâœ“[0m Nu -> C++ æˆåŠŸ
  [1;33m[2/4][0m åˆ›å»ºç‹¬ç«‹æ„å»ºç›®å½•...
  [0;32mâœ“[0m æ„å»ºç›®å½•å’ŒCMakeLists.txtåˆ›å»ºæˆåŠŸ
  [1;33m[3/4][0m CMake é…ç½®...
  [0;32mâœ“[0m CMake é…ç½®æˆåŠŸ
  [1;33m[4/4][0m ç¼–è¯‘éªŒè¯...
[ 50%] Building CXX object CMakeFiles/vec-iterator-test.dir/vec-iterator-test.cpp.o
  [0;31mâœ—[0m ç¼–è¯‘å¤±è´¥
  [0;31mç¼–è¯‘é”™è¯¯ä¿¡æ¯:[0m
    /home/sonygod/projects/nu/temp_examples_cpp/vec-iterator-test/vec-iterator-test.cpp: In function 'int main()':
    /home/sonygod/projects/nu/temp_examples_cpp/vec-iterator-test/vec-iterator-test.cpp:14:20: error: 'V' has not been declared
       14 |     auto numbers = V :: new ();
          |                    ^
    /home/sonygod/projects/nu/temp_examples_cpp/vec-iterator-test/vec-iterator-test.cpp:14:25: error: expected unqualified-id before 'new'
       14 |     auto numbers = V :: new ();
          |                         ^~~
    /home/sonygod/projects/nu/temp_examples_cpp/vec-iterator-test/vec-iterator-test.cpp:20:23: error: expected '(' before 'let'
       20 |     /* TODO: if */ if let Some (first) = numbers . first () { println ! ("First element: {}" , first) ; };
          |                       ^~~
          |                       (
    /home/sonygod/projects/nu/temp_examples_cpp/vec-iterator-test/vec-iterator-test.cpp:21:23: error: expected '(' before 'let'
       21 |     /* TODO: if */ if let Some (last) = numbers . last () { println ! ("Last element: {}" , last) ; };
          |                       ^~~
          |                       (
    /home/sonygod/projects/nu/temp_examples_cpp/vec-iterator-test/vec-iterator-test.cpp:22:23: error: expected '(' before 'let'
       22 |     /* TODO: if */ if let Some (third) = numbers . get (2) { println ! ("Third element: {}" , third) ; };
          |                       ^~~
          |                       (
    /home/sonygod/projects/nu/temp_examples_cpp/vec-iterator-test/vec-iterator-test.cpp:23:48: error: lvalue required as unary '&' operand
       23 |     const auto contains_3 = numbers.contains(& 3);
          |                                                ^
    /home/sonygod/projects/nu/temp_examples_cpp/vec-iterator-test/vec-iterator-test.cpp:24:11: error: 'Vec' does not name a type
       24 |     const Vec <int32_t> doubled = numbers.iter().map(|x| x * 2).collect();
          |           ^~~
    /home/sonygod/projects/nu/temp_examples_cpp/vec-iterator-test/vec-iterator-test.cpp:25:11: error: 'Vec' does not name a type
       25 |     const Vec <const int32_t&> evens = numbers.iter().filter(|x| * x % 2 == 0).collect();
          |           ^~~
    /home/sonygod/projects/nu/temp_examples_cpp/vec-iterator-test/vec-iterator-test.cpp:26:11: error: 'Vec' does not name a type
       26 |     const Vec <int32_t> result = numbers.iter().map(|x| x * 3).filter(|x| * x > 5).collect();

[0;34m[61] å¤„ç†æ–‡ä»¶: [0;32mvec-repeat-test.nu[0m
----------------------------------------
  [1;33m[1/4][0m Nu -> C++ è½¬æ¢ (AST mode)...
  [0;32mâœ“[0m Nu -> C++ æˆåŠŸ
  [1;33m[2/4][0m åˆ›å»ºç‹¬ç«‹æ„å»ºç›®å½•...
  [0;32mâœ“[0m æ„å»ºç›®å½•å’ŒCMakeLists.txtåˆ›å»ºæˆåŠŸ
  [1;33m[3/4][0m CMake é…ç½®...
  [0;32mâœ“[0m CMake é…ç½®æˆåŠŸ
  [1;33m[4/4][0m ç¼–è¯‘éªŒè¯...
[ 50%] Building CXX object CMakeFiles/vec-repeat-test.dir/vec-repeat-test.cpp.o
  [0;31mâœ—[0m ç¼–è¯‘å¤±è´¥
  [0;31mç¼–è¯‘é”™è¯¯ä¿¡æ¯:[0m
    /home/sonygod/projects/nu/temp_examples_cpp/vec-repeat-test/vec-repeat-test.cpp: In function 'int main()':
    /home/sonygod/projects/nu/temp_examples_cpp/vec-repeat-test/vec-repeat-test.cpp:14:24: error: 'vec' was not declared in this scope
       14 |     const auto zeros = vec ! [0; 5];
          |                        ^~~
    /home/sonygod/projects/nu/temp_examples_cpp/vec-repeat-test/vec-repeat-test.cpp:14:35: error: expected ';' before ']' token
       14 |     const auto zeros = vec ! [0; 5];
          |                                   ^
          |                                   ;
    /home/sonygod/projects/nu/temp_examples_cpp/vec-repeat-test/vec-repeat-test.cpp:14:34: warning: statement has no effect [-Wunused-value]
       14 |     const auto zeros = vec ! [0; 5];
          |                                  ^
    /home/sonygod/projects/nu/temp_examples_cpp/vec-repeat-test/vec-repeat-test.cpp:15:27: error: expected ',' or ';' before '!' token
       15 |     const auto ones = vec ! [1; 3];
          |                           ^
    /home/sonygod/projects/nu/temp_examples_cpp/vec-repeat-test/vec-repeat-test.cpp:15:34: error: expected ';' before ']' token
       15 |     const auto ones = vec ! [1; 3];
          |                                  ^
          |                                  ;
    /home/sonygod/projects/nu/temp_examples_cpp/vec-repeat-test/vec-repeat-test.cpp:15:33: warning: statement has no effect [-Wunused-value]
       15 |     const auto ones = vec ! [1; 3];
          |                                 ^
    /home/sonygod/projects/nu/temp_examples_cpp/vec-repeat-test/vec-repeat-test.cpp:16:29: error: expected ',' or ';' before '!' token
       16 |     const auto buffer = vec ! [0; 1024];
          |                             ^
    /home/sonygod/projects/nu/temp_examples_cpp/vec-repeat-test/vec-repeat-test.cpp:16:39: error: expected ';' before ']' token
       16 |     const auto buffer = vec ! [0; 1024];
          |                                       ^
          |                                       ;
    /home/sonygod/projects/nu/temp_examples_cpp/vec-repeat-test/vec-repeat-test.cpp:16:35: warning: statement has no effect [-Wunused-value]
       16 |     const auto buffer = vec ! [0; 1024];

[0;34m[62] å¤„ç†æ–‡ä»¶: [0;32mvec.nu[0m
----------------------------------------
  [1;33m[1/4][0m Nu -> C++ è½¬æ¢ (AST mode)...
  [0;32mâœ“[0m Nu -> C++ æˆåŠŸ
  [1;33m[2/4][0m åˆ›å»ºç‹¬ç«‹æ„å»ºç›®å½•...
  [0;32mâœ“[0m æ„å»ºç›®å½•å’ŒCMakeLists.txtåˆ›å»ºæˆåŠŸ
  [1;33m[3/4][0m CMake é…ç½®...
  [0;32mâœ“[0m CMake é…ç½®æˆåŠŸ
  [1;33m[4/4][0m ç¼–è¯‘éªŒè¯...
[ 50%] Building CXX object CMakeFiles/vec.dir/vec.cpp.o
  [0;31mâœ—[0m ç¼–è¯‘å¤±è´¥
  [0;31mç¼–è¯‘é”™è¯¯ä¿¡æ¯:[0m
    /home/sonygod/projects/nu/temp_examples_cpp/vec/vec.cpp:34:51: warning: character not encodable in a single execution character code unit
       34 |     const auto chars = vec ! ['a', 'b', 'c', 'd', 'ä¸­', 'æ–‡', 'ğŸ¦€'];
          |                                                   ^~~~
    /home/sonygod/projects/nu/temp_examples_cpp/vec/vec.cpp:34:57: warning: character not encodable in a single execution character code unit
       34 |     const auto chars = vec ! ['a', 'b', 'c', 'd', 'ä¸­', 'æ–‡', 'ğŸ¦€'];
          |                                                         ^~~~
    /home/sonygod/projects/nu/temp_examples_cpp/vec/vec.cpp:34:63: warning: character not encodable in a single execution character code unit
       34 |     const auto chars = vec ! ['a', 'b', 'c', 'd', 'ä¸­', 'æ–‡', 'ğŸ¦€'];
          |                                                               ^~~~
    /home/sonygod/projects/nu/temp_examples_cpp/vec/vec.cpp:65:39: error: too many decimal points in number
       65 |     const auto slice = & vec_methods [1..4];
          |                                       ^~~~
    /home/sonygod/projects/nu/temp_examples_cpp/vec/vec.cpp:78:12: error: stray '#' in program
       78 |     return #D (Debug);
          |            ^
    /home/sonygod/projects/nu/temp_examples_cpp/vec/vec.cpp:86:38: error: too many decimal points in number
       86 |     const Vec <int32_t> large_vec = (0..100).collect();
          |                                      ^~~~~~
    /home/sonygod/projects/nu/temp_examples_cpp/vec/vec.cpp:116:37: error: too many decimal points in number
      116 |     const Vec <int32_t> iter_vec = (1..= 5).map(|x| x * x).collect();
          |                                     ^~~
    /home/sonygod/projects/nu/temp_examples_cpp/vec/vec.cpp:127:101: error: too many decimal points in number
      127 |     const auto cond_vec = vec ! [if x > 5 { x } else { 0 }, if y < 30 { y } else { 100 }, match x { 0..= 10 => 1, 11..= 20 => 2, _ => 3, },];
          |                                                                                                     ^~~
    /home/sonygod/projects/nu/temp_examples_cpp/vec/vec.cpp:127:115: error: too many decimal points in number
      127 |     const auto cond_vec = vec ! [if x > 5 { x } else { 0 }, if y < 30 { y } else { 100 }, match x { 0..= 10 => 1, 11..= 20 => 2, _ => 3, },];
          |                                                                                                                   ^~~~
    /home/sonygod/projects/nu/temp_examples_cpp/vec/vec.cpp:171:51: error: too many decimal points in number
      171 |     const Vec <int32_t> drained = drain_vec.drain(2..5).collect();
          |                                                   ^~~~


[0;32m==========================================[0m
[0;32mæµ‹è¯•å®Œæˆç»Ÿè®¡[0m
[0;32m==========================================[0m
æ€»æ–‡ä»¶æ•°: [0;34m62[0m
[0;32mæˆåŠŸæ•°: 4[0m
[0;31må¤±è´¥æ•°: 58[0m
æˆåŠŸç‡: [0;34m6%[0m

[0;31må¤±è´¥çš„æ–‡ä»¶åˆ—è¡¨:[0m
  [0;31mâœ—[0m btreemap-test (æ­¥éª¤4: ç¼–è¯‘)
  [0;31mâœ—[0m closures (æ­¥éª¤4: ç¼–è¯‘)
  [0;31mâœ—[0m complex-chain-test (æ­¥éª¤4: ç¼–è¯‘)
  [0;31mâœ—[0m concurrency-pointers (æ­¥éª¤4: ç¼–è¯‘)
  [0;31mâœ—[0m concurrency-simple (æ­¥éª¤4: ç¼–è¯‘)
  [0;31mâœ—[0m enums (æ­¥éª¤4: ç¼–è¯‘)
  [0;31mâœ—[0m error-handling (æ­¥éª¤4: ç¼–è¯‘)
  [0;31mâœ—[0m generics (æ­¥éª¤4: ç¼–è¯‘)
  [0;31mâœ—[0m generics_test (æ­¥éª¤4: ç¼–è¯‘)
  [0;31mâœ—[0m hashmap-test (æ­¥éª¤4: ç¼–è¯‘)
  [0;31mâœ—[0m hashset-test (æ­¥éª¤4: ç¼–è¯‘)
  [0;31mâœ—[0m hello (æ­¥éª¤4: ç¼–è¯‘)
  [0;31mâœ—[0m iterators (æ­¥éª¤4: ç¼–è¯‘)
  [0;31mâœ—[0m lifetimes (æ­¥éª¤4: ç¼–è¯‘)
  [0;31mâœ—[0m lifetimes_simple (æ­¥éª¤4: ç¼–è¯‘)
  [0;31mâœ—[0m lifetimes_test (æ­¥éª¤4: ç¼–è¯‘)
  [0;31mâœ—[0m macros (æ­¥éª¤4: ç¼–è¯‘)
  [0;31mâœ—[0m macros_test (æ­¥éª¤4: ç¼–è¯‘)
  [0;31mâœ—[0m nu_v1_6_3_features (æ­¥éª¤4: ç¼–è¯‘)
  [0;31mâœ—[0m nu_v1_6_3_features_restored (æ­¥éª¤4: ç¼–è¯‘)
  [0;31mâœ—[0m ownership (æ­¥éª¤4: ç¼–è¯‘)
  [0;31mâœ—[0m part3 (æ­¥éª¤4: ç¼–è¯‘)
  [0;31mâœ—[0m patterns (æ­¥éª¤4: ç¼–è¯‘)
  [0;31mâœ—[0m rust_math (æ­¥éª¤4: ç¼–è¯‘)
  [0;31mâœ—[0m rust_string (æ­¥éª¤4: ç¼–è¯‘)
  [0;31mâœ—[0m smart-pointer-deref-test (æ­¥éª¤4: ç¼–è¯‘)
  [0;31mâœ—[0m smart-pointers-simple (æ­¥éª¤4: ç¼–è¯‘)
  [0;31mâœ—[0m smart-pointers (æ­¥éª¤4: ç¼–è¯‘)
  [0;31mâœ—[0m std_collections (æ­¥éª¤4: ç¼–è¯‘)
  [0;31mâœ—[0m std_fs (æ­¥éª¤4: ç¼–è¯‘)
  [0;31mâœ—[0m std_io (æ­¥éª¤4: ç¼–è¯‘)
  [0;31mâœ—[0m std_path (æ­¥éª¤4: ç¼–è¯‘)
  [0;31mâœ—[0m std_sync (æ­¥éª¤4: ç¼–è¯‘)
  [0;31mâœ—[0m std_thread (æ­¥éª¤4: ç¼–è¯‘)
  [0;31mâœ—[0m std_time (æ­¥éª¤4: ç¼–è¯‘)
  [0;31mâœ—[0m string-test (æ­¥éª¤4: ç¼–è¯‘)
  [0;31mâœ—[0m structs (æ­¥éª¤4: ç¼–è¯‘)
  [0;31mâœ—[0m test-closure-semicolon (æ­¥éª¤4: ç¼–è¯‘)
  [0;31mâœ—[0m test-escape (æ­¥éª¤4: ç¼–è¯‘)
  [0;31mâœ—[0m test-if-in-closure (æ­¥éª¤4: ç¼–è¯‘)
  [0;31mâœ—[0m test_converter (æ­¥éª¤4: ç¼–è¯‘)
  [0;31mâœ—[0m test_enum_impl (æ­¥éª¤4: ç¼–è¯‘)
  [0;31mâœ—[0m test_hashmap_iter (æ­¥éª¤4: ç¼–è¯‘)
  [0;31mâœ—[0m test_haxe_simple (æ­¥éª¤4: ç¼–è¯‘)
  [0;31mâœ—[0m test_lifetime_preservation (æ­¥éª¤4: ç¼–è¯‘)
  [0;31mâœ—[0m test_macros_a_class (æ­¥éª¤4: ç¼–è¯‘)
  [0;31mâœ—[0m test_mod (æ­¥éª¤4: ç¼–è¯‘)
  [0;31mâœ—[0m test_mod_subdir (æ­¥éª¤4: ç¼–è¯‘)
  [0;31mâœ—[0m test_nu2ts (æ­¥éª¤4: ç¼–è¯‘)
  [0;31mâœ—[0m test_panic (æ­¥éª¤4: ç¼–è¯‘)
  [0;31mâœ—[0m thread-test (æ­¥éª¤4: ç¼–è¯‘)
  [0;31mâœ—[0m trait (æ­¥éª¤4: ç¼–è¯‘)
  [0;31mâœ—[0m traits (æ­¥éª¤4: ç¼–è¯‘)
  [0;31mâœ—[0m tuple (æ­¥éª¤4: ç¼–è¯‘)
  [0;31mâœ—[0m typeconvert (æ­¥éª¤4: ç¼–è¯‘)
  [0;31mâœ—[0m vec-iterator-test (æ­¥éª¤4: ç¼–è¯‘)
  [0;31mâœ—[0m vec-repeat-test (æ­¥éª¤4: ç¼–è¯‘)
  [0;31mâœ—[0m vec (æ­¥éª¤4: ç¼–è¯‘)

[1;33mä¸´æ—¶æ–‡ä»¶ä½ç½®:[0m
  C++ æ–‡ä»¶ç›®å½•: [0;34mtemp_examples_cpp[0m
  æ„å»ºç›®å½•: [0;34mtemp_examples_cpp_build[0m

[1;33mâœ“ ä¸´æ—¶ç›®å½•å·²ä¿ç•™ï¼Œå¯æ‰‹åŠ¨æ£€æŸ¥è½¬æ¢ç»“æœ[0m
[1;33må¦‚éœ€åˆ é™¤ï¼Œè¯·è¿è¡Œ: rm -rf temp_examples_cpp temp_examples_cpp_build[0m

[0;31mâš ï¸  éƒ¨åˆ†æµ‹è¯•å¤±è´¥ï¼Œè¯·æ£€æŸ¥å¤±è´¥æ–‡ä»¶[0m
