bash: warning: setlocale: LC_ALL: cannot change locale (en_US.UTF-8)
[0;32m==========================================[0m
[0;32mExamples ç›®å½• C++ è½¬æ¢æµ‹è¯•è„šæœ¬[0m
[0;32mæµ‹è¯•æµç¨‹: Nu -> C++ -> CMake -> ç¼–è¯‘[0m
[0;32m==========================================[0m

[0;34mæ¸…ç†å¹¶åˆ›å»ºä¸´æ—¶ç›®å½•...[0m
[1;33må¼€å§‹å¤„ç† examples/*.nu æ–‡ä»¶[0m
==========================================

[0;34m[1] å¤„ç†æ–‡ä»¶: [0;32ma.nu[0m
----------------------------------------
  [1;33m[1/4][0m Nu -> C++ è½¬æ¢...
  [0;32mâœ“[0m Nu -> C++ æˆåŠŸ
  [1;33m[2/4][0m åˆ›å»ºç‹¬ç«‹æ„å»ºç›®å½•...
  [0;32mâœ“[0m æ„å»ºç›®å½•å’ŒCMakeLists.txtåˆ›å»ºæˆåŠŸ
  [1;33m[3/4][0m CMake é…ç½®...
  [0;32mâœ“[0m CMake é…ç½®æˆåŠŸ
  [1;33m[4/4][0m ç¼–è¯‘éªŒè¯...
[ 50%] Building CXX object CMakeFiles/a.dir/a.cpp.o
[100%] Linking CXX static library liba.a
[100%] Built target a
  [0;32mâœ“[0m ç¼–è¯‘æˆåŠŸ
  [0;32mâœ“[0m åº“æ–‡ä»¶å·²ç”Ÿæˆ
  [0;32mâ”â”â” å…¨éƒ¨é€šè¿‡ â”â”â”[0m

[0;34m[2] å¤„ç†æ–‡ä»¶: [0;32mb.nu[0m
----------------------------------------
  [1;33m[1/4][0m Nu -> C++ è½¬æ¢...
  [0;32mâœ“[0m Nu -> C++ æˆåŠŸ
  [1;33m[2/4][0m åˆ›å»ºç‹¬ç«‹æ„å»ºç›®å½•...
  [0;32mâœ“[0m æ„å»ºç›®å½•å’ŒCMakeLists.txtåˆ›å»ºæˆåŠŸ
  [1;33m[3/4][0m CMake é…ç½®...
  [0;32mâœ“[0m CMake é…ç½®æˆåŠŸ
  [1;33m[4/4][0m ç¼–è¯‘éªŒè¯...
[ 50%] Building CXX object CMakeFiles/b.dir/b.cpp.o
[100%] Linking CXX static library libb.a
[100%] Built target b
  [0;32mâœ“[0m ç¼–è¯‘æˆåŠŸ
  [0;32mâœ“[0m åº“æ–‡ä»¶å·²ç”Ÿæˆ
  [0;32mâ”â”â” å…¨éƒ¨é€šè¿‡ â”â”â”[0m

[0;34m[3] å¤„ç†æ–‡ä»¶: [0;32mbtreemap-test.nu[0m
----------------------------------------
  [1;33m[1/4][0m Nu -> C++ è½¬æ¢...
  [0;32mâœ“[0m Nu -> C++ æˆåŠŸ
  [1;33m[2/4][0m åˆ›å»ºç‹¬ç«‹æ„å»ºç›®å½•...
  [0;32mâœ“[0m æ„å»ºç›®å½•å’ŒCMakeLists.txtåˆ›å»ºæˆåŠŸ
  [1;33m[3/4][0m CMake é…ç½®...
  [0;32mâœ“[0m CMake é…ç½®æˆåŠŸ
  [1;33m[4/4][0m ç¼–è¯‘éªŒè¯...
[ 50%] Building CXX object CMakeFiles/btreemap-test.dir/btreemap-test.cpp.o
  [0;31mâœ—[0m ç¼–è¯‘å¤±è´¥
  [0;31mç¼–è¯‘é”™è¯¯ä¿¡æ¯:[0m
    /home/sonygod/projects/nu/temp_examples_cpp/btreemap-test/btreemap-test.cpp: In function 'int main()':
    /home/sonygod/projects/nu/temp_examples_cpp/btreemap-test/btreemap-test.cpp:11:17: error: found ':' in nested-name-specifier, expected '::'
       11 |     auto scores : BTreeMap< std::string , int32_t> = BTreeMap::new ();
          |                 ^
          |                 ::
    /home/sonygod/projects/nu/temp_examples_cpp/btreemap-test/btreemap-test.cpp:11:10: error: 'scores' has not been declared
       11 |     auto scores : BTreeMap< std::string , int32_t> = BTreeMap::new ();
          |          ^~~~~~
    /home/sonygod/projects/nu/temp_examples_cpp/btreemap-test/btreemap-test.cpp:11:27: error: qualified-id in declaration before '<' token
       11 |     auto scores : BTreeMap< std::string , int32_t> = BTreeMap::new ();
          |                           ^
    /home/sonygod/projects/nu/temp_examples_cpp/btreemap-test/btreemap-test.cpp:12:5: error: 'scores' was not declared in this scope
       12 |     scores.insert(std::string::from ("Charlie"), 30);
          |     ^~~~~~
    /home/sonygod/projects/nu/temp_examples_cpp/btreemap-test/btreemap-test.cpp:12:32: error: 'from' is not a member of 'std::string' {aka 'std::__cxx11::basic_string<char>'}
       12 |     scores.insert(std::string::from ("Charlie"), 30);
          |                                ^~~~
    /home/sonygod/projects/nu/temp_examples_cpp/btreemap-test/btreemap-test.cpp:13:32: error: 'from' is not a member of 'std::string' {aka 'std::__cxx11::basic_string<char>'}
       13 |     scores.insert(std::string::from ("Alice"), 10);
          |                                ^~~~
    /home/sonygod/projects/nu/temp_examples_cpp/btreemap-test/btreemap-test.cpp:14:32: error: 'from' is not a member of 'std::string' {aka 'std::__cxx11::basic_string<char>'}
       14 |     scores.insert(std::string::from ("Bob"), 20);
          |                                ^~~~
    /home/sonygod/projects/nu/temp_examples_cpp/btreemap-test/btreemap-test.cpp:15:32: error: 'from' is not a member of 'std::string' {aka 'std::__cxx11::basic_string<char>'}
       15 |     scores.insert(std::string::from ("David"), 40);
          |                                ^~~~
    /home/sonygod/projects/nu/temp_examples_cpp/btreemap-test/btreemap-test.cpp:16:41: error: 'from' is not a member of 'std::string' {aka 'std::__cxx11::basic_string<char>'}
       16 |     const auto team_name = std::string::from ("Bob");
          |                                         ^~~~
    /home/sonygod/projects/nu/temp_examples_cpp/btreemap-test/btreemap-test.cpp:18:5: error: 'match' was not declared in this scope; did you mean 'rpmatch'?

[0;34m[4] å¤„ç†æ–‡ä»¶: [0;32mclosures.nu[0m
----------------------------------------
  [1;33m[1/4][0m Nu -> C++ è½¬æ¢...
  [0;32mâœ“[0m Nu -> C++ æˆåŠŸ
  [1;33m[2/4][0m åˆ›å»ºç‹¬ç«‹æ„å»ºç›®å½•...
  [0;32mâœ“[0m æ„å»ºç›®å½•å’ŒCMakeLists.txtåˆ›å»ºæˆåŠŸ
  [1;33m[3/4][0m CMake é…ç½®...
  [0;32mâœ“[0m CMake é…ç½®æˆåŠŸ
  [1;33m[4/4][0m ç¼–è¯‘éªŒè¯...
[ 50%] Building CXX object CMakeFiles/closures.dir/closures.cpp.o
  [0;31mâœ—[0m ç¼–è¯‘å¤±è´¥
  [0;31mç¼–è¯‘é”™è¯¯ä¿¡æ¯:[0m
    /home/sonygod/projects/nu/temp_examples_cpp/closures/closures.cpp: In function 'int main()':
    /home/sonygod/projects/nu/temp_examples_cpp/closures/closures.cpp:15:26: error: expected primary-expression before '|' token
       15 |     const auto add_one = |x: int32_t| -> int32_t {
          |                          ^
    /home/sonygod/projects/nu/temp_examples_cpp/closures/closures.cpp:15:28: error: found ':' in nested-name-specifier, expected '::'
       15 |     const auto add_one = |x: int32_t| -> int32_t {
          |                            ^
          |                            ::
    /home/sonygod/projects/nu/temp_examples_cpp/closures/closures.cpp:15:27: error: 'x' has not been declared
       15 |     const auto add_one = |x: int32_t| -> int32_t {
          |                           ^
    /home/sonygod/projects/nu/temp_examples_cpp/closures/closures.cpp:15:39: error: expected primary-expression before '->' token
       15 |     const auto add_one = |x: int32_t| -> int32_t {
          |                                       ^~
    /home/sonygod/projects/nu/temp_examples_cpp/closures/closures.cpp:19:26: error: expected primary-expression before '|' token
       19 |     const auto add_two = |x| x + 2;
          |                          ^
    /home/sonygod/projects/nu/temp_examples_cpp/closures/closures.cpp:19:27: error: 'x' was not declared in this scope
       19 |     const auto add_two = |x| x + 2;
          |                           ^
    /home/sonygod/projects/nu/temp_examples_cpp/closures/closures.cpp:21:22: error: expected primary-expression before '|' token
       21 |     const auto add = |x, y| x + y;
          |                      ^
    /home/sonygod/projects/nu/temp_examples_cpp/closures/closures.cpp:23:28: error: expected primary-expression before '||' token
       23 |     const auto say_hello = || std::cout<< "Hello!"<< std::endl;
          |                            ^~
    /home/sonygod/projects/nu/temp_examples_cpp/closures/closures.cpp:25:26: error: expected primary-expression before '|' token
       25 |     const auto complex = |x: int32_t| {
          |                          ^
    /home/sonygod/projects/nu/temp_examples_cpp/closures/closures.cpp:25:28: error: found ':' in nested-name-specifier, expected '::'

[0;34m[5] å¤„ç†æ–‡ä»¶: [0;32mcomplex-chain-test.nu[0m
----------------------------------------
  [1;33m[1/4][0m Nu -> C++ è½¬æ¢...
  [0;32mâœ“[0m Nu -> C++ æˆåŠŸ
  [1;33m[2/4][0m åˆ›å»ºç‹¬ç«‹æ„å»ºç›®å½•...
  [0;32mâœ“[0m æ„å»ºç›®å½•å’ŒCMakeLists.txtåˆ›å»ºæˆåŠŸ
  [1;33m[3/4][0m CMake é…ç½®...
  [0;32mâœ“[0m CMake é…ç½®æˆåŠŸ
  [1;33m[4/4][0m ç¼–è¯‘éªŒè¯...
[ 50%] Building CXX object CMakeFiles/complex-chain-test.dir/complex-chain-test.cpp.o
  [0;31mâœ—[0m ç¼–è¯‘å¤±è´¥
  [0;31mç¼–è¯‘é”™è¯¯ä¿¡æ¯:[0m
    /home/sonygod/projects/nu/temp_examples_cpp/complex-chain-test/complex-chain-test.cpp: In function 'int main()':
    /home/sonygod/projects/nu/temp_examples_cpp/complex-chain-test/complex-chain-test.cpp:10:34: error: 'const class std::vector<int>' has no member named 'iter'
       10 |     const auto result1 = numbers.iter().map(|x| x + 1).map(|x| x * 2).map(|x| x - 3).collect();
          |                                  ^~~~
    /home/sonygod/projects/nu/temp_examples_cpp/complex-chain-test/complex-chain-test.cpp:10:45: error: expected primary-expression before '|' token
       10 |     const auto result1 = numbers.iter().map(|x| x + 1).map(|x| x * 2).map(|x| x - 3).collect();
          |                                             ^
    /home/sonygod/projects/nu/temp_examples_cpp/complex-chain-test/complex-chain-test.cpp:10:46: error: 'x' was not declared in this scope
       10 |     const auto result1 = numbers.iter().map(|x| x + 1).map(|x| x * 2).map(|x| x - 3).collect();
          |                                              ^
    /home/sonygod/projects/nu/temp_examples_cpp/complex-chain-test/complex-chain-test.cpp:10:60: error: expected primary-expression before '|' token
       10 |     const auto result1 = numbers.iter().map(|x| x + 1).map(|x| x * 2).map(|x| x - 3).collect();
          |                                                            ^
    /home/sonygod/projects/nu/temp_examples_cpp/complex-chain-test/complex-chain-test.cpp:10:75: error: expected primary-expression before '|' token
       10 |     const auto result1 = numbers.iter().map(|x| x + 1).map(|x| x * 2).map(|x| x - 3).collect();
          |                                                                           ^
    /home/sonygod/projects/nu/temp_examples_cpp/complex-chain-test/complex-chain-test.cpp:11:34: error: 'const class std::vector<int>' has no member named 'iter'
       11 |     const auto result2 = numbers.iter().map(|x| x * 2).filter(|x| * x > 5).map(|x| x + 10).filter(|x| * x < 30).collect();
          |                                  ^~~~
    /home/sonygod/projects/nu/temp_examples_cpp/complex-chain-test/complex-chain-test.cpp:11:45: error: expected primary-expression before '|' token
       11 |     const auto result2 = numbers.iter().map(|x| x * 2).filter(|x| * x > 5).map(|x| x + 10).filter(|x| * x < 30).collect();
          |                                             ^
    /home/sonygod/projects/nu/temp_examples_cpp/complex-chain-test/complex-chain-test.cpp:11:63: error: expected primary-expression before '|' token
       11 |     const auto result2 = numbers.iter().map(|x| x * 2).filter(|x| * x > 5).map(|x| x + 10).filter(|x| * x < 30).collect();
          |                                                               ^
    /home/sonygod/projects/nu/temp_examples_cpp/complex-chain-test/complex-chain-test.cpp:11:80: error: expected primary-expression before '|' token
       11 |     const auto result2 = numbers.iter().map(|x| x * 2).filter(|x| * x > 5).map(|x| x + 10).filter(|x| * x < 30).collect();
          |                                                                                ^
    /home/sonygod/projects/nu/temp_examples_cpp/complex-chain-test/complex-chain-test.cpp:11:99: error: expected primary-expression before '|' token
       11 |     const auto result2 = numbers.iter().map(|x| x * 2).filter(|x| * x > 5).map(|x| x + 10).filter(|x| * x < 30).collect();

[0;34m[6] å¤„ç†æ–‡ä»¶: [0;32mconcurrency-pointers.nu[0m
----------------------------------------
  [1;33m[1/4][0m Nu -> C++ è½¬æ¢...
  [0;32mâœ“[0m Nu -> C++ æˆåŠŸ
  [1;33m[2/4][0m åˆ›å»ºç‹¬ç«‹æ„å»ºç›®å½•...
  [0;32mâœ“[0m æ„å»ºç›®å½•å’ŒCMakeLists.txtåˆ›å»ºæˆåŠŸ
  [1;33m[3/4][0m CMake é…ç½®...
  [0;32mâœ“[0m CMake é…ç½®æˆåŠŸ
  [1;33m[4/4][0m ç¼–è¯‘éªŒè¯...
[ 50%] Building CXX object CMakeFiles/concurrency-pointers.dir/concurrency-pointers.cpp.o
  [0;31mâœ—[0m ç¼–è¯‘å¤±è´¥
  [0;31mç¼–è¯‘é”™è¯¯ä¿¡æ¯:[0m
    /home/sonygod/projects/nu/temp_examples_cpp/concurrency-pointers/concurrency-pointers.cpp: In function 'int main()':
    /home/sonygod/projects/nu/temp_examples_cpp/concurrency-pointers/concurrency-pointers.cpp:19:25: error: 'thread' has not been declared
       19 |     const auto handle = thread :: spawn (| | { println ! ("  çº¿ç¨‹ä¸­: Hello from spawned thread!") ; 42 });
          |                         ^~~~~~
    /home/sonygod/projects/nu/temp_examples_cpp/concurrency-pointers/concurrency-pointers.cpp:19:42: error: expected primary-expression before '|' token
       19 |     const auto handle = thread :: spawn (| | { println ! ("  çº¿ç¨‹ä¸­: Hello from spawned thread!") ; 42 });
          |                                          ^
    /home/sonygod/projects/nu/temp_examples_cpp/concurrency-pointers/concurrency-pointers.cpp:19:44: error: expected primary-expression before '|' token
       19 |     const auto handle = thread :: spawn (| | { println ! ("  çº¿ç¨‹ä¸­: Hello from spawned thread!") ; 42 });
          |                                            ^
    /home/sonygod/projects/nu/temp_examples_cpp/concurrency-pointers/concurrency-pointers.cpp:19:46: error: expected primary-expression before '{' token
       19 |     const auto handle = thread :: spawn (| | { println ! ("  çº¿ç¨‹ä¸­: Hello from spawned thread!") ; 42 });
          |                                              ^
    /home/sonygod/projects/nu/temp_examples_cpp/concurrency-pointers/concurrency-pointers.cpp:21:26: error: 'A' has not been declared
       21 |     const auto counter = A::new (X::new (0));
          |                          ^
    /home/sonygod/projects/nu/temp_examples_cpp/concurrency-pointers/concurrency-pointers.cpp:21:29: error: expected unqualified-id before 'new'
       21 |     const auto counter = A::new (X::new (0));
          |                             ^~~
    /home/sonygod/projects/nu/temp_examples_cpp/concurrency-pointers/concurrency-pointers.cpp:22:36: error: template argument 1 is invalid
       22 |     auto handles = std::vector<auto>{};
          |                                    ^
    /home/sonygod/projects/nu/temp_examples_cpp/concurrency-pointers/concurrency-pointers.cpp:22:36: error: template argument 2 is invalid
    /home/sonygod/projects/nu/temp_examples_cpp/concurrency-pointers/concurrency-pointers.cpp:23:9: error: expected '(' before 'i'
       23 |     for i in 0 .. 5 { let counter_clone = A::clone (& counter) ; let handle = thread::spawn (move | | { let mut num = counter_clone . lock () . unwrap () ; * num += 1 ; println ! std::tuple<"  çº¿ç¨‹ {} å¢åŠ è®¡æ•°å™¨" , i> ; }) ; handles . push (handle) ; }
          |         ^
          |         (
    /home/sonygod/projects/nu/temp_examples_cpp/concurrency-pointers/concurrency-pointers.cpp:23:9: error: 'i' was not declared in this scope
    /home/sonygod/projects/nu/temp_examples_cpp/concurrency-pointers/concurrency-pointers.cpp:24:5: error: expected primary-expression before 'for'
       24 |     for handle in handles { handle . join () . unwrap () ; }

[0;34m[7] å¤„ç†æ–‡ä»¶: [0;32mconcurrency-simple.nu[0m
----------------------------------------
  [1;33m[1/4][0m Nu -> C++ è½¬æ¢...
  [0;32mâœ“[0m Nu -> C++ æˆåŠŸ
  [1;33m[2/4][0m åˆ›å»ºç‹¬ç«‹æ„å»ºç›®å½•...
  [0;32mâœ“[0m æ„å»ºç›®å½•å’ŒCMakeLists.txtåˆ›å»ºæˆåŠŸ
  [1;33m[3/4][0m CMake é…ç½®...
  [0;32mâœ“[0m CMake é…ç½®æˆåŠŸ
  [1;33m[4/4][0m ç¼–è¯‘éªŒè¯...
[ 50%] Building CXX object CMakeFiles/concurrency-simple.dir/concurrency-simple.cpp.o
  [0;31mâœ—[0m ç¼–è¯‘å¤±è´¥
  [0;31mç¼–è¯‘é”™è¯¯ä¿¡æ¯:[0m
    /home/sonygod/projects/nu/temp_examples_cpp/concurrency-simple/concurrency-simple.cpp: In function 'int main()':
    /home/sonygod/projects/nu/temp_examples_cpp/concurrency-simple/concurrency-simple.cpp:13:25: error: 'thread' has not been declared
       13 |     const auto handle = thread :: spawn (| | { println ! ("  çº¿ç¨‹ä¸­: Hello from spawned thread!") ; 42 });
          |                         ^~~~~~
    /home/sonygod/projects/nu/temp_examples_cpp/concurrency-simple/concurrency-simple.cpp:13:42: error: expected primary-expression before '|' token
       13 |     const auto handle = thread :: spawn (| | { println ! ("  çº¿ç¨‹ä¸­: Hello from spawned thread!") ; 42 });
          |                                          ^
    /home/sonygod/projects/nu/temp_examples_cpp/concurrency-simple/concurrency-simple.cpp:13:44: error: expected primary-expression before '|' token
       13 |     const auto handle = thread :: spawn (| | { println ! ("  çº¿ç¨‹ä¸­: Hello from spawned thread!") ; 42 });
          |                                            ^
    /home/sonygod/projects/nu/temp_examples_cpp/concurrency-simple/concurrency-simple.cpp:13:46: error: expected primary-expression before '{' token
       13 |     const auto handle = thread :: spawn (| | { println ! ("  çº¿ç¨‹ä¸­: Hello from spawned thread!") ; 42 });
          |                                              ^
    /home/sonygod/projects/nu/temp_examples_cpp/concurrency-simple/concurrency-simple.cpp:15:36: error: template argument 1 is invalid
       15 |     auto handles = std::vector<auto>{};
          |                                    ^
    /home/sonygod/projects/nu/temp_examples_cpp/concurrency-simple/concurrency-simple.cpp:15:36: error: template argument 2 is invalid
    /home/sonygod/projects/nu/temp_examples_cpp/concurrency-simple/concurrency-simple.cpp:16:9: error: expected '(' before 'i'
       16 |     for i in 1 ..= 4 { let handle = thread::spawn (move | | { let result = i * i ; println ! ("  çº¿ç¨‹ {} è®¡ç®—: {} * {} = {}" , i , i , i , result) ; result }) ; handles . push (handle) ; }
          |         ^
          |         (
    /home/sonygod/projects/nu/temp_examples_cpp/concurrency-simple/concurrency-simple.cpp:16:9: error: 'i' was not declared in this scope
    /home/sonygod/projects/nu/temp_examples_cpp/concurrency-simple/concurrency-simple.cpp:17:20: error: 'V' has not been declared
       17 |     auto results = V::new ();
          |                    ^
    /home/sonygod/projects/nu/temp_examples_cpp/concurrency-simple/concurrency-simple.cpp:17:23: error: expected unqualified-id before 'new'
       17 |     auto results = V::new ();
          |                       ^~~
    /home/sonygod/projects/nu/temp_examples_cpp/concurrency-simple/concurrency-simple.cpp:17:23: error: expected ';' before 'new'
       17 |     auto results = V::new ();

[0;34m[8] å¤„ç†æ–‡ä»¶: [0;32menums.nu[0m
----------------------------------------
  [1;33m[1/4][0m Nu -> C++ è½¬æ¢...
  [0;32mâœ“[0m Nu -> C++ æˆåŠŸ
  [1;33m[2/4][0m åˆ›å»ºç‹¬ç«‹æ„å»ºç›®å½•...
  [0;32mâœ“[0m æ„å»ºç›®å½•å’ŒCMakeLists.txtåˆ›å»ºæˆåŠŸ
  [1;33m[3/4][0m CMake é…ç½®...
  [0;32mâœ“[0m CMake é…ç½®æˆåŠŸ
  [1;33m[4/4][0m ç¼–è¯‘éªŒè¯...
[ 50%] Building CXX object CMakeFiles/enums.dir/enums.cpp.o
  [0;31mâœ—[0m ç¼–è¯‘å¤±è´¥
  [0;31mç¼–è¯‘é”™è¯¯ä¿¡æ¯:[0m
    /home/sonygod/projects/nu/temp_examples_cpp/enums/enums.cpp:17:10: error: expected '}' before '{' token
       17 |     Move { x: int32_t, y: int32_t }    ,
          |          ^
    /home/sonygod/projects/nu/temp_examples_cpp/enums/enums.cpp:15:14: note: to match this '{'
       15 | enum Message {
          |              ^
    /home/sonygod/projects/nu/temp_examples_cpp/enums/enums.cpp:17:10: error: expected unqualified-id before '{' token
       17 |     Move { x: int32_t, y: int32_t }    ,
          |          ^
    /home/sonygod/projects/nu/temp_examples_cpp/enums/enums.cpp:17:40: error: expected unqualified-id before ',' token
       17 |     Move { x: int32_t, y: int32_t }    ,
          |                                        ^
    /home/sonygod/projects/nu/temp_examples_cpp/enums/enums.cpp:18:27: error: expected constructor, destructor, or type conversion before ',' token
       18 |     Write(std::string)    ,
          |                           ^
    /home/sonygod/projects/nu/temp_examples_cpp/enums/enums.cpp:19:47: error: expected constructor, destructor, or type conversion before ',' token
       19 |     ChangeColor(int32_t, int32_t, int32_t)    ,
          |                                               ^
    /home/sonygod/projects/nu/temp_examples_cpp/enums/enums.cpp:20:1: error: expected unqualified-id before '}' token
       20 | }
          | ^
    /home/sonygod/projects/nu/temp_examples_cpp/enums/enums.cpp:20:1: error: expected declaration before '}' token
    /home/sonygod/projects/nu/temp_examples_cpp/enums/enums.cpp: In function 'std::string direction_to_string(Direction)':
    /home/sonygod/projects/nu/temp_examples_cpp/enums/enums.cpp:23:5: error: 'match' was not declared in this scope; did you mean 'rpmatch'?
       23 |     match dir { Direction::North => "åŒ—" . to_string () , Direction::South => "å—" . to_string () , Direction::East => "ä¸œ" . to_string () , Direction::West => "è¥¿" . to_string () , }
          |     ^~~~~
          |     rpmatch
    /home/sonygod/projects/nu/temp_examples_cpp/enums/enums.cpp:24:1: warning: no return statement in function returning non-void [-Wreturn-type]
       24 | }
          | ^

[0;34m[9] å¤„ç†æ–‡ä»¶: [0;32merror-handling.nu[0m
----------------------------------------
  [1;33m[1/4][0m Nu -> C++ è½¬æ¢...
  [0;32mâœ“[0m Nu -> C++ æˆåŠŸ
  [1;33m[2/4][0m åˆ›å»ºç‹¬ç«‹æ„å»ºç›®å½•...
  [0;32mâœ“[0m æ„å»ºç›®å½•å’ŒCMakeLists.txtåˆ›å»ºæˆåŠŸ
  [1;33m[3/4][0m CMake é…ç½®...
  [0;32mâœ“[0m CMake é…ç½®æˆåŠŸ
  [1;33m[4/4][0m ç¼–è¯‘éªŒè¯...
[ 50%] Building CXX object CMakeFiles/error-handling.dir/error-handling.cpp.o
  [0;31mâœ—[0m ç¼–è¯‘å¤±è´¥
  [0;31mç¼–è¯‘é”™è¯¯ä¿¡æ¯:[0m
    /home/sonygod/projects/nu/temp_examples_cpp/error-handling/error-handling.cpp:97:83: warning: missing terminating " character
       97 |     match test_map () { Ok (v) => println ! ("map result = > println ! ("map error") , }
          |                                                                                   ^
    /home/sonygod/projects/nu/temp_examples_cpp/error-handling/error-handling.cpp:97:83: error: missing terminating " character
       97 |     match test_map () { Ok (v) => println ! ("map result = > println ! ("map error") , }
          |                                                                                   ^~~~~~
    /home/sonygod/projects/nu/temp_examples_cpp/error-handling/error-handling.cpp:98:98: warning: missing terminating " character
       98 |     match test_and_then () { Ok (v) => println ! ("and_then result = > println ! ("and_then error") , }
          |                                                                                                  ^
    /home/sonygod/projects/nu/temp_examples_cpp/error-handling/error-handling.cpp:98:98: error: missing terminating " character
       98 |     match test_and_then () { Ok (v) => println ! ("and_then result = > println ! ("and_then error") , }
          |                                                                                                  ^~~~~~
    /home/sonygod/projects/nu/temp_examples_cpp/error-handling/error-handling.cpp:100:122: warning: missing terminating " character
      100 |     match calculate_with_propagation () { Ok (result) => println ! ("propagation result = > println ! ("propagation error") , }
          |                                                                                                                          ^
    /home/sonygod/projects/nu/temp_examples_cpp/error-handling/error-handling.cpp:100:122: error: missing terminating " character
      100 |     match calculate_with_propagation () { Ok (result) => println ! ("propagation result = > println ! ("propagation error") , }
          |                                                                                                                          ^~~~~~
    /home/sonygod/projects/nu/temp_examples_cpp/error-handling/error-handling.cpp:101:103: warning: missing terminating " character
      101 |     match test_chaining () { Ok (result) => println ! ("chaining result = > println ! ("chaining error") , }
          |                                                                                                       ^
    /home/sonygod/projects/nu/temp_examples_cpp/error-handling/error-handling.cpp:101:103: error: missing terminating " character
      101 |     match test_chaining () { Ok (result) => println ! ("chaining result = > println ! ("chaining error") , }
          |                                                                                                       ^~~~~~
    /home/sonygod/projects/nu/temp_examples_cpp/error-handling/error-handling.cpp:15:21: error: expected initializer before '<' token
       15 | static std::expected< int32_t , MyError> divide(int32_t a, int32_t b) {
          |                     ^
    /home/sonygod/projects/nu/temp_examples_cpp/error-handling/error-handling.cpp: In function 'std::optional<std::__cxx11::basic_string<char> > find_user(int32_t)':
    /home/sonygod/projects/nu/temp_examples_cpp/error-handling/error-handling.cpp:20:36: error: request for member 'to_string' in '"Alice"', which is of non-class type 'const char [6]'
       20 |     if (id == 1) { Some ("Alice" . to_string ()) } else { std::nullopt }

[0;34m[10] å¤„ç†æ–‡ä»¶: [0;32mgenerics.nu[0m
----------------------------------------
  [1;33m[1/4][0m Nu -> C++ è½¬æ¢...
  [0;32mâœ“[0m Nu -> C++ æˆåŠŸ
  [1;33m[2/4][0m åˆ›å»ºç‹¬ç«‹æ„å»ºç›®å½•...
  [0;32mâœ“[0m æ„å»ºç›®å½•å’ŒCMakeLists.txtåˆ›å»ºæˆåŠŸ
  [1;33m[3/4][0m CMake é…ç½®...
  [0;32mâœ“[0m CMake é…ç½®æˆåŠŸ
  [1;33m[4/4][0m ç¼–è¯‘éªŒè¯...
[ 50%] Building CXX object CMakeFiles/generics.dir/generics.cpp.o
  [0;31mâœ—[0m ç¼–è¯‘å¤±è´¥
  [0;31mç¼–è¯‘é”™è¯¯ä¿¡æ¯:[0m
    /home/sonygod/projects/nu/temp_examples_cpp/generics/generics.cpp:8:8: error: 'Container' is not a class template
        8 | struct Container< T> {
          |        ^~~~~~~~~
    /home/sonygod/projects/nu/temp_examples_cpp/generics/generics.cpp:8:19: error: 'T' was not declared in this scope
        8 | struct Container< T> {
          |                   ^
    /home/sonygod/projects/nu/temp_examples_cpp/generics/generics.cpp:10:5: error: 'T' does not name a type
       10 |     T value;
          |     ^
    /home/sonygod/projects/nu/temp_examples_cpp/generics/generics.cpp:13:8: error: 'Pair' is not a class template
       13 | struct Pair< T , U> {
          |        ^~~~
    /home/sonygod/projects/nu/temp_examples_cpp/generics/generics.cpp:13:14: error: 'T' was not declared in this scope
       13 | struct Pair< T , U> {
          |              ^
    /home/sonygod/projects/nu/temp_examples_cpp/generics/generics.cpp:13:18: error: 'U' was not declared in this scope
       13 | struct Pair< T , U> {
          |                  ^
    /home/sonygod/projects/nu/temp_examples_cpp/generics/generics.cpp:14:5: error: 'T' does not name a type
       14 |     T first;
          |     ^
    /home/sonygod/projects/nu/temp_examples_cpp/generics/generics.cpp:15:5: error: 'U' does not name a type
       15 |     U second;
          |     ^
    /home/sonygod/projects/nu/temp_examples_cpp/generics/generics.cpp:18:8: error: 'T' does not name a type
       18 | static T identity< T>(T value) {
          |        ^
    /home/sonygod/projects/nu/temp_examples_cpp/generics/generics.cpp:22:8: error: 'T' does not name a type
       22 | static T max_value< T>(T a, T b) {
          |        ^

[0;34m[11] å¤„ç†æ–‡ä»¶: [0;32mgenerics_test.nu[0m
----------------------------------------
  [1;33m[1/4][0m Nu -> C++ è½¬æ¢...
  [0;32mâœ“[0m Nu -> C++ æˆåŠŸ
  [1;33m[2/4][0m åˆ›å»ºç‹¬ç«‹æ„å»ºç›®å½•...
  [0;32mâœ“[0m æ„å»ºç›®å½•å’ŒCMakeLists.txtåˆ›å»ºæˆåŠŸ
  [1;33m[3/4][0m CMake é…ç½®...
  [0;32mâœ“[0m CMake é…ç½®æˆåŠŸ
  [1;33m[4/4][0m ç¼–è¯‘éªŒè¯...
[ 50%] Building CXX object CMakeFiles/generics_test.dir/generics_test.cpp.o
  [0;31mâœ—[0m ç¼–è¯‘å¤±è´¥
  [0;31mç¼–è¯‘é”™è¯¯ä¿¡æ¯:[0m
    /home/sonygod/projects/nu/temp_examples_cpp/generics_test/generics_test.cpp:8:8: error: 'Container' is not a class template
        8 | struct Container< T> {
          |        ^~~~~~~~~
    /home/sonygod/projects/nu/temp_examples_cpp/generics_test/generics_test.cpp:8:19: error: 'T' was not declared in this scope
        8 | struct Container< T> {
          |                   ^
    /home/sonygod/projects/nu/temp_examples_cpp/generics_test/generics_test.cpp:10:5: error: 'T' does not name a type
       10 |     T value;
          |     ^
    /home/sonygod/projects/nu/temp_examples_cpp/generics_test/generics_test.cpp:13:8: error: 'Pair' is not a class template
       13 | struct Pair< T , U> {
          |        ^~~~
    /home/sonygod/projects/nu/temp_examples_cpp/generics_test/generics_test.cpp:13:14: error: 'T' was not declared in this scope
       13 | struct Pair< T , U> {
          |              ^
    /home/sonygod/projects/nu/temp_examples_cpp/generics_test/generics_test.cpp:13:18: error: 'U' was not declared in this scope
       13 | struct Pair< T , U> {
          |                  ^
    /home/sonygod/projects/nu/temp_examples_cpp/generics_test/generics_test.cpp:14:5: error: 'T' does not name a type
       14 |     T first;
          |     ^
    /home/sonygod/projects/nu/temp_examples_cpp/generics_test/generics_test.cpp:15:5: error: 'U' does not name a type
       15 |     U second;
          |     ^
    /home/sonygod/projects/nu/temp_examples_cpp/generics_test/generics_test.cpp:18:8: error: 'T' does not name a type
       18 | static T identity< T>(T value) {
          |        ^
    /home/sonygod/projects/nu/temp_examples_cpp/generics_test/generics_test.cpp:22:1: error: 'I' does not name a type
       22 | I< T> Container< T> {
          | ^

[0;34m[12] å¤„ç†æ–‡ä»¶: [0;32mhashmap-test.nu[0m
----------------------------------------
  [1;33m[1/4][0m Nu -> C++ è½¬æ¢...
  [0;32mâœ“[0m Nu -> C++ æˆåŠŸ
  [1;33m[2/4][0m åˆ›å»ºç‹¬ç«‹æ„å»ºç›®å½•...
  [0;32mâœ“[0m æ„å»ºç›®å½•å’ŒCMakeLists.txtåˆ›å»ºæˆåŠŸ
  [1;33m[3/4][0m CMake é…ç½®...
  [0;32mâœ“[0m CMake é…ç½®æˆåŠŸ
  [1;33m[4/4][0m ç¼–è¯‘éªŒè¯...
[ 50%] Building CXX object CMakeFiles/hashmap-test.dir/hashmap-test.cpp.o
  [0;31mâœ—[0m ç¼–è¯‘å¤±è´¥
  [0;31mç¼–è¯‘é”™è¯¯ä¿¡æ¯:[0m
    /home/sonygod/projects/nu/temp_examples_cpp/hashmap-test/hashmap-test.cpp: In function 'int main()':
    /home/sonygod/projects/nu/temp_examples_cpp/hashmap-test/hashmap-test.cpp:11:17: error: found ':' in nested-name-specifier, expected '::'
       11 |     auto scores : HashMap< std::string , int32_t> = HashMap::new ();
          |                 ^
          |                 ::
    /home/sonygod/projects/nu/temp_examples_cpp/hashmap-test/hashmap-test.cpp:11:10: error: 'scores' has not been declared
       11 |     auto scores : HashMap< std::string , int32_t> = HashMap::new ();
          |          ^~~~~~
    /home/sonygod/projects/nu/temp_examples_cpp/hashmap-test/hashmap-test.cpp:11:26: error: qualified-id in declaration before '<' token
       11 |     auto scores : HashMap< std::string , int32_t> = HashMap::new ();
          |                          ^
    /home/sonygod/projects/nu/temp_examples_cpp/hashmap-test/hashmap-test.cpp:12:5: error: 'scores' was not declared in this scope
       12 |     scores.insert(std::string::from ("Blue"), 10);
          |     ^~~~~~
    /home/sonygod/projects/nu/temp_examples_cpp/hashmap-test/hashmap-test.cpp:12:32: error: 'from' is not a member of 'std::string' {aka 'std::__cxx11::basic_string<char>'}
       12 |     scores.insert(std::string::from ("Blue"), 10);
          |                                ^~~~
    /home/sonygod/projects/nu/temp_examples_cpp/hashmap-test/hashmap-test.cpp:13:32: error: 'from' is not a member of 'std::string' {aka 'std::__cxx11::basic_string<char>'}
       13 |     scores.insert(std::string::from ("Yellow"), 50);
          |                                ^~~~
    /home/sonygod/projects/nu/temp_examples_cpp/hashmap-test/hashmap-test.cpp:14:41: error: 'from' is not a member of 'std::string' {aka 'std::__cxx11::basic_string<char>'}
       14 |     const auto team_name = std::string::from ("Blue");
          |                                         ^~~~
    /home/sonygod/projects/nu/temp_examples_cpp/hashmap-test/hashmap-test.cpp:16:5: error: 'match' was not declared in this scope; did you mean 'rpmatch'?
       16 |     match score { Some (s) => println ! ("Blue team score: {}" , s) , std::nullopt => println ! ("Team not found") , }
          |     ^~~~~
          |     rpmatch
    /home/sonygod/projects/nu/temp_examples_cpp/hashmap-test/hashmap-test.cpp:17:47: error: 'from' is not a member of 'std::string' {aka 'std::__cxx11::basic_string<char>'}
       17 |     if (scores . contains_key (& std::string::from ("Blue"))) { println ! ("Blue team exists") ; }
          |                                               ^~~~

[0;34m[13] å¤„ç†æ–‡ä»¶: [0;32mhashset-test.nu[0m
----------------------------------------
  [1;33m[1/4][0m Nu -> C++ è½¬æ¢...
  [0;32mâœ“[0m Nu -> C++ æˆåŠŸ
  [1;33m[2/4][0m åˆ›å»ºç‹¬ç«‹æ„å»ºç›®å½•...
  [0;32mâœ“[0m æ„å»ºç›®å½•å’ŒCMakeLists.txtåˆ›å»ºæˆåŠŸ
  [1;33m[3/4][0m CMake é…ç½®...
  [0;32mâœ“[0m CMake é…ç½®æˆåŠŸ
  [1;33m[4/4][0m ç¼–è¯‘éªŒè¯...
[ 50%] Building CXX object CMakeFiles/hashset-test.dir/hashset-test.cpp.o
  [0;31mâœ—[0m ç¼–è¯‘å¤±è´¥
  [0;31mç¼–è¯‘é”™è¯¯ä¿¡æ¯:[0m
    /home/sonygod/projects/nu/temp_examples_cpp/hashset-test/hashset-test.cpp: In function 'int main()':
    /home/sonygod/projects/nu/temp_examples_cpp/hashset-test/hashset-test.cpp:11:15: error: found ':' in nested-name-specifier, expected '::'
       11 |     auto set1 : HashSet< int32_t> = HashSet::new ();
          |               ^
          |               ::
    /home/sonygod/projects/nu/temp_examples_cpp/hashset-test/hashset-test.cpp:11:10: error: 'set1' has not been declared
       11 |     auto set1 : HashSet< int32_t> = HashSet::new ();
          |          ^~~~
    /home/sonygod/projects/nu/temp_examples_cpp/hashset-test/hashset-test.cpp:11:24: error: qualified-id in declaration before '<' token
       11 |     auto set1 : HashSet< int32_t> = HashSet::new ();
          |                        ^
    /home/sonygod/projects/nu/temp_examples_cpp/hashset-test/hashset-test.cpp:12:28: error: 'set1' was not declared in this scope
       12 |     const auto inserted1 = set1.insert(1);
          |                            ^~~~
    /home/sonygod/projects/nu/temp_examples_cpp/hashset-test/hashset-test.cpp:15:41: error: lvalue required as unary '&' operand
       15 |     const auto removed1 = set1.remove(& 1);
          |                                         ^
    /home/sonygod/projects/nu/temp_examples_cpp/hashset-test/hashset-test.cpp:16:41: error: lvalue required as unary '&' operand
       16 |     const auto removed2 = set1.remove(& 3);
          |                                         ^
    /home/sonygod/projects/nu/temp_examples_cpp/hashset-test/hashset-test.cpp:17:15: error: found ':' in nested-name-specifier, expected '::'
       17 |     auto set2 : HashSet< int32_t> = HashSet::new ();
          |               ^
          |               ::
    /home/sonygod/projects/nu/temp_examples_cpp/hashset-test/hashset-test.cpp:17:10: error: 'set2' has not been declared
       17 |     auto set2 : HashSet< int32_t> = HashSet::new ();
          |          ^~~~
    /home/sonygod/projects/nu/temp_examples_cpp/hashset-test/hashset-test.cpp:17:24: error: qualified-id in declaration before '<' token
       17 |     auto set2 : HashSet< int32_t> = HashSet::new ();
          |                        ^

[0;34m[14] å¤„ç†æ–‡ä»¶: [0;32mhello.nu[0m
----------------------------------------
  [1;33m[1/4][0m Nu -> C++ è½¬æ¢...
  [0;32mâœ“[0m Nu -> C++ æˆåŠŸ
  [1;33m[2/4][0m åˆ›å»ºç‹¬ç«‹æ„å»ºç›®å½•...
  [0;32mâœ“[0m æ„å»ºç›®å½•å’ŒCMakeLists.txtåˆ›å»ºæˆåŠŸ
  [1;33m[3/4][0m CMake é…ç½®...
  [0;32mâœ“[0m CMake é…ç½®æˆåŠŸ
  [1;33m[4/4][0m ç¼–è¯‘éªŒè¯...
[ 50%] Building CXX object CMakeFiles/hello.dir/hello.cpp.o
  [0;31mâœ—[0m ç¼–è¯‘å¤±è´¥
  [0;31mç¼–è¯‘é”™è¯¯ä¿¡æ¯:[0m
    /home/sonygod/projects/nu/temp_examples_cpp/hello/hello.cpp: In function 'std::string hello_world()':
    /home/sonygod/projects/nu/temp_examples_cpp/hello/hello.cpp:9:21: error: request for member 'to_string' in '"Hello, World!"', which is of non-class type 'const char [14]'
        9 |     "Hello, World!".to_string()
          |                     ^~~~~~~~~
    /home/sonygod/projects/nu/temp_examples_cpp/hello/hello.cpp:10:1: warning: no return statement in function returning non-void [-Wreturn-type]
       10 | }
          | ^
    /home/sonygod/projects/nu/temp_examples_cpp/hello/hello.cpp: In function 'int32_t add(int32_t, int32_t)':
    /home/sonygod/projects/nu/temp_examples_cpp/hello/hello.cpp:13:10: error: expected ';' before '}' token
       13 |     a + b
          |          ^
          |          ;
       14 | }
          | ~         
    /home/sonygod/projects/nu/temp_examples_cpp/hello/hello.cpp:13:7: warning: statement has no effect [-Wunused-value]
       13 |     a + b
          |     ~~^~~
    /home/sonygod/projects/nu/temp_examples_cpp/hello/hello.cpp:14:1: warning: no return statement in function returning non-void [-Wreturn-type]
       14 | }
          | ^
    /home/sonygod/projects/nu/temp_examples_cpp/hello/hello.cpp: In function 'Person create(std::string, uint32_t)':
    /home/sonygod/projects/nu/temp_examples_cpp/hello/hello.cpp:24:30: error: expected ';' before '}' token
       24 |         Person { name , age }
          |                              ^
          |                              ;
       25 |     }
          |     ~                         
    /home/sonygod/projects/nu/temp_examples_cpp/hello/hello.cpp:25:5: warning: no return statement in function returning non-void [-Wreturn-type]
       25 |     }
          |     ^

[0;34m[15] å¤„ç†æ–‡ä»¶: [0;32miterators.nu[0m
----------------------------------------
  [1;33m[1/4][0m Nu -> C++ è½¬æ¢...
  [0;32mâœ“[0m Nu -> C++ æˆåŠŸ
  [1;33m[2/4][0m åˆ›å»ºç‹¬ç«‹æ„å»ºç›®å½•...
  [0;32mâœ“[0m æ„å»ºç›®å½•å’ŒCMakeLists.txtåˆ›å»ºæˆåŠŸ
  [1;33m[3/4][0m CMake é…ç½®...
  [0;32mâœ“[0m CMake é…ç½®æˆåŠŸ
  [1;33m[4/4][0m ç¼–è¯‘éªŒè¯...
[ 50%] Building CXX object CMakeFiles/iterators.dir/iterators.cpp.o
  [0;31mâœ—[0m ç¼–è¯‘å¤±è´¥
  [0;31mç¼–è¯‘é”™è¯¯ä¿¡æ¯:[0m
    /home/sonygod/projects/nu/temp_examples_cpp/iterators/iterators.cpp:82:98: warning: missing terminating " character
       82 |     while let Some (& val) = iter . peek () { println ! ("å³å°†å¤„ç† = = 0 { println ! ("  è·³è¿‡å¶æ•°") ; } iter . next () ; }
          |                                                                                                  ^
    /home/sonygod/projects/nu/temp_examples_cpp/iterators/iterators.cpp:82:98: error: missing terminating " character
       82 |     while let Some (& val) = iter . peek () { println ! ("å³å°†å¤„ç† = = 0 { println ! ("  è·³è¿‡å¶æ•°") ; } iter . next () ; }
          |                                                                                                  ^~~~~~~~~~~~~~~~~~~~~~~~~
    /home/sonygod/projects/nu/temp_examples_cpp/iterators/iterators.cpp: In function 'int main()':
    /home/sonygod/projects/nu/temp_examples_cpp/iterators/iterators.cpp:10:26: error: 'const class std::vector<int>' has no member named 'iter'
       10 |     const auto iter1 = v.iter();
          |                          ^~~~
    /home/sonygod/projects/nu/temp_examples_cpp/iterators/iterators.cpp:11:9: error: expected '(' before 'val'
       11 |     for val in iter1 { print ! std::tuple<"{} " , val> ; }
          |         ^~~
          |         (
    /home/sonygod/projects/nu/temp_examples_cpp/iterators/iterators.cpp:11:9: error: 'val' was not declared in this scope
       11 |     for val in iter1 { print ! std::tuple<"{} " , val> ; }
          |         ^~~
    /home/sonygod/projects/nu/temp_examples_cpp/iterators/iterators.cpp:12:44: error: could not convert 'v_mut' from 'std::vector<int>' to 'bool'
       12 |     auto v_mut = std::vector<int>{1 , 2 , 3};
          |                                            ^
          |                                            |
          |                                            std::vector<int>
    /home/sonygod/projects/nu/temp_examples_cpp/iterators/iterators.cpp:13:5: error: expected primary-expression before 'for'
       13 |     for val in v_mut . iter_mut () { * val *= 2 ; }
          |     ^~~
    /home/sonygod/projects/nu/temp_examples_cpp/iterators/iterators.cpp:12:46: error: expected ')' before 'for'
       12 |     auto v_mut = std::vector<int>{1 , 2 , 3};
          |                                              ^
          |                                              )
       13 |     for val in v_mut . iter_mut () { * val *= 2 ; }

[0;34m[16] å¤„ç†æ–‡ä»¶: [0;32mlifetimes.nu[0m
----------------------------------------
  [1;33m[1/4][0m Nu -> C++ è½¬æ¢...
  [0;32mâœ“[0m Nu -> C++ æˆåŠŸ
  [1;33m[2/4][0m åˆ›å»ºç‹¬ç«‹æ„å»ºç›®å½•...
  [0;32mâœ“[0m æ„å»ºç›®å½•å’ŒCMakeLists.txtåˆ›å»ºæˆåŠŸ
  [1;33m[3/4][0m CMake é…ç½®...
  [0;32mâœ“[0m CMake é…ç½®æˆåŠŸ
  [1;33m[4/4][0m ç¼–è¯‘éªŒè¯...
[ 50%] Building CXX object CMakeFiles/lifetimes.dir/lifetimes.cpp.o
  [0;31mâœ—[0m ç¼–è¯‘å¤±è´¥
  [0;31mç¼–è¯‘é”™è¯¯ä¿¡æ¯:[0m
    /home/sonygod/projects/nu/temp_examples_cpp/lifetimes/lifetimes.cpp:8:10: warning: character constant too long for its type
        8 | static & 'a str longest< 'a>(const 'a str& x, const 'a str& y) {
          |          ^~~~~~~~~~~~~~~~~~
    /home/sonygod/projects/nu/temp_examples_cpp/lifetimes/lifetimes.cpp:8:36: warning: character constant too long for its type
        8 | static & 'a str longest< 'a>(const 'a str& x, const 'a str& y) {
          |                                    ^~~~~~~~~~~~~~~~~~~
    /home/sonygod/projects/nu/temp_examples_cpp/lifetimes/lifetimes.cpp:12:26: warning: missing terminating ' character
       12 | struct ImportantExcerpt< 'a> {
          |                          ^
    /home/sonygod/projects/nu/temp_examples_cpp/lifetimes/lifetimes.cpp:12:26: error: missing terminating ' character
       12 | struct ImportantExcerpt< 'a> {
          |                          ^~~~~
    /home/sonygod/projects/nu/temp_examples_cpp/lifetimes/lifetimes.cpp:14:11: warning: missing terminating ' character
       14 |     const 'a str& part;
          |           ^
    /home/sonygod/projects/nu/temp_examples_cpp/lifetimes/lifetimes.cpp:14:11: error: missing terminating ' character
       14 |     const 'a str& part;
          |           ^~~~~~~~~~~~~
    /home/sonygod/projects/nu/temp_examples_cpp/lifetimes/lifetimes.cpp:17:4: warning: character constant too long for its type
       17 | I< 'a> ImportantExcerpt< 'a> {
          |    ^~~~~~~~~~~~~~~~~~~~~~~~
    /home/sonygod/projects/nu/temp_examples_cpp/lifetimes/lifetimes.cpp:18:37: warning: character constant too long for its type
       18 |     static static ImportantExcerpt< 'a> create(const 'a str& text) {
          |                                     ^~~~~~~~~~~~~~~~~~~
    /home/sonygod/projects/nu/temp_examples_cpp/lifetimes/lifetimes.cpp:32:10: warning: character constant too long for its type
       32 | static & 'a str first_word< 'a , 'b>(const 'a str& s, const 'b str& _other) {
          |          ^~~~~~~~~~~~~~~~~~~~~
    /home/sonygod/projects/nu/temp_examples_cpp/lifetimes/lifetimes.cpp:32:34: warning: character constant too long for its type
       32 | static & 'a str first_word< 'a , 'b>(const 'a str& s, const 'b str& _other) {
          |                                  ^~~~~~~~~~~~

[0;34m[17] å¤„ç†æ–‡ä»¶: [0;32mlifetimes_simple.nu[0m
----------------------------------------
  [1;33m[1/4][0m Nu -> C++ è½¬æ¢...
  [0;32mâœ“[0m Nu -> C++ æˆåŠŸ
  [1;33m[2/4][0m åˆ›å»ºç‹¬ç«‹æ„å»ºç›®å½•...
  [0;32mâœ“[0m æ„å»ºç›®å½•å’ŒCMakeLists.txtåˆ›å»ºæˆåŠŸ
  [1;33m[3/4][0m CMake é…ç½®...
  [0;32mâœ“[0m CMake é…ç½®æˆåŠŸ
  [1;33m[4/4][0m ç¼–è¯‘éªŒè¯...
[ 50%] Building CXX object CMakeFiles/lifetimes_simple.dir/lifetimes_simple.cpp.o
  [0;31mâœ—[0m ç¼–è¯‘å¤±è´¥
  [0;31mç¼–è¯‘é”™è¯¯ä¿¡æ¯:[0m
    /home/sonygod/projects/nu/temp_examples_cpp/lifetimes_simple/lifetimes_simple.cpp:8:10: warning: character constant too long for its type
        8 | static & 'a str longest< 'a>(const 'a str& x, const 'a str& y) {
          |          ^~~~~~~~~~~~~~~~~~
    /home/sonygod/projects/nu/temp_examples_cpp/lifetimes_simple/lifetimes_simple.cpp:8:36: warning: character constant too long for its type
        8 | static & 'a str longest< 'a>(const 'a str& x, const 'a str& y) {
          |                                    ^~~~~~~~~~~~~~~~~~~
    /home/sonygod/projects/nu/temp_examples_cpp/lifetimes_simple/lifetimes_simple.cpp:12:26: warning: missing terminating ' character
       12 | struct ImportantExcerpt< 'a> {
          |                          ^
    /home/sonygod/projects/nu/temp_examples_cpp/lifetimes_simple/lifetimes_simple.cpp:12:26: error: missing terminating ' character
       12 | struct ImportantExcerpt< 'a> {
          |                          ^~~~~
    /home/sonygod/projects/nu/temp_examples_cpp/lifetimes_simple/lifetimes_simple.cpp:14:11: warning: missing terminating ' character
       14 |     const 'a str& part;
          |           ^
    /home/sonygod/projects/nu/temp_examples_cpp/lifetimes_simple/lifetimes_simple.cpp:14:11: error: missing terminating ' character
       14 |     const 'a str& part;
          |           ^~~~~~~~~~~~~
    /home/sonygod/projects/nu/temp_examples_cpp/lifetimes_simple/lifetimes_simple.cpp:17:4: warning: character constant too long for its type
       17 | I< 'a> ImportantExcerpt< 'a> {
          |    ^~~~~~~~~~~~~~~~~~~~~~~~
    /home/sonygod/projects/nu/temp_examples_cpp/lifetimes_simple/lifetimes_simple.cpp:18:37: warning: character constant too long for its type
       18 |     static static ImportantExcerpt< 'a> create(const 'a str& text) {
          |                                     ^~~~~~~~~~~~~~~~~~~
    /home/sonygod/projects/nu/temp_examples_cpp/lifetimes_simple/lifetimes_simple.cpp:32:10: warning: character constant too long for its type
       32 | static & 'a str compare< 'a , 'b>(const 'a str& x, const 'b str& y) {
          |          ^~~~~~~~~~~~~~~~~~
    /home/sonygod/projects/nu/temp_examples_cpp/lifetimes_simple/lifetimes_simple.cpp:32:31: warning: character constant too long for its type
       32 | static & 'a str compare< 'a , 'b>(const 'a str& x, const 'b str& y) {
          |                               ^~~~~~~~~~~~

[0;34m[18] å¤„ç†æ–‡ä»¶: [0;32mlifetimes_test.nu[0m
----------------------------------------
  [1;33m[1/4][0m Nu -> C++ è½¬æ¢...
  [0;32mâœ“[0m Nu -> C++ æˆåŠŸ
  [1;33m[2/4][0m åˆ›å»ºç‹¬ç«‹æ„å»ºç›®å½•...
  [0;32mâœ“[0m æ„å»ºç›®å½•å’ŒCMakeLists.txtåˆ›å»ºæˆåŠŸ
  [1;33m[3/4][0m CMake é…ç½®...
  [0;32mâœ“[0m CMake é…ç½®æˆåŠŸ
  [1;33m[4/4][0m ç¼–è¯‘éªŒè¯...
[ 50%] Building CXX object CMakeFiles/lifetimes_test.dir/lifetimes_test.cpp.o
  [0;31mâœ—[0m ç¼–è¯‘å¤±è´¥
  [0;31mç¼–è¯‘é”™è¯¯ä¿¡æ¯:[0m
    /home/sonygod/projects/nu/temp_examples_cpp/lifetimes_test/lifetimes_test.cpp:8:10: warning: character constant too long for its type
        8 | static & 'a str longest< 'a>(const 'a str& x, const 'a str& y) {
          |          ^~~~~~~~~~~~~~~~~~
    /home/sonygod/projects/nu/temp_examples_cpp/lifetimes_test/lifetimes_test.cpp:8:36: warning: character constant too long for its type
        8 | static & 'a str longest< 'a>(const 'a str& x, const 'a str& y) {
          |                                    ^~~~~~~~~~~~~~~~~~~
    /home/sonygod/projects/nu/temp_examples_cpp/lifetimes_test/lifetimes_test.cpp:12:10: warning: character constant too long for its type
       12 | static & 'a str compare< 'a , 'b>(const 'a str& x, const 'b str& y) {
          |          ^~~~~~~~~~~~~~~~~~
    /home/sonygod/projects/nu/temp_examples_cpp/lifetimes_test/lifetimes_test.cpp:12:31: warning: character constant too long for its type
       12 | static & 'a str compare< 'a , 'b>(const 'a str& x, const 'b str& y) {
          |                               ^~~~~~~~~~~~
    /home/sonygod/projects/nu/temp_examples_cpp/lifetimes_test/lifetimes_test.cpp:12:58: warning: missing terminating ' character
       12 | static & 'a str compare< 'a , 'b>(const 'a str& x, const 'b str& y) {
          |                                                          ^
    /home/sonygod/projects/nu/temp_examples_cpp/lifetimes_test/lifetimes_test.cpp:12:58: error: missing terminating ' character
       12 | static & 'a str compare< 'a , 'b>(const 'a str& x, const 'b str& y) {
          |                                                          ^~~~~~~~~~~~
    /home/sonygod/projects/nu/temp_examples_cpp/lifetimes_test/lifetimes_test.cpp:16:10: warning: character constant too long for its type
       16 | static & 'a T get_reference< 'a , T>(const 'a T& value) {
          |          ^~~~~~~~~~~~~~~~~~~~~~
    /home/sonygod/projects/nu/temp_examples_cpp/lifetimes_test/lifetimes_test.cpp:16:44: warning: missing terminating ' character
       16 | static & 'a T get_reference< 'a , T>(const 'a T& value) {
          |                                            ^
    /home/sonygod/projects/nu/temp_examples_cpp/lifetimes_test/lifetimes_test.cpp:16:44: error: missing terminating ' character
       16 | static & 'a T get_reference< 'a , T>(const 'a T& value) {
          |                                            ^~~~~~~~~~~~~~
    /home/sonygod/projects/nu/temp_examples_cpp/lifetimes_test/lifetimes_test.cpp:8:10: error: expected unqualified-id before user-defined character literal
        8 | static & 'a str longest< 'a>(const 'a str& x, const 'a str& y) {
          |          ^~~~~~~~~~~~~~~~~~

[0;34m[19] å¤„ç†æ–‡ä»¶: [0;32mmacros.nu[0m
----------------------------------------
  [1;33m[1/4][0m Nu -> C++ è½¬æ¢...
  [0;32mâœ“[0m Nu -> C++ æˆåŠŸ
  [1;33m[2/4][0m åˆ›å»ºç‹¬ç«‹æ„å»ºç›®å½•...
  [0;32mâœ“[0m æ„å»ºç›®å½•å’ŒCMakeLists.txtåˆ›å»ºæˆåŠŸ
  [1;33m[3/4][0m CMake é…ç½®...
  [0;32mâœ“[0m CMake é…ç½®æˆåŠŸ
  [1;33m[4/4][0m ç¼–è¯‘éªŒè¯...
[ 50%] Building CXX object CMakeFiles/macros.dir/macros.cpp.o
  [0;31mâœ—[0m ç¼–è¯‘å¤±è´¥
  [0;31mç¼–è¯‘é”™è¯¯ä¿¡æ¯:[0m
    /home/sonygod/projects/nu/temp_examples_cpp/macros/macros.cpp:38:163: warning: missing terminating ' character
       38 |     macro_rules ! create_enum { ($ name : ident { $ ($ variant : ident) ,* }) => { enum $ name { $ std::tuple<$ variant ,> * } impl $ name { fn name (& self) -> &'static str { match self { $ ($ name::$ variant => stringify ! ($ variant) ,) * } } } } ; }
          |                                                                                                                                                                   ^
    /home/sonygod/projects/nu/temp_examples_cpp/macros/macros.cpp:38:163: error: missing terminating ' character
       38 |     macro_rules ! create_enum { ($ name : ident { $ ($ variant : ident) ,* }) => { enum $ name { $ std::tuple<$ variant ,> * } impl $ name { fn name (& self) -> &'static str { match self { $ ($ name::$ variant => stringify ! ($ variant) ,) * } } } } ; }
          |                                                                                                                                                                   ^~~~~~~~~~~~~~~~~~~~~~~~~~~~~~~~~~~~~~~~~~~~~~~~~~~~~~~~~~~~~~~~~~~~~~~~~~~~~~~~~~~~~~~~~~~
    /home/sonygod/projects/nu/temp_examples_cpp/macros/macros.cpp: In function 'int main()':
    /home/sonygod/projects/nu/temp_examples_cpp/macros/macros.cpp:9:28: error: 'format' was not declared in this scope; did you mean 'formatted'?
        9 |     const auto formatted = format ! std::tuple<"{}+{}={}" , 1 , 2 , 3>;
          |                            ^~~~~~
          |                            formatted
    /home/sonygod/projects/nu/temp_examples_cpp/macros/macros.cpp:11:24: error: 'Some' was not declared in this scope
       11 |     const auto value = Some (42);
          |                        ^~~~
    /home/sonygod/projects/nu/temp_examples_cpp/macros/macros.cpp:12:9: error: 'matches' was not declared in this scope
       12 |     if (matches ! std::tuple<value , Some (x) if x> 40>) { println ! ("matches! æˆåŠŸ") ; }
          |         ^~~~~~~
    /home/sonygod/projects/nu/temp_examples_cpp/macros/macros.cpp:12:16: error: expected ')' before '!' token
       12 |     if (matches ! std::tuple<value , Some (x) if x> 40>) { println ! ("matches! æˆåŠŸ") ; }
          |        ~       ^~
          |                )
    /home/sonygod/projects/nu/temp_examples_cpp/macros/macros.cpp:12:60: error: 'println' was not declared in this scope; did you mean 'printf'?
       12 |     if (matches ! std::tuple<value , Some (x) if x> 40>) { println ! ("matches! æˆåŠŸ") ; }
          |                                                            ^~~~~~~
          |                                                            printf
    /home/sonygod/projects/nu/temp_examples_cpp/macros/macros.cpp:15:5: error: 'macro_rules' was not declared in this scope
       15 |     macro_rules ! say_hello { () => { println ! ("ä½ å¥½ï¼Œä¸–ç•Œï¼") ; } ; }
          |     ^~~~~~~~~~~
    /home/sonygod/projects/nu/temp_examples_cpp/macros/macros.cpp:16:16: error: expected ';' before '!' token
       16 |     macro_rules ! create_function { ($ func_name : ident) => { fn $ func_name () { println ! std::tuple<"å‡½æ•° {} è¢«è°ƒç”¨" , stringify ! ($ func_name)> ; } } ; }

[0;34m[20] å¤„ç†æ–‡ä»¶: [0;32mmacros_expanded.nu[0m
----------------------------------------
  [1;33m[1/4][0m Nu -> C++ è½¬æ¢...
  [0;32mâœ“[0m Nu -> C++ æˆåŠŸ
  [1;33m[2/4][0m åˆ›å»ºç‹¬ç«‹æ„å»ºç›®å½•...
  [0;32mâœ“[0m æ„å»ºç›®å½•å’ŒCMakeLists.txtåˆ›å»ºæˆåŠŸ
  [1;33m[3/4][0m CMake é…ç½®...
  [0;32mâœ“[0m CMake é…ç½®æˆåŠŸ
  [1;33m[4/4][0m ç¼–è¯‘éªŒè¯...
[ 50%] Building CXX object CMakeFiles/macros_expanded.dir/macros_expanded.cpp.o
[100%] Linking CXX static library libmacros_expanded.a
[100%] Built target macros_expanded
  [0;32mâœ“[0m ç¼–è¯‘æˆåŠŸ
  [0;32mâœ“[0m åº“æ–‡ä»¶å·²ç”Ÿæˆ
  [0;32mâ”â”â” å…¨éƒ¨é€šè¿‡ â”â”â”[0m

[0;34m[21] å¤„ç†æ–‡ä»¶: [0;32mmacros_test.nu[0m
----------------------------------------
  [1;33m[1/4][0m Nu -> C++ è½¬æ¢...
  [0;32mâœ“[0m Nu -> C++ æˆåŠŸ
  [1;33m[2/4][0m åˆ›å»ºç‹¬ç«‹æ„å»ºç›®å½•...
  [0;32mâœ“[0m æ„å»ºç›®å½•å’ŒCMakeLists.txtåˆ›å»ºæˆåŠŸ
  [1;33m[3/4][0m CMake é…ç½®...
  [0;32mâœ“[0m CMake é…ç½®æˆåŠŸ
  [1;33m[4/4][0m ç¼–è¯‘éªŒè¯...
[ 50%] Building CXX object CMakeFiles/macros_test.dir/macros_test.cpp.o
  [0;31mâœ—[0m ç¼–è¯‘å¤±è´¥
  [0;31mç¼–è¯‘é”™è¯¯ä¿¡æ¯:[0m
    /home/sonygod/projects/nu/temp_examples_cpp/macros_test/macros_test.cpp:8:1: error: 'macro_rules' does not name a type
        8 | macro_rules ! say_hello { () => { println ! std::tuple<"ä½ å¥½,ä¸–ç•Œï¼"> ; } ; }
          | ^~~~~~~~~~~
    /home/sonygod/projects/nu/temp_examples_cpp/macros_test/macros_test.cpp:10:1: error: 'macro_rules' does not name a type
       10 | macro_rules ! create_function { ($ func_name : ident) => { fn $ func_name () { println ! std::tuple<"å‡½æ•° {} è¢«è°ƒç”¨" , stringify ! ($ func_name)> ; } } ; }
          | ^~~~~~~~~~~
    /home/sonygod/projects/nu/temp_examples_cpp/macros_test/macros_test.cpp:12:1: error: 'create_function' does not name a type
       12 | create_function ! (foo) ;
          | ^~~~~~~~~~~~~~~
    /home/sonygod/projects/nu/temp_examples_cpp/macros_test/macros_test.cpp: In function 'int main()':
    /home/sonygod/projects/nu/temp_examples_cpp/macros_test/macros_test.cpp:15:28: error: 'format' was not declared in this scope; did you mean 'formatted'?
       15 |     const auto formatted = format ! std::tuple<"{}+{}={}" , 1 , 2 , 3>;
          |                            ^~~~~~
          |                            formatted
    /home/sonygod/projects/nu/temp_examples_cpp/macros_test/macros_test.cpp:17:5: error: 'foo' was not declared in this scope
       17 |     foo ();
          |     ^~~
    gmake[2]: *** [CMakeFiles/macros_test.dir/build.make:76: CMakeFiles/macros_test.dir/macros_test.cpp.o] Error 1
    gmake[1]: *** [CMakeFiles/Makefile2:83: CMakeFiles/macros_test.dir/all] Error 2
    gmake: *** [Makefile:91: all] Error 2

[0;34m[22] å¤„ç†æ–‡ä»¶: [0;32mnu_v1_6_3_features.nu[0m
----------------------------------------
  [1;33m[1/4][0m Nu -> C++ è½¬æ¢...
  [0;32mâœ“[0m Nu -> C++ æˆåŠŸ
  [1;33m[2/4][0m åˆ›å»ºç‹¬ç«‹æ„å»ºç›®å½•...
  [0;32mâœ“[0m æ„å»ºç›®å½•å’ŒCMakeLists.txtåˆ›å»ºæˆåŠŸ
  [1;33m[3/4][0m CMake é…ç½®...
  [0;32mâœ“[0m CMake é…ç½®æˆåŠŸ
  [1;33m[4/4][0m ç¼–è¯‘éªŒè¯...
[ 50%] Building CXX object CMakeFiles/nu_v1_6_3_features.dir/nu_v1_6_3_features.cpp.o
  [0;31mâœ—[0m ç¼–è¯‘å¤±è´¥
  [0;31mç¼–è¯‘é”™è¯¯ä¿¡æ¯:[0m
    /home/sonygod/projects/nu/temp_examples_cpp/nu_v1_6_3_features/nu_v1_6_3_features.cpp:11:3: error: invalid preprocessing directive #[
       11 | # [cfg (target_os = "linux")] u std::os::unix::fs::PermissionsExt ;
          |   ^
    /home/sonygod/projects/nu/temp_examples_cpp/nu_v1_6_3_features/nu_v1_6_3_features.cpp:13:3: error: invalid preprocessing directive #[
       13 | # [cfg (not (target_os = "linux"))] u std::fs ;
          |   ^
    /home/sonygod/projects/nu/temp_examples_cpp/nu_v1_6_3_features/nu_v1_6_3_features.cpp:15:1: error: 'SM' does not name a type
       15 | SM GLOBAL_COUNTER = 0;
          | ^~
    /home/sonygod/projects/nu/temp_examples_cpp/nu_v1_6_3_features/nu_v1_6_3_features.cpp:17:1: error: 'ST' does not name a type
       17 | ST MAX_SIZE = 1024;
          | ^~
    /home/sonygod/projects/nu/temp_examples_cpp/nu_v1_6_3_features/nu_v1_6_3_features.cpp:25:1: error: expected declaration before '}' token
       25 | }
          | ^
    /home/sonygod/projects/nu/temp_examples_cpp/nu_v1_6_3_features/nu_v1_6_3_features.cpp:28:1: error: expected declaration before '}' token
       28 | }
          | ^
    /home/sonygod/projects/nu/temp_examples_cpp/nu_v1_6_3_features/nu_v1_6_3_features.cpp: In function 'TestSync create(int32_t)':
    /home/sonygod/projects/nu/temp_examples_cpp/nu_v1_6_3_features/nu_v1_6_3_features.cpp:32:27: error: expected ';' before '}' token
       32 |         TestSync { value }
          |                           ^
          |                           ;
       33 |     }
          |     ~                      
    /home/sonygod/projects/nu/temp_examples_cpp/nu_v1_6_3_features/nu_v1_6_3_features.cpp:33:5: warning: no return statement in function returning non-void [-Wreturn-type]
       33 |     }
          |     ^
    /home/sonygod/projects/nu/temp_examples_cpp/nu_v1_6_3_features/nu_v1_6_3_features.cpp: In function 'int32_t get_value()':
    /home/sonygod/projects/nu/temp_examples_cpp/nu_v1_6_3_features/nu_v1_6_3_features.cpp:36:9: error: 'self' was not declared in this scope

[0;34m[23] å¤„ç†æ–‡ä»¶: [0;32mnu_v1_6_3_features_restored.nu[0m
----------------------------------------
  [1;33m[1/4][0m Nu -> C++ è½¬æ¢...
  [0;32mâœ“[0m Nu -> C++ æˆåŠŸ
  [1;33m[2/4][0m åˆ›å»ºç‹¬ç«‹æ„å»ºç›®å½•...
  [0;32mâœ“[0m æ„å»ºç›®å½•å’ŒCMakeLists.txtåˆ›å»ºæˆåŠŸ
  [1;33m[3/4][0m CMake é…ç½®...
  [0;32mâœ“[0m CMake é…ç½®æˆåŠŸ
  [1;33m[4/4][0m ç¼–è¯‘éªŒè¯...
[ 50%] Building CXX object CMakeFiles/nu_v1_6_3_features_restored.dir/nu_v1_6_3_features_restored.cpp.o
  [0;31mâœ—[0m ç¼–è¯‘å¤±è´¥
  [0;31mç¼–è¯‘é”™è¯¯ä¿¡æ¯:[0m
    /home/sonygod/projects/nu/temp_examples_cpp/nu_v1_6_3_features_restored/nu_v1_6_3_features_restored.cpp:12:3: error: invalid preprocessing directive #[
       12 | # [cfg (target_os = "linux")] u std::os::unix::fs::PermissionsExt;
          |   ^
    /home/sonygod/projects/nu/temp_examples_cpp/nu_v1_6_3_features_restored/nu_v1_6_3_features_restored.cpp:15:3: error: invalid preprocessing directive #[
       15 | # [cfg (not (target_os = "linux"))] u std::fs;
          |   ^
    /home/sonygod/projects/nu/temp_examples_cpp/nu_v1_6_3_features_restored/nu_v1_6_3_features_restored.cpp:17:1: error: 'SM' does not name a type
       17 | SM GLOBAL_COUNTER = 0;
          | ^~
    /home/sonygod/projects/nu/temp_examples_cpp/nu_v1_6_3_features_restored/nu_v1_6_3_features_restored.cpp:19:1: error: 'ST' does not name a type
       19 | ST MAX_SIZE = 1024;
          | ^~
    /home/sonygod/projects/nu/temp_examples_cpp/nu_v1_6_3_features_restored/nu_v1_6_3_features_restored.cpp:26:1: error: 'unsafe' does not name a type
       26 | unsafe impl Send for TestSync {
          | ^~~~~~
    /home/sonygod/projects/nu/temp_examples_cpp/nu_v1_6_3_features_restored/nu_v1_6_3_features_restored.cpp:29:1: error: 'unsafe' does not name a type
       29 | unsafe impl Sync for TestSync {
          | ^~~~~~
    /home/sonygod/projects/nu/temp_examples_cpp/nu_v1_6_3_features_restored/nu_v1_6_3_features_restored.cpp:32:1: error: 'impl' does not name a type
       32 | impl TestSync {
          | ^~~~
    /home/sonygod/projects/nu/temp_examples_cpp/nu_v1_6_3_features_restored/nu_v1_6_3_features_restored.cpp: In function 'uint32_t increment_counter()':
    /home/sonygod/projects/nu/temp_examples_cpp/nu_v1_6_3_features_restored/nu_v1_6_3_features_restored.cpp:45:1: warning: no return statement in function returning non-void [-Wreturn-type]
       45 | }
          | ^
    /home/sonygod/projects/nu/temp_examples_cpp/nu_v1_6_3_features_restored/nu_v1_6_3_features_restored.cpp: In function 'size_t get_max_size()':
    /home/sonygod/projects/nu/temp_examples_cpp/nu_v1_6_3_features_restored/nu_v1_6_3_features_restored.cpp:48:5: error: 'MAX_SIZE' was not declared in this scope
       48 |     MAX_SIZE
          |     ^~~~~~~~
    /home/sonygod/projects/nu/temp_examples_cpp/nu_v1_6_3_features_restored/nu_v1_6_3_features_restored.cpp:49:1: warning: no return statement in function returning non-void [-Wreturn-type]

[0;34m[24] å¤„ç†æ–‡ä»¶: [0;32mownership.nu[0m
----------------------------------------
  [1;33m[1/4][0m Nu -> C++ è½¬æ¢...
  [0;32mâœ“[0m Nu -> C++ æˆåŠŸ
  [1;33m[2/4][0m åˆ›å»ºç‹¬ç«‹æ„å»ºç›®å½•...
  [0;32mâœ“[0m æ„å»ºç›®å½•å’ŒCMakeLists.txtåˆ›å»ºæˆåŠŸ
  [1;33m[3/4][0m CMake é…ç½®...
  [0;32mâœ“[0m CMake é…ç½®æˆåŠŸ
  [1;33m[4/4][0m ç¼–è¯‘éªŒè¯...
[ 50%] Building CXX object CMakeFiles/ownership.dir/ownership.cpp.o
  [0;31mâœ—[0m ç¼–è¯‘å¤±è´¥
  [0;31mç¼–è¯‘é”™è¯¯ä¿¡æ¯:[0m
    /home/sonygod/projects/nu/temp_examples_cpp/ownership/ownership.cpp: In function 'std::string take_ownership(std::string)':
    /home/sonygod/projects/nu/temp_examples_cpp/ownership/ownership.cpp:9:6: error: expected ';' before '}' token
        9 |     s
          |      ^
          |      ;
       10 | }
          | ~     
    /home/sonygod/projects/nu/temp_examples_cpp/ownership/ownership.cpp:9:5: warning: statement has no effect [-Wunused-value]
        9 |     s
          |     ^
    /home/sonygod/projects/nu/temp_examples_cpp/ownership/ownership.cpp:10:1: warning: no return statement in function returning non-void [-Wreturn-type]
       10 | }
          | ^
    /home/sonygod/projects/nu/temp_examples_cpp/ownership/ownership.cpp: In function 'size_t borrow_string(const std::string&)':
    /home/sonygod/projects/nu/temp_examples_cpp/ownership/ownership.cpp:13:7: error: 'const std::string' {aka 'const class std::__cxx11::basic_string<char>'} has no member named 'len'
       13 |     s.len()
          |       ^~~
    /home/sonygod/projects/nu/temp_examples_cpp/ownership/ownership.cpp:14:1: warning: no return statement in function returning non-void [-Wreturn-type]
       14 | }
          | ^
    /home/sonygod/projects/nu/temp_examples_cpp/ownership/ownership.cpp: In function 'void modify_string(const std::string&)':
    /home/sonygod/projects/nu/temp_examples_cpp/ownership/ownership.cpp:17:7: error: 'const std::string' {aka 'const class std::__cxx11::basic_string<char>'} has no member named 'push_str'
       17 |     s.push_str(" - modified");
          |       ^~~~~~~~
    /home/sonygod/projects/nu/temp_examples_cpp/ownership/ownership.cpp: At global scope:
    /home/sonygod/projects/nu/temp_examples_cpp/ownership/ownership.cpp:20:20: error: expected ')' before ',' token
       20 | static (std::string, std::string) clone_example(std::string s) {
          |        ~           ^
          |                    )
    /home/sonygod/projects/nu/temp_examples_cpp/ownership/ownership.cpp:20:33: error: expected initializer before ')' token

[0;34m[25] å¤„ç†æ–‡ä»¶: [0;32mpart3.nu[0m
----------------------------------------
  [1;33m[1/4][0m Nu -> C++ è½¬æ¢...
  [0;32mâœ“[0m Nu -> C++ æˆåŠŸ
  [1;33m[2/4][0m åˆ›å»ºç‹¬ç«‹æ„å»ºç›®å½•...
  [0;32mâœ“[0m æ„å»ºç›®å½•å’ŒCMakeLists.txtåˆ›å»ºæˆåŠŸ
  [1;33m[3/4][0m CMake é…ç½®...
  [0;32mâœ“[0m CMake é…ç½®æˆåŠŸ
  [1;33m[4/4][0m ç¼–è¯‘éªŒè¯...
[ 50%] Building CXX object CMakeFiles/part3.dir/part3.cpp.o
  [0;31mâœ—[0m ç¼–è¯‘å¤±è´¥
  [0;31mç¼–è¯‘é”™è¯¯ä¿¡æ¯:[0m
    /home/sonygod/projects/nu/temp_examples_cpp/part3/part3.cpp:38:66: warning: multi-character character constant [-Wmultichar]
       38 |     const auto chars = std::vector<auto>{'a' , 'b' , 'c' , 'd' , 'ä¸­' , 'æ–‡' , 'ğŸ¦€'};
          |                                                                  ^~~~
    /home/sonygod/projects/nu/temp_examples_cpp/part3/part3.cpp:38:73: warning: multi-character character constant [-Wmultichar]
       38 |     const auto chars = std::vector<auto>{'a' , 'b' , 'c' , 'd' , 'ä¸­' , 'æ–‡' , 'ğŸ¦€'};
          |                                                                         ^~~~
    /home/sonygod/projects/nu/temp_examples_cpp/part3/part3.cpp:38:80: warning: multi-character character constant [-Wmultichar]
       38 |     const auto chars = std::vector<auto>{'a' , 'b' , 'c' , 'd' , 'ä¸­' , 'æ–‡' , 'ğŸ¦€'};
          |                                                                                ^~~~
    /home/sonygod/projects/nu/temp_examples_cpp/part3/part3.cpp:464:23: warning: missing terminating " character
      464 |     const auto raw = r"C;
          |                       ^
    /home/sonygod/projects/nu/temp_examples_cpp/part3/part3.cpp:464:23: error: missing terminating " character
      464 |     const auto raw = r"C;
          |                       ^~~
    /home/sonygod/projects/nu/temp_examples_cpp/part3/part3.cpp:465:24: error: stray '#' in program
      465 |     const auto raw2 = r#"She said "Hello""#;
          |                        ^
    /home/sonygod/projects/nu/temp_examples_cpp/part3/part3.cpp:465:43: error: stray '#' in program
      465 |     const auto raw2 = r#"She said "Hello""#;
          |                                           ^
    /home/sonygod/projects/nu/temp_examples_cpp/part3/part3.cpp:466:26: warning: missing terminating " character
      466 |     const auto special = "Tab;
          |                          ^
    /home/sonygod/projects/nu/temp_examples_cpp/part3/part3.cpp:466:26: error: missing terminating " character
      466 |     const auto special = "Tab;
          |                          ^~~~~
    /home/sonygod/projects/nu/temp_examples_cpp/part3/part3.cpp:523:40: warning: missing terminating " character
      523 |     const auto padded_left = format ! ("{;
          |                                        ^

[0;34m[26] å¤„ç†æ–‡ä»¶: [0;32mpatterns.nu[0m
----------------------------------------
  [1;33m[1/4][0m Nu -> C++ è½¬æ¢...
  [0;32mâœ“[0m Nu -> C++ æˆåŠŸ
  [1;33m[2/4][0m åˆ›å»ºç‹¬ç«‹æ„å»ºç›®å½•...
  [0;32mâœ“[0m æ„å»ºç›®å½•å’ŒCMakeLists.txtåˆ›å»ºæˆåŠŸ
  [1;33m[3/4][0m CMake é…ç½®...
  [0;32mâœ“[0m CMake é…ç½®æˆåŠŸ
  [1;33m[4/4][0m ç¼–è¯‘éªŒè¯...
[ 50%] Building CXX object CMakeFiles/patterns.dir/patterns.cpp.o
  [0;31mâœ—[0m ç¼–è¯‘å¤±è´¥
  [0;31mç¼–è¯‘é”™è¯¯ä¿¡æ¯:[0m
    /home/sonygod/projects/nu/temp_examples_cpp/patterns/patterns.cpp:40:21: error: stray '@' in program
       40 |     match point { p @ Point { x : 10 , y : 20 } => println ! ("ç‰¹å®šç‚¹: {:?}" , std::tuple<p . x , p . y>) , Point { x , y } => println ! ("å…¶ä»–ç‚¹: std::tuple<{}, {}>" , x , y) , }
          |                     ^
    /home/sonygod/projects/nu/temp_examples_cpp/patterns/patterns.cpp:54:155: warning: missing terminating " character
       54 |     match number { n if n< 0 => println ! ("è´Ÿæ•° = = 0 => println ! ("é›¶") , n if n % 2 == 0 => println ! ("æ­£å¶æ•°: {}" , n) , n => println ! ("æ­£å¥‡æ•°: {}" , n) , }
          |                                                                                                                                                           ^
    /home/sonygod/projects/nu/temp_examples_cpp/patterns/patterns.cpp:54:155: error: missing terminating " character
       54 |     match number { n if n< 0 => println ! ("è´Ÿæ•° = = 0 => println ! ("é›¶") , n if n % 2 == 0 => println ! ("æ­£å¶æ•°: {}" , n) , n => println ! ("æ­£å¥‡æ•°: {}" , n) , }
          |                                                                                                                                                           ^~~~~~~~~~
    /home/sonygod/projects/nu/temp_examples_cpp/patterns/patterns.cpp:111:47: error: stray '@' in program
      111 |     match msg { Msg::Hello { id : id_variable @ 3 ..= 7 } => { println ! ("æ‰¾åˆ° id åœ¨èŒƒå›´å†…: {}" , id_variable) ; } Msg::Hello { id : 10 ..= 12 } => { println ! ("æ‰¾åˆ° id åœ¨å¦ä¸€ä¸ªèŒƒå›´å†…") ; } Msg::Hello { id } => { println ! ("æ‰¾åˆ°å…¶ä»– id: {}" , id) ; } }
          |                                               ^
    /home/sonygod/projects/nu/temp_examples_cpp/patterns/patterns.cpp: In function 'int main()':
    /home/sonygod/projects/nu/temp_examples_cpp/patterns/patterns.cpp:10:5: error: 'match' was not declared in this scope; did you mean 'rpmatch'?
       10 |     match number { 1 => println ! ("ä¸€") , 2 => println ! ("äºŒ") , 3 | 4 | 5 => println ! ("ä¸‰åˆ°äº”") , 6 ..= 10 => println ! ("å…­åˆ°å") , _ => println ! ("å…¶ä»–") , }
          |     ^~~~~
          |     rpmatch
    /home/sonygod/projects/nu/temp_examples_cpp/patterns/patterns.cpp:11:31: error: expected ',' or ';' before 'number'
       11 |     const auto result = match number { 1 ..= 5 => "å°" , 6 ..= 10 => "ä¸­" , _ => "å¤§" , };
          |                               ^~~~~~
    /home/sonygod/projects/nu/temp_examples_cpp/patterns/patterns.cpp:15:14: error: expected '}' before '{' token
       15 |         Move { x: int32_t, y: int32_t }        ,
          |              ^
    /home/sonygod/projects/nu/temp_examples_cpp/patterns/patterns.cpp:13:18: note: to match this '{'
       13 | enum Message     {
          |                  ^
    /home/sonygod/projects/nu/temp_examples_cpp/patterns/patterns.cpp:15:14: error: expected unqualified-id before '{' token
       15 |         Move { x: int32_t, y: int32_t }        ,
          |              ^
    /home/sonygod/projects/nu/temp_examples_cpp/patterns/patterns.cpp:15:48: error: expected primary-expression before ',' token

[0;34m[27] å¤„ç†æ–‡ä»¶: [0;32mrust_math.nu[0m
----------------------------------------
  [1;33m[1/4][0m Nu -> C++ è½¬æ¢...
  [0;32mâœ“[0m Nu -> C++ æˆåŠŸ
  [1;33m[2/4][0m åˆ›å»ºç‹¬ç«‹æ„å»ºç›®å½•...
  [0;32mâœ“[0m æ„å»ºç›®å½•å’ŒCMakeLists.txtåˆ›å»ºæˆåŠŸ
  [1;33m[3/4][0m CMake é…ç½®...
  [0;32mâœ“[0m CMake é…ç½®æˆåŠŸ
  [1;33m[4/4][0m ç¼–è¯‘éªŒè¯...
[ 50%] Building CXX object CMakeFiles/rust_math.dir/rust_math.cpp.o
  [0;31mâœ—[0m ç¼–è¯‘å¤±è´¥
  [0;31mç¼–è¯‘é”™è¯¯ä¿¡æ¯:[0m
    /home/sonygod/projects/nu/temp_examples_cpp/rust_math/rust_math.cpp: In function 'int main()':
    /home/sonygod/projects/nu/temp_examples_cpp/rust_math/rust_math.cpp:9:5: error: 'basic_constants' was not declared in this scope
        9 |     basic_constants ();
          |     ^~~~~~~~~~~~~~~
    /home/sonygod/projects/nu/temp_examples_cpp/rust_math/rust_math.cpp:10:5: error: 'basic_arithmetic' was not declared in this scope
       10 |     basic_arithmetic ();
          |     ^~~~~~~~~~~~~~~~
    /home/sonygod/projects/nu/temp_examples_cpp/rust_math/rust_math.cpp:11:5: error: 'power_and_root' was not declared in this scope
       11 |     power_and_root ();
          |     ^~~~~~~~~~~~~~
    /home/sonygod/projects/nu/temp_examples_cpp/rust_math/rust_math.cpp:12:5: error: 'trigonometric_functions' was not declared in this scope
       12 |     trigonometric_functions ();
          |     ^~~~~~~~~~~~~~~~~~~~~~~
    /home/sonygod/projects/nu/temp_examples_cpp/rust_math/rust_math.cpp:13:5: error: 'inverse_trig_functions' was not declared in this scope
       13 |     inverse_trig_functions ();
          |     ^~~~~~~~~~~~~~~~~~~~~~
    /home/sonygod/projects/nu/temp_examples_cpp/rust_math/rust_math.cpp:14:5: error: 'hyperbolic_functions' was not declared in this scope
       14 |     hyperbolic_functions ();
          |     ^~~~~~~~~~~~~~~~~~~~
    /home/sonygod/projects/nu/temp_examples_cpp/rust_math/rust_math.cpp:15:5: error: 'exponential_and_logarithm' was not declared in this scope
       15 |     exponential_and_logarithm ();
          |     ^~~~~~~~~~~~~~~~~~~~~~~~~
    /home/sonygod/projects/nu/temp_examples_cpp/rust_math/rust_math.cpp:16:5: error: 'rounding_functions' was not declared in this scope
       16 |     rounding_functions ();
          |     ^~~~~~~~~~~~~~~~~~
    /home/sonygod/projects/nu/temp_examples_cpp/rust_math/rust_math.cpp:17:5: error: 'abs_and_sign_functions' was not declared in this scope
       17 |     abs_and_sign_functions ();
          |     ^~~~~~~~~~~~~~~~~~~~~~
    /home/sonygod/projects/nu/temp_examples_cpp/rust_math/rust_math.cpp:18:5: error: 'comparison_functions' was not declared in this scope; did you mean 'comparison_fn_t'?
       18 |     comparison_functions ();

[0;34m[28] å¤„ç†æ–‡ä»¶: [0;32mrust_string.nu[0m
----------------------------------------
  [1;33m[1/4][0m Nu -> C++ è½¬æ¢...
  [0;32mâœ“[0m Nu -> C++ æˆåŠŸ
  [1;33m[2/4][0m åˆ›å»ºç‹¬ç«‹æ„å»ºç›®å½•...
  [0;32mâœ“[0m æ„å»ºç›®å½•å’ŒCMakeLists.txtåˆ›å»ºæˆåŠŸ
  [1;33m[3/4][0m CMake é…ç½®...
  [0;32mâœ“[0m CMake é…ç½®æˆåŠŸ
  [1;33m[4/4][0m ç¼–è¯‘éªŒè¯...
[ 50%] Building CXX object CMakeFiles/rust_string.dir/rust_string.cpp.o
  [0;31mâœ—[0m ç¼–è¯‘å¤±è´¥
  [0;31mç¼–è¯‘é”™è¯¯ä¿¡æ¯:[0m
    /home/sonygod/projects/nu/temp_examples_cpp/rust_string/rust_string.cpp:162:23: warning: missing terminating " character
      162 |     const auto raw = r"C;
          |                       ^
    /home/sonygod/projects/nu/temp_examples_cpp/rust_string/rust_string.cpp:162:23: error: missing terminating " character
      162 |     const auto raw = r"C;
          |                       ^~~
    /home/sonygod/projects/nu/temp_examples_cpp/rust_string/rust_string.cpp:163:24: error: stray '#' in program
      163 |     const auto raw2 = r#"She said "Hello""#;
          |                        ^
    /home/sonygod/projects/nu/temp_examples_cpp/rust_string/rust_string.cpp:163:43: error: stray '#' in program
      163 |     const auto raw2 = r#"She said "Hello""#;
          |                                           ^
    /home/sonygod/projects/nu/temp_examples_cpp/rust_string/rust_string.cpp:164:26: warning: missing terminating " character
      164 |     const auto special = "Tab;
          |                          ^
    /home/sonygod/projects/nu/temp_examples_cpp/rust_string/rust_string.cpp:164:26: error: missing terminating " character
      164 |     const auto special = "Tab;
          |                          ^~~~~
    /home/sonygod/projects/nu/temp_examples_cpp/rust_string/rust_string.cpp:221:40: warning: missing terminating " character
      221 |     const auto padded_left = format ! ("{;
          |                                        ^
    /home/sonygod/projects/nu/temp_examples_cpp/rust_string/rust_string.cpp:221:40: error: missing terminating " character
      221 |     const auto padded_left = format ! ("{;
          |                                        ^~~
    /home/sonygod/projects/nu/temp_examples_cpp/rust_string/rust_string.cpp:222:41: warning: missing terminating " character
      222 |     const auto padded_right = format ! ("{;
          |                                         ^
    /home/sonygod/projects/nu/temp_examples_cpp/rust_string/rust_string.cpp:222:41: error: missing terminating " character
      222 |     const auto padded_right = format ! ("{;
          |                                         ^~~

[0;34m[29] å¤„ç†æ–‡ä»¶: [0;32msmart-pointer-deref-test.nu[0m
----------------------------------------
  [1;33m[1/4][0m Nu -> C++ è½¬æ¢...
  [0;32mâœ“[0m Nu -> C++ æˆåŠŸ
  [1;33m[2/4][0m åˆ›å»ºç‹¬ç«‹æ„å»ºç›®å½•...
  [0;32mâœ“[0m æ„å»ºç›®å½•å’ŒCMakeLists.txtåˆ›å»ºæˆåŠŸ
  [1;33m[3/4][0m CMake é…ç½®...
  [0;32mâœ“[0m CMake é…ç½®æˆåŠŸ
  [1;33m[4/4][0m ç¼–è¯‘éªŒè¯...
[ 50%] Building CXX object CMakeFiles/smart-pointer-deref-test.dir/smart-pointer-deref-test.cpp.o
  [0;31mâœ—[0m ç¼–è¯‘å¤±è´¥
  [0;31mç¼–è¯‘é”™è¯¯ä¿¡æ¯:[0m
    /home/sonygod/projects/nu/temp_examples_cpp/smart-pointer-deref-test/smart-pointer-deref-test.cpp: In function 'int main()':
    /home/sonygod/projects/nu/temp_examples_cpp/smart-pointer-deref-test/smart-pointer-deref-test.cpp:11:24: error: 'B' has not been declared
       11 |     const auto boxed = B::new (42);
          |                        ^
    /home/sonygod/projects/nu/temp_examples_cpp/smart-pointer-deref-test/smart-pointer-deref-test.cpp:11:27: error: expected unqualified-id before 'new'
       11 |     const auto boxed = B::new (42);
          |                           ^~~
    /home/sonygod/projects/nu/temp_examples_cpp/smart-pointer-deref-test/smart-pointer-deref-test.cpp:13:21: error: 'Rc' has not been declared
       13 |     const auto rc = Rc::new (100);
          |                     ^~
    /home/sonygod/projects/nu/temp_examples_cpp/smart-pointer-deref-test/smart-pointer-deref-test.cpp:13:25: error: expected unqualified-id before 'new'
       13 |     const auto rc = Rc::new (100);
          |                         ^~~
    /home/sonygod/projects/nu/temp_examples_cpp/smart-pointer-deref-test/smart-pointer-deref-test.cpp:17:16: warning: unused variable 'deref_value' [-Wunused-variable]
       17 |     const auto deref_value = * ref_x;
          |                ^~~~~~~~~~~
    gmake[2]: *** [CMakeFiles/smart-pointer-deref-test.dir/build.make:76: CMakeFiles/smart-pointer-deref-test.dir/smart-pointer-deref-test.cpp.o] Error 1
    gmake[1]: *** [CMakeFiles/Makefile2:83: CMakeFiles/smart-pointer-deref-test.dir/all] Error 2
    gmake: *** [Makefile:91: all] Error 2

[0;34m[30] å¤„ç†æ–‡ä»¶: [0;32msmart-pointers-simple.nu[0m
----------------------------------------
  [1;33m[1/4][0m Nu -> C++ è½¬æ¢...
  [0;32mâœ“[0m Nu -> C++ æˆåŠŸ
  [1;33m[2/4][0m åˆ›å»ºç‹¬ç«‹æ„å»ºç›®å½•...
  [0;32mâœ“[0m æ„å»ºç›®å½•å’ŒCMakeLists.txtåˆ›å»ºæˆåŠŸ
  [1;33m[3/4][0m CMake é…ç½®...
  [0;32mâœ“[0m CMake é…ç½®æˆåŠŸ
  [1;33m[4/4][0m ç¼–è¯‘éªŒè¯...
[ 50%] Building CXX object CMakeFiles/smart-pointers-simple.dir/smart-pointers-simple.cpp.o
  [0;31mâœ—[0m ç¼–è¯‘å¤±è´¥
  [0;31mç¼–è¯‘é”™è¯¯ä¿¡æ¯:[0m
    /home/sonygod/projects/nu/temp_examples_cpp/smart-pointers-simple/smart-pointers-simple.cpp: In function 'int main()':
    /home/sonygod/projects/nu/temp_examples_cpp/smart-pointers-simple/smart-pointers-simple.cpp:15:24: error: 'B' has not been declared
       15 |     const auto boxed = B::new (42);
          |                        ^
    /home/sonygod/projects/nu/temp_examples_cpp/smart-pointers-simple/smart-pointers-simple.cpp:15:27: error: expected unqualified-id before 'new'
       15 |     const auto boxed = B::new (42);
          |                           ^~~
    /home/sonygod/projects/nu/temp_examples_cpp/smart-pointers-simple/smart-pointers-simple.cpp:17:23: error: 'Cell' has not been declared
       17 |     const auto cell = Cell::new (10);
          |                       ^~~~
    /home/sonygod/projects/nu/temp_examples_cpp/smart-pointers-simple/smart-pointers-simple.cpp:17:29: error: expected unqualified-id before 'new'
       17 |     const auto cell = Cell::new (10);
          |                             ^~~
    /home/sonygod/projects/nu/temp_examples_cpp/smart-pointers-simple/smart-pointers-simple.cpp:19:26: error: 'RefCell' has not been declared
       19 |     const auto refcell = RefCell::new (std::vector<int>{1 , 2 , 3});
          |                          ^~~~~~~
    /home/sonygod/projects/nu/temp_examples_cpp/smart-pointers-simple/smart-pointers-simple.cpp:19:35: error: expected unqualified-id before 'new'
       19 |     const auto refcell = RefCell::new (std::vector<int>{1 , 2 , 3});
          |                                   ^~~
    /home/sonygod/projects/nu/temp_examples_cpp/smart-pointers-simple/smart-pointers-simple.cpp:19:67: error: expected ',' or ';' before ')' token
       19 |     const auto refcell = RefCell::new (std::vector<int>{1 , 2 , 3});
          |                                                                   ^
    /home/sonygod/projects/nu/temp_examples_cpp/smart-pointers-simple/smart-pointers-simple.cpp:20:7: error: 'let' was not declared in this scope
       20 |     { let mut borrowed = refcell . borrow_mut () ; borrowed . push (4) ; println ! ("After push: {:?}" , * borrowed) ; }
          |       ^~~
    /home/sonygod/projects/nu/temp_examples_cpp/smart-pointers-simple/smart-pointers-simple.cpp:20:52: error: 'borrowed' was not declared in this scope
       20 |     { let mut borrowed = refcell . borrow_mut () ; borrowed . push (4) ; println ! ("After push: {:?}" , * borrowed) ; }
          |                                                    ^~~~~~~~
    /home/sonygod/projects/nu/temp_examples_cpp/smart-pointers-simple/smart-pointers-simple.cpp:20:74: error: 'println' was not declared in this scope; did you mean 'printf'?
       20 |     { let mut borrowed = refcell . borrow_mut () ; borrowed . push (4) ; println ! ("After push: {:?}" , * borrowed) ; }

[0;34m[31] å¤„ç†æ–‡ä»¶: [0;32msmart-pointers.nu[0m
----------------------------------------
  [1;33m[1/4][0m Nu -> C++ è½¬æ¢...
  [0;32mâœ“[0m Nu -> C++ æˆåŠŸ
  [1;33m[2/4][0m åˆ›å»ºç‹¬ç«‹æ„å»ºç›®å½•...
  [0;32mâœ“[0m æ„å»ºç›®å½•å’ŒCMakeLists.txtåˆ›å»ºæˆåŠŸ
  [1;33m[3/4][0m CMake é…ç½®...
  [0;32mâœ“[0m CMake é…ç½®æˆåŠŸ
  [1;33m[4/4][0m ç¼–è¯‘éªŒè¯...
[ 50%] Building CXX object CMakeFiles/smart-pointers.dir/smart-pointers.cpp.o
  [0;31mâœ—[0m ç¼–è¯‘å¤±è´¥
  [0;31mç¼–è¯‘é”™è¯¯ä¿¡æ¯:[0m
    /home/sonygod/projects/nu/temp_examples_cpp/smart-pointers/smart-pointers.cpp:18:8: error: 'TreeNode' is not a class template
       18 | struct TreeNode< T> {
          |        ^~~~~~~~
    /home/sonygod/projects/nu/temp_examples_cpp/smart-pointers/smart-pointers.cpp:18:18: error: 'T' was not declared in this scope
       18 | struct TreeNode< T> {
          |                  ^
    /home/sonygod/projects/nu/temp_examples_cpp/smart-pointers/smart-pointers.cpp:20:5: error: 'T' does not name a type
       20 |     T value;
          |     ^
    /home/sonygod/projects/nu/temp_examples_cpp/smart-pointers/smart-pointers.cpp:21:37: error: 'TreeNode' is not a template
       21 |     std::optional< std::unique_ptr< TreeNode< T>>> left;
          |                                     ^~~~~~~~
    /home/sonygod/projects/nu/temp_examples_cpp/smart-pointers/smart-pointers.cpp:21:47: error: 'T' was not declared in this scope
       21 |     std::optional< std::unique_ptr< TreeNode< T>>> left;
          |                                               ^
    /home/sonygod/projects/nu/temp_examples_cpp/smart-pointers/smart-pointers.cpp:22:37: error: 'TreeNode' is not a template
       22 |     std::optional< std::unique_ptr< TreeNode< T>>> right;
          |                                     ^~~~~~~~
    /home/sonygod/projects/nu/temp_examples_cpp/smart-pointers/smart-pointers.cpp:22:47: error: 'T' was not declared in this scope
       22 |     std::optional< std::unique_ptr< TreeNode< T>>> right;
          |                                               ^
    /home/sonygod/projects/nu/temp_examples_cpp/smart-pointers/smart-pointers.cpp:25:1: error: 'I' does not name a type
       25 | I< T> TreeNode< T> {
          | ^
    /home/sonygod/projects/nu/temp_examples_cpp/smart-pointers/smart-pointers.cpp:40:8: error: 'LargeData' is not a class template
       40 | struct LargeData< T> {
          |        ^~~~~~~~~
    /home/sonygod/projects/nu/temp_examples_cpp/smart-pointers/smart-pointers.cpp:40:19: error: 'T' was not declared in this scope
       40 | struct LargeData< T> {
          |                   ^

[0;34m[32] å¤„ç†æ–‡ä»¶: [0;32mstd_collections.nu[0m
----------------------------------------
  [1;33m[1/4][0m Nu -> C++ è½¬æ¢...
  [0;32mâœ“[0m Nu -> C++ æˆåŠŸ
  [1;33m[2/4][0m åˆ›å»ºç‹¬ç«‹æ„å»ºç›®å½•...
  [0;32mâœ“[0m æ„å»ºç›®å½•å’ŒCMakeLists.txtåˆ›å»ºæˆåŠŸ
  [1;33m[3/4][0m CMake é…ç½®...
  [0;32mâœ“[0m CMake é…ç½®æˆåŠŸ
  [1;33m[4/4][0m ç¼–è¯‘éªŒè¯...
[ 50%] Building CXX object CMakeFiles/std_collections.dir/std_collections.cpp.o
  [0;31mâœ—[0m ç¼–è¯‘å¤±è´¥
  [0;31mç¼–è¯‘é”™è¯¯ä¿¡æ¯:[0m
    /home/sonygod/projects/nu/temp_examples_cpp/std_collections/std_collections.cpp: In function 'int main()':
    /home/sonygod/projects/nu/temp_examples_cpp/std_collections/std_collections.cpp:11:16: error: 'V' has not been declared
       11 |     auto vec = V::new ();
          |                ^
    /home/sonygod/projects/nu/temp_examples_cpp/std_collections/std_collections.cpp:11:19: error: expected unqualified-id before 'new'
       11 |     auto vec = V::new ();
          |                   ^~~
    /home/sonygod/projects/nu/temp_examples_cpp/std_collections/std_collections.cpp:16:17: error: 'V' has not been declared
       16 |     auto vec3 = V::with_capacity (10);
          |                 ^
    /home/sonygod/projects/nu/temp_examples_cpp/std_collections/std_collections.cpp:18:18: error: 'VDeque' has not been declared
       18 |     auto deque = VDeque::new ();
          |                  ^~~~~~
    /home/sonygod/projects/nu/temp_examples_cpp/std_collections/std_collections.cpp:18:26: error: expected unqualified-id before 'new'
       18 |     auto deque = VDeque::new ();
          |                          ^~~
    /home/sonygod/projects/nu/temp_examples_cpp/std_collections/std_collections.cpp:22:17: error: found ':' in nested-name-specifier, expected '::'
       22 |     auto deque2 : VecDeque< int32_t> = VDeque::from ([1 , 2 , 3 , 4 , 5]);
          |                 ^
          |                 ::
    /home/sonygod/projects/nu/temp_examples_cpp/std_collections/std_collections.cpp:22:10: error: 'deque2' has not been declared
       22 |     auto deque2 : VecDeque< int32_t> = VDeque::from ([1 , 2 , 3 , 4 , 5]);
          |          ^~~~~~
    /home/sonygod/projects/nu/temp_examples_cpp/std_collections/std_collections.cpp:22:27: error: qualified-id in declaration before '<' token
       22 |     auto deque2 : VecDeque< int32_t> = VDeque::from ([1 , 2 , 3 , 4 , 5]);
          |                           ^
    /home/sonygod/projects/nu/temp_examples_cpp/std_collections/std_collections.cpp:23:5: error: 'deque2' was not declared in this scope
       23 |     deque2.rotate_left(2);
          |     ^~~~~~
    /home/sonygod/projects/nu/temp_examples_cpp/std_collections/std_collections.cpp:25:17: error: 'LinkedList' has not been declared

[0;34m[33] å¤„ç†æ–‡ä»¶: [0;32mstd_fs.nu[0m
----------------------------------------
  [1;33m[1/4][0m Nu -> C++ è½¬æ¢...
  [0;32mâœ“[0m Nu -> C++ æˆåŠŸ
  [1;33m[2/4][0m åˆ›å»ºç‹¬ç«‹æ„å»ºç›®å½•...
  [0;32mâœ“[0m æ„å»ºç›®å½•å’ŒCMakeLists.txtåˆ›å»ºæˆåŠŸ
  [1;33m[3/4][0m CMake é…ç½®...
  [0;32mâœ“[0m CMake é…ç½®æˆåŠŸ
  [1;33m[4/4][0m ç¼–è¯‘éªŒè¯...
[ 50%] Building CXX object CMakeFiles/std_fs.dir/std_fs.cpp.o
  [0;31mâœ—[0m ç¼–è¯‘å¤±è´¥
  [0;31mç¼–è¯‘é”™è¯¯ä¿¡æ¯:[0m
    /home/sonygod/projects/nu/temp_examples_cpp/std_fs/std_fs.cpp: In function 'int main()':
    /home/sonygod/projects/nu/temp_examples_cpp/std_fs/std_fs.cpp:16:5: error: 'fs' has not been declared
       16 |     fs::create_dir_all (test_dir)!;
          |     ^~
    /home/sonygod/projects/nu/temp_examples_cpp/std_fs/std_fs.cpp:17:5: error: 'fs' has not been declared
       17 |     fs::write (format ! std::tuple<"{}/test1.txt" , test_dir> , b"Hello, World!")!;
          |     ^~
    /home/sonygod/projects/nu/temp_examples_cpp/std_fs/std_fs.cpp:17:16: error: 'format' was not declared in this scope
       17 |     fs::write (format ! std::tuple<"{}/test1.txt" , test_dir> , b"Hello, World!")!;
          |                ^~~~~~
    /home/sonygod/projects/nu/temp_examples_cpp/std_fs/std_fs.cpp:17:63: error: expected primary-expression before ',' token
       17 |     fs::write (format ! std::tuple<"{}/test1.txt" , test_dir> , b"Hello, World!")!;
          |                                                               ^
    /home/sonygod/projects/nu/temp_examples_cpp/std_fs/std_fs.cpp:17:65: error: 'b' was not declared in this scope
       17 |     fs::write (format ! std::tuple<"{}/test1.txt" , test_dir> , b"Hello, World!")!;
          |                                                                 ^
    /home/sonygod/projects/nu/temp_examples_cpp/std_fs/std_fs.cpp:18:5: error: 'fs' has not been declared
       18 |     fs::write (format ! std::tuple<"{}/test2.txt" , test_dir> , b"Test 2")!;
          |     ^~
    /home/sonygod/projects/nu/temp_examples_cpp/std_fs/std_fs.cpp:18:22: error: expected ')' before '!' token
       18 |     fs::write (format ! std::tuple<"{}/test2.txt" , test_dir> , b"Test 2")!;
          |               ~      ^~
          |                      )
    /home/sonygod/projects/nu/temp_examples_cpp/std_fs/std_fs.cpp:18:63: error: expected primary-expression before ',' token
       18 |     fs::write (format ! std::tuple<"{}/test2.txt" , test_dir> , b"Test 2")!;
          |                                                               ^
    /home/sonygod/projects/nu/temp_examples_cpp/std_fs/std_fs.cpp:18:66: error: expected ')' before string constant
       18 |     fs::write (format ! std::tuple<"{}/test2.txt" , test_dir> , b"Test 2")!;
          |               ~                                                  ^~~~~~~~
          |                                                                  )

[0;34m[34] å¤„ç†æ–‡ä»¶: [0;32mstd_io.nu[0m
----------------------------------------
  [1;33m[1/4][0m Nu -> C++ è½¬æ¢...
  [0;32mâœ“[0m Nu -> C++ æˆåŠŸ
  [1;33m[2/4][0m åˆ›å»ºç‹¬ç«‹æ„å»ºç›®å½•...
  [0;32mâœ“[0m æ„å»ºç›®å½•å’ŒCMakeLists.txtåˆ›å»ºæˆåŠŸ
  [1;33m[3/4][0m CMake é…ç½®...
  [0;32mâœ“[0m CMake é…ç½®æˆåŠŸ
  [1;33m[4/4][0m ç¼–è¯‘éªŒè¯...
[ 50%] Building CXX object CMakeFiles/std_io.dir/std_io.cpp.o
  [0;31mâœ—[0m ç¼–è¯‘å¤±è´¥
  [0;31mç¼–è¯‘é”™è¯¯ä¿¡æ¯:[0m
    /home/sonygod/projects/nu/temp_examples_cpp/std_io/std_io.cpp: In function 'int main()':
    /home/sonygod/projects/nu/temp_examples_cpp/std_io/std_io.cpp:13:5: error: 'io' has not been declared
       13 |     io::stdout ().write_all(b"Hello from stdout\n")!;
          |     ^~
    /home/sonygod/projects/nu/temp_examples_cpp/std_io/std_io.cpp:13:29: error: 'b' was not declared in this scope
       13 |     io::stdout ().write_all(b"Hello from stdout\n")!;
          |                             ^
    /home/sonygod/projects/nu/temp_examples_cpp/std_io/std_io.cpp:14:5: error: 'io' has not been declared
       14 |     io::stderr ().write_all(b"Warning from stderr\n")!;
          |     ^~
    /home/sonygod/projects/nu/temp_examples_cpp/std_io/std_io.cpp:14:30: error: expected ')' before string constant
       14 |     io::stderr ().write_all(b"Warning from stderr\n")!;
          |                            ~ ^~~~~~~~~~~~~~~~~~~~~~~
          |                              )
    /home/sonygod/projects/nu/temp_examples_cpp/std_io/std_io.cpp:15:5: error: 'io' has not been declared
       15 |     io::stdout ().flush()!;
          |     ^~
    /home/sonygod/projects/nu/temp_examples_cpp/std_io/std_io.cpp:16:19: error: 'V' has not been declared
       16 |     auto buffer = V::new ();
          |                   ^
    /home/sonygod/projects/nu/temp_examples_cpp/std_io/std_io.cpp:16:22: error: expected unqualified-id before 'new'
       16 |     auto buffer = V::new ();
          |                      ^~~
    /home/sonygod/projects/nu/temp_examples_cpp/std_io/std_io.cpp:17:23: error: expected ')' before string constant
       17 |     buffer.write_all(b"Hello, ")!;
          |                     ~ ^~~~~~~~~
          |                       )
    /home/sonygod/projects/nu/temp_examples_cpp/std_io/std_io.cpp:18:23: error: expected ')' before string constant
       18 |     buffer.write_all(b"World!")!;
          |                     ~ ^~~~~~~~

[0;34m[35] å¤„ç†æ–‡ä»¶: [0;32mstd_path.nu[0m
----------------------------------------
  [1;33m[1/4][0m Nu -> C++ è½¬æ¢...
  [0;32mâœ“[0m Nu -> C++ æˆåŠŸ
  [1;33m[2/4][0m åˆ›å»ºç‹¬ç«‹æ„å»ºç›®å½•...
  [0;32mâœ“[0m æ„å»ºç›®å½•å’ŒCMakeLists.txtåˆ›å»ºæˆåŠŸ
  [1;33m[3/4][0m CMake é…ç½®...
  [0;32mâœ“[0m CMake é…ç½®æˆåŠŸ
  [1;33m[4/4][0m ç¼–è¯‘éªŒè¯...
[ 50%] Building CXX object CMakeFiles/std_path.dir/std_path.cpp.o
  [0;31mâœ—[0m ç¼–è¯‘å¤±è´¥
  [0;31mç¼–è¯‘é”™è¯¯ä¿¡æ¯:[0m
    /home/sonygod/projects/nu/temp_examples_cpp/std_path/std_path.cpp:48:7: error: invalid preprocessing directive #[
       48 |     # [cfg (unix)] { let path = Path::new ("/home/user/./file.txt") ; println ! ("Unix è·¯å¾„: {}" , path . display ()) ; for comp in path . components () { match comp { Component::RootDir => println ! ("  æ ¹ç›®å½• /") , Component::CurDir => println ! ("  å½“å‰ç›®å½• .") , Component::ParentDir => println ! ("  çˆ¶ç›®å½• ..") , Component::Normal (s) => println ! ("  æ™®é€š: {:?}" , s) , Component::Prefix (_) => println ! ("  å‰ç¼€ (Windows)") , } } }
          |       ^
    /home/sonygod/projects/nu/temp_examples_cpp/std_path/std_path.cpp:49:7: error: invalid preprocessing directive #[
       49 |     # [cfg (windows)] { let path = Path::new (r"C:\Users\user\file.txt") ; println ! ("Windows è·¯å¾„: {}" , path . display ()) ; for comp in path . components () { match comp { Component::Prefix (prefix) => { println ! ("  å‰ç¼€: {:?}" , prefix) ; } Component::RootDir => println ! ("  æ ¹ç›®å½•") , Component::Normal (s) => println ! ("  æ™®é€š: {:?}" , s) , _ => { } } } }
          |       ^
    /home/sonygod/projects/nu/temp_examples_cpp/std_path/std_path.cpp: In function 'int main()':
    /home/sonygod/projects/nu/temp_examples_cpp/std_path/std_path.cpp:15:23: error: 'Path' has not been declared
       15 |     const auto path = Path::new ("/usr/local/bin/rust");
          |                       ^~~~
    /home/sonygod/projects/nu/temp_examples_cpp/std_path/std_path.cpp:15:29: error: expected unqualified-id before 'new'
       15 |     const auto path = Path::new ("/usr/local/bin/rust");
          |                             ^~~
    /home/sonygod/projects/nu/temp_examples_cpp/std_path/std_path.cpp:16:23: error: 'Path' has not been declared
       16 |     const auto path = Path::new ("/usr/local/bin/rust");
          |                       ^~~~
    /home/sonygod/projects/nu/temp_examples_cpp/std_path/std_path.cpp:16:29: error: expected unqualified-id before 'new'
       16 |     const auto path = Path::new ("/usr/local/bin/rust");
          |                             ^~~
    /home/sonygod/projects/nu/temp_examples_cpp/std_path/std_path.cpp:17:9: error: 'let' was not declared in this scope
       17 |     if (let Some (name) = path . file_name ()) { println ! ("æ–‡ä»¶å: {:?}" , name) ; }
          |         ^~~
    /home/sonygod/projects/nu/temp_examples_cpp/std_path/std_path.cpp:17:12: error: expected ')' before 'Some'
       17 |     if (let Some (name) = path . file_name ()) { println ! ("æ–‡ä»¶å: {:?}" , name) ; }
          |        ~   ^~~~~
          |            )
    /home/sonygod/projects/nu/temp_examples_cpp/std_path/std_path.cpp:17:50: error: 'println' was not declared in this scope; did you mean 'printf'?
       17 |     if (let Some (name) = path . file_name ()) { println ! ("æ–‡ä»¶å: {:?}" , name) ; }
          |                                                  ^~~~~~~
          |                                                  printf

[0;34m[36] å¤„ç†æ–‡ä»¶: [0;32mstd_sync.nu[0m
----------------------------------------
  [1;33m[1/4][0m Nu -> C++ è½¬æ¢...
  [0;32mâœ“[0m Nu -> C++ æˆåŠŸ
  [1;33m[2/4][0m åˆ›å»ºç‹¬ç«‹æ„å»ºç›®å½•...
  [0;32mâœ“[0m æ„å»ºç›®å½•å’ŒCMakeLists.txtåˆ›å»ºæˆåŠŸ
  [1;33m[3/4][0m CMake é…ç½®...
  [0;32mâœ“[0m CMake é…ç½®æˆåŠŸ
  [1;33m[4/4][0m ç¼–è¯‘éªŒè¯...
[ 50%] Building CXX object CMakeFiles/std_sync.dir/std_sync.cpp.o
  [0;31mâœ—[0m ç¼–è¯‘å¤±è´¥
  [0;31mç¼–è¯‘é”™è¯¯ä¿¡æ¯:[0m
    /home/sonygod/projects/nu/temp_examples_cpp/std_sync/std_sync.cpp:31:109: warning: missing terminating " character
       31 |     { let mut guard = mutex . lock () . unwrap () ; println ! ("è·å–é”æˆåŠŸ = 42 ; println ! ("ä¿®æ”¹åçš„å€¼: {}" , * guard) ; }
          |                                                                                                             ^
    /home/sonygod/projects/nu/temp_examples_cpp/std_sync/std_sync.cpp:31:109: error: missing terminating " character
       31 |     { let mut guard = mutex . lock () . unwrap () ; println ! ("è·å–é”æˆåŠŸ = 42 ; println ! ("ä¿®æ”¹åçš„å€¼: {}" , * guard) ; }
          |                                                                                                             ^~~~~~~~~~~~~~~~
    /home/sonygod/projects/nu/temp_examples_cpp/std_sync/std_sync.cpp:52:36: warning: missing terminating " character
       52 |     while ! * started { println ! ("ä¸»çº¿ç¨‹ = cvar . wait (started) . unwrap () ; }
          |                                    ^
    /home/sonygod/projects/nu/temp_examples_cpp/std_sync/std_sync.cpp:52:36: error: missing terminating " character
       52 |     while ! * started { println ! ("ä¸»çº¿ç¨‹ = cvar . wait (started) . unwrap () ; }
          |                                    ^~~~~~~~~~~~~~~~~~~~~~~~~~~~~~~~~~~~~~~~~~~~~~~
    /home/sonygod/projects/nu/temp_examples_cpp/std_sync/std_sync.cpp:62:10: warning: missing terminating ' character
       62 | static & 'static str get_resource() {
          |          ^
    /home/sonygod/projects/nu/temp_examples_cpp/std_sync/std_sync.cpp:62:10: error: missing terminating ' character
       62 | static & 'static str get_resource() {
          |          ^~~~~~~~~~~~~~~~~~~~~~~~~~~~
    /home/sonygod/projects/nu/temp_examples_cpp/std_sync/std_sync.cpp: In function 'int main()':
    /home/sonygod/projects/nu/temp_examples_cpp/std_sync/std_sync.cpp:17:23: error: 'A' has not been declared
       17 |     const auto data = A::new (std::vector<int>{1 , 2 , 3 , 4 , 5});
          |                       ^
    /home/sonygod/projects/nu/temp_examples_cpp/std_sync/std_sync.cpp:17:26: error: expected unqualified-id before 'new'
       17 |     const auto data = A::new (std::vector<int>{1 , 2 , 3 , 4 , 5});
          |                          ^~~
    /home/sonygod/projects/nu/temp_examples_cpp/std_sync/std_sync.cpp:17:66: error: expected ',' or ';' before ')' token
       17 |     const auto data = A::new (std::vector<int>{1 , 2 , 3 , 4 , 5});
          |                                                                  ^
    /home/sonygod/projects/nu/temp_examples_cpp/std_sync/std_sync.cpp:18:36: error: template argument 1 is invalid
       18 |     auto handles = std::vector<auto>{};

[0;34m[37] å¤„ç†æ–‡ä»¶: [0;32mstd_thread.nu[0m
----------------------------------------
  [1;33m[1/4][0m Nu -> C++ è½¬æ¢...
  [0;32mâœ“[0m Nu -> C++ æˆåŠŸ
  [1;33m[2/4][0m åˆ›å»ºç‹¬ç«‹æ„å»ºç›®å½•...
  [0;32mâœ“[0m æ„å»ºç›®å½•å’ŒCMakeLists.txtåˆ›å»ºæˆåŠŸ
  [1;33m[3/4][0m CMake é…ç½®...
  [0;32mâœ“[0m CMake é…ç½®æˆåŠŸ
  [1;33m[4/4][0m ç¼–è¯‘éªŒè¯...
[ 50%] Building CXX object CMakeFiles/std_thread.dir/std_thread.cpp.o
  [0;31mâœ—[0m ç¼–è¯‘å¤±è´¥
  [0;31mç¼–è¯‘é”™è¯¯ä¿¡æ¯:[0m
    /home/sonygod/projects/nu/temp_examples_cpp/std_thread/std_thread.cpp:68:36: warning: missing terminating " character
       68 |     while ! * started { println ! ("ä¸»çº¿ç¨‹ = cvar . wait (started) . unwrap () ; }
          |                                    ^
    /home/sonygod/projects/nu/temp_examples_cpp/std_thread/std_thread.cpp:68:36: error: missing terminating " character
       68 |     while ! * started { println ! ("ä¸»çº¿ç¨‹ = cvar . wait (started) . unwrap () ; }
          |                                    ^~~~~~~~~~~~~~~~~~~~~~~~~~~~~~~~~~~~~~~~~~~~~~~
    /home/sonygod/projects/nu/temp_examples_cpp/std_thread/std_thread.cpp: In function 'int main()':
    /home/sonygod/projects/nu/temp_examples_cpp/std_thread/std_thread.cpp:17:25: error: 'thread' has not been declared
       17 |     const auto handle = thread :: spawn (| | { println ! ("  å­çº¿ç¨‹æ‰§è¡Œä¸­...") ; for i in 1 ..= 5 { println ! ("  å­çº¿ç¨‹: {}" , i) ; thread :: sleep (Duration :: from_millis (100)) ; } });
          |                         ^~~~~~
    /home/sonygod/projects/nu/temp_examples_cpp/std_thread/std_thread.cpp:17:42: error: expected primary-expression before '|' token
       17 |     const auto handle = thread :: spawn (| | { println ! ("  å­çº¿ç¨‹æ‰§è¡Œä¸­...") ; for i in 1 ..= 5 { println ! ("  å­çº¿ç¨‹: {}" , i) ; thread :: sleep (Duration :: from_millis (100)) ; } });
          |                                          ^
    /home/sonygod/projects/nu/temp_examples_cpp/std_thread/std_thread.cpp:17:44: error: expected primary-expression before '|' token
       17 |     const auto handle = thread :: spawn (| | { println ! ("  å­çº¿ç¨‹æ‰§è¡Œä¸­...") ; for i in 1 ..= 5 { println ! ("  å­çº¿ç¨‹: {}" , i) ; thread :: sleep (Duration :: from_millis (100)) ; } });
          |                                            ^
    /home/sonygod/projects/nu/temp_examples_cpp/std_thread/std_thread.cpp:17:46: error: expected primary-expression before '{' token
       17 |     const auto handle = thread :: spawn (| | { println ! ("  å­çº¿ç¨‹æ‰§è¡Œä¸­...") ; for i in 1 ..= 5 { println ! ("  å­çº¿ç¨‹: {}" , i) ; thread :: sleep (Duration :: from_millis (100)) ; } });
          |                                              ^
    /home/sonygod/projects/nu/temp_examples_cpp/std_thread/std_thread.cpp:18:9: error: expected '(' before 'i'
       18 |     for i in 1 ..= 3 { println ! ("ä¸»çº¿ç¨‹: {}" , i) ; thread::sleep (Duration::from_millis (150)) ; }
          |         ^
          |         (
    /home/sonygod/projects/nu/temp_examples_cpp/std_thread/std_thread.cpp:18:9: error: 'i' was not declared in this scope
    /home/sonygod/projects/nu/temp_examples_cpp/std_thread/std_thread.cpp:20:5: error: expected primary-expression before 'const'
       20 |     const auto handle = thread :: spawn (| | { thread :: sleep (Duration :: from_millis (100)) ; 42 });
          |     ^~~~~
    /home/sonygod/projects/nu/temp_examples_cpp/std_thread/std_thread.cpp:19:28: error: expected ')' before 'const'
       19 |     handle.join().unwrap();
          |                            ^

[0;34m[38] å¤„ç†æ–‡ä»¶: [0;32mstd_time.nu[0m
----------------------------------------
  [1;33m[1/4][0m Nu -> C++ è½¬æ¢...
  [0;32mâœ“[0m Nu -> C++ æˆåŠŸ
  [1;33m[2/4][0m åˆ›å»ºç‹¬ç«‹æ„å»ºç›®å½•...
  [0;32mâœ“[0m æ„å»ºç›®å½•å’ŒCMakeLists.txtåˆ›å»ºæˆåŠŸ
  [1;33m[3/4][0m CMake é…ç½®...
  [0;32mâœ“[0m CMake é…ç½®æˆåŠŸ
  [1;33m[4/4][0m ç¼–è¯‘éªŒè¯...
[ 50%] Building CXX object CMakeFiles/std_time.dir/std_time.cpp.o
  [0;31mâœ—[0m ç¼–è¯‘å¤±è´¥
  [0;31mç¼–è¯‘é”™è¯¯ä¿¡æ¯:[0m
    /home/sonygod/projects/nu/temp_examples_cpp/std_time/std_time.cpp:54:128: warning: missing terminating " character
       54 |     match now . duration_since (UNIX_EPOCH) { Ok (duration) => { println ! ("Unix æ—¶é—´æˆ³(ç§’) = > println ! ("ç³»ç»Ÿæ—¶é—´é”™è¯¯: {:?}" , e) , }
          |                                                                                                                                ^
    /home/sonygod/projects/nu/temp_examples_cpp/std_time/std_time.cpp:54:128: error: missing terminating " character
       54 |     match now . duration_since (UNIX_EPOCH) { Ok (duration) => { println ! ("Unix æ—¶é—´æˆ³(ç§’) = > println ! ("ç³»ç»Ÿæ—¶é—´é”™è¯¯: {:?}" , e) , }
          |                                                                                                                                ^~~~~~~~~~
    /home/sonygod/projects/nu/temp_examples_cpp/std_time/std_time.cpp:58:109: warning: missing terminating " character
       58 |     match now . duration_since (past) { Ok (diff) => println ! ("æ—¶é—´å·® = > println ! ("æ—¶é—´å·®è®¡ç®—å¤±è´¥: {:?}" , e) , }
          |                                                                                                             ^
    /home/sonygod/projects/nu/temp_examples_cpp/std_time/std_time.cpp:58:109: error: missing terminating " character
       58 |     match now . duration_since (past) { Ok (diff) => println ! ("æ—¶é—´å·® = > println ! ("æ—¶é—´å·®è®¡ç®—å¤±è´¥: {:?}" , e) , }
          |                                                                                                             ^~~~~~~~~~
    /home/sonygod/projects/nu/temp_examples_cpp/std_time/std_time.cpp: In function 'int main()':
    /home/sonygod/projects/nu/temp_examples_cpp/std_time/std_time.cpp:13:23: error: 'Duration' has not been declared
       13 |     const auto dur1 = Duration::from_secs (5);
          |                       ^~~~~~~~
    /home/sonygod/projects/nu/temp_examples_cpp/std_time/std_time.cpp:14:23: error: 'Duration' has not been declared
       14 |     const auto dur2 = Duration::from_millis (500);
          |                       ^~~~~~~~
    /home/sonygod/projects/nu/temp_examples_cpp/std_time/std_time.cpp:15:23: error: 'Duration' has not been declared
       15 |     const auto dur3 = Duration::from_micros (1000);
          |                       ^~~~~~~~
    /home/sonygod/projects/nu/temp_examples_cpp/std_time/std_time.cpp:16:23: error: 'Duration' has not been declared
       16 |     const auto dur4 = Duration::from_nanos (1000000);
          |                       ^~~~~~~~
    /home/sonygod/projects/nu/temp_examples_cpp/std_time/std_time.cpp:17:23: error: 'Duration' has not been declared
       17 |     const auto dur5 = Duration::new (2 , 500_000_000);
          |                       ^~~~~~~~
    /home/sonygod/projects/nu/temp_examples_cpp/std_time/std_time.cpp:17:33: error: expected unqualified-id before 'new'
       17 |     const auto dur5 = Duration::new (2 , 500_000_000);

[0;34m[39] å¤„ç†æ–‡ä»¶: [0;32mstring-test.nu[0m
----------------------------------------
  [1;33m[1/4][0m Nu -> C++ è½¬æ¢...
  [0;32mâœ“[0m Nu -> C++ æˆåŠŸ
  [1;33m[2/4][0m åˆ›å»ºç‹¬ç«‹æ„å»ºç›®å½•...
  [0;32mâœ“[0m æ„å»ºç›®å½•å’ŒCMakeLists.txtåˆ›å»ºæˆåŠŸ
  [1;33m[3/4][0m CMake é…ç½®...
  [0;32mâœ“[0m CMake é…ç½®æˆåŠŸ
  [1;33m[4/4][0m ç¼–è¯‘éªŒè¯...
[ 50%] Building CXX object CMakeFiles/string-test.dir/string-test.cpp.o
  [0;31mâœ—[0m ç¼–è¯‘å¤±è´¥
  [0;31mç¼–è¯‘é”™è¯¯ä¿¡æ¯:[0m
    /home/sonygod/projects/nu/temp_examples_cpp/string-test/string-test.cpp: In function 'int main()':
    /home/sonygod/projects/nu/temp_examples_cpp/string-test/string-test.cpp:9:28: error: 'from' is not a member of 'std::string' {aka 'std::__cxx11::basic_string<char>'}
        9 |     auto s1 = std::string::from ("Hello");
          |                            ^~~~
    /home/sonygod/projects/nu/temp_examples_cpp/string-test/string-test.cpp:10:34: error: 'from' is not a member of 'std::string' {aka 'std::__cxx11::basic_string<char>'}
       10 |     const auto s2 = std::string::from ("World");
          |                                  ^~~~
    /home/sonygod/projects/nu/temp_examples_cpp/string-test/string-test.cpp:13:28: error: 'from' is not a member of 'std::string' {aka 'std::__cxx11::basic_string<char>'}
       13 |     auto s3 = std::string::from ("abc");
          |                            ^~~~
    /home/sonygod/projects/nu/temp_examples_cpp/string-test/string-test.cpp:14:9: error: 'let' was not declared in this scope
       14 |     if (let Some (ch) = s3 . pop ()) { println ! ("Popped char: {}" , ch) ; println ! ("After pop: {}" , s3) ; }
          |         ^~~
    /home/sonygod/projects/nu/temp_examples_cpp/string-test/string-test.cpp:14:12: error: expected ')' before 'Some'
       14 |     if (let Some (ch) = s3 . pop ()) { println ! ("Popped char: {}" , ch) ; println ! ("After pop: {}" , s3) ; }
          |        ~   ^~~~~
          |            )
    /home/sonygod/projects/nu/temp_examples_cpp/string-test/string-test.cpp:14:40: error: 'println' was not declared in this scope; did you mean 'printf'?
       14 |     if (let Some (ch) = s3 . pop ()) { println ! ("Popped char: {}" , ch) ; println ! ("After pop: {}" , s3) ; }
          |                                        ^~~~~~~
          |                                        printf
    /home/sonygod/projects/nu/temp_examples_cpp/string-test/string-test.cpp:14:84: error: expected ';' before '!' token
       14 |     if (let Some (ch) = s3 . pop ()) { println ! ("Popped char: {}" , ch) ; println ! ("After pop: {}" , s3) ; }
          |                                                                                    ^~
          |                                                                                    ;
    /home/sonygod/projects/nu/temp_examples_cpp/string-test/string-test.cpp:15:28: error: 'from' is not a member of 'std::string' {aka 'std::__cxx11::basic_string<char>'}
       15 |     auto s4 = std::string::from ("test");
          |                            ^~~~
    /home/sonygod/projects/nu/temp_examples_cpp/string-test/string-test.cpp:17:34: error: 'from' is not a member of 'std::string' {aka 'std::__cxx11::basic_string<char>'}
       17 |     const auto s5 = std::string::from ("Hello, World!");

[0;34m[40] å¤„ç†æ–‡ä»¶: [0;32mstructs.nu[0m
----------------------------------------
  [1;33m[1/4][0m Nu -> C++ è½¬æ¢...
  [0;32mâœ“[0m Nu -> C++ æˆåŠŸ
  [1;33m[2/4][0m åˆ›å»ºç‹¬ç«‹æ„å»ºç›®å½•...
  [0;32mâœ“[0m æ„å»ºç›®å½•å’ŒCMakeLists.txtåˆ›å»ºæˆåŠŸ
  [1;33m[3/4][0m CMake é…ç½®...
  [0;32mâœ“[0m CMake é…ç½®æˆåŠŸ
  [1;33m[4/4][0m ç¼–è¯‘éªŒè¯...
[ 50%] Building CXX object CMakeFiles/structs.dir/structs.cpp.o
  [0;31mâœ—[0m ç¼–è¯‘å¤±è´¥
  [0;31mç¼–è¯‘é”™è¯¯ä¿¡æ¯:[0m
    /home/sonygod/projects/nu/temp_examples_cpp/structs/structs.cpp: In function 'Point create(int32_t, int32_t)':
    /home/sonygod/projects/nu/temp_examples_cpp/structs/structs.cpp:27:24: error: expected ';' before '}' token
       27 |         Point { x , y }
          |                        ^
          |                        ;
       28 |     }
          |     ~                   
    /home/sonygod/projects/nu/temp_examples_cpp/structs/structs.cpp:28:5: warning: no return statement in function returning non-void [-Wreturn-type]
       28 |     }
          |     ^
    /home/sonygod/projects/nu/temp_examples_cpp/structs/structs.cpp: In function 'double distance_from_origin()':
    /home/sonygod/projects/nu/temp_examples_cpp/structs/structs.cpp:31:31: error: 'self' was not declared in this scope
       31 |         static_cast<double>(((self . x * self . x + self . y * self . y))).sqrt()
          |                               ^~~~
    /home/sonygod/projects/nu/temp_examples_cpp/structs/structs.cpp:32:5: warning: no return statement in function returning non-void [-Wreturn-type]
       32 |     }
          |     ^
    /home/sonygod/projects/nu/temp_examples_cpp/structs/structs.cpp: In function 'double distance_to(const Point&)':
    /home/sonygod/projects/nu/temp_examples_cpp/structs/structs.cpp:35:25: error: 'self' was not declared in this scope
       35 |         const auto dx = self . x - other . x;
          |                         ^~~~
    /home/sonygod/projects/nu/temp_examples_cpp/structs/structs.cpp:38:5: warning: no return statement in function returning non-void [-Wreturn-type]
       38 |     }
          |     ^
    /home/sonygod/projects/nu/temp_examples_cpp/structs/structs.cpp: At global scope:
    /home/sonygod/projects/nu/temp_examples_cpp/structs/structs.cpp:40:1: error: expected declaration before '}' token
       40 | }
          | ^
    /home/sonygod/projects/nu/temp_examples_cpp/structs/structs.cpp: In function 'Person create(std::string, int32_t, std::string)':
    /home/sonygod/projects/nu/temp_examples_cpp/structs/structs.cpp:44:38: error: expected ';' before '}' token

[0;34m[41] å¤„ç†æ–‡ä»¶: [0;32mtest-closure-semicolon.nu[0m
----------------------------------------
  [1;33m[1/4][0m Nu -> C++ è½¬æ¢...
  [0;32mâœ“[0m Nu -> C++ æˆåŠŸ
  [1;33m[2/4][0m åˆ›å»ºç‹¬ç«‹æ„å»ºç›®å½•...
  [0;32mâœ“[0m æ„å»ºç›®å½•å’ŒCMakeLists.txtåˆ›å»ºæˆåŠŸ
  [1;33m[3/4][0m CMake é…ç½®...
  [0;32mâœ“[0m CMake é…ç½®æˆåŠŸ
  [1;33m[4/4][0m ç¼–è¯‘éªŒè¯...
[ 50%] Building CXX object CMakeFiles/test-closure-semicolon.dir/test-closure-semicolon.cpp.o
  [0;31mâœ—[0m ç¼–è¯‘å¤±è´¥
  [0;31mç¼–è¯‘é”™è¯¯ä¿¡æ¯:[0m
    /home/sonygod/projects/nu/temp_examples_cpp/test-closure-semicolon/test-closure-semicolon.cpp: In function 'int main()':
    /home/sonygod/projects/nu/temp_examples_cpp/test-closure-semicolon/test-closure-semicolon.cpp:10:34: error: 'const class std::vector<int>' has no member named 'iter'
       10 |     const auto squares = numbers.iter().map(|& i| { let result = i * i ; result }).collect();
          |                                  ^~~~
    /home/sonygod/projects/nu/temp_examples_cpp/test-closure-semicolon/test-closure-semicolon.cpp:10:45: error: expected primary-expression before '|' token
       10 |     const auto squares = numbers.iter().map(|& i| { let result = i * i ; result }).collect();
          |                                             ^
    /home/sonygod/projects/nu/temp_examples_cpp/test-closure-semicolon/test-closure-semicolon.cpp:10:48: error: 'i' was not declared in this scope
       10 |     const auto squares = numbers.iter().map(|& i| { let result = i * i ; result }).collect();
          |                                                ^
    /home/sonygod/projects/nu/temp_examples_cpp/test-closure-semicolon/test-closure-semicolon.cpp:10:51: error: expected primary-expression before '{' token
       10 |     const auto squares = numbers.iter().map(|& i| { let result = i * i ; result }).collect();
          |                                                   ^
    /home/sonygod/projects/nu/temp_examples_cpp/test-closure-semicolon/test-closure-semicolon.cpp:11:36: error: 'const class std::vector<int>' has no member named 'iter'
       11 |     const auto processed = numbers.iter().map(|& i| { let doubled = i * 2 ; let squared = doubled * doubled ; squared }).collect();
          |                                    ^~~~
    /home/sonygod/projects/nu/temp_examples_cpp/test-closure-semicolon/test-closure-semicolon.cpp:11:47: error: expected primary-expression before '|' token
       11 |     const auto processed = numbers.iter().map(|& i| { let doubled = i * 2 ; let squared = doubled * doubled ; squared }).collect();
          |                                               ^
    /home/sonygod/projects/nu/temp_examples_cpp/test-closure-semicolon/test-closure-semicolon.cpp:11:53: error: expected primary-expression before '{' token
       11 |     const auto processed = numbers.iter().map(|& i| { let doubled = i * 2 ; let squared = doubled * doubled ; squared }).collect();
          |                                                     ^
    gmake[2]: *** [CMakeFiles/test-closure-semicolon.dir/build.make:76: CMakeFiles/test-closure-semicolon.dir/test-closure-semicolon.cpp.o] Error 1
    gmake[1]: *** [CMakeFiles/Makefile2:83: CMakeFiles/test-closure-semicolon.dir/all] Error 2
    gmake: *** [Makefile:91: all] Error 2

[0;34m[42] å¤„ç†æ–‡ä»¶: [0;32mtest-escape.nu[0m
----------------------------------------
  [1;33m[1/4][0m Nu -> C++ è½¬æ¢...
  [0;32mâœ“[0m Nu -> C++ æˆåŠŸ
  [1;33m[2/4][0m åˆ›å»ºç‹¬ç«‹æ„å»ºç›®å½•...
  [0;32mâœ“[0m æ„å»ºç›®å½•å’ŒCMakeLists.txtåˆ›å»ºæˆåŠŸ
  [1;33m[3/4][0m CMake é…ç½®...
  [0;32mâœ“[0m CMake é…ç½®æˆåŠŸ
  [1;33m[4/4][0m ç¼–è¯‘éªŒè¯...
[ 50%] Building CXX object CMakeFiles/test-escape.dir/test-escape.cpp.o
  [0;31mâœ—[0m ç¼–è¯‘å¤±è´¥
  [0;31mç¼–è¯‘é”™è¯¯ä¿¡æ¯:[0m
    /home/sonygod/projects/nu/temp_examples_cpp/test-escape/test-escape.cpp: In function 'int main()':
    /home/sonygod/projects/nu/temp_examples_cpp/test-escape/test-escape.cpp:9:33: error: 'from' is not a member of 'std::string' {aka 'std::__cxx11::basic_string<char>'}
        9 |     const auto s = std::string::from ("\n\t  Hello  \t\n");
          |                                 ^~~~
    gmake[2]: *** [CMakeFiles/test-escape.dir/build.make:76: CMakeFiles/test-escape.dir/test-escape.cpp.o] Error 1
    gmake[1]: *** [CMakeFiles/Makefile2:83: CMakeFiles/test-escape.dir/all] Error 2
    gmake: *** [Makefile:91: all] Error 2

[0;34m[43] å¤„ç†æ–‡ä»¶: [0;32mtest-if-in-closure.nu[0m
----------------------------------------
  [1;33m[1/4][0m Nu -> C++ è½¬æ¢...
  [0;32mâœ“[0m Nu -> C++ æˆåŠŸ
  [1;33m[2/4][0m åˆ›å»ºç‹¬ç«‹æ„å»ºç›®å½•...
  [0;32mâœ“[0m æ„å»ºç›®å½•å’ŒCMakeLists.txtåˆ›å»ºæˆåŠŸ
  [1;33m[3/4][0m CMake é…ç½®...
  [0;32mâœ“[0m CMake é…ç½®æˆåŠŸ
  [1;33m[4/4][0m ç¼–è¯‘éªŒè¯...
[ 50%] Building CXX object CMakeFiles/test-if-in-closure.dir/test-if-in-closure.cpp.o
  [0;31mâœ—[0m ç¼–è¯‘å¤±è´¥
  [0;31mç¼–è¯‘é”™è¯¯ä¿¡æ¯:[0m
    /home/sonygod/projects/nu/temp_examples_cpp/test-if-in-closure/test-if-in-closure.cpp: In function 'int main()':
    /home/sonygod/projects/nu/temp_examples_cpp/test-if-in-closure/test-if-in-closure.cpp:10:9: error: 'let' was not declared in this scope
       10 |     if (let Some (& max) = numbers . iter () . reduce (| acc , x | if acc> x) { acc } else { x }) { println ! ("Maximum value: {}" , max) ; }
          |         ^~~
    /home/sonygod/projects/nu/temp_examples_cpp/test-if-in-closure/test-if-in-closure.cpp:10:12: error: expected ')' before 'Some'
       10 |     if (let Some (& max) = numbers . iter () . reduce (| acc , x | if acc> x) { acc } else { x }) { println ! ("Maximum value: {}" , max) ; }
          |        ~   ^~~~~
          |            )
    /home/sonygod/projects/nu/temp_examples_cpp/test-if-in-closure/test-if-in-closure.cpp:10:101: error: 'println' was not declared in this scope; did you mean 'printf'?
       10 |     if (let Some (& max) = numbers . iter () . reduce (| acc , x | if acc> x) { acc } else { x }) { println ! ("Maximum value: {}" , max) ; }
          |                                                                                                     ^~~~~~~
          |                                                                                                     printf
    /home/sonygod/projects/nu/temp_examples_cpp/test-if-in-closure/test-if-in-closure.cpp:11:33: error: 'const class std::vector<int>' has no member named 'iter'
       11 |     const auto result = numbers.iter().map(|x| if * x > 3 { * x * 2 } else { * x }).collect();
          |                                 ^~~~
    /home/sonygod/projects/nu/temp_examples_cpp/test-if-in-closure/test-if-in-closure.cpp:11:44: error: expected primary-expression before '|' token
       11 |     const auto result = numbers.iter().map(|x| if * x > 3 { * x * 2 } else { * x }).collect();
          |                                            ^
    /home/sonygod/projects/nu/temp_examples_cpp/test-if-in-closure/test-if-in-closure.cpp:11:45: error: 'x' was not declared in this scope
       11 |     const auto result = numbers.iter().map(|x| if * x > 3 { * x * 2 } else { * x }).collect();
          |                                             ^
    /home/sonygod/projects/nu/temp_examples_cpp/test-if-in-closure/test-if-in-closure.cpp:11:48: error: expected primary-expression before 'if'
       11 |     const auto result = numbers.iter().map(|x| if * x > 3 { * x * 2 } else { * x }).collect();
          |                                                ^~
    gmake[2]: *** [CMakeFiles/test-if-in-closure.dir/build.make:76: CMakeFiles/test-if-in-closure.dir/test-if-in-closure.cpp.o] Error 1
    gmake[1]: *** [CMakeFiles/Makefile2:83: CMakeFiles/test-if-in-closure.dir/all] Error 2
    gmake: *** [Makefile:91: all] Error 2

[0;34m[44] å¤„ç†æ–‡ä»¶: [0;32mtest_cfg_attr.nu[0m
----------------------------------------
  [1;33m[1/4][0m Nu -> C++ è½¬æ¢...
  [0;32mâœ“[0m Nu -> C++ æˆåŠŸ
  [1;33m[2/4][0m åˆ›å»ºç‹¬ç«‹æ„å»ºç›®å½•...
  [0;32mâœ“[0m æ„å»ºç›®å½•å’ŒCMakeLists.txtåˆ›å»ºæˆåŠŸ
  [1;33m[3/4][0m CMake é…ç½®...
  [0;32mâœ“[0m CMake é…ç½®æˆåŠŸ
  [1;33m[4/4][0m ç¼–è¯‘éªŒè¯...
[ 50%] Building CXX object CMakeFiles/test_cfg_attr.dir/test_cfg_attr.cpp.o
  [0;31mâœ—[0m ç¼–è¯‘å¤±è´¥
  [0;31mç¼–è¯‘é”™è¯¯ä¿¡æ¯:[0m
    /home/sonygod/projects/nu/temp_examples_cpp/test_cfg_attr/test_cfg_attr.cpp:9:14: error: expected '{' before ';' token
        9 | namespace foo;
          |              ^
    /home/sonygod/projects/nu/temp_examples_cpp/test_cfg_attr/test_cfg_attr.cpp:12:14: error: expected '{' before ';' token
       12 | namespace bar;
          |              ^
    gmake[2]: *** [CMakeFiles/test_cfg_attr.dir/build.make:76: CMakeFiles/test_cfg_attr.dir/test_cfg_attr.cpp.o] Error 1
    gmake[1]: *** [CMakeFiles/Makefile2:83: CMakeFiles/test_cfg_attr.dir/all] Error 2
    gmake: *** [Makefile:91: all] Error 2

[0;34m[45] å¤„ç†æ–‡ä»¶: [0;32mtest_converter.nu[0m
----------------------------------------
  [1;33m[1/4][0m Nu -> C++ è½¬æ¢...
  [0;32mâœ“[0m Nu -> C++ æˆåŠŸ
  [1;33m[2/4][0m åˆ›å»ºç‹¬ç«‹æ„å»ºç›®å½•...
  [0;32mâœ“[0m æ„å»ºç›®å½•å’ŒCMakeLists.txtåˆ›å»ºæˆåŠŸ
  [1;33m[3/4][0m CMake é…ç½®...
  [0;32mâœ“[0m CMake é…ç½®æˆåŠŸ
  [1;33m[4/4][0m ç¼–è¯‘éªŒè¯...
[ 50%] Building CXX object CMakeFiles/test_converter.dir/test_converter.cpp.o
  [0;31mâœ—[0m ç¼–è¯‘å¤±è´¥
  [0;31mç¼–è¯‘é”™è¯¯ä¿¡æ¯:[0m
    /home/sonygod/projects/nu/temp_examples_cpp/test_converter/test_converter.cpp:25:20: warning: missing terminating " character
       25 |         println ! ("\nâœ“ è¾“å‡ºå·²ä¿å­˜åˆ°;
          |                    ^
    /home/sonygod/projects/nu/temp_examples_cpp/test_converter/test_converter.cpp:25:20: error: missing terminating " character
       25 |         println ! ("\nâœ“ è¾“å‡ºå·²ä¿å­˜åˆ°;
          |                    ^~~~~~~~~~~~~~~~~~
    /home/sonygod/projects/nu/temp_examples_cpp/test_converter/test_converter.cpp:28:21: warning: missing terminating " character
       28 |         eprintln ! ("âœ— è½¬æ¢å¤±è´¥;
          |                     ^
    /home/sonygod/projects/nu/temp_examples_cpp/test_converter/test_converter.cpp:28:21: error: missing terminating " character
       28 |         eprintln ! ("âœ— è½¬æ¢å¤±è´¥;
          |                     ^~~~~~~~~~~~
    /home/sonygod/projects/nu/temp_examples_cpp/test_converter/test_converter.cpp:47:20: warning: missing terminating " character
       47 |         println ! ("  âœ— {} - é”™è¯¯;
          |                    ^
    /home/sonygod/projects/nu/temp_examples_cpp/test_converter/test_converter.cpp:47:20: error: missing terminating " character
       47 |         println ! ("  âœ— {} - é”™è¯¯;
          |                    ^~~~~~~~~~~~~~~
    /home/sonygod/projects/nu/temp_examples_cpp/test_converter/test_converter.cpp:60:20: warning: missing terminating " character
       60 |         println ! ("  âœ— {} - é”™è¯¯;
          |                    ^
    /home/sonygod/projects/nu/temp_examples_cpp/test_converter/test_converter.cpp:60:20: error: missing terminating " character
       60 |         println ! ("  âœ— {} - é”™è¯¯;
          |                    ^~~~~~~~~~~~~~~
    /home/sonygod/projects/nu/temp_examples_cpp/test_converter/test_converter.cpp:73:20: warning: missing terminating " character
       73 |         println ! ("  âœ— é”™è¯¯;
          |                    ^
    /home/sonygod/projects/nu/temp_examples_cpp/test_converter/test_converter.cpp:73:20: error: missing terminating " character
       73 |         println ! ("  âœ— é”™è¯¯;
          |                    ^~~~~~~~~~

[0;34m[46] å¤„ç†æ–‡ä»¶: [0;32mtest_enum_impl.nu[0m
----------------------------------------
  [1;33m[1/4][0m Nu -> C++ è½¬æ¢...
  [0;32mâœ“[0m Nu -> C++ æˆåŠŸ
  [1;33m[2/4][0m åˆ›å»ºç‹¬ç«‹æ„å»ºç›®å½•...
  [0;32mâœ“[0m æ„å»ºç›®å½•å’ŒCMakeLists.txtåˆ›å»ºæˆåŠŸ
  [1;33m[3/4][0m CMake é…ç½®...
  [0;32mâœ“[0m CMake é…ç½®æˆåŠŸ
  [1;33m[4/4][0m ç¼–è¯‘éªŒè¯...
[ 50%] Building CXX object CMakeFiles/test_enum_impl.dir/test_enum_impl.cpp.o
  [0;31mâœ—[0m ç¼–è¯‘å¤±è´¥
  [0;31mç¼–è¯‘é”™è¯¯ä¿¡æ¯:[0m
    /home/sonygod/projects/nu/temp_examples_cpp/test_enum_impl/test_enum_impl.cpp:15:7: warning: missing terminating ' character
       15 |     & 'static str name() {
          |       ^
    /home/sonygod/projects/nu/temp_examples_cpp/test_enum_impl/test_enum_impl.cpp:15:7: error: missing terminating ' character
       15 |     & 'static str name() {
          |       ^~~~~~~~~~~~~~~~~~~~
    /home/sonygod/projects/nu/temp_examples_cpp/test_enum_impl/test_enum_impl.cpp:16:17: error: invalid use of 'this' at top level
       16 |         match (*this) { Color::Red => "Red" , Color::Green => "Green" , Color::Blue => "Blue" , }
          |                 ^~~~
    /home/sonygod/projects/nu/temp_examples_cpp/test_enum_impl/test_enum_impl.cpp:17:5: error: expected declaration before '}' token
       17 |     }
          |     ^
    /home/sonygod/projects/nu/temp_examples_cpp/test_enum_impl/test_enum_impl.cpp:19:1: error: expected declaration before '}' token
       19 | }
          | ^
    /home/sonygod/projects/nu/temp_examples_cpp/test_enum_impl/test_enum_impl.cpp: In function 'int main()':
    /home/sonygod/projects/nu/temp_examples_cpp/test_enum_impl/test_enum_impl.cpp:22:16: warning: unused variable 'color' [-Wunused-variable]
       22 |     const auto color = Color::Red;
          |                ^~~~~
    gmake[2]: *** [CMakeFiles/test_enum_impl.dir/build.make:76: CMakeFiles/test_enum_impl.dir/test_enum_impl.cpp.o] Error 1
    gmake[1]: *** [CMakeFiles/Makefile2:83: CMakeFiles/test_enum_impl.dir/all] Error 2
    gmake: *** [Makefile:91: all] Error 2

[0;34m[47] å¤„ç†æ–‡ä»¶: [0;32mtest_hashmap_iter.nu[0m
----------------------------------------
  [1;33m[1/4][0m Nu -> C++ è½¬æ¢...
  [0;32mâœ“[0m Nu -> C++ æˆåŠŸ
  [1;33m[2/4][0m åˆ›å»ºç‹¬ç«‹æ„å»ºç›®å½•...
  [0;32mâœ“[0m æ„å»ºç›®å½•å’ŒCMakeLists.txtåˆ›å»ºæˆåŠŸ
  [1;33m[3/4][0m CMake é…ç½®...
  [0;32mâœ“[0m CMake é…ç½®æˆåŠŸ
  [1;33m[4/4][0m ç¼–è¯‘éªŒè¯...
[ 50%] Building CXX object CMakeFiles/test_hashmap_iter.dir/test_hashmap_iter.cpp.o
  [0;31mâœ—[0m ç¼–è¯‘å¤±è´¥
  [0;31mç¼–è¯‘é”™è¯¯ä¿¡æ¯:[0m
    /home/sonygod/projects/nu/temp_examples_cpp/test_hashmap_iter/test_hashmap_iter.cpp: In function 'int main()':
    /home/sonygod/projects/nu/temp_examples_cpp/test_hashmap_iter/test_hashmap_iter.cpp:11:19: error: 'HashMap' has not been declared
       11 |     auto scores = HashMap::new ();
          |                   ^~~~~~~
    /home/sonygod/projects/nu/temp_examples_cpp/test_hashmap_iter/test_hashmap_iter.cpp:11:28: error: expected unqualified-id before 'new'
       11 |     auto scores = HashMap::new ();
          |                            ^~~
    /home/sonygod/projects/nu/temp_examples_cpp/test_hashmap_iter/test_hashmap_iter.cpp:15:10: error: 'key' was not declared in this scope; did you mean 'key_t'?
       15 |     for (key , value) in scores . iter () { println ! ("{}: {}" , key , value) ; }
          |          ^~~
          |          key_t
    /home/sonygod/projects/nu/temp_examples_cpp/test_hashmap_iter/test_hashmap_iter.cpp:15:16: error: 'value' was not declared in this scope
       15 |     for (key , value) in scores . iter () { println ! ("{}: {}" , key , value) ; }
          |                ^~~~~
    /home/sonygod/projects/nu/temp_examples_cpp/test_hashmap_iter/test_hashmap_iter.cpp:16:5: error: expected primary-expression before 'for'
       16 |     for (name , score) in & scores { println ! std::tuple<"{} got {}" , name , score> ; }
          |     ^~~
    /home/sonygod/projects/nu/temp_examples_cpp/test_hashmap_iter/test_hashmap_iter.cpp:15:83: error: expected ';' before 'for'
       15 |     for (key , value) in scores . iter () { println ! ("{}: {}" , key , value) ; }
          |                                                                                   ^
          |                                                                                   ;
       16 |     for (name , score) in & scores { println ! std::tuple<"{} got {}" , name , score> ; }
          |     ~~~                                                                            
    /home/sonygod/projects/nu/temp_examples_cpp/test_hashmap_iter/test_hashmap_iter.cpp:16:5: error: expected primary-expression before 'for'
       16 |     for (name , score) in & scores { println ! std::tuple<"{} got {}" , name , score> ; }
          |     ^~~
    /home/sonygod/projects/nu/temp_examples_cpp/test_hashmap_iter/test_hashmap_iter.cpp:15:83: error: expected ')' before 'for'
       15 |     for (key , value) in scores . iter () { println ! ("{}: {}" , key , value) ; }
          |         ~                                                                         ^
          |                                                                                   )

[0;34m[48] å¤„ç†æ–‡ä»¶: [0;32mtest_haxe_simple.nu[0m
----------------------------------------
  [1;33m[1/4][0m Nu -> C++ è½¬æ¢...
  [0;32mâœ“[0m Nu -> C++ æˆåŠŸ
  [1;33m[2/4][0m åˆ›å»ºç‹¬ç«‹æ„å»ºç›®å½•...
  [0;32mâœ“[0m æ„å»ºç›®å½•å’ŒCMakeLists.txtåˆ›å»ºæˆåŠŸ
  [1;33m[3/4][0m CMake é…ç½®...
  [0;32mâœ“[0m CMake é…ç½®æˆåŠŸ
  [1;33m[4/4][0m ç¼–è¯‘éªŒè¯...
[ 50%] Building CXX object CMakeFiles/test_haxe_simple.dir/test_haxe_simple.cpp.o
  [0;31mâœ—[0m ç¼–è¯‘å¤±è´¥
  [0;31mç¼–è¯‘é”™è¯¯ä¿¡æ¯:[0m
    /home/sonygod/projects/nu/temp_examples_cpp/test_haxe_simple/test_haxe_simple.cpp: In function 'int main()':
    /home/sonygod/projects/nu/temp_examples_cpp/test_haxe_simple/test_haxe_simple.cpp:17:9: error: expected '(' before 'item'
       17 |     for item in & vec { println ! std::tuple<"item = {}" , item> ; }
          |         ^~~~
          |         (
    /home/sonygod/projects/nu/temp_examples_cpp/test_haxe_simple/test_haxe_simple.cpp:17:9: error: 'item' was not declared in this scope; did you mean 'tm'?
       17 |     for item in & vec { println ! std::tuple<"item = {}" , item> ; }
          |         ^~~~
          |         tm
    /home/sonygod/projects/nu/temp_examples_cpp/test_haxe_simple/test_haxe_simple.cpp:18:28: warning: missing initializer for member 'Point::y' [-Wmissing-field-initializers]
       18 |     const auto p = Point { x;
          |                            ^
    /home/sonygod/projects/nu/temp_examples_cpp/test_haxe_simple/test_haxe_simple.cpp:18:26: error: expected primary-expression before '{' token
       18 |     const auto p = Point { x;
          |                          ^
    /home/sonygod/projects/nu/temp_examples_cpp/test_haxe_simple/test_haxe_simple.cpp:18:25: error: expected ';' before '{' token
       18 |     const auto p = Point { x;
          |                         ^~
          |                         ;
    /home/sonygod/projects/nu/temp_examples_cpp/test_haxe_simple/test_haxe_simple.cpp:18:26: error: expected primary-expression before '{' token
       18 |     const auto p = Point { x;
          |                          ^
    /home/sonygod/projects/nu/temp_examples_cpp/test_haxe_simple/test_haxe_simple.cpp:18:25: error: expected ')' before '{' token
       18 |     const auto p = Point { x;
          |                         ^~
          |                         )
    /home/sonygod/projects/nu/temp_examples_cpp/test_haxe_simple/test_haxe_simple.cpp:17:9: note: to match this '('
       17 |     for item in & vec { println ! std::tuple<"item = {}" , item> ; }
          |         ^~~~
    /home/sonygod/projects/nu/temp_examples_cpp/test_haxe_simple/test_haxe_simple.cpp:18:28: warning: statement has no effect [-Wunused-value]

[0;34m[49] å¤„ç†æ–‡ä»¶: [0;32mtest_lifetime_preservation.nu[0m
----------------------------------------
  [1;33m[1/4][0m Nu -> C++ è½¬æ¢...
  [0;32mâœ“[0m Nu -> C++ æˆåŠŸ
  [1;33m[2/4][0m åˆ›å»ºç‹¬ç«‹æ„å»ºç›®å½•...
  [0;32mâœ“[0m æ„å»ºç›®å½•å’ŒCMakeLists.txtåˆ›å»ºæˆåŠŸ
  [1;33m[3/4][0m CMake é…ç½®...
  [0;32mâœ“[0m CMake é…ç½®æˆåŠŸ
  [1;33m[4/4][0m ç¼–è¯‘éªŒè¯...
[ 50%] Building CXX object CMakeFiles/test_lifetime_preservation.dir/test_lifetime_preservation.cpp.o
  [0;31mâœ—[0m ç¼–è¯‘å¤±è´¥
  [0;31mç¼–è¯‘é”™è¯¯ä¿¡æ¯:[0m
    /home/sonygod/projects/nu/temp_examples_cpp/test_lifetime_preservation/test_lifetime_preservation.cpp:12:17: warning: missing terminating ' character
       12 | struct Borrower<'a> {
          |                 ^
    /home/sonygod/projects/nu/temp_examples_cpp/test_lifetime_preservation/test_lifetime_preservation.cpp:12:17: error: missing terminating ' character
       12 | struct Borrower<'a> {
          |                 ^~~~~
    /home/sonygod/projects/nu/temp_examples_cpp/test_lifetime_preservation/test_lifetime_preservation.cpp:14:11: warning: missing terminating ' character
       14 |     const 'a str& data;
          |           ^
    /home/sonygod/projects/nu/temp_examples_cpp/test_lifetime_preservation/test_lifetime_preservation.cpp:14:11: error: missing terminating ' character
       14 |     const 'a str& data;
          |           ^~~~~~~~~~~~~
    /home/sonygod/projects/nu/temp_examples_cpp/test_lifetime_preservation/test_lifetime_preservation.cpp:17:21: warning: multi-character character constant [-Wmultichar]
       17 | struct DoubleBorrow<'a, 'b> {
          |                     ^~~~~~
    /home/sonygod/projects/nu/temp_examples_cpp/test_lifetime_preservation/test_lifetime_preservation.cpp:18:11: warning: missing terminating ' character
       18 |     const 'a str& first;
          |           ^
    /home/sonygod/projects/nu/temp_examples_cpp/test_lifetime_preservation/test_lifetime_preservation.cpp:18:11: error: missing terminating ' character
       18 |     const 'a str& first;
          |           ^~~~~~~~~~~~~~
    /home/sonygod/projects/nu/temp_examples_cpp/test_lifetime_preservation/test_lifetime_preservation.cpp:19:11: warning: missing terminating ' character
       19 |     const 'b int32_t& second;
          |           ^
    /home/sonygod/projects/nu/temp_examples_cpp/test_lifetime_preservation/test_lifetime_preservation.cpp:19:11: error: missing terminating ' character
       19 |     const 'b int32_t& second;
          |           ^~~~~~~~~~~~~~~~~~~
    /home/sonygod/projects/nu/temp_examples_cpp/test_lifetime_preservation/test_lifetime_preservation.cpp:22:26: warning: multi-character character constant [-Wmultichar]
       22 | struct ConstrainedBorrow<'a, 'b: 'a> {
          |                          ^~~~~~

[0;34m[50] å¤„ç†æ–‡ä»¶: [0;32mtest_macros_a_class.nu[0m
----------------------------------------
  [1;33m[1/4][0m Nu -> C++ è½¬æ¢...
  [0;32mâœ“[0m Nu -> C++ æˆåŠŸ
  [1;33m[2/4][0m åˆ›å»ºç‹¬ç«‹æ„å»ºç›®å½•...
  [0;32mâœ“[0m æ„å»ºç›®å½•å’ŒCMakeLists.txtåˆ›å»ºæˆåŠŸ
  [1;33m[3/4][0m CMake é…ç½®...
  [0;32mâœ“[0m CMake é…ç½®æˆåŠŸ
  [1;33m[4/4][0m ç¼–è¯‘éªŒè¯...
[ 50%] Building CXX object CMakeFiles/test_macros_a_class.dir/test_macros_a_class.cpp.o
  [0;31mâœ—[0m ç¼–è¯‘å¤±è´¥
  [0;31mç¼–è¯‘é”™è¯¯ä¿¡æ¯:[0m
    /home/sonygod/projects/nu/temp_examples_cpp/test_macros_a_class/test_macros_a_class.cpp: In function 'int main()':
    /home/sonygod/projects/nu/temp_examples_cpp/test_macros_a_class/test_macros_a_class.cpp:15:25: error: 'dbg' was not declared in this scope
       15 |     const auto result = dbg ! (value * 2);
          |                         ^~~
    /home/sonygod/projects/nu/temp_examples_cpp/test_macros_a_class/test_macros_a_class.cpp:16:20: error: 'concat' was not declared in this scope; did you mean 'wcsncat'?
       16 |     const auto s = concat ! std::tuple<"Hello" , " " , "World">;
          |                    ^~~~~~
          |                    wcsncat
    /home/sonygod/projects/nu/temp_examples_cpp/test_macros_a_class/test_macros_a_class.cpp:9:16: warning: unused variable 'x' [-Wunused-variable]
        9 |     const auto x = 5;
          |                ^
    /home/sonygod/projects/nu/temp_examples_cpp/test_macros_a_class/test_macros_a_class.cpp:10:16: warning: unused variable 'a' [-Wunused-variable]
       10 |     const auto a = 10;
          |                ^
    /home/sonygod/projects/nu/temp_examples_cpp/test_macros_a_class/test_macros_a_class.cpp:11:16: warning: unused variable 'b' [-Wunused-variable]
       11 |     const auto b = 10;
          |                ^
    /home/sonygod/projects/nu/temp_examples_cpp/test_macros_a_class/test_macros_a_class.cpp:12:16: warning: unused variable 'c' [-Wunused-variable]
       12 |     const auto c = 5;
          |                ^
    /home/sonygod/projects/nu/temp_examples_cpp/test_macros_a_class/test_macros_a_class.cpp:13:16: warning: unused variable 'd' [-Wunused-variable]
       13 |     const auto d = 10;
          |                ^
    /home/sonygod/projects/nu/temp_examples_cpp/test_macros_a_class/test_macros_a_class.cpp:14:16: warning: unused variable 'value' [-Wunused-variable]
       14 |     const auto value = 42;
          |                ^~~~~
    /home/sonygod/projects/nu/temp_examples_cpp/test_macros_a_class/test_macros_a_class.cpp: In function 'void test_unreachable(int32_t)':
    /home/sonygod/projects/nu/temp_examples_cpp/test_macros_a_class/test_macros_a_class.cpp:29:17: error: 'println' was not declared in this scope; did you mean 'printf'?
       29 |     if (x> 0) { println ! ("positive") ; } else if x< 0 { println ! ("negative") ; } else { unreachable ! ("x should never be zero in this context") ; }
          |                 ^~~~~~~

[0;34m[51] å¤„ç†æ–‡ä»¶: [0;32mtest_mod.nu[0m
----------------------------------------
  [1;33m[1/4][0m Nu -> C++ è½¬æ¢...
  [0;32mâœ“[0m Nu -> C++ æˆåŠŸ
  [1;33m[2/4][0m åˆ›å»ºç‹¬ç«‹æ„å»ºç›®å½•...
  [0;32mâœ“[0m æ„å»ºç›®å½•å’ŒCMakeLists.txtåˆ›å»ºæˆåŠŸ
  [1;33m[3/4][0m CMake é…ç½®...
  [0;32mâœ“[0m CMake é…ç½®æˆåŠŸ
  [1;33m[4/4][0m ç¼–è¯‘éªŒè¯...
[ 50%] Building CXX object CMakeFiles/test_mod.dir/test_mod.cpp.o
  [0;31mâœ—[0m ç¼–è¯‘å¤±è´¥
  [0;31mç¼–è¯‘é”™è¯¯ä¿¡æ¯:[0m
    /home/sonygod/projects/nu/temp_examples_cpp/test_mod/test_mod.cpp:8:1: error: 'mod' does not name a type
        8 | mod a ;
          | ^~~
    /home/sonygod/projects/nu/temp_examples_cpp/test_mod/test_mod.cpp:10:1: error: 'mod' does not name a type
       10 | mod b ;
          | ^~~
    /home/sonygod/projects/nu/temp_examples_cpp/test_mod/test_mod.cpp: In function 'int main()':
    /home/sonygod/projects/nu/temp_examples_cpp/test_mod/test_mod.cpp:13:5: error: 'a' has not been declared
       13 |     a::hello_from_a ();
          |     ^
    /home/sonygod/projects/nu/temp_examples_cpp/test_mod/test_mod.cpp:14:5: error: 'b' has not been declared
       14 |     b::hello_from_b ();
          |     ^
    gmake[2]: *** [CMakeFiles/test_mod.dir/build.make:76: CMakeFiles/test_mod.dir/test_mod.cpp.o] Error 1
    gmake[1]: *** [CMakeFiles/Makefile2:83: CMakeFiles/test_mod.dir/all] Error 2
    gmake: *** [Makefile:91: all] Error 2

[0;34m[52] å¤„ç†æ–‡ä»¶: [0;32mtest_mod_subdir.nu[0m
----------------------------------------
  [1;33m[1/4][0m Nu -> C++ è½¬æ¢...
  [0;32mâœ“[0m Nu -> C++ æˆåŠŸ
  [1;33m[2/4][0m åˆ›å»ºç‹¬ç«‹æ„å»ºç›®å½•...
  [0;32mâœ“[0m æ„å»ºç›®å½•å’ŒCMakeLists.txtåˆ›å»ºæˆåŠŸ
  [1;33m[3/4][0m CMake é…ç½®...
  [0;32mâœ“[0m CMake é…ç½®æˆåŠŸ
  [1;33m[4/4][0m ç¼–è¯‘éªŒè¯...
[ 50%] Building CXX object CMakeFiles/test_mod_subdir.dir/test_mod_subdir.cpp.o
  [0;31mâœ—[0m ç¼–è¯‘å¤±è´¥
  [0;31mç¼–è¯‘é”™è¯¯ä¿¡æ¯:[0m
    /home/sonygod/projects/nu/temp_examples_cpp/test_mod_subdir/test_mod_subdir.cpp:8:1: error: 'mod' does not name a type
        8 | mod utils ;
          | ^~~
    /home/sonygod/projects/nu/temp_examples_cpp/test_mod_subdir/test_mod_subdir.cpp: In function 'int main()':
    /home/sonygod/projects/nu/temp_examples_cpp/test_mod_subdir/test_mod_subdir.cpp:11:5: error: 'utils' has not been declared
       11 |     utils::a::hello_from_a ();
          |     ^~~~~
    /home/sonygod/projects/nu/temp_examples_cpp/test_mod_subdir/test_mod_subdir.cpp:12:5: error: 'utils' has not been declared
       12 |     utils::helper::greet ("Rust");
          |     ^~~~~
    gmake[2]: *** [CMakeFiles/test_mod_subdir.dir/build.make:76: CMakeFiles/test_mod_subdir.dir/test_mod_subdir.cpp.o] Error 1
    gmake[1]: *** [CMakeFiles/Makefile2:83: CMakeFiles/test_mod_subdir.dir/all] Error 2
    gmake: *** [Makefile:91: all] Error 2

[0;34m[53] å¤„ç†æ–‡ä»¶: [0;32mtest_nu2ts.nu[0m
----------------------------------------
  [1;33m[1/4][0m Nu -> C++ è½¬æ¢...
  [0;32mâœ“[0m Nu -> C++ æˆåŠŸ
  [1;33m[2/4][0m åˆ›å»ºç‹¬ç«‹æ„å»ºç›®å½•...
  [0;32mâœ“[0m æ„å»ºç›®å½•å’ŒCMakeLists.txtåˆ›å»ºæˆåŠŸ
  [1;33m[3/4][0m CMake é…ç½®...
  [0;32mâœ“[0m CMake é…ç½®æˆåŠŸ
  [1;33m[4/4][0m ç¼–è¯‘éªŒè¯...
[ 50%] Building CXX object CMakeFiles/test_nu2ts.dir/test_nu2ts.cpp.o
  [0;31mâœ—[0m ç¼–è¯‘å¤±è´¥
  [0;31mç¼–è¯‘é”™è¯¯ä¿¡æ¯:[0m
    /home/sonygod/projects/nu/temp_examples_cpp/test_nu2ts/test_nu2ts.cpp:16:10: error: 'unordered_map' in namespace 'std' does not name a template type
       16 |     std::unordered_map<std::string, int32_t> cache;
          |          ^~~~~~~~~~~~~
    /home/sonygod/projects/nu/temp_examples_cpp/test_nu2ts/test_nu2ts.cpp:7:1: note: 'std::unordered_map' is defined in header '<unordered_map>'; did you forget to '#include <unordered_map>'?
        6 | #include <optional>
      +++ |+#include <unordered_map>
        7 | 
    /home/sonygod/projects/nu/temp_examples_cpp/test_nu2ts/test_nu2ts.cpp:23:5: error: ISO C++ forbids declaration of 'Calculator' with no type [-fpermissive]
       23 |     Calculator() {
          |     ^~~~~~~~~~
    /home/sonygod/projects/nu/temp_examples_cpp/test_nu2ts/test_nu2ts.cpp: In function 'int Calculator()':
    /home/sonygod/projects/nu/temp_examples_cpp/test_nu2ts/test_nu2ts.cpp:24:19: error: expected ';' before '{' token
       24 |         Calculator {
          |                   ^~
          |                   ;
    /home/sonygod/projects/nu/temp_examples_cpp/test_nu2ts/test_nu2ts.cpp:24:9: warning: statement is a reference, not call, to function 'Calculator' [-Waddress]
       24 |         Calculator {
          |         ^~~~~~~~~~
    /home/sonygod/projects/nu/temp_examples_cpp/test_nu2ts/test_nu2ts.cpp:24:9: warning: statement has no effect [-Wunused-value]
    /home/sonygod/projects/nu/temp_examples_cpp/test_nu2ts/test_nu2ts.cpp:28:5: warning: no return statement in function returning non-void [-Wreturn-type]
       28 |     }
          |     ^
    /home/sonygod/projects/nu/temp_examples_cpp/test_nu2ts/test_nu2ts.cpp: At global scope:
    /home/sonygod/projects/nu/temp_examples_cpp/test_nu2ts/test_nu2ts.cpp:31:10: error: 'expected' in namespace 'std' does not name a template type
       31 |     std::expected<int32_t, std::string> compute(int32_t x) {
          |          ^~~~~~~~
    /home/sonygod/projects/nu/temp_examples_cpp/test_nu2ts/test_nu2ts.cpp:31:5: note: 'std::expected' is only available from C++23 onwards
       31 |     std::expected<int32_t, std::string> compute(int32_t x) {
          |     ^~~
    /home/sonygod/projects/nu/temp_examples_cpp/test_nu2ts/test_nu2ts.cpp:45:1: error: expected declaration before '}' token

[0;34m[54] å¤„ç†æ–‡ä»¶: [0;32mtest_panic.nu[0m
----------------------------------------
  [1;33m[1/4][0m Nu -> C++ è½¬æ¢...
  [0;32mâœ“[0m Nu -> C++ æˆåŠŸ
  [1;33m[2/4][0m åˆ›å»ºç‹¬ç«‹æ„å»ºç›®å½•...
  [0;32mâœ“[0m æ„å»ºç›®å½•å’ŒCMakeLists.txtåˆ›å»ºæˆåŠŸ
  [1;33m[3/4][0m CMake é…ç½®...
  [0;32mâœ“[0m CMake é…ç½®æˆåŠŸ
  [1;33m[4/4][0m ç¼–è¯‘éªŒè¯...
[ 50%] Building CXX object CMakeFiles/test_panic.dir/test_panic.cpp.o
  [0;31mâœ—[0m ç¼–è¯‘å¤±è´¥
  [0;31mç¼–è¯‘é”™è¯¯ä¿¡æ¯:[0m
    /home/sonygod/projects/nu/temp_examples_cpp/test_panic/test_panic.cpp: In function 'int main()':
    /home/sonygod/projects/nu/temp_examples_cpp/test_panic/test_panic.cpp:9:32: error: 'std::thread' has not been declared
        9 |     const auto handle = std :: thread :: spawn (| | { panic ! ("æµ‹è¯• panic!") ; });
          |                                ^~~~~~
    /home/sonygod/projects/nu/temp_examples_cpp/test_panic/test_panic.cpp:9:49: error: expected primary-expression before '|' token
        9 |     const auto handle = std :: thread :: spawn (| | { panic ! ("æµ‹è¯• panic!") ; });
          |                                                 ^
    /home/sonygod/projects/nu/temp_examples_cpp/test_panic/test_panic.cpp:9:51: error: expected primary-expression before '|' token
        9 |     const auto handle = std :: thread :: spawn (| | { panic ! ("æµ‹è¯• panic!") ; });
          |                                                   ^
    /home/sonygod/projects/nu/temp_examples_cpp/test_panic/test_panic.cpp:9:53: error: expected primary-expression before '{' token
        9 |     const auto handle = std :: thread :: spawn (| | { panic ! ("æµ‹è¯• panic!") ; });
          |                                                     ^
    /home/sonygod/projects/nu/temp_examples_cpp/test_panic/test_panic.cpp:10:5: error: 'match' was not declared in this scope; did you mean 'rpmatch'?
       10 |     match handle . join () { Ok (_) => println ! ("çº¿ç¨‹æ­£å¸¸ç»“æŸ") , Err (e) => println ! ("çº¿ç¨‹ panic: {:?}" , e) , }
          |     ^~~~~
          |     rpmatch
    gmake[2]: *** [CMakeFiles/test_panic.dir/build.make:76: CMakeFiles/test_panic.dir/test_panic.cpp.o] Error 1
    gmake[1]: *** [CMakeFiles/Makefile2:83: CMakeFiles/test_panic.dir/all] Error 2
    gmake: *** [Makefile:91: all] Error 2

[0;34m[55] å¤„ç†æ–‡ä»¶: [0;32mthread-test.nu[0m
----------------------------------------
  [1;33m[1/4][0m Nu -> C++ è½¬æ¢...
  [0;32mâœ“[0m Nu -> C++ æˆåŠŸ
  [1;33m[2/4][0m åˆ›å»ºç‹¬ç«‹æ„å»ºç›®å½•...
  [0;32mâœ“[0m æ„å»ºç›®å½•å’ŒCMakeLists.txtåˆ›å»ºæˆåŠŸ
  [1;33m[3/4][0m CMake é…ç½®...
  [0;32mâœ“[0m CMake é…ç½®æˆåŠŸ
  [1;33m[4/4][0m ç¼–è¯‘éªŒè¯...
[ 50%] Building CXX object CMakeFiles/thread-test.dir/thread-test.cpp.o
  [0;31mâœ—[0m ç¼–è¯‘å¤±è´¥
  [0;31mç¼–è¯‘é”™è¯¯ä¿¡æ¯:[0m
    /home/sonygod/projects/nu/temp_examples_cpp/thread-test/thread-test.cpp: In function 'int main()':
    /home/sonygod/projects/nu/temp_examples_cpp/thread-test/thread-test.cpp:11:25: error: 'thread' has not been declared
       11 |     const auto handle = thread :: spawn (| | { let mut sum = 0 ; for i in 1 ..= 10 { sum += i ; } sum });
          |                         ^~~~~~
    /home/sonygod/projects/nu/temp_examples_cpp/thread-test/thread-test.cpp:11:42: error: expected primary-expression before '|' token
       11 |     const auto handle = thread :: spawn (| | { let mut sum = 0 ; for i in 1 ..= 10 { sum += i ; } sum });
          |                                          ^
    /home/sonygod/projects/nu/temp_examples_cpp/thread-test/thread-test.cpp:11:44: error: expected primary-expression before '|' token
       11 |     const auto handle = thread :: spawn (| | { let mut sum = 0 ; for i in 1 ..= 10 { sum += i ; } sum });
          |                                            ^
    /home/sonygod/projects/nu/temp_examples_cpp/thread-test/thread-test.cpp:11:46: error: expected primary-expression before '{' token
       11 |     const auto handle = thread :: spawn (| | { let mut sum = 0 ; for i in 1 ..= 10 { sum += i ; } sum });
          |                                              ^
    /home/sonygod/projects/nu/temp_examples_cpp/thread-test/thread-test.cpp:13:26: error: 'thread' has not been declared
       13 |     const auto handle1 = thread :: spawn (| | { 42 });
          |                          ^~~~~~
    /home/sonygod/projects/nu/temp_examples_cpp/thread-test/thread-test.cpp:13:43: error: expected primary-expression before '|' token
       13 |     const auto handle1 = thread :: spawn (| | { 42 });
          |                                           ^
    /home/sonygod/projects/nu/temp_examples_cpp/thread-test/thread-test.cpp:13:45: error: expected primary-expression before '|' token
       13 |     const auto handle1 = thread :: spawn (| | { 42 });
          |                                             ^
    /home/sonygod/projects/nu/temp_examples_cpp/thread-test/thread-test.cpp:13:47: error: expected primary-expression before '{' token
       13 |     const auto handle1 = thread :: spawn (| | { 42 });
          |                                               ^
    /home/sonygod/projects/nu/temp_examples_cpp/thread-test/thread-test.cpp:14:26: error: 'thread' has not been declared
       14 |     const auto handle2 = thread :: spawn (| | { 100 });
          |                          ^~~~~~
    /home/sonygod/projects/nu/temp_examples_cpp/thread-test/thread-test.cpp:14:43: error: expected primary-expression before '|' token
       14 |     const auto handle2 = thread :: spawn (| | { 100 });

[0;34m[56] å¤„ç†æ–‡ä»¶: [0;32mtrait.nu[0m
----------------------------------------
  [1;33m[1/4][0m Nu -> C++ è½¬æ¢...
  [0;32mâœ“[0m Nu -> C++ æˆåŠŸ
  [1;33m[2/4][0m åˆ›å»ºç‹¬ç«‹æ„å»ºç›®å½•...
  [0;32mâœ“[0m æ„å»ºç›®å½•å’ŒCMakeLists.txtåˆ›å»ºæˆåŠŸ
  [1;33m[3/4][0m CMake é…ç½®...
  [0;32mâœ“[0m CMake é…ç½®æˆåŠŸ
  [1;33m[4/4][0m ç¼–è¯‘éªŒè¯...
[ 50%] Building CXX object CMakeFiles/trait.dir/trait.cpp.o
  [0;31mâœ—[0m ç¼–è¯‘å¤±è´¥
  [0;31mç¼–è¯‘é”™è¯¯ä¿¡æ¯:[0m
    /home/sonygod/projects/nu/temp_examples_cpp/trait/trait.cpp:301:18: warning: missing terminating ' character
      301 | class Validator< 'a> {
          |                  ^
    /home/sonygod/projects/nu/temp_examples_cpp/trait/trait.cpp:301:18: error: missing terminating ' character
      301 | class Validator< 'a> {
          |                  ^~~~~
    /home/sonygod/projects/nu/temp_examples_cpp/trait/trait.cpp:302:30: warning: missing terminating ' character
      302 |     bool    ; validate(const 'a str& data)
          |                              ^
    /home/sonygod/projects/nu/temp_examples_cpp/trait/trait.cpp:302:30: error: missing terminating ' character
      302 |     bool    ; validate(const 'a str& data)
          |                              ^~~~~~~~~~~~~ 
    /home/sonygod/projects/nu/temp_examples_cpp/trait/trait.cpp:307:4: warning: character constant too long for its type
      307 | I< 'a> Validator< 'a> for EmailValidator {
          |    ^~~~~~~~~~~~~~~~~
    /home/sonygod/projects/nu/temp_examples_cpp/trait/trait.cpp:308:25: warning: missing terminating ' character
      308 |     bool validate(const 'a str& data) {
          |                         ^
    /home/sonygod/projects/nu/temp_examples_cpp/trait/trait.cpp:308:25: error: missing terminating ' character
      308 |     bool validate(const 'a str& data) {
          |                         ^~~~~~~~~~~~~~~
    /home/sonygod/projects/nu/temp_examples_cpp/trait/trait.cpp:19:10: error: declaration does not declare anything [-fpermissive]
       19 |     std::string    ; speak()
          |          ^~~~~~
    /home/sonygod/projects/nu/temp_examples_cpp/trait/trait.cpp:19:22: error: ISO C++ forbids declaration of 'speak' with no type [-fpermissive]
       19 |     std::string    ; speak()
          |                      ^~~~~
    /home/sonygod/projects/nu/temp_examples_cpp/trait/trait.cpp:19:28: error: expected ';' at end of member declaration
       19 |     std::string    ; speak()
          |                            ^

[0;34m[57] å¤„ç†æ–‡ä»¶: [0;32mtraits.nu[0m
----------------------------------------
  [1;33m[1/4][0m Nu -> C++ è½¬æ¢...
  [0;32mâœ“[0m Nu -> C++ æˆåŠŸ
  [1;33m[2/4][0m åˆ›å»ºç‹¬ç«‹æ„å»ºç›®å½•...
  [0;32mâœ“[0m æ„å»ºç›®å½•å’ŒCMakeLists.txtåˆ›å»ºæˆåŠŸ
  [1;33m[3/4][0m CMake é…ç½®...
  [0;32mâœ“[0m CMake é…ç½®æˆåŠŸ
  [1;33m[4/4][0m ç¼–è¯‘éªŒè¯...
[ 50%] Building CXX object CMakeFiles/traits.dir/traits.cpp.o
  [0;31mâœ—[0m ç¼–è¯‘å¤±è´¥
  [0;31mç¼–è¯‘é”™è¯¯ä¿¡æ¯:[0m
    /home/sonygod/projects/nu/temp_examples_cpp/traits/traits.cpp:12:7: error: 'Container' is not a class template
       12 | class Container< T> {
          |       ^~~~~~~~~
    /home/sonygod/projects/nu/temp_examples_cpp/traits/traits.cpp:12:18: error: 'T' was not declared in this scope
       12 | class Container< T> {
          |                  ^
    /home/sonygod/projects/nu/temp_examples_cpp/traits/traits.cpp:13:14: error: 'T' has not been declared
       13 |     void add(T item) ;
          |              ^
    /home/sonygod/projects/nu/temp_examples_cpp/traits/traits.cpp:14:20: error: 'T' was not declared in this scope
       14 |     std::optional< T>    ; get(size_t index)
          |                    ^
    /home/sonygod/projects/nu/temp_examples_cpp/traits/traits.cpp:14:21: error: template argument 1 is invalid
       14 |     std::optional< T>    ; get(size_t index)
          |                     ^
    /home/sonygod/projects/nu/temp_examples_cpp/traits/traits.cpp:14:28: error: ISO C++ forbids declaration of 'get' with no type [-fpermissive]
       14 |     std::optional< T>    ; get(size_t index)
          |                            ^~~
    /home/sonygod/projects/nu/temp_examples_cpp/traits/traits.cpp:14:44: error: expected ';' at end of member declaration
       14 |     std::optional< T>    ; get(size_t index)
          |                                            ^
          |                                             ;
    /home/sonygod/projects/nu/temp_examples_cpp/traits/traits.cpp:15:5: error: declaration does not declare anything [-fpermissive]
       15 |     size_t    ; size()
          |     ^~~~~~
    /home/sonygod/projects/nu/temp_examples_cpp/traits/traits.cpp:15:17: error: ISO C++ forbids declaration of 'size' with no type [-fpermissive]
       15 |     size_t    ; size()
          |                 ^~~~
    /home/sonygod/projects/nu/temp_examples_cpp/traits/traits.cpp:15:22: error: expected ';' at end of member declaration
       15 |     size_t    ; size()

[0;34m[58] å¤„ç†æ–‡ä»¶: [0;32mtuple.nu[0m
----------------------------------------
  [1;33m[1/4][0m Nu -> C++ è½¬æ¢...
  [0;32mâœ“[0m Nu -> C++ æˆåŠŸ
  [1;33m[2/4][0m åˆ›å»ºç‹¬ç«‹æ„å»ºç›®å½•...
  [0;32mâœ“[0m æ„å»ºç›®å½•å’ŒCMakeLists.txtåˆ›å»ºæˆåŠŸ
  [1;33m[3/4][0m CMake é…ç½®...
  [0;32mâœ“[0m CMake é…ç½®æˆåŠŸ
  [1;33m[4/4][0m ç¼–è¯‘éªŒè¯...
[ 50%] Building CXX object CMakeFiles/tuple.dir/tuple.cpp.o
  [0;31mâœ—[0m ç¼–è¯‘å¤±è´¥
  [0;31mç¼–è¯‘é”™è¯¯ä¿¡æ¯:[0m
    /home/sonygod/projects/nu/temp_examples_cpp/tuple/tuple.cpp: In function 'int main()':
    /home/sonygod/projects/nu/temp_examples_cpp/tuple/tuple.cpp:14:23: error: found ':' in nested-name-specifier, expected '::'
       14 |     const auto person : std::tuple<& str, int32_t, double> = std::tuple<"Alice", 30, 5.6>;
          |                       ^
          |                       ::
    /home/sonygod/projects/nu/temp_examples_cpp/tuple/tuple.cpp:14:16: error: 'person' has not been declared
       14 |     const auto person : std::tuple<& str, int32_t, double> = std::tuple<"Alice", 30, 5.6>;
          |                ^~~~~~
    /home/sonygod/projects/nu/temp_examples_cpp/tuple/tuple.cpp:14:35: error: qualified-id in declaration before '<' token
       14 |     const auto person : std::tuple<& str, int32_t, double> = std::tuple<"Alice", 30, 5.6>;
          |                                   ^
    /home/sonygod/projects/nu/temp_examples_cpp/tuple/tuple.cpp:15:43: error: 'person' was not declared in this scope; did you mean 'perror'?
       15 |     std::cout<< "   å§“å: "<< std::get<0>(person)<< ", å¹´é¾„: "<< std::get<1>(person)<< ", èº«é«˜: "<< std::get<2>(person)<< "ç±³"<< std::endl;
          |                                           ^~~~~~
          |                                           perror
    /home/sonygod/projects/nu/temp_examples_cpp/tuple/tuple.cpp:17:27: error: 'name' was not declared in this scope; did you mean 'tzname'?
       17 |     const auto std::tuple<name, age, height> = person;
          |                           ^~~~
          |                           tzname
    /home/sonygod/projects/nu/temp_examples_cpp/tuple/tuple.cpp:17:33: error: 'age' was not declared in this scope
       17 |     const auto std::tuple<name, age, height> = person;
          |                                 ^~~
    /home/sonygod/projects/nu/temp_examples_cpp/tuple/tuple.cpp:17:38: error: 'height' was not declared in this scope
       17 |     const auto std::tuple<name, age, height> = person;
          |                                      ^~~~~~
    /home/sonygod/projects/nu/temp_examples_cpp/tuple/tuple.cpp:17:44: error: template argument 1 is invalid
       17 |     const auto std::tuple<name, age, height> = person;
          |                                            ^
    /home/sonygod/projects/nu/temp_examples_cpp/tuple/tuple.cpp:17:44: error: template argument 2 is invalid
    /home/sonygod/projects/nu/temp_examples_cpp/tuple/tuple.cpp:17:44: error: template argument 3 is invalid

[0;34m[59] å¤„ç†æ–‡ä»¶: [0;32mtypeconvert.nu[0m
----------------------------------------
  [1;33m[1/4][0m Nu -> C++ è½¬æ¢...
  [0;32mâœ“[0m Nu -> C++ æˆåŠŸ
  [1;33m[2/4][0m åˆ›å»ºç‹¬ç«‹æ„å»ºç›®å½•...
  [0;32mâœ“[0m æ„å»ºç›®å½•å’ŒCMakeLists.txtåˆ›å»ºæˆåŠŸ
  [1;33m[3/4][0m CMake é…ç½®...
  [0;32mâœ“[0m CMake é…ç½®æˆåŠŸ
  [1;33m[4/4][0m ç¼–è¯‘éªŒè¯...
[ 50%] Building CXX object CMakeFiles/typeconvert.dir/typeconvert.cpp.o
  [0;31mâœ—[0m ç¼–è¯‘å¤±è´¥
  [0;31mç¼–è¯‘é”™è¯¯ä¿¡æ¯:[0m
    /home/sonygod/projects/nu/temp_examples_cpp/typeconvert/typeconvert.cpp:52:22: warning: multi-character character constant [-Wmultichar]
       52 |     const auto ch2 = 'ä¸­';
          |                      ^~~~
    /home/sonygod/projects/nu/temp_examples_cpp/typeconvert/typeconvert.cpp:73:41: warning: missing terminating " character
       73 |     const auto pi_formatted = format ! ("{;
          |                                         ^
    /home/sonygod/projects/nu/temp_examples_cpp/typeconvert/typeconvert.cpp:73:41: error: missing terminating " character
       73 |     const auto pi_formatted = format ! ("{;
          |                                         ^~~
    /home/sonygod/projects/nu/temp_examples_cpp/typeconvert/typeconvert.cpp:129:82: warning: missing terminating " character
      129 |     unsafe { println ! ("è§£å¼•ç”¨ *const int32_t = 200 ; println ! ("ä¿®æ”¹åçš„å€¼: {}" , mut_value) ; }
          |                                                                                  ^
    /home/sonygod/projects/nu/temp_examples_cpp/typeconvert/typeconvert.cpp:129:82: error: missing terminating " character
      129 |     unsafe { println ! ("è§£å¼•ç”¨ *const int32_t = 200 ; println ! ("ä¿®æ”¹åçš„å€¼: {}" , mut_value) ; }
          |                                                                                  ^~~~~~~~~~~~~~~~~~
    /home/sonygod/projects/nu/temp_examples_cpp/typeconvert/typeconvert.cpp:227:7: error: invalid preprocessing directive #[
      227 |     # [repr (C)] union FloatOrInt { f : float , i : uint32_t , }
          |       ^
    /home/sonygod/projects/nu/temp_examples_cpp/typeconvert/typeconvert.cpp: In function 'int main()':
    /home/sonygod/projects/nu/temp_examples_cpp/typeconvert/typeconvert.cpp:12:22: error: expected ',' or ';' before 'as'
       12 |     const auto b = a as int64_t;
          |                      ^~
    /home/sonygod/projects/nu/temp_examples_cpp/typeconvert/typeconvert.cpp:13:22: error: expected ',' or ';' before 'as'
       13 |     const auto c = a as uint32_t;
          |                      ^~
    /home/sonygod/projects/nu/temp_examples_cpp/typeconvert/typeconvert.cpp:14:22: error: expected ',' or ';' before 'as'
       14 |     const auto d = a as int8_t;
          |                      ^~
    /home/sonygod/projects/nu/temp_examples_cpp/typeconvert/typeconvert.cpp:16:22: error: found ':' in nested-name-specifier, expected '::'
       16 |     const auto large : int32_t = int32_t::from (small);

[0;34m[60] å¤„ç†æ–‡ä»¶: [0;32mvec-iterator-test.nu[0m
----------------------------------------
  [1;33m[1/4][0m Nu -> C++ è½¬æ¢...
  [0;32mâœ“[0m Nu -> C++ æˆåŠŸ
  [1;33m[2/4][0m åˆ›å»ºç‹¬ç«‹æ„å»ºç›®å½•...
  [0;32mâœ“[0m æ„å»ºç›®å½•å’ŒCMakeLists.txtåˆ›å»ºæˆåŠŸ
  [1;33m[3/4][0m CMake é…ç½®...
  [0;32mâœ“[0m CMake é…ç½®æˆåŠŸ
  [1;33m[4/4][0m ç¼–è¯‘éªŒè¯...
[ 50%] Building CXX object CMakeFiles/vec-iterator-test.dir/vec-iterator-test.cpp.o
  [0;31mâœ—[0m ç¼–è¯‘å¤±è´¥
  [0;31mç¼–è¯‘é”™è¯¯ä¿¡æ¯:[0m
    /home/sonygod/projects/nu/temp_examples_cpp/vec-iterator-test/vec-iterator-test.cpp: In function 'int main()':
    /home/sonygod/projects/nu/temp_examples_cpp/vec-iterator-test/vec-iterator-test.cpp:9:20: error: 'V' has not been declared
        9 |     auto numbers = V::new ();
          |                    ^
    /home/sonygod/projects/nu/temp_examples_cpp/vec-iterator-test/vec-iterator-test.cpp:9:23: error: expected unqualified-id before 'new'
        9 |     auto numbers = V::new ();
          |                       ^~~
    /home/sonygod/projects/nu/temp_examples_cpp/vec-iterator-test/vec-iterator-test.cpp:15:9: error: 'let' was not declared in this scope
       15 |     if (let Some (first) = numbers . first ()) { println ! ("First element: {}" , first) ; }
          |         ^~~
    /home/sonygod/projects/nu/temp_examples_cpp/vec-iterator-test/vec-iterator-test.cpp:15:12: error: expected ')' before 'Some'
       15 |     if (let Some (first) = numbers . first ()) { println ! ("First element: {}" , first) ; }
          |        ~   ^~~~~
          |            )
    /home/sonygod/projects/nu/temp_examples_cpp/vec-iterator-test/vec-iterator-test.cpp:15:50: error: 'println' was not declared in this scope; did you mean 'printf'?
       15 |     if (let Some (first) = numbers . first ()) { println ! ("First element: {}" , first) ; }
          |                                                  ^~~~~~~
          |                                                  printf
    /home/sonygod/projects/nu/temp_examples_cpp/vec-iterator-test/vec-iterator-test.cpp:16:9: error: 'let' was not declared in this scope
       16 |     if (let Some (last) = numbers . last ()) { println ! ("Last element: {}" , last) ; }
          |         ^~~
    /home/sonygod/projects/nu/temp_examples_cpp/vec-iterator-test/vec-iterator-test.cpp:16:12: error: expected ')' before 'Some'
       16 |     if (let Some (last) = numbers . last ()) { println ! ("Last element: {}" , last) ; }
          |        ~   ^~~~~
          |            )
    /home/sonygod/projects/nu/temp_examples_cpp/vec-iterator-test/vec-iterator-test.cpp:16:48: error: 'println' was not declared in this scope; did you mean 'printf'?
       16 |     if (let Some (last) = numbers . last ()) { println ! ("Last element: {}" , last) ; }
          |                                                ^~~~~~~
          |                                                printf
    /home/sonygod/projects/nu/temp_examples_cpp/vec-iterator-test/vec-iterator-test.cpp:17:9: error: 'let' was not declared in this scope

[0;34m[61] å¤„ç†æ–‡ä»¶: [0;32mvec-repeat-test.nu[0m
----------------------------------------
  [1;33m[1/4][0m Nu -> C++ è½¬æ¢...
  [0;32mâœ“[0m Nu -> C++ æˆåŠŸ
  [1;33m[2/4][0m åˆ›å»ºç‹¬ç«‹æ„å»ºç›®å½•...
  [0;32mâœ“[0m æ„å»ºç›®å½•å’ŒCMakeLists.txtåˆ›å»ºæˆåŠŸ
  [1;33m[3/4][0m CMake é…ç½®...
  [0;32mâœ“[0m CMake é…ç½®æˆåŠŸ
  [1;33m[4/4][0m ç¼–è¯‘éªŒè¯...
[ 50%] Building CXX object CMakeFiles/vec-repeat-test.dir/vec-repeat-test.cpp.o
  [0;31mâœ—[0m ç¼–è¯‘å¤±è´¥
  [0;31mç¼–è¯‘é”™è¯¯ä¿¡æ¯:[0m
    /home/sonygod/projects/nu/temp_examples_cpp/vec-repeat-test/vec-repeat-test.cpp: In function 'int main()':
    /home/sonygod/projects/nu/temp_examples_cpp/vec-repeat-test/vec-repeat-test.cpp:9:40: error: template argument 1 is invalid
        9 |     const auto zeros = std::vector<auto>{0 ; 5};
          |                                        ^
    /home/sonygod/projects/nu/temp_examples_cpp/vec-repeat-test/vec-repeat-test.cpp:9:40: error: template argument 2 is invalid
    /home/sonygod/projects/nu/temp_examples_cpp/vec-repeat-test/vec-repeat-test.cpp:10:39: error: template argument 1 is invalid
       10 |     const auto ones = std::vector<auto>{1 ; 3};
          |                                       ^
    /home/sonygod/projects/nu/temp_examples_cpp/vec-repeat-test/vec-repeat-test.cpp:10:39: error: template argument 2 is invalid
    /home/sonygod/projects/nu/temp_examples_cpp/vec-repeat-test/vec-repeat-test.cpp:11:41: error: template argument 1 is invalid
       11 |     const auto buffer = std::vector<auto>{0 ; 1024};
          |                                         ^
    /home/sonygod/projects/nu/temp_examples_cpp/vec-repeat-test/vec-repeat-test.cpp:11:41: error: template argument 2 is invalid
    /home/sonygod/projects/nu/temp_examples_cpp/vec-repeat-test/vec-repeat-test.cpp:12:42: error: template argument 1 is invalid
       12 |     const auto strings = std::vector<auto>{std::string::from ("hello") ; 2};
          |                                          ^
    /home/sonygod/projects/nu/temp_examples_cpp/vec-repeat-test/vec-repeat-test.cpp:12:42: error: template argument 2 is invalid
    /home/sonygod/projects/nu/temp_examples_cpp/vec-repeat-test/vec-repeat-test.cpp:12:57: error: 'from' is not a member of 'std::string' {aka 'std::__cxx11::basic_string<char>'}
       12 |     const auto strings = std::vector<auto>{std::string::from ("hello") ; 2};
          |                                                         ^~~~
    gmake[2]: *** [CMakeFiles/vec-repeat-test.dir/build.make:76: CMakeFiles/vec-repeat-test.dir/vec-repeat-test.cpp.o] Error 1
    gmake[1]: *** [CMakeFiles/Makefile2:83: CMakeFiles/vec-repeat-test.dir/all] Error 2
    gmake: *** [Makefile:91: all] Error 2

[0;34m[62] å¤„ç†æ–‡ä»¶: [0;32mvec.nu[0m
----------------------------------------
  [1;33m[1/4][0m Nu -> C++ è½¬æ¢...
  [0;32mâœ“[0m Nu -> C++ æˆåŠŸ
  [1;33m[2/4][0m åˆ›å»ºç‹¬ç«‹æ„å»ºç›®å½•...
  [0;32mâœ“[0m æ„å»ºç›®å½•å’ŒCMakeLists.txtåˆ›å»ºæˆåŠŸ
  [1;33m[3/4][0m CMake é…ç½®...
  [0;32mâœ“[0m CMake é…ç½®æˆåŠŸ
  [1;33m[4/4][0m ç¼–è¯‘éªŒè¯...
[ 50%] Building CXX object CMakeFiles/vec.dir/vec.cpp.o
  [0;31mâœ—[0m ç¼–è¯‘å¤±è´¥
  [0;31mç¼–è¯‘é”™è¯¯ä¿¡æ¯:[0m
    /home/sonygod/projects/nu/temp_examples_cpp/vec/vec.cpp:29:66: warning: multi-character character constant [-Wmultichar]
       29 |     const auto chars = std::vector<auto>{'a' , 'b' , 'c' , 'd' , 'ä¸­' , 'æ–‡' , 'ğŸ¦€'};
          |                                                                  ^~~~
    /home/sonygod/projects/nu/temp_examples_cpp/vec/vec.cpp:29:73: warning: multi-character character constant [-Wmultichar]
       29 |     const auto chars = std::vector<auto>{'a' , 'b' , 'c' , 'd' , 'ä¸­' , 'æ–‡' , 'ğŸ¦€'};
          |                                                                         ^~~~
    /home/sonygod/projects/nu/temp_examples_cpp/vec/vec.cpp:29:80: warning: multi-character character constant [-Wmultichar]
       29 |     const auto chars = std::vector<auto>{'a' , 'b' , 'c' , 'd' , 'ä¸­' , 'æ–‡' , 'ğŸ¦€'};
          |                                                                                ^~~~
    /home/sonygod/projects/nu/temp_examples_cpp/vec/vec.cpp: In function 'int main()':
    /home/sonygod/projects/nu/temp_examples_cpp/vec/vec.cpp:9:26: error: found ':' in nested-name-specifier, expected '::'
        9 |     const auto empty_vec : Vec< int32_t> = std::vector<auto>{};
          |                          ^
          |                          ::
    /home/sonygod/projects/nu/temp_examples_cpp/vec/vec.cpp:9:16: error: 'empty_vec' has not been declared
        9 |     const auto empty_vec : Vec< int32_t> = std::vector<auto>{};
          |                ^~~~~~~~~
    /home/sonygod/projects/nu/temp_examples_cpp/vec/vec.cpp:9:31: error: qualified-id in declaration before '<' token
        9 |     const auto empty_vec : Vec< int32_t> = std::vector<auto>{};
          |                               ^
    /home/sonygod/projects/nu/temp_examples_cpp/vec/vec.cpp:10:29: error: found ':' in nested-name-specifier, expected '::'
       10 |     const auto empty_string : Vec< std::string> = std::vector<auto>{};
          |                             ^
          |                             ::
    /home/sonygod/projects/nu/temp_examples_cpp/vec/vec.cpp:10:16: error: 'empty_string' has not been declared
       10 |     const auto empty_string : Vec< std::string> = std::vector<auto>{};
          |                ^~~~~~~~~~~~
    /home/sonygod/projects/nu/temp_examples_cpp/vec/vec.cpp:10:34: error: qualified-id in declaration before '<' token
       10 |     const auto empty_string : Vec< std::string> = std::vector<auto>{};
          |                                  ^


[0;32m==========================================[0m
[0;32mæµ‹è¯•å®Œæˆç»Ÿè®¡[0m
[0;32m==========================================[0m
æ€»æ–‡ä»¶æ•°: [0;34m62[0m
[0;32mæˆåŠŸæ•°: 3[0m
[0;31må¤±è´¥æ•°: 59[0m
æˆåŠŸç‡: [0;34m4%[0m

[0;31må¤±è´¥çš„æ–‡ä»¶åˆ—è¡¨:[0m
  [0;31mâœ—[0m btreemap-test (æ­¥éª¤4: ç¼–è¯‘)
  [0;31mâœ—[0m closures (æ­¥éª¤4: ç¼–è¯‘)
  [0;31mâœ—[0m complex-chain-test (æ­¥éª¤4: ç¼–è¯‘)
  [0;31mâœ—[0m concurrency-pointers (æ­¥éª¤4: ç¼–è¯‘)
  [0;31mâœ—[0m concurrency-simple (æ­¥éª¤4: ç¼–è¯‘)
  [0;31mâœ—[0m enums (æ­¥éª¤4: ç¼–è¯‘)
  [0;31mâœ—[0m error-handling (æ­¥éª¤4: ç¼–è¯‘)
  [0;31mâœ—[0m generics (æ­¥éª¤4: ç¼–è¯‘)
  [0;31mâœ—[0m generics_test (æ­¥éª¤4: ç¼–è¯‘)
  [0;31mâœ—[0m hashmap-test (æ­¥éª¤4: ç¼–è¯‘)
  [0;31mâœ—[0m hashset-test (æ­¥éª¤4: ç¼–è¯‘)
  [0;31mâœ—[0m hello (æ­¥éª¤4: ç¼–è¯‘)
  [0;31mâœ—[0m iterators (æ­¥éª¤4: ç¼–è¯‘)
  [0;31mâœ—[0m lifetimes (æ­¥éª¤4: ç¼–è¯‘)
  [0;31mâœ—[0m lifetimes_simple (æ­¥éª¤4: ç¼–è¯‘)
  [0;31mâœ—[0m lifetimes_test (æ­¥éª¤4: ç¼–è¯‘)
  [0;31mâœ—[0m macros (æ­¥éª¤4: ç¼–è¯‘)
  [0;31mâœ—[0m macros_test (æ­¥éª¤4: ç¼–è¯‘)
  [0;31mâœ—[0m nu_v1_6_3_features (æ­¥éª¤4: ç¼–è¯‘)
  [0;31mâœ—[0m nu_v1_6_3_features_restored (æ­¥éª¤4: ç¼–è¯‘)
  [0;31mâœ—[0m ownership (æ­¥éª¤4: ç¼–è¯‘)
  [0;31mâœ—[0m part3 (æ­¥éª¤4: ç¼–è¯‘)
  [0;31mâœ—[0m patterns (æ­¥éª¤4: ç¼–è¯‘)
  [0;31mâœ—[0m rust_math (æ­¥éª¤4: ç¼–è¯‘)
  [0;31mâœ—[0m rust_string (æ­¥éª¤4: ç¼–è¯‘)
  [0;31mâœ—[0m smart-pointer-deref-test (æ­¥éª¤4: ç¼–è¯‘)
  [0;31mâœ—[0m smart-pointers-simple (æ­¥éª¤4: ç¼–è¯‘)
  [0;31mâœ—[0m smart-pointers (æ­¥éª¤4: ç¼–è¯‘)
  [0;31mâœ—[0m std_collections (æ­¥éª¤4: ç¼–è¯‘)
  [0;31mâœ—[0m std_fs (æ­¥éª¤4: ç¼–è¯‘)
  [0;31mâœ—[0m std_io (æ­¥éª¤4: ç¼–è¯‘)
  [0;31mâœ—[0m std_path (æ­¥éª¤4: ç¼–è¯‘)
  [0;31mâœ—[0m std_sync (æ­¥éª¤4: ç¼–è¯‘)
  [0;31mâœ—[0m std_thread (æ­¥éª¤4: ç¼–è¯‘)
  [0;31mâœ—[0m std_time (æ­¥éª¤4: ç¼–è¯‘)
  [0;31mâœ—[0m string-test (æ­¥éª¤4: ç¼–è¯‘)
  [0;31mâœ—[0m structs (æ­¥éª¤4: ç¼–è¯‘)
  [0;31mâœ—[0m test-closure-semicolon (æ­¥éª¤4: ç¼–è¯‘)
  [0;31mâœ—[0m test-escape (æ­¥éª¤4: ç¼–è¯‘)
  [0;31mâœ—[0m test-if-in-closure (æ­¥éª¤4: ç¼–è¯‘)
  [0;31mâœ—[0m test_cfg_attr (æ­¥éª¤4: ç¼–è¯‘)
  [0;31mâœ—[0m test_converter (æ­¥éª¤4: ç¼–è¯‘)
  [0;31mâœ—[0m test_enum_impl (æ­¥éª¤4: ç¼–è¯‘)
  [0;31mâœ—[0m test_hashmap_iter (æ­¥éª¤4: ç¼–è¯‘)
  [0;31mâœ—[0m test_haxe_simple (æ­¥éª¤4: ç¼–è¯‘)
  [0;31mâœ—[0m test_lifetime_preservation (æ­¥éª¤4: ç¼–è¯‘)
  [0;31mâœ—[0m test_macros_a_class (æ­¥éª¤4: ç¼–è¯‘)
  [0;31mâœ—[0m test_mod (æ­¥éª¤4: ç¼–è¯‘)
  [0;31mâœ—[0m test_mod_subdir (æ­¥éª¤4: ç¼–è¯‘)
  [0;31mâœ—[0m test_nu2ts (æ­¥éª¤4: ç¼–è¯‘)
  [0;31mâœ—[0m test_panic (æ­¥éª¤4: ç¼–è¯‘)
  [0;31mâœ—[0m thread-test (æ­¥éª¤4: ç¼–è¯‘)
  [0;31mâœ—[0m trait (æ­¥éª¤4: ç¼–è¯‘)
  [0;31mâœ—[0m traits (æ­¥éª¤4: ç¼–è¯‘)
  [0;31mâœ—[0m tuple (æ­¥éª¤4: ç¼–è¯‘)
  [0;31mâœ—[0m typeconvert (æ­¥éª¤4: ç¼–è¯‘)
  [0;31mâœ—[0m vec-iterator-test (æ­¥éª¤4: ç¼–è¯‘)
  [0;31mâœ—[0m vec-repeat-test (æ­¥éª¤4: ç¼–è¯‘)
  [0;31mâœ—[0m vec (æ­¥éª¤4: ç¼–è¯‘)

[1;33mä¸´æ—¶æ–‡ä»¶ä½ç½®:[0m
  C++ æ–‡ä»¶ç›®å½•: [0;34mtemp_examples_cpp[0m
  æ„å»ºç›®å½•: [0;34mtemp_examples_cpp_build[0m

[1;33mâœ“ ä¸´æ—¶ç›®å½•å·²ä¿ç•™ï¼Œå¯æ‰‹åŠ¨æ£€æŸ¥è½¬æ¢ç»“æœ[0m
[1;33må¦‚éœ€åˆ é™¤ï¼Œè¯·è¿è¡Œ: rm -rf temp_examples_cpp temp_examples_cpp_build[0m

[0;31mâš ï¸  éƒ¨åˆ†æµ‹è¯•å¤±è´¥ï¼Œè¯·æ£€æŸ¥å¤±è´¥æ–‡ä»¶[0m
